[0.014s] Invoking command in '/home/rizo/edu/ros2_intro/build/friend_msgs': CMAKE_PREFIX_PATH=${CMAKE_PREFIX_PATH}:/home/rizo/ros2_ws/install/my_py_pkg:/opt/ros/humble CONDA_PROMPT_MODIFIER=(base) /usr/bin/cmake /home/rizo/edu/ros2_intro/friend_msgs -DAMENT_CMAKE_SYMLINK_INSTALL=1 -DCMAKE_INSTALL_PREFIX=/home/rizo/edu/ros2_intro/install/friend_msgs
[0.023s] -- Found ament_cmake: 1.3.4 (/opt/ros/humble/share/ament_cmake/cmake)
[0.136s] -- Override CMake install command with custom implementation using symlinks instead of copying resources
[0.143s] -- Found builtin_interfaces: 1.2.1 (/opt/ros/humble/share/builtin_interfaces/cmake)
[0.165s] -- Found rosidl_generator_c: 3.1.4 (/opt/ros/humble/share/rosidl_generator_c/cmake)
[0.167s] -- Found rosidl_adapter: 3.1.4 (/opt/ros/humble/share/rosidl_adapter/cmake)
[0.173s] -- Found rosidl_generator_cpp: 3.1.4 (/opt/ros/humble/share/rosidl_generator_cpp/cmake)
[0.184s] -- Using all available rosidl_typesupport_c: rosidl_typesupport_fastrtps_c;rosidl_typesupport_introspection_c
[0.199s] -- Using all available rosidl_typesupport_cpp: rosidl_typesupport_fastrtps_cpp;rosidl_typesupport_introspection_cpp
[0.213s] -- Found rosidl_default_generators: 1.2.0 (/opt/ros/humble/share/rosidl_default_generators/cmake)
[0.307s] [31mCMake Error at /opt/ros/humble/share/rosidl_adapter/cmake/rosidl_adapt_interfaces.cmake:59 (message):
[0.307s]   execute_process(/home/rizo/anaconda3/bin/python3.10 -m rosidl_adapter
[0.307s]   --package-name friend_msgs --arguments-file
[0.307s]   /home/rizo/edu/ros2_intro/build/friend_msgs/rosidl_adapter__arguments__friend_msgs.json
[0.307s]   --output-dir
[0.308s]   /home/rizo/edu/ros2_intro/build/friend_msgs/rosidl_adapter/friend_msgs
[0.308s]   --output-file
[0.308s]   /home/rizo/edu/ros2_intro/build/friend_msgs/rosidl_adapter/friend_msgs.idls)
[0.308s]   returned error code 1:
[0.308s] 
[0.308s]   Traceback (most recent call last):
[0.308s] 
[0.308s]     File "/home/rizo/anaconda3/lib/python3.10/runpy.py", line 196, in _run_module_as_main
[0.308s]       return _run_code(code, main_globals, None,
[0.308s]     File "/home/rizo/anaconda3/lib/python3.10/runpy.py", line 86, in _run_code
[0.308s]       exec(code, run_globals)
[0.308s]     File "/opt/ros/humble/local/lib/python3.10/dist-packages/rosidl_adapter/__main__.py", line 19, in <module>
[0.308s]       sys.exit(main())
[0.308s]     File "/opt/ros/humble/local/lib/python3.10/dist-packages/rosidl_adapter/main.py", line 53, in main
[0.308s]       abs_idl_file = convert_to_idl(
[0.308s]     File "/opt/ros/humble/local/lib/python3.10/dist-packages/rosidl_adapter/__init__.py", line 18, in convert_to_idl
[0.308s]       from rosidl_adapter.msg import convert_msg_to_idl
[0.308s]     File "/opt/ros/humble/local/lib/python3.10/dist-packages/rosidl_adapter/msg/__init__.py", line 16, in <module>
[0.309s]       from rosidl_adapter.resource import expand_template
[0.309s]     File "/opt/ros/humble/local/lib/python3.10/dist-packages/rosidl_adapter/resource/__init__.py", line 19, in <module>
[0.309s]       import em
[0.309s] 
[0.309s]   ModuleNotFoundError: No module named 'em'
[0.309s] 
[0.309s] Call Stack (most recent call first):
[0.309s]   /opt/ros/humble/share/rosidl_cmake/cmake/rosidl_generate_interfaces.cmake:130 (rosidl_adapt_interfaces)
[0.309s]   CMakeLists.txt:10 (rosidl_generate_interfaces)
[0.309s] 
[0.309s] [0m
[0.309s] -- Configuring incomplete, errors occurred!
[0.309s] See also "/home/rizo/edu/ros2_intro/build/friend_msgs/CMakeFiles/CMakeOutput.log".
[0.312s] Invoked command in '/home/rizo/edu/ros2_intro/build/friend_msgs' returned '1': CMAKE_PREFIX_PATH=${CMAKE_PREFIX_PATH}:/home/rizo/ros2_ws/install/my_py_pkg:/opt/ros/humble CONDA_PROMPT_MODIFIER=(base) /usr/bin/cmake /home/rizo/edu/ros2_intro/friend_msgs -DAMENT_CMAKE_SYMLINK_INSTALL=1 -DCMAKE_INSTALL_PREFIX=/home/rizo/edu/ros2_intro/install/friend_msgs
