/home/rizo/ros2_intro/install/hagen_robot_diff_drive/lib/python3.10/site-packages/hagen_robot_diff_drive/spawn_robot.py
/home/rizo/ros2_intro/install/hagen_robot_diff_drive/lib/python3.10/site-packages/hagen_robot_diff_drive/__init__.py
/home/rizo/ros2_intro/install/hagen_robot_diff_drive/lib/python3.10/site-packages/hagen_robot_diff_drive/__pycache__/spawn_robot.cpython-310.pyc
/home/rizo/ros2_intro/install/hagen_robot_diff_drive/lib/python3.10/site-packages/hagen_robot_diff_drive/__pycache__/__init__.cpython-310.pyc
/home/rizo/ros2_intro/install/hagen_robot_diff_drive/share/ament_index/resource_index/packages/hagen_robot_diff_drive
/home/rizo/ros2_intro/install/hagen_robot_diff_drive/share/hagen_robot_diff_drive/package.xml
/home/rizo/ros2_intro/install/hagen_robot_diff_drive/share/hagen_robot_diff_drive/launch/start_robot.launch.py
/home/rizo/ros2_intro/install/hagen_robot_diff_drive/share/hagen_robot_diff_drive/worlds/hagen_world.world
/home/rizo/ros2_intro/install/hagen_robot_diff_drive/share/hagen_robot_diff_drive/models/hagen_world.world
/home/rizo/ros2_intro/install/hagen_robot_diff_drive/share/hagen_robot_diff_drive/models/hagen_robot_model/materials/textures/robot.png
/home/rizo/ros2_intro/install/hagen_robot_diff_drive/share/hagen_robot_diff_drive/models/hagen_robot_model/materials/textures/robot1.png
/home/rizo/ros2_intro/install/hagen_robot_diff_drive/share/hagen_robot_diff_drive/models/hagen_robot_model/meshes/robot.dae
/home/rizo/ros2_intro/install/hagen_robot_diff_drive/share/hagen_robot_diff_drive/models/hagen_robot_model/hagen_robot_model_v2.sdf
/home/rizo/ros2_intro/install/hagen_robot_diff_drive/share/hagen_robot_diff_drive/models/hagen_robot_model/hagen_robot_model_v5.sdf
/home/rizo/ros2_intro/install/hagen_robot_diff_drive/share/hagen_robot_diff_drive/models/hagen_robot_model/hagen_robot_model_v6.sdf
/home/rizo/ros2_intro/install/hagen_robot_diff_drive/share/hagen_robot_diff_drive/models/hagen_robot_model/hagen_robot_model_v1.sdf
/home/rizo/ros2_intro/install/hagen_robot_diff_drive/share/hagen_robot_diff_drive/models/hagen_robot_model/hagen_robot_model_v3.sdf
/home/rizo/ros2_intro/install/hagen_robot_diff_drive/share/hagen_robot_diff_drive/models/hagen_robot_model/hagen_robot_model_v0.sdf
/home/rizo/ros2_intro/install/hagen_robot_diff_drive/share/hagen_robot_diff_drive/models/hagen_robot_model/hagen_robot_model_v4.sdf
/home/rizo/ros2_intro/install/hagen_robot_diff_drive/share/hagen_robot_diff_drive/models/hagen_robot_model/model.config
/home/rizo/ros2_intro/install/hagen_robot_diff_drive/lib/python3.10/site-packages/hagen_robot_diff_drive-0.0.0-py3.10.egg-info/SOURCES.txt
/home/rizo/ros2_intro/install/hagen_robot_diff_drive/lib/python3.10/site-packages/hagen_robot_diff_drive-0.0.0-py3.10.egg-info/PKG-INFO
/home/rizo/ros2_intro/install/hagen_robot_diff_drive/lib/python3.10/site-packages/hagen_robot_diff_drive-0.0.0-py3.10.egg-info/entry_points.txt
/home/rizo/ros2_intro/install/hagen_robot_diff_drive/lib/python3.10/site-packages/hagen_robot_diff_drive-0.0.0-py3.10.egg-info/requires.txt
/home/rizo/ros2_intro/install/hagen_robot_diff_drive/lib/python3.10/site-packages/hagen_robot_diff_drive-0.0.0-py3.10.egg-info/top_level.txt
/home/rizo/ros2_intro/install/hagen_robot_diff_drive/lib/python3.10/site-packages/hagen_robot_diff_drive-0.0.0-py3.10.egg-info/zip-safe
/home/rizo/ros2_intro/install/hagen_robot_diff_drive/lib/python3.10/site-packages/hagen_robot_diff_drive-0.0.0-py3.10.egg-info/dependency_links.txt
/home/rizo/ros2_intro/install/hagen_robot_diff_drive/lib/hagen_robot_diff_drive/spawn_robot
