-- The C compiler identification is GNU 11.3.0
-- The CXX compiler identification is GNU 11.3.0
-- Detecting C compiler ABI info
-- Detecting C compiler ABI info - done
-- Check for working C compiler: /usr/bin/cc - skipped
-- Detecting C compile features
-- Detecting C compile features - done
-- Detecting CXX compiler ABI info
-- Detecting CXX compiler ABI info - done
-- Check for working CXX compiler: /usr/bin/c++ - skipped
-- Detecting CXX compile features
-- Detecting CXX compile features - done
-- Found ament_cmake: 1.3.4 (/opt/ros/humble/share/ament_cmake/cmake)
-- Found Python3: /usr/bin/python3.10 (found version "3.10.6") found components: Interpreter 
-- Found builtin_interfaces: 1.2.1 (/opt/ros/humble/share/builtin_interfaces/cmake)
-- Found rosidl_generator_c: 3.1.4 (/opt/ros/humble/share/rosidl_generator_c/cmake)
-- Found rosidl_adapter: 3.1.4 (/opt/ros/humble/share/rosidl_adapter/cmake)
-- Found rosidl_generator_cpp: 3.1.4 (/opt/ros/humble/share/rosidl_generator_cpp/cmake)
-- Using all available rosidl_typesupport_c: rosidl_typesupport_fastrtps_c;rosidl_typesupport_introspection_c
-- Using all available rosidl_typesupport_cpp: rosidl_typesupport_fastrtps_cpp;rosidl_typesupport_introspection_cpp
-- Found rosidl_default_generators: 1.2.0 (/opt/ros/humble/share/rosidl_default_generators/cmake)
-- Found ament_cmake_ros: 0.10.0 (/opt/ros/humble/share/ament_cmake_ros/cmake)
-- Using all available rosidl_typesupport_c: rosidl_typesupport_fastrtps_c;rosidl_typesupport_introspection_c
-- Using all available rosidl_typesupport_cpp: rosidl_typesupport_fastrtps_cpp;rosidl_typesupport_introspection_cpp
-- Found PythonInterp: /usr/bin/python3 (found suitable version "3.10.6", minimum required is "3.6") 
-- Found python_cmake_module: 0.10.0 (/opt/ros/humble/share/python_cmake_module/cmake)
-- Found PythonLibs: /usr/lib/x86_64-linux-gnu/libpython3.10.so (found suitable version "3.10.6", minimum required is "3.5") 
-- Using PYTHON_EXECUTABLE: /usr/bin/python3
-- Using PYTHON_INCLUDE_DIRS: /usr/include/python3.10
-- Using PYTHON_LIBRARIES: /usr/lib/x86_64-linux-gnu/libpython3.10.so
-- Found PythonExtra: .so  
-- Configuring done
-- Generating done
-- Build files have been written to: /home/rizo/ros2_intro/build/friend_msgs
[  1%] [34m[1mGenerating C code for ROS interfaces[0m
[  3%] [34m[1mGenerating C++ code for ROS interfaces[0m
[  3%] Built target ament_cmake_python_copy_friend_msgs
running egg_info
creating friend_msgs.egg-info
writing friend_msgs.egg-info/PKG-INFO
writing dependency_links to friend_msgs.egg-info/dependency_links.txt
writing top-level names to friend_msgs.egg-info/top_level.txt
writing manifest file 'friend_msgs.egg-info/SOURCES.txt'
reading manifest file 'friend_msgs.egg-info/SOURCES.txt'
writing manifest file 'friend_msgs.egg-info/SOURCES.txt'
[  3%] Built target ament_cmake_python_build_friend_msgs_egg
[  3%] Built target friend_msgs__cpp
[  7%] [34m[1mGenerating C++ type support for eProsima Fast-RTPS[0m
[  7%] [34m[1mGenerating C++ type support dispatch for ROS interfaces[0m
[  9%] [34m[1mGenerating C++ introspection for ROS interfaces[0m
[ 12%] [32mBuilding C object CMakeFiles/friend_msgs__rosidl_generator_c.dir/rosidl_generator_c/friend_msgs/srv/detail/set_speed__functions.c.o[0m
[ 12%] [32mBuilding C object CMakeFiles/friend_msgs__rosidl_generator_c.dir/rosidl_generator_c/friend_msgs/msg/detail/friend_info__functions.c.o[0m
[ 14%] [32mBuilding C object CMakeFiles/friend_msgs__rosidl_generator_c.dir/rosidl_generator_c/friend_msgs/srv/detail/friend_info_service__functions.c.o[0m
[ 16%] [32mBuilding C object CMakeFiles/friend_msgs__rosidl_generator_c.dir/rosidl_generator_c/friend_msgs/msg/detail/r2_d2__functions.c.o[0m
[ 18%] [32m[1mLinking C shared library libfriend_msgs__rosidl_generator_c.so[0m
[ 18%] Built target friend_msgs__rosidl_generator_c
[ 20%] [34m[1mGenerating C type support for eProsima Fast-RTPS[0m
[ 23%] [34m[1mGenerating C type support dispatch for ROS interfaces[0m
[ 23%] [34m[1mGenerating C introspection for ROS interfaces[0m
[ 25%] [32mBuilding CXX object CMakeFiles/friend_msgs__rosidl_typesupport_cpp.dir/rosidl_typesupport_cpp/friend_msgs/srv/set_speed__type_support.cpp.o[0m
[ 27%] [32mBuilding CXX object CMakeFiles/friend_msgs__rosidl_typesupport_cpp.dir/rosidl_typesupport_cpp/friend_msgs/msg/r2_d2__type_support.cpp.o[0m
[ 29%] [32mBuilding CXX object CMakeFiles/friend_msgs__rosidl_typesupport_cpp.dir/rosidl_typesupport_cpp/friend_msgs/msg/friend_info__type_support.cpp.o[0m
[ 30%] [32mBuilding CXX object CMakeFiles/friend_msgs__rosidl_typesupport_cpp.dir/rosidl_typesupport_cpp/friend_msgs/srv/friend_info_service__type_support.cpp.o[0m
[ 32%] [32mBuilding CXX object CMakeFiles/friend_msgs__rosidl_typesupport_fastrtps_cpp.dir/rosidl_typesupport_fastrtps_cpp/friend_msgs/srv/detail/dds_fastrtps/friend_info_service__type_support.cpp.o[0m
[ 34%] [32mBuilding CXX object CMakeFiles/friend_msgs__rosidl_typesupport_fastrtps_cpp.dir/rosidl_typesupport_fastrtps_cpp/friend_msgs/msg/detail/dds_fastrtps/r2_d2__type_support.cpp.o[0m
[ 36%] [32mBuilding CXX object CMakeFiles/friend_msgs__rosidl_typesupport_fastrtps_cpp.dir/rosidl_typesupport_fastrtps_cpp/friend_msgs/msg/detail/dds_fastrtps/friend_info__type_support.cpp.o[0m
[ 38%] [32mBuilding CXX object CMakeFiles/friend_msgs__rosidl_typesupport_fastrtps_cpp.dir/rosidl_typesupport_fastrtps_cpp/friend_msgs/srv/detail/dds_fastrtps/set_speed__type_support.cpp.o[0m
[ 40%] [32mBuilding CXX object CMakeFiles/friend_msgs__rosidl_typesupport_c.dir/rosidl_typesupport_c/friend_msgs/msg/friend_info__type_support.cpp.o[0m
[ 41%] [32mBuilding CXX object CMakeFiles/friend_msgs__rosidl_typesupport_c.dir/rosidl_typesupport_c/friend_msgs/msg/r2_d2__type_support.cpp.o[0m
[ 43%] [32mBuilding CXX object CMakeFiles/friend_msgs__rosidl_typesupport_introspection_cpp.dir/rosidl_typesupport_introspection_cpp/friend_msgs/msg/detail/r2_d2__type_support.cpp.o[0m
[ 45%] [32mBuilding CXX object CMakeFiles/friend_msgs__rosidl_typesupport_introspection_cpp.dir/rosidl_typesupport_introspection_cpp/friend_msgs/msg/detail/friend_info__type_support.cpp.o[0m
[ 47%] [32mBuilding CXX object CMakeFiles/friend_msgs__rosidl_typesupport_c.dir/rosidl_typesupport_c/friend_msgs/srv/friend_info_service__type_support.cpp.o[0m
[ 49%] [32mBuilding CXX object CMakeFiles/friend_msgs__rosidl_typesupport_introspection_cpp.dir/rosidl_typesupport_introspection_cpp/friend_msgs/srv/detail/friend_info_service__type_support.cpp.o[0m
[ 50%] [32m[1mLinking CXX shared library libfriend_msgs__rosidl_typesupport_cpp.so[0m
[ 52%] [32mBuilding CXX object CMakeFiles/friend_msgs__rosidl_typesupport_c.dir/rosidl_typesupport_c/friend_msgs/srv/set_speed__type_support.cpp.o[0m
[ 54%] [32mBuilding CXX object CMakeFiles/friend_msgs__rosidl_typesupport_introspection_cpp.dir/rosidl_typesupport_introspection_cpp/friend_msgs/srv/detail/set_speed__type_support.cpp.o[0m
[ 54%] Built target friend_msgs__rosidl_typesupport_cpp
[ 56%] [32m[1mLinking CXX shared library libfriend_msgs__rosidl_typesupport_c.so[0m
[ 58%] [32mBuilding CXX object CMakeFiles/friend_msgs__rosidl_typesupport_fastrtps_c.dir/rosidl_typesupport_fastrtps_c/friend_msgs/msg/detail/friend_info__type_support_c.cpp.o[0m
[ 60%] [32mBuilding CXX object CMakeFiles/friend_msgs__rosidl_typesupport_fastrtps_c.dir/rosidl_typesupport_fastrtps_c/friend_msgs/msg/detail/r2_d2__type_support_c.cpp.o[0m
[ 61%] [32mBuilding C object CMakeFiles/friend_msgs__rosidl_typesupport_introspection_c.dir/rosidl_typesupport_introspection_c/friend_msgs/msg/detail/friend_info__type_support.c.o[0m
[ 61%] Built target friend_msgs__rosidl_typesupport_c
[ 63%] [32mBuilding C object CMakeFiles/friend_msgs__rosidl_typesupport_introspection_c.dir/rosidl_typesupport_introspection_c/friend_msgs/msg/detail/r2_d2__type_support.c.o[0m
[ 65%] [32mBuilding CXX object CMakeFiles/friend_msgs__rosidl_typesupport_fastrtps_c.dir/rosidl_typesupport_fastrtps_c/friend_msgs/srv/detail/friend_info_service__type_support_c.cpp.o[0m
[ 67%] [32mBuilding C object CMakeFiles/friend_msgs__rosidl_typesupport_introspection_c.dir/rosidl_typesupport_introspection_c/friend_msgs/srv/detail/friend_info_service__type_support.c.o[0m
[ 69%] [32mBuilding CXX object CMakeFiles/friend_msgs__rosidl_typesupport_fastrtps_c.dir/rosidl_typesupport_fastrtps_c/friend_msgs/srv/detail/set_speed__type_support_c.cpp.o[0m
[ 70%] [32mBuilding C object CMakeFiles/friend_msgs__rosidl_typesupport_introspection_c.dir/rosidl_typesupport_introspection_c/friend_msgs/srv/detail/set_speed__type_support.c.o[0m
[ 72%] [32m[1mLinking CXX shared library libfriend_msgs__rosidl_typesupport_fastrtps_cpp.so[0m
[ 74%] [32m[1mLinking C shared library libfriend_msgs__rosidl_typesupport_introspection_c.so[0m
[ 74%] Built target friend_msgs__rosidl_typesupport_introspection_c
[ 74%] Built target friend_msgs__rosidl_typesupport_fastrtps_cpp
[ 76%] [32m[1mLinking CXX shared library libfriend_msgs__rosidl_typesupport_introspection_cpp.so[0m
[ 76%] Built target friend_msgs__rosidl_typesupport_introspection_cpp
[ 78%] [32m[1mLinking CXX shared library libfriend_msgs__rosidl_typesupport_fastrtps_c.so[0m
[ 78%] Built target friend_msgs__rosidl_typesupport_fastrtps_c
[ 78%] Built target friend_msgs
[ 80%] [34m[1mGenerating Python code for ROS interfaces[0m
[ 80%] Built target friend_msgs__py
[ 81%] [32mBuilding C object CMakeFiles/friend_msgs__rosidl_generator_py.dir/rosidl_generator_py/friend_msgs/msg/_friend_info_s.c.o[0m
[ 83%] [32mBuilding C object CMakeFiles/friend_msgs__rosidl_generator_py.dir/rosidl_generator_py/friend_msgs/msg/_r2_d2_s.c.o[0m
[ 85%] [32mBuilding C object CMakeFiles/friend_msgs__rosidl_generator_py.dir/rosidl_generator_py/friend_msgs/srv/_set_speed_s.c.o[0m
[ 87%] [32mBuilding C object CMakeFiles/friend_msgs__rosidl_generator_py.dir/rosidl_generator_py/friend_msgs/srv/_friend_info_service_s.c.o[0m
[ 89%] [32m[1mLinking C shared library rosidl_generator_py/friend_msgs/libfriend_msgs__rosidl_generator_py.so[0m
[ 89%] Built target friend_msgs__rosidl_generator_py
[ 92%] [32mBuilding C object CMakeFiles/friend_msgs__rosidl_typesupport_c__pyext.dir/rosidl_generator_py/friend_msgs/_friend_msgs_s.ep.rosidl_typesupport_c.c.o[0m
[ 92%] [32mBuilding C object CMakeFiles/friend_msgs__rosidl_typesupport_fastrtps_c__pyext.dir/rosidl_generator_py/friend_msgs/_friend_msgs_s.ep.rosidl_typesupport_fastrtps_c.c.o[0m
[ 94%] [32mBuilding C object CMakeFiles/friend_msgs__rosidl_typesupport_introspection_c__pyext.dir/rosidl_generator_py/friend_msgs/_friend_msgs_s.ep.rosidl_typesupport_introspection_c.c.o[0m
[ 96%] [32m[1mLinking C shared library rosidl_generator_py/friend_msgs/friend_msgs_s__rosidl_typesupport_fastrtps_c.cpython-310-x86_64-linux-gnu.so[0m
[ 98%] [32m[1mLinking C shared library rosidl_generator_py/friend_msgs/friend_msgs_s__rosidl_typesupport_c.cpython-310-x86_64-linux-gnu.so[0m
[100%] [32m[1mLinking C shared library rosidl_generator_py/friend_msgs/friend_msgs_s__rosidl_typesupport_introspection_c.cpython-310-x86_64-linux-gnu.so[0m
[100%] Built target friend_msgs__rosidl_typesupport_c__pyext
[100%] Built target friend_msgs__rosidl_typesupport_fastrtps_c__pyext
[100%] Built target friend_msgs__rosidl_typesupport_introspection_c__pyext
-- Install configuration: ""
-- Installing: /home/rizo/ros2_intro/install/friend_msgs/share/ament_index/resource_index/rosidl_interfaces/friend_msgs
-- Installing: /home/rizo/ros2_intro/install/friend_msgs/include/friend_msgs/friend_msgs
-- Installing: /home/rizo/ros2_intro/install/friend_msgs/include/friend_msgs/friend_msgs/srv
-- Installing: /home/rizo/ros2_intro/install/friend_msgs/include/friend_msgs/friend_msgs/srv/set_speed.h
-- Installing: /home/rizo/ros2_intro/install/friend_msgs/include/friend_msgs/friend_msgs/srv/detail
-- Installing: /home/rizo/ros2_intro/install/friend_msgs/include/friend_msgs/friend_msgs/srv/detail/set_speed__functions.c
-- Installing: /home/rizo/ros2_intro/install/friend_msgs/include/friend_msgs/friend_msgs/srv/detail/set_speed__functions.h
-- Installing: /home/rizo/ros2_intro/install/friend_msgs/include/friend_msgs/friend_msgs/srv/detail/set_speed__type_support.h
-- Installing: /home/rizo/ros2_intro/install/friend_msgs/include/friend_msgs/friend_msgs/srv/detail/set_speed__struct.h
-- Installing: /home/rizo/ros2_intro/install/friend_msgs/include/friend_msgs/friend_msgs/srv/detail/friend_info_service__functions.h
-- Installing: /home/rizo/ros2_intro/install/friend_msgs/include/friend_msgs/friend_msgs/srv/detail/friend_info_service__struct.h
-- Installing: /home/rizo/ros2_intro/install/friend_msgs/include/friend_msgs/friend_msgs/srv/detail/friend_info_service__functions.c
-- Installing: /home/rizo/ros2_intro/install/friend_msgs/include/friend_msgs/friend_msgs/srv/detail/friend_info_service__type_support.h
-- Installing: /home/rizo/ros2_intro/install/friend_msgs/include/friend_msgs/friend_msgs/srv/friend_info_service.h
-- Installing: /home/rizo/ros2_intro/install/friend_msgs/include/friend_msgs/friend_msgs/msg
-- Installing: /home/rizo/ros2_intro/install/friend_msgs/include/friend_msgs/friend_msgs/msg/r2_d2.h
-- Installing: /home/rizo/ros2_intro/install/friend_msgs/include/friend_msgs/friend_msgs/msg/detail
-- Installing: /home/rizo/ros2_intro/install/friend_msgs/include/friend_msgs/friend_msgs/msg/detail/r2_d2__struct.h
-- Installing: /home/rizo/ros2_intro/install/friend_msgs/include/friend_msgs/friend_msgs/msg/detail/r2_d2__functions.c
-- Installing: /home/rizo/ros2_intro/install/friend_msgs/include/friend_msgs/friend_msgs/msg/detail/friend_info__functions.c
-- Installing: /home/rizo/ros2_intro/install/friend_msgs/include/friend_msgs/friend_msgs/msg/detail/r2_d2__type_support.h
-- Installing: /home/rizo/ros2_intro/install/friend_msgs/include/friend_msgs/friend_msgs/msg/detail/r2_d2__functions.h
-- Installing: /home/rizo/ros2_intro/install/friend_msgs/include/friend_msgs/friend_msgs/msg/detail/friend_info__functions.h
-- Installing: /home/rizo/ros2_intro/install/friend_msgs/include/friend_msgs/friend_msgs/msg/detail/friend_info__type_support.h
-- Installing: /home/rizo/ros2_intro/install/friend_msgs/include/friend_msgs/friend_msgs/msg/detail/friend_info__struct.h
-- Installing: /home/rizo/ros2_intro/install/friend_msgs/include/friend_msgs/friend_msgs/msg/friend_info.h
-- Installing: /home/rizo/ros2_intro/install/friend_msgs/include/friend_msgs/friend_msgs/msg/rosidl_generator_c__visibility_control.h
-- Installing: /home/rizo/ros2_intro/install/friend_msgs/share/friend_msgs/environment/library_path.sh
-- Installing: /home/rizo/ros2_intro/install/friend_msgs/share/friend_msgs/environment/library_path.dsv
-- Installing: /home/rizo/ros2_intro/install/friend_msgs/lib/libfriend_msgs__rosidl_generator_c.so
-- Set runtime path of "/home/rizo/ros2_intro/install/friend_msgs/lib/libfriend_msgs__rosidl_generator_c.so" to ""
-- Up-to-date: /home/rizo/ros2_intro/install/friend_msgs/include/friend_msgs/friend_msgs
-- Up-to-date: /home/rizo/ros2_intro/install/friend_msgs/include/friend_msgs/friend_msgs/srv
-- Up-to-date: /home/rizo/ros2_intro/install/friend_msgs/include/friend_msgs/friend_msgs/srv/detail
-- Installing: /home/rizo/ros2_intro/install/friend_msgs/include/friend_msgs/friend_msgs/srv/detail/set_speed__rosidl_typesupport_fastrtps_c.h
-- Installing: /home/rizo/ros2_intro/install/friend_msgs/include/friend_msgs/friend_msgs/srv/detail/friend_info_service__rosidl_typesupport_fastrtps_c.h
-- Up-to-date: /home/rizo/ros2_intro/install/friend_msgs/include/friend_msgs/friend_msgs/msg
-- Up-to-date: /home/rizo/ros2_intro/install/friend_msgs/include/friend_msgs/friend_msgs/msg/detail
-- Installing: /home/rizo/ros2_intro/install/friend_msgs/include/friend_msgs/friend_msgs/msg/detail/friend_info__rosidl_typesupport_fastrtps_c.h
-- Installing: /home/rizo/ros2_intro/install/friend_msgs/include/friend_msgs/friend_msgs/msg/detail/r2_d2__rosidl_typesupport_fastrtps_c.h
-- Installing: /home/rizo/ros2_intro/install/friend_msgs/include/friend_msgs/friend_msgs/msg/rosidl_typesupport_fastrtps_c__visibility_control.h
-- Installing: /home/rizo/ros2_intro/install/friend_msgs/lib/libfriend_msgs__rosidl_typesupport_fastrtps_c.so
-- Set runtime path of "/home/rizo/ros2_intro/install/friend_msgs/lib/libfriend_msgs__rosidl_typesupport_fastrtps_c.so" to ""
-- Up-to-date: /home/rizo/ros2_intro/install/friend_msgs/include/friend_msgs/friend_msgs
-- Up-to-date: /home/rizo/ros2_intro/install/friend_msgs/include/friend_msgs/friend_msgs/srv
-- Up-to-date: /home/rizo/ros2_intro/install/friend_msgs/include/friend_msgs/friend_msgs/srv/detail
-- Installing: /home/rizo/ros2_intro/install/friend_msgs/include/friend_msgs/friend_msgs/srv/detail/friend_info_service__traits.hpp
-- Installing: /home/rizo/ros2_intro/install/friend_msgs/include/friend_msgs/friend_msgs/srv/detail/friend_info_service__builder.hpp
-- Installing: /home/rizo/ros2_intro/install/friend_msgs/include/friend_msgs/friend_msgs/srv/detail/set_speed__builder.hpp
-- Installing: /home/rizo/ros2_intro/install/friend_msgs/include/friend_msgs/friend_msgs/srv/detail/friend_info_service__struct.hpp
-- Installing: /home/rizo/ros2_intro/install/friend_msgs/include/friend_msgs/friend_msgs/srv/detail/set_speed__struct.hpp
-- Installing: /home/rizo/ros2_intro/install/friend_msgs/include/friend_msgs/friend_msgs/srv/detail/set_speed__traits.hpp
-- Installing: /home/rizo/ros2_intro/install/friend_msgs/include/friend_msgs/friend_msgs/srv/friend_info_service.hpp
-- Installing: /home/rizo/ros2_intro/install/friend_msgs/include/friend_msgs/friend_msgs/srv/set_speed.hpp
-- Up-to-date: /home/rizo/ros2_intro/install/friend_msgs/include/friend_msgs/friend_msgs/msg
-- Up-to-date: /home/rizo/ros2_intro/install/friend_msgs/include/friend_msgs/friend_msgs/msg/detail
-- Installing: /home/rizo/ros2_intro/install/friend_msgs/include/friend_msgs/friend_msgs/msg/detail/r2_d2__traits.hpp
-- Installing: /home/rizo/ros2_intro/install/friend_msgs/include/friend_msgs/friend_msgs/msg/detail/friend_info__struct.hpp
-- Installing: /home/rizo/ros2_intro/install/friend_msgs/include/friend_msgs/friend_msgs/msg/detail/friend_info__traits.hpp
-- Installing: /home/rizo/ros2_intro/install/friend_msgs/include/friend_msgs/friend_msgs/msg/detail/friend_info__builder.hpp
-- Installing: /home/rizo/ros2_intro/install/friend_msgs/include/friend_msgs/friend_msgs/msg/detail/r2_d2__builder.hpp
-- Installing: /home/rizo/ros2_intro/install/friend_msgs/include/friend_msgs/friend_msgs/msg/detail/r2_d2__struct.hpp
-- Installing: /home/rizo/ros2_intro/install/friend_msgs/include/friend_msgs/friend_msgs/msg/friend_info.hpp
-- Installing: /home/rizo/ros2_intro/install/friend_msgs/include/friend_msgs/friend_msgs/msg/r2_d2.hpp
-- Up-to-date: /home/rizo/ros2_intro/install/friend_msgs/include/friend_msgs/friend_msgs
-- Up-to-date: /home/rizo/ros2_intro/install/friend_msgs/include/friend_msgs/friend_msgs/srv
-- Up-to-date: /home/rizo/ros2_intro/install/friend_msgs/include/friend_msgs/friend_msgs/srv/detail
-- Installing: /home/rizo/ros2_intro/install/friend_msgs/include/friend_msgs/friend_msgs/srv/detail/set_speed__rosidl_typesupport_fastrtps_cpp.hpp
-- Installing: /home/rizo/ros2_intro/install/friend_msgs/include/friend_msgs/friend_msgs/srv/detail/friend_info_service__rosidl_typesupport_fastrtps_cpp.hpp
-- Installing: /home/rizo/ros2_intro/install/friend_msgs/include/friend_msgs/friend_msgs/srv/detail/dds_fastrtps
-- Up-to-date: /home/rizo/ros2_intro/install/friend_msgs/include/friend_msgs/friend_msgs/msg
-- Installing: /home/rizo/ros2_intro/install/friend_msgs/include/friend_msgs/friend_msgs/msg/rosidl_typesupport_fastrtps_cpp__visibility_control.h
-- Up-to-date: /home/rizo/ros2_intro/install/friend_msgs/include/friend_msgs/friend_msgs/msg/detail
-- Installing: /home/rizo/ros2_intro/install/friend_msgs/include/friend_msgs/friend_msgs/msg/detail/r2_d2__rosidl_typesupport_fastrtps_cpp.hpp
-- Installing: /home/rizo/ros2_intro/install/friend_msgs/include/friend_msgs/friend_msgs/msg/detail/dds_fastrtps
-- Installing: /home/rizo/ros2_intro/install/friend_msgs/include/friend_msgs/friend_msgs/msg/detail/friend_info__rosidl_typesupport_fastrtps_cpp.hpp
-- Installing: /home/rizo/ros2_intro/install/friend_msgs/lib/libfriend_msgs__rosidl_typesupport_fastrtps_cpp.so
-- Set runtime path of "/home/rizo/ros2_intro/install/friend_msgs/lib/libfriend_msgs__rosidl_typesupport_fastrtps_cpp.so" to ""
-- Up-to-date: /home/rizo/ros2_intro/install/friend_msgs/include/friend_msgs/friend_msgs
-- Up-to-date: /home/rizo/ros2_intro/install/friend_msgs/include/friend_msgs/friend_msgs/srv
-- Up-to-date: /home/rizo/ros2_intro/install/friend_msgs/include/friend_msgs/friend_msgs/srv/detail
-- Installing: /home/rizo/ros2_intro/install/friend_msgs/include/friend_msgs/friend_msgs/srv/detail/set_speed__type_support.c
-- Installing: /home/rizo/ros2_intro/install/friend_msgs/include/friend_msgs/friend_msgs/srv/detail/friend_info_service__rosidl_typesupport_introspection_c.h
-- Installing: /home/rizo/ros2_intro/install/friend_msgs/include/friend_msgs/friend_msgs/srv/detail/friend_info_service__type_support.c
-- Installing: /home/rizo/ros2_intro/install/friend_msgs/include/friend_msgs/friend_msgs/srv/detail/set_speed__rosidl_typesupport_introspection_c.h
-- Up-to-date: /home/rizo/ros2_intro/install/friend_msgs/include/friend_msgs/friend_msgs/msg
-- Up-to-date: /home/rizo/ros2_intro/install/friend_msgs/include/friend_msgs/friend_msgs/msg/detail
-- Installing: /home/rizo/ros2_intro/install/friend_msgs/include/friend_msgs/friend_msgs/msg/detail/r2_d2__rosidl_typesupport_introspection_c.h
-- Installing: /home/rizo/ros2_intro/install/friend_msgs/include/friend_msgs/friend_msgs/msg/detail/friend_info__rosidl_typesupport_introspection_c.h
-- Installing: /home/rizo/ros2_intro/install/friend_msgs/include/friend_msgs/friend_msgs/msg/detail/friend_info__type_support.c
-- Installing: /home/rizo/ros2_intro/install/friend_msgs/include/friend_msgs/friend_msgs/msg/detail/r2_d2__type_support.c
-- Installing: /home/rizo/ros2_intro/install/friend_msgs/include/friend_msgs/friend_msgs/msg/rosidl_typesupport_introspection_c__visibility_control.h
-- Installing: /home/rizo/ros2_intro/install/friend_msgs/lib/libfriend_msgs__rosidl_typesupport_introspection_c.so
-- Set runtime path of "/home/rizo/ros2_intro/install/friend_msgs/lib/libfriend_msgs__rosidl_typesupport_introspection_c.so" to ""
-- Installing: /home/rizo/ros2_intro/install/friend_msgs/lib/libfriend_msgs__rosidl_typesupport_c.so
-- Set runtime path of "/home/rizo/ros2_intro/install/friend_msgs/lib/libfriend_msgs__rosidl_typesupport_c.so" to ""
-- Up-to-date: /home/rizo/ros2_intro/install/friend_msgs/include/friend_msgs/friend_msgs
-- Up-to-date: /home/rizo/ros2_intro/install/friend_msgs/include/friend_msgs/friend_msgs/srv
-- Up-to-date: /home/rizo/ros2_intro/install/friend_msgs/include/friend_msgs/friend_msgs/srv/detail
-- Installing: /home/rizo/ros2_intro/install/friend_msgs/include/friend_msgs/friend_msgs/srv/detail/set_speed__type_support.cpp
-- Installing: /home/rizo/ros2_intro/install/friend_msgs/include/friend_msgs/friend_msgs/srv/detail/friend_info_service__type_support.cpp
-- Installing: /home/rizo/ros2_intro/install/friend_msgs/include/friend_msgs/friend_msgs/srv/detail/friend_info_service__rosidl_typesupport_introspection_cpp.hpp
-- Installing: /home/rizo/ros2_intro/install/friend_msgs/include/friend_msgs/friend_msgs/srv/detail/set_speed__rosidl_typesupport_introspection_cpp.hpp
-- Up-to-date: /home/rizo/ros2_intro/install/friend_msgs/include/friend_msgs/friend_msgs/msg
-- Up-to-date: /home/rizo/ros2_intro/install/friend_msgs/include/friend_msgs/friend_msgs/msg/detail
-- Installing: /home/rizo/ros2_intro/install/friend_msgs/include/friend_msgs/friend_msgs/msg/detail/friend_info__type_support.cpp
-- Installing: /home/rizo/ros2_intro/install/friend_msgs/include/friend_msgs/friend_msgs/msg/detail/r2_d2__type_support.cpp
-- Installing: /home/rizo/ros2_intro/install/friend_msgs/include/friend_msgs/friend_msgs/msg/detail/r2_d2__rosidl_typesupport_introspection_cpp.hpp
-- Installing: /home/rizo/ros2_intro/install/friend_msgs/include/friend_msgs/friend_msgs/msg/detail/friend_info__rosidl_typesupport_introspection_cpp.hpp
-- Installing: /home/rizo/ros2_intro/install/friend_msgs/lib/libfriend_msgs__rosidl_typesupport_introspection_cpp.so
-- Set runtime path of "/home/rizo/ros2_intro/install/friend_msgs/lib/libfriend_msgs__rosidl_typesupport_introspection_cpp.so" to ""
-- Installing: /home/rizo/ros2_intro/install/friend_msgs/lib/libfriend_msgs__rosidl_typesupport_cpp.so
-- Set runtime path of "/home/rizo/ros2_intro/install/friend_msgs/lib/libfriend_msgs__rosidl_typesupport_cpp.so" to ""
-- Installing: /home/rizo/ros2_intro/install/friend_msgs/share/friend_msgs/environment/pythonpath.sh
-- Installing: /home/rizo/ros2_intro/install/friend_msgs/share/friend_msgs/environment/pythonpath.dsv
-- Installing: /home/rizo/ros2_intro/install/friend_msgs/local/lib/python3.10/dist-packages/friend_msgs-0.2.0-py3.10.egg-info
-- Installing: /home/rizo/ros2_intro/install/friend_msgs/local/lib/python3.10/dist-packages/friend_msgs-0.2.0-py3.10.egg-info/SOURCES.txt
-- Installing: /home/rizo/ros2_intro/install/friend_msgs/local/lib/python3.10/dist-packages/friend_msgs-0.2.0-py3.10.egg-info/PKG-INFO
-- Installing: /home/rizo/ros2_intro/install/friend_msgs/local/lib/python3.10/dist-packages/friend_msgs-0.2.0-py3.10.egg-info/top_level.txt
-- Installing: /home/rizo/ros2_intro/install/friend_msgs/local/lib/python3.10/dist-packages/friend_msgs-0.2.0-py3.10.egg-info/dependency_links.txt
-- Installing: /home/rizo/ros2_intro/install/friend_msgs/local/lib/python3.10/dist-packages/friend_msgs
-- Installing: /home/rizo/ros2_intro/install/friend_msgs/local/lib/python3.10/dist-packages/friend_msgs/_friend_msgs_s.ep.rosidl_typesupport_c.c
-- Installing: /home/rizo/ros2_intro/install/friend_msgs/local/lib/python3.10/dist-packages/friend_msgs/_friend_msgs_s.ep.rosidl_typesupport_introspection_c.c
-- Installing: /home/rizo/ros2_intro/install/friend_msgs/local/lib/python3.10/dist-packages/friend_msgs/__init__.py
-- Installing: /home/rizo/ros2_intro/install/friend_msgs/local/lib/python3.10/dist-packages/friend_msgs/srv
-- Installing: /home/rizo/ros2_intro/install/friend_msgs/local/lib/python3.10/dist-packages/friend_msgs/srv/_set_speed.py
-- Installing: /home/rizo/ros2_intro/install/friend_msgs/local/lib/python3.10/dist-packages/friend_msgs/srv/__init__.py
-- Installing: /home/rizo/ros2_intro/install/friend_msgs/local/lib/python3.10/dist-packages/friend_msgs/srv/_friend_info_service_s.c
-- Installing: /home/rizo/ros2_intro/install/friend_msgs/local/lib/python3.10/dist-packages/friend_msgs/srv/_friend_info_service.py
-- Installing: /home/rizo/ros2_intro/install/friend_msgs/local/lib/python3.10/dist-packages/friend_msgs/srv/_set_speed_s.c
-- Installing: /home/rizo/ros2_intro/install/friend_msgs/local/lib/python3.10/dist-packages/friend_msgs/msg
-- Installing: /home/rizo/ros2_intro/install/friend_msgs/local/lib/python3.10/dist-packages/friend_msgs/msg/_friend_info.py
-- Installing: /home/rizo/ros2_intro/install/friend_msgs/local/lib/python3.10/dist-packages/friend_msgs/msg/_friend_info_s.c
-- Installing: /home/rizo/ros2_intro/install/friend_msgs/local/lib/python3.10/dist-packages/friend_msgs/msg/__init__.py
-- Installing: /home/rizo/ros2_intro/install/friend_msgs/local/lib/python3.10/dist-packages/friend_msgs/msg/_r2_d2_s.c
-- Installing: /home/rizo/ros2_intro/install/friend_msgs/local/lib/python3.10/dist-packages/friend_msgs/msg/_r2_d2.py
-- Installing: /home/rizo/ros2_intro/install/friend_msgs/local/lib/python3.10/dist-packages/friend_msgs/_friend_msgs_s.ep.rosidl_typesupport_fastrtps_c.c
-- Installing: /home/rizo/ros2_intro/install/friend_msgs/local/lib/python3.10/dist-packages/friend_msgs/libfriend_msgs__rosidl_generator_py.so
-- Installing: /home/rizo/ros2_intro/install/friend_msgs/local/lib/python3.10/dist-packages/friend_msgs/friend_msgs_s__rosidl_typesupport_introspection_c.cpython-310-x86_64-linux-gnu.so
-- Installing: /home/rizo/ros2_intro/install/friend_msgs/local/lib/python3.10/dist-packages/friend_msgs/friend_msgs_s__rosidl_typesupport_c.cpython-310-x86_64-linux-gnu.so
-- Installing: /home/rizo/ros2_intro/install/friend_msgs/local/lib/python3.10/dist-packages/friend_msgs/friend_msgs_s__rosidl_typesupport_fastrtps_c.cpython-310-x86_64-linux-gnu.so
Listing '/home/rizo/ros2_intro/install/friend_msgs/local/lib/python3.10/dist-packages/friend_msgs'...
Compiling '/home/rizo/ros2_intro/install/friend_msgs/local/lib/python3.10/dist-packages/friend_msgs/__init__.py'...
Listing '/home/rizo/ros2_intro/install/friend_msgs/local/lib/python3.10/dist-packages/friend_msgs/msg'...
Compiling '/home/rizo/ros2_intro/install/friend_msgs/local/lib/python3.10/dist-packages/friend_msgs/msg/__init__.py'...
Compiling '/home/rizo/ros2_intro/install/friend_msgs/local/lib/python3.10/dist-packages/friend_msgs/msg/_friend_info.py'...
Compiling '/home/rizo/ros2_intro/install/friend_msgs/local/lib/python3.10/dist-packages/friend_msgs/msg/_r2_d2.py'...
Listing '/home/rizo/ros2_intro/install/friend_msgs/local/lib/python3.10/dist-packages/friend_msgs/srv'...
Compiling '/home/rizo/ros2_intro/install/friend_msgs/local/lib/python3.10/dist-packages/friend_msgs/srv/__init__.py'...
Compiling '/home/rizo/ros2_intro/install/friend_msgs/local/lib/python3.10/dist-packages/friend_msgs/srv/_friend_info_service.py'...
Compiling '/home/rizo/ros2_intro/install/friend_msgs/local/lib/python3.10/dist-packages/friend_msgs/srv/_set_speed.py'...
-- Installing: /home/rizo/ros2_intro/install/friend_msgs/local/lib/python3.10/dist-packages/friend_msgs/friend_msgs_s__rosidl_typesupport_fastrtps_c.cpython-310-x86_64-linux-gnu.so
-- Set runtime path of "/home/rizo/ros2_intro/install/friend_msgs/local/lib/python3.10/dist-packages/friend_msgs/friend_msgs_s__rosidl_typesupport_fastrtps_c.cpython-310-x86_64-linux-gnu.so" to ""
-- Installing: /home/rizo/ros2_intro/install/friend_msgs/local/lib/python3.10/dist-packages/friend_msgs/friend_msgs_s__rosidl_typesupport_introspection_c.cpython-310-x86_64-linux-gnu.so
-- Set runtime path of "/home/rizo/ros2_intro/install/friend_msgs/local/lib/python3.10/dist-packages/friend_msgs/friend_msgs_s__rosidl_typesupport_introspection_c.cpython-310-x86_64-linux-gnu.so" to ""
-- Installing: /home/rizo/ros2_intro/install/friend_msgs/local/lib/python3.10/dist-packages/friend_msgs/friend_msgs_s__rosidl_typesupport_c.cpython-310-x86_64-linux-gnu.so
-- Set runtime path of "/home/rizo/ros2_intro/install/friend_msgs/local/lib/python3.10/dist-packages/friend_msgs/friend_msgs_s__rosidl_typesupport_c.cpython-310-x86_64-linux-gnu.so" to ""
-- Installing: /home/rizo/ros2_intro/install/friend_msgs/lib/libfriend_msgs__rosidl_generator_py.so
-- Set runtime path of "/home/rizo/ros2_intro/install/friend_msgs/lib/libfriend_msgs__rosidl_generator_py.so" to ""
-- Installing: /home/rizo/ros2_intro/install/friend_msgs/share/friend_msgs/msg/FriendInfo.idl
-- Installing: /home/rizo/ros2_intro/install/friend_msgs/share/friend_msgs/msg/R2D2.idl
-- Installing: /home/rizo/ros2_intro/install/friend_msgs/share/friend_msgs/srv/FriendInfoService.idl
-- Installing: /home/rizo/ros2_intro/install/friend_msgs/share/friend_msgs/srv/SetSpeed.idl
-- Installing: /home/rizo/ros2_intro/install/friend_msgs/share/friend_msgs/msg/FriendInfo.msg
-- Installing: /home/rizo/ros2_intro/install/friend_msgs/share/friend_msgs/msg/R2D2.msg
-- Installing: /home/rizo/ros2_intro/install/friend_msgs/share/friend_msgs/srv/FriendInfoService.srv
-- Installing: /home/rizo/ros2_intro/install/friend_msgs/share/friend_msgs/srv/FriendInfoService_Request.msg
-- Installing: /home/rizo/ros2_intro/install/friend_msgs/share/friend_msgs/srv/FriendInfoService_Response.msg
-- Installing: /home/rizo/ros2_intro/install/friend_msgs/share/friend_msgs/srv/SetSpeed.srv
-- Installing: /home/rizo/ros2_intro/install/friend_msgs/share/friend_msgs/srv/SetSpeed_Request.msg
-- Installing: /home/rizo/ros2_intro/install/friend_msgs/share/friend_msgs/srv/SetSpeed_Response.msg
-- Installing: /home/rizo/ros2_intro/install/friend_msgs/share/ament_index/resource_index/package_run_dependencies/friend_msgs
-- Installing: /home/rizo/ros2_intro/install/friend_msgs/share/ament_index/resource_index/parent_prefix_path/friend_msgs
-- Installing: /home/rizo/ros2_intro/install/friend_msgs/share/friend_msgs/environment/ament_prefix_path.sh
-- Installing: /home/rizo/ros2_intro/install/friend_msgs/share/friend_msgs/environment/ament_prefix_path.dsv
-- Installing: /home/rizo/ros2_intro/install/friend_msgs/share/friend_msgs/environment/path.sh
-- Installing: /home/rizo/ros2_intro/install/friend_msgs/share/friend_msgs/environment/path.dsv
-- Installing: /home/rizo/ros2_intro/install/friend_msgs/share/friend_msgs/local_setup.bash
-- Installing: /home/rizo/ros2_intro/install/friend_msgs/share/friend_msgs/local_setup.sh
-- Installing: /home/rizo/ros2_intro/install/friend_msgs/share/friend_msgs/local_setup.zsh
-- Installing: /home/rizo/ros2_intro/install/friend_msgs/share/friend_msgs/local_setup.dsv
-- Installing: /home/rizo/ros2_intro/install/friend_msgs/share/friend_msgs/package.dsv
-- Installing: /home/rizo/ros2_intro/install/friend_msgs/share/ament_index/resource_index/packages/friend_msgs
-- Installing: /home/rizo/ros2_intro/install/friend_msgs/share/friend_msgs/cmake/export_friend_msgs__rosidl_generator_cExport.cmake
-- Installing: /home/rizo/ros2_intro/install/friend_msgs/share/friend_msgs/cmake/export_friend_msgs__rosidl_generator_cExport-noconfig.cmake
-- Installing: /home/rizo/ros2_intro/install/friend_msgs/share/friend_msgs/cmake/export_friend_msgs__rosidl_typesupport_fastrtps_cExport.cmake
-- Installing: /home/rizo/ros2_intro/install/friend_msgs/share/friend_msgs/cmake/export_friend_msgs__rosidl_typesupport_fastrtps_cExport-noconfig.cmake
-- Installing: /home/rizo/ros2_intro/install/friend_msgs/share/friend_msgs/cmake/export_friend_msgs__rosidl_generator_cppExport.cmake
-- Installing: /home/rizo/ros2_intro/install/friend_msgs/share/friend_msgs/cmake/export_friend_msgs__rosidl_typesupport_fastrtps_cppExport.cmake
-- Installing: /home/rizo/ros2_intro/install/friend_msgs/share/friend_msgs/cmake/export_friend_msgs__rosidl_typesupport_fastrtps_cppExport-noconfig.cmake
-- Installing: /home/rizo/ros2_intro/install/friend_msgs/share/friend_msgs/cmake/friend_msgs__rosidl_typesupport_introspection_cExport.cmake
-- Installing: /home/rizo/ros2_intro/install/friend_msgs/share/friend_msgs/cmake/friend_msgs__rosidl_typesupport_introspection_cExport-noconfig.cmake
-- Installing: /home/rizo/ros2_intro/install/friend_msgs/share/friend_msgs/cmake/friend_msgs__rosidl_typesupport_cExport.cmake
-- Installing: /home/rizo/ros2_intro/install/friend_msgs/share/friend_msgs/cmake/friend_msgs__rosidl_typesupport_cExport-noconfig.cmake
-- Installing: /home/rizo/ros2_intro/install/friend_msgs/share/friend_msgs/cmake/friend_msgs__rosidl_typesupport_introspection_cppExport.cmake
-- Installing: /home/rizo/ros2_intro/install/friend_msgs/share/friend_msgs/cmake/friend_msgs__rosidl_typesupport_introspection_cppExport-noconfig.cmake
-- Installing: /home/rizo/ros2_intro/install/friend_msgs/share/friend_msgs/cmake/friend_msgs__rosidl_typesupport_cppExport.cmake
-- Installing: /home/rizo/ros2_intro/install/friend_msgs/share/friend_msgs/cmake/friend_msgs__rosidl_typesupport_cppExport-noconfig.cmake
-- Installing: /home/rizo/ros2_intro/install/friend_msgs/share/friend_msgs/cmake/export_friend_msgs__rosidl_generator_pyExport.cmake
-- Installing: /home/rizo/ros2_intro/install/friend_msgs/share/friend_msgs/cmake/export_friend_msgs__rosidl_generator_pyExport-noconfig.cmake
-- Installing: /home/rizo/ros2_intro/install/friend_msgs/share/friend_msgs/cmake/rosidl_cmake-extras.cmake
-- Installing: /home/rizo/ros2_intro/install/friend_msgs/share/friend_msgs/cmake/ament_cmake_export_dependencies-extras.cmake
-- Installing: /home/rizo/ros2_intro/install/friend_msgs/share/friend_msgs/cmake/ament_cmake_export_include_directories-extras.cmake
-- Installing: /home/rizo/ros2_intro/install/friend_msgs/share/friend_msgs/cmake/ament_cmake_export_libraries-extras.cmake
-- Installing: /home/rizo/ros2_intro/install/friend_msgs/share/friend_msgs/cmake/ament_cmake_export_targets-extras.cmake
-- Installing: /home/rizo/ros2_intro/install/friend_msgs/share/friend_msgs/cmake/rosidl_cmake_export_typesupport_targets-extras.cmake
-- Installing: /home/rizo/ros2_intro/install/friend_msgs/share/friend_msgs/cmake/rosidl_cmake_export_typesupport_libraries-extras.cmake
-- Installing: /home/rizo/ros2_intro/install/friend_msgs/share/friend_msgs/cmake/friend_msgsConfig.cmake
-- Installing: /home/rizo/ros2_intro/install/friend_msgs/share/friend_msgs/cmake/friend_msgsConfig-version.cmake
-- Installing: /home/rizo/ros2_intro/install/friend_msgs/share/friend_msgs/package.xml
