-- Found ament_cmake: 1.3.4 (/opt/ros/humble/share/ament_cmake/cmake)
-- Found rclcpp: 16.0.4 (/opt/ros/humble/share/rclcpp/cmake)
-- Found rosidl_generator_c: 3.1.4 (/opt/ros/humble/share/rosidl_generator_c/cmake)
-- Found rosidl_adapter: 3.1.4 (/opt/ros/humble/share/rosidl_adapter/cmake)
-- Found rosidl_generator_cpp: 3.1.4 (/opt/ros/humble/share/rosidl_generator_cpp/cmake)
-- Using all available rosidl_typesupport_c: rosidl_typesupport_fastrtps_c;rosidl_typesupport_introspection_c
-- Using all available rosidl_typesupport_cpp: rosidl_typesupport_fastrtps_cpp;rosidl_typesupport_introspection_cpp
-- Found rmw_implementation_cmake: 6.1.1 (/opt/ros/humble/share/rmw_implementation_cmake/cmake)
-- Found rmw_fastrtps_cpp: 6.2.2 (/opt/ros/humble/share/rmw_fastrtps_cpp/cmake)
-- Using RMW implementation 'rmw_fastrtps_cpp' as default
-- Found geometry_msgs: 4.2.3 (/opt/ros/humble/share/geometry_msgs/cmake)
-- Found visualization_msgs: 4.2.3 (/opt/ros/humble/share/visualization_msgs/cmake)
-- Found diagnostic_updater: 3.1.2 (/opt/ros/humble/share/diagnostic_updater/cmake)
-- Found cv_bridge: 3.2.1 (/opt/ros/humble/share/cv_bridge/cmake)
-- Found tf2: 0.25.2 (/opt/ros/humble/share/tf2/cmake)
-- Found tf2_ros: 0.25.2 (/opt/ros/humble/share/tf2_ros/cmake)
-- Found tf2_geometry_msgs: 0.25.2 (/opt/ros/humble/share/tf2_geometry_msgs/cmake)
-- Found eigen3_cmake_module: 0.1.1 (/opt/ros/humble/share/eigen3_cmake_module/cmake)
-- Ensuring Eigen3 include directory is part of orocos-kdl CMake target
-- Found image_transport: 3.1.5 (/opt/ros/humble/share/image_transport/cmake)
-- Found pcl_conversions: 2.4.0 (/opt/ros/humble/share/pcl_conversions/cmake)
-- Found interactive_markers: 2.3.2 (/opt/ros/humble/share/interactive_markers/cmake)
-- Found friend_msgs: 0.2.0 (/home/rizo/iros/install/friend_msgs/share/friend_msgs/cmake)
-- Found nav_msgs: 4.2.3 (/opt/ros/humble/share/nav_msgs/cmake)
-- Found Boost: /usr/lib/x86_64-linux-gnu/cmake/Boost-1.74.0/BoostConfig.cmake (found version "1.74.0") found components: system 
-- Eigen found (include: /usr/include/eigen3, version: 3.4.0)
-- Found Boost: /usr/lib/x86_64-linux-gnu/cmake/Boost-1.74.0/BoostConfig.cmake (found suitable version "1.74.0", minimum required is "1.65.0") found components: system filesystem date_time iostreams serialization 
-- looking for PCL_COMMON
-- Configuring done
-- Generating done
-- Build files have been written to: /home/rizo/ros2_intro/build/ros2_visualize
[35m[1mConsolidate compiler generated dependencies of target joy_hagen_pub[0m
[35m[1mConsolidate compiler generated dependencies of target joy_hagen_sub[0m
[35m[1mConsolidate compiler generated dependencies of target joy_hagen_basic_control[0m
[35m[1mConsolidate compiler generated dependencies of target joy_hagen_camera[0m
[ 16%] [32mBuilding CXX object CMakeFiles/joy_hagen_marker_array.dir/src/joy_hagen_marker_array.cpp.o[0m
[ 16%] [32mBuilding CXX object CMakeFiles/joy_hagen_point_cloud.dir/src/joy_hagen_point_cloud.cpp.o[0m
[ 33%] [32mBuilding CXX object CMakeFiles/joy_hagen_pub.dir/src/joy_hagen_pub_todo.cpp.o[0m
[ 33%] [32mBuilding CXX object CMakeFiles/joy_hagen_sub.dir/src/joy_hagen_sub_todo.cpp.o[0m
[ 50%] Built target joy_hagen_camera
[ 66%] Built target joy_hagen_basic_control
[ 75%] [32m[1mLinking CXX executable joy_hagen_marker_array[0m
[ 75%] Built target joy_hagen_marker_array
[ 83%] [32m[1mLinking CXX executable joy_hagen_pub[0m
[ 83%] Built target joy_hagen_pub
[ 91%] [32m[1mLinking CXX executable joy_hagen_point_cloud[0m
[ 91%] Built target joy_hagen_point_cloud
[100%] [32m[1mLinking CXX executable joy_hagen_sub[0m
[100%] Built target joy_hagen_sub
-- Install configuration: ""
-- Installing: /home/rizo/ros2_intro/install/ros2_visualize/lib/ros2_visualize/joy_hagen_sub
-- Set runtime path of "/home/rizo/ros2_intro/install/ros2_visualize/lib/ros2_visualize/joy_hagen_sub" to ""
-- Installing: /home/rizo/ros2_intro/install/ros2_visualize/lib/ros2_visualize/joy_hagen_marker_array
-- Set runtime path of "/home/rizo/ros2_intro/install/ros2_visualize/lib/ros2_visualize/joy_hagen_marker_array" to ""
-- Up-to-date: /home/rizo/ros2_intro/install/ros2_visualize/lib/ros2_visualize/joy_hagen_basic_control
-- Installing: /home/rizo/ros2_intro/install/ros2_visualize/lib/ros2_visualize/joy_hagen_pub
-- Set runtime path of "/home/rizo/ros2_intro/install/ros2_visualize/lib/ros2_visualize/joy_hagen_pub" to ""
-- Up-to-date: /home/rizo/ros2_intro/install/ros2_visualize/lib/ros2_visualize/joy_hagen_camera
-- Installing: /home/rizo/ros2_intro/install/ros2_visualize/lib/ros2_visualize/joy_hagen_point_cloud
-- Set runtime path of "/home/rizo/ros2_intro/install/ros2_visualize/lib/ros2_visualize/joy_hagen_point_cloud" to ""
-- Up-to-date: /home/rizo/ros2_intro/install/ros2_visualize/share/ros2_visualize/launch
-- Up-to-date: /home/rizo/ros2_intro/install/ros2_visualize/share/ros2_visualize/launch/joy_hagen_pub.launch.py
-- Up-to-date: /home/rizo/ros2_intro/install/ros2_visualize/share/ros2_visualize/launch/joy_hagen_basic_control.launch.py
-- Up-to-date: /home/rizo/ros2_intro/install/ros2_visualize/share/ros2_visualize/launch/joy_hagen_marker_array.launch.py
-- Installing: /home/rizo/ros2_intro/install/ros2_visualize/share/ros2_visualize/launch/joy_hagen_point_cloud.launch.py
-- Up-to-date: /home/rizo/ros2_intro/install/ros2_visualize/share/ros2_visualize/launch/joy_hagen_sub.launch.py
-- Up-to-date: /home/rizo/ros2_intro/install/ros2_visualize/share/ros2_visualize/launch/joy_hagen_camera.launch.py
-- Up-to-date: /home/rizo/ros2_intro/install/ros2_visualize/share/ament_index/resource_index/package_run_dependencies/ros2_visualize
-- Up-to-date: /home/rizo/ros2_intro/install/ros2_visualize/share/ament_index/resource_index/parent_prefix_path/ros2_visualize
-- Up-to-date: /home/rizo/ros2_intro/install/ros2_visualize/share/ros2_visualize/environment/ament_prefix_path.sh
-- Installing: /home/rizo/ros2_intro/install/ros2_visualize/share/ros2_visualize/environment/ament_prefix_path.dsv
-- Up-to-date: /home/rizo/ros2_intro/install/ros2_visualize/share/ros2_visualize/environment/path.sh
-- Installing: /home/rizo/ros2_intro/install/ros2_visualize/share/ros2_visualize/environment/path.dsv
-- Up-to-date: /home/rizo/ros2_intro/install/ros2_visualize/share/ros2_visualize/local_setup.bash
-- Up-to-date: /home/rizo/ros2_intro/install/ros2_visualize/share/ros2_visualize/local_setup.sh
-- Up-to-date: /home/rizo/ros2_intro/install/ros2_visualize/share/ros2_visualize/local_setup.zsh
-- Installing: /home/rizo/ros2_intro/install/ros2_visualize/share/ros2_visualize/local_setup.dsv
-- Installing: /home/rizo/ros2_intro/install/ros2_visualize/share/ros2_visualize/package.dsv
-- Up-to-date: /home/rizo/ros2_intro/install/ros2_visualize/share/ament_index/resource_index/packages/ros2_visualize
-- Up-to-date: /home/rizo/ros2_intro/install/ros2_visualize/share/ros2_visualize/cmake/ament_cmake_export_include_directories-extras.cmake
-- Up-to-date: /home/rizo/ros2_intro/install/ros2_visualize/share/ros2_visualize/cmake/ament_cmake_export_dependencies-extras.cmake
-- Up-to-date: /home/rizo/ros2_intro/install/ros2_visualize/share/ros2_visualize/cmake/ros2_visualizeConfig.cmake
-- Up-to-date: /home/rizo/ros2_intro/install/ros2_visualize/share/ros2_visualize/cmake/ros2_visualizeConfig-version.cmake
-- Up-to-date: /home/rizo/ros2_intro/install/ros2_visualize/share/ros2_visualize/package.xml
