[35m[1mConsolidate compiler generated dependencies of target publisher_class_node[0m
[35m[1mConsolidate compiler generated dependencies of target subscriber_node[0m
[35m[1mConsolidate compiler generated dependencies of target publisher_node[0m
[35m[1mConsolidate compiler generated dependencies of target service_server[0m
[35m[1mConsolidate compiler generated dependencies of target param_reader_user_info[0m
[35m[1mConsolidate compiler generated dependencies of target service_client[0m
[ 16%] Built target param_reader_user_info
[ 33%] Built target publisher_node
[ 50%] Built target subscriber_node
[ 66%] Built target service_client
[100%] Built target service_server
[100%] Built target publisher_class_node
-- Install configuration: ""
-- Up-to-date: /home/rizo/ros2_intro/install/hello_world/lib/hello_world/publisher_node
-- Up-to-date: /home/rizo/ros2_intro/install/hello_world/lib/hello_world/subscriber_node
-- Up-to-date: /home/rizo/ros2_intro/install/hello_world/lib/hello_world/service_server
-- Up-to-date: /home/rizo/ros2_intro/install/hello_world/lib/hello_world/param_reader_user_info
-- Up-to-date: /home/rizo/ros2_intro/install/hello_world/share/hello_world/launch
-- Up-to-date: /home/rizo/ros2_intro/install/hello_world/share/hello_world/launch/service_server.py
-- Up-to-date: /home/rizo/ros2_intro/install/hello_world/share/hello_world/launch/service_client.py
-- Up-to-date: /home/rizo/ros2_intro/install/hello_world/share/hello_world/launch/param_set_variant_2.py
-- Up-to-date: /home/rizo/ros2_intro/install/hello_world/share/hello_world/launch/includer.py
-- Up-to-date: /home/rizo/ros2_intro/install/hello_world/share/hello_world/launch/pub_sub_variant_1.py
-- Up-to-date: /home/rizo/ros2_intro/install/hello_world/share/hello_world/launch/pub_sub_variant_2.py
-- Up-to-date: /home/rizo/ros2_intro/install/hello_world/share/hello_world/launch/param_set_variant_1.py
-- Up-to-date: /home/rizo/ros2_intro/install/hello_world/share/hello_world/config
-- Up-to-date: /home/rizo/ros2_intro/install/hello_world/share/hello_world/config/params_user_info.yaml
-- Up-to-date: /home/rizo/ros2_intro/install/hello_world/lib/hello_world/hello_pub_todo.py
-- Up-to-date: /home/rizo/ros2_intro/install/hello_world/lib/hello_world/hello_sub_todo.py
-- Up-to-date: /home/rizo/ros2_intro/install/hello_world/share/ament_index/resource_index/package_run_dependencies/hello_world
-- Up-to-date: /home/rizo/ros2_intro/install/hello_world/share/ament_index/resource_index/parent_prefix_path/hello_world
-- Up-to-date: /home/rizo/ros2_intro/install/hello_world/share/hello_world/environment/ament_prefix_path.sh
-- Up-to-date: /home/rizo/ros2_intro/install/hello_world/share/hello_world/environment/ament_prefix_path.dsv
-- Up-to-date: /home/rizo/ros2_intro/install/hello_world/share/hello_world/environment/path.sh
-- Up-to-date: /home/rizo/ros2_intro/install/hello_world/share/hello_world/environment/path.dsv
-- Up-to-date: /home/rizo/ros2_intro/install/hello_world/share/hello_world/local_setup.bash
-- Up-to-date: /home/rizo/ros2_intro/install/hello_world/share/hello_world/local_setup.sh
-- Up-to-date: /home/rizo/ros2_intro/install/hello_world/share/hello_world/local_setup.zsh
-- Up-to-date: /home/rizo/ros2_intro/install/hello_world/share/hello_world/local_setup.dsv
-- Installing: /home/rizo/ros2_intro/install/hello_world/share/hello_world/package.dsv
-- Up-to-date: /home/rizo/ros2_intro/install/hello_world/share/ament_index/resource_index/packages/hello_world
-- Up-to-date: /home/rizo/ros2_intro/install/hello_world/share/hello_world/cmake/ament_cmake_export_dependencies-extras.cmake
-- Up-to-date: /home/rizo/ros2_intro/install/hello_world/share/hello_world/cmake/hello_worldConfig.cmake
-- Up-to-date: /home/rizo/ros2_intro/install/hello_world/share/hello_world/cmake/hello_worldConfig-version.cmake
-- Up-to-date: /home/rizo/ros2_intro/install/hello_world/share/hello_world/package.xml
