[0.485s] Invoking command in '/home/rizo/ros2_intro/build/homework1': CMAKE_PREFIX_PATH=${CMAKE_PREFIX_PATH}:/home/rizo/iros/install/hagen_robot_diff_drive:/home/rizo/iros/install/hagen_robot_controller:/opt/ros/humble /usr/bin/cmake --build /home/rizo/ros2_intro/build/homework1 -- -j12 -l12
[0.526s] [35m[1mConsolidate compiler generated dependencies of target commander_node[0m
[0.546s] [100%] Built target commander_node
[0.560s] Invoked command in '/home/rizo/ros2_intro/build/homework1' returned '0': CMAKE_PREFIX_PATH=${CMAKE_PREFIX_PATH}:/home/rizo/iros/install/hagen_robot_diff_drive:/home/rizo/iros/install/hagen_robot_controller:/opt/ros/humble /usr/bin/cmake --build /home/rizo/ros2_intro/build/homework1 -- -j12 -l12
[0.596s] Invoking command in '/home/rizo/ros2_intro/build/homework1': CMAKE_PREFIX_PATH=${CMAKE_PREFIX_PATH}:/home/rizo/iros/install/hagen_robot_diff_drive:/home/rizo/iros/install/hagen_robot_controller:/opt/ros/humble /usr/bin/cmake --install /home/rizo/ros2_intro/build/homework1
[0.610s] -- Install configuration: ""
[0.610s] -- Up-to-date: /home/rizo/ros2_intro/install/homework1/lib/homework1/commander_node
[0.610s] -- Up-to-date: /home/rizo/ros2_intro/install/homework1/share/ament_index/resource_index/package_run_dependencies/homework1
[0.610s] -- Up-to-date: /home/rizo/ros2_intro/install/homework1/share/ament_index/resource_index/parent_prefix_path/homework1
[0.610s] -- Up-to-date: /home/rizo/ros2_intro/install/homework1/share/homework1/environment/ament_prefix_path.sh
[0.610s] -- Up-to-date: /home/rizo/ros2_intro/install/homework1/share/homework1/environment/ament_prefix_path.dsv
[0.611s] -- Up-to-date: /home/rizo/ros2_intro/install/homework1/share/homework1/environment/path.sh
[0.612s] -- Up-to-date: /home/rizo/ros2_intro/install/homework1/share/homework1/environment/path.dsv
[0.613s] -- Up-to-date: /home/rizo/ros2_intro/install/homework1/share/homework1/local_setup.bash
[0.613s] -- Up-to-date: /home/rizo/ros2_intro/install/homework1/share/homework1/local_setup.sh
[0.613s] -- Up-to-date: /home/rizo/ros2_intro/install/homework1/share/homework1/local_setup.zsh
[0.613s] -- Up-to-date: /home/rizo/ros2_intro/install/homework1/share/homework1/local_setup.dsv
[0.613s] -- Installing: /home/rizo/ros2_intro/install/homework1/share/homework1/package.dsv
[0.614s] -- Up-to-date: /home/rizo/ros2_intro/install/homework1/share/ament_index/resource_index/packages/homework1
[0.614s] -- Up-to-date: /home/rizo/ros2_intro/install/homework1/share/homework1/cmake/ament_cmake_export_include_directories-extras.cmake
[0.614s] -- Up-to-date: /home/rizo/ros2_intro/install/homework1/share/homework1/cmake/ament_cmake_export_dependencies-extras.cmake
[0.616s] -- Up-to-date: /home/rizo/ros2_intro/install/homework1/share/homework1/cmake/homework1Config.cmake
[0.616s] -- Up-to-date: /home/rizo/ros2_intro/install/homework1/share/homework1/cmake/homework1Config-version.cmake
[0.616s] -- Up-to-date: /home/rizo/ros2_intro/install/homework1/share/homework1/package.xml
[0.654s] Invoked command in '/home/rizo/ros2_intro/build/homework1' returned '0': CMAKE_PREFIX_PATH=${CMAKE_PREFIX_PATH}:/home/rizo/iros/install/hagen_robot_diff_drive:/home/rizo/iros/install/hagen_robot_controller:/opt/ros/humble /usr/bin/cmake --install /home/rizo/ros2_intro/build/homework1
