[35m[1mConsolidate compiler generated dependencies of target logging_basic[0m
[100%] Built target logging_basic
-- Install configuration: ""
-- Up-to-date: /home/rizo/ros2_intro/install/ros2_debug_logging/lib/ros2_debug_logging/logging_basic
-- Up-to-date: /home/rizo/ros2_intro/install/ros2_debug_logging/share/ros2_debug_logging/launch
-- Up-to-date: /home/rizo/ros2_intro/install/ros2_debug_logging/share/ros2_debug_logging/launch/logging_basic_launch.py
-- Up-to-date: /home/rizo/ros2_intro/install/ros2_debug_logging/share/ament_index/resource_index/package_run_dependencies/ros2_debug_logging
-- Up-to-date: /home/rizo/ros2_intro/install/ros2_debug_logging/share/ament_index/resource_index/parent_prefix_path/ros2_debug_logging
-- Up-to-date: /home/rizo/ros2_intro/install/ros2_debug_logging/share/ros2_debug_logging/environment/ament_prefix_path.sh
-- Up-to-date: /home/rizo/ros2_intro/install/ros2_debug_logging/share/ros2_debug_logging/environment/ament_prefix_path.dsv
-- Up-to-date: /home/rizo/ros2_intro/install/ros2_debug_logging/share/ros2_debug_logging/environment/path.sh
-- Up-to-date: /home/rizo/ros2_intro/install/ros2_debug_logging/share/ros2_debug_logging/environment/path.dsv
-- Up-to-date: /home/rizo/ros2_intro/install/ros2_debug_logging/share/ros2_debug_logging/local_setup.bash
-- Up-to-date: /home/rizo/ros2_intro/install/ros2_debug_logging/share/ros2_debug_logging/local_setup.sh
-- Up-to-date: /home/rizo/ros2_intro/install/ros2_debug_logging/share/ros2_debug_logging/local_setup.zsh
-- Up-to-date: /home/rizo/ros2_intro/install/ros2_debug_logging/share/ros2_debug_logging/local_setup.dsv
-- Installing: /home/rizo/ros2_intro/install/ros2_debug_logging/share/ros2_debug_logging/package.dsv
-- Up-to-date: /home/rizo/ros2_intro/install/ros2_debug_logging/share/ament_index/resource_index/packages/ros2_debug_logging
-- Up-to-date: /home/rizo/ros2_intro/install/ros2_debug_logging/share/ros2_debug_logging/cmake/ament_cmake_export_include_directories-extras.cmake
-- Up-to-date: /home/rizo/ros2_intro/install/ros2_debug_logging/share/ros2_debug_logging/cmake/ament_cmake_export_dependencies-extras.cmake
-- Up-to-date: /home/rizo/ros2_intro/install/ros2_debug_logging/share/ros2_debug_logging/cmake/ros2_debug_loggingConfig.cmake
-- Up-to-date: /home/rizo/ros2_intro/install/ros2_debug_logging/share/ros2_debug_logging/cmake/ros2_debug_loggingConfig-version.cmake
-- Up-to-date: /home/rizo/ros2_intro/install/ros2_debug_logging/share/ros2_debug_logging/package.xml
