running egg_info
creating ../../build/hagen_robot_diff_drive/hagen_robot_diff_drive.egg-info
writing ../../build/hagen_robot_diff_drive/hagen_robot_diff_drive.egg-info/PKG-INFO
writing dependency_links to ../../build/hagen_robot_diff_drive/hagen_robot_diff_drive.egg-info/dependency_links.txt
writing entry points to ../../build/hagen_robot_diff_drive/hagen_robot_diff_drive.egg-info/entry_points.txt
writing requirements to ../../build/hagen_robot_diff_drive/hagen_robot_diff_drive.egg-info/requires.txt
writing top-level names to ../../build/hagen_robot_diff_drive/hagen_robot_diff_drive.egg-info/top_level.txt
writing manifest file '../../build/hagen_robot_diff_drive/hagen_robot_diff_drive.egg-info/SOURCES.txt'
reading manifest file '../../build/hagen_robot_diff_drive/hagen_robot_diff_drive.egg-info/SOURCES.txt'
writing manifest file '../../build/hagen_robot_diff_drive/hagen_robot_diff_drive.egg-info/SOURCES.txt'
running build
running build_py
creating /home/rizo/ros2_intro/build/hagen_robot_diff_drive/build
creating /home/rizo/ros2_intro/build/hagen_robot_diff_drive/build/lib
creating /home/rizo/ros2_intro/build/hagen_robot_diff_drive/build/lib/hagen_robot_diff_drive
copying hagen_robot_diff_drive/spawn_robot.py -> /home/rizo/ros2_intro/build/hagen_robot_diff_drive/build/lib/hagen_robot_diff_drive
copying hagen_robot_diff_drive/__init__.py -> /home/rizo/ros2_intro/build/hagen_robot_diff_drive/build/lib/hagen_robot_diff_drive
running install
/usr/lib/python3/dist-packages/setuptools/command/install.py:34: SetuptoolsDeprecationWarning: setup.py install is deprecated. Use build and pip and other standards-based tools.
  warnings.warn(
running install_lib
creating /home/rizo/ros2_intro/install/hagen_robot_diff_drive/lib/python3.10/site-packages/hagen_robot_diff_drive
copying /home/rizo/ros2_intro/build/hagen_robot_diff_drive/build/lib/hagen_robot_diff_drive/spawn_robot.py -> /home/rizo/ros2_intro/install/hagen_robot_diff_drive/lib/python3.10/site-packages/hagen_robot_diff_drive
copying /home/rizo/ros2_intro/build/hagen_robot_diff_drive/build/lib/hagen_robot_diff_drive/__init__.py -> /home/rizo/ros2_intro/install/hagen_robot_diff_drive/lib/python3.10/site-packages/hagen_robot_diff_drive
byte-compiling /home/rizo/ros2_intro/install/hagen_robot_diff_drive/lib/python3.10/site-packages/hagen_robot_diff_drive/spawn_robot.py to spawn_robot.cpython-310.pyc
byte-compiling /home/rizo/ros2_intro/install/hagen_robot_diff_drive/lib/python3.10/site-packages/hagen_robot_diff_drive/__init__.py to __init__.cpython-310.pyc
running install_data
creating /home/rizo/ros2_intro/install/hagen_robot_diff_drive/share/ament_index
creating /home/rizo/ros2_intro/install/hagen_robot_diff_drive/share/ament_index/resource_index
creating /home/rizo/ros2_intro/install/hagen_robot_diff_drive/share/ament_index/resource_index/packages
copying resource/hagen_robot_diff_drive -> /home/rizo/ros2_intro/install/hagen_robot_diff_drive/share/ament_index/resource_index/packages
copying package.xml -> /home/rizo/ros2_intro/install/hagen_robot_diff_drive/share/hagen_robot_diff_drive
creating /home/rizo/ros2_intro/install/hagen_robot_diff_drive/share/hagen_robot_diff_drive/launch
copying launch/start_robot.launch.py -> /home/rizo/ros2_intro/install/hagen_robot_diff_drive/share/hagen_robot_diff_drive/launch
creating /home/rizo/ros2_intro/install/hagen_robot_diff_drive/share/hagen_robot_diff_drive/worlds
copying ./worlds/hagen_world.world -> /home/rizo/ros2_intro/install/hagen_robot_diff_drive/share/hagen_robot_diff_drive/worlds/
creating /home/rizo/ros2_intro/install/hagen_robot_diff_drive/share/hagen_robot_diff_drive/models
copying ./worlds/hagen_world.world -> /home/rizo/ros2_intro/install/hagen_robot_diff_drive/share/hagen_robot_diff_drive/models/
creating /home/rizo/ros2_intro/install/hagen_robot_diff_drive/share/hagen_robot_diff_drive/models/hagen_robot_model
creating /home/rizo/ros2_intro/install/hagen_robot_diff_drive/share/hagen_robot_diff_drive/models/hagen_robot_model/materials
creating /home/rizo/ros2_intro/install/hagen_robot_diff_drive/share/hagen_robot_diff_drive/models/hagen_robot_model/materials/textures
copying models/hagen_robot_model/materials/textures/robot.png -> /home/rizo/ros2_intro/install/hagen_robot_diff_drive/share/hagen_robot_diff_drive/models/hagen_robot_model/materials/textures
copying models/hagen_robot_model/materials/textures/robot1.png -> /home/rizo/ros2_intro/install/hagen_robot_diff_drive/share/hagen_robot_diff_drive/models/hagen_robot_model/materials/textures
creating /home/rizo/ros2_intro/install/hagen_robot_diff_drive/share/hagen_robot_diff_drive/models/hagen_robot_model/meshes
copying models/hagen_robot_model/meshes/robot.dae -> /home/rizo/ros2_intro/install/hagen_robot_diff_drive/share/hagen_robot_diff_drive/models/hagen_robot_model/meshes
copying ./models/hagen_robot_model/hagen_robot_model_v2.sdf -> /home/rizo/ros2_intro/install/hagen_robot_diff_drive/share/hagen_robot_diff_drive/models/hagen_robot_model/
copying ./models/hagen_robot_model/hagen_robot_model_v5.sdf -> /home/rizo/ros2_intro/install/hagen_robot_diff_drive/share/hagen_robot_diff_drive/models/hagen_robot_model/
copying ./models/hagen_robot_model/hagen_robot_model_v6.sdf -> /home/rizo/ros2_intro/install/hagen_robot_diff_drive/share/hagen_robot_diff_drive/models/hagen_robot_model/
copying ./models/hagen_robot_model/hagen_robot_model_v1.sdf -> /home/rizo/ros2_intro/install/hagen_robot_diff_drive/share/hagen_robot_diff_drive/models/hagen_robot_model/
copying ./models/hagen_robot_model/hagen_robot_model_v3.sdf -> /home/rizo/ros2_intro/install/hagen_robot_diff_drive/share/hagen_robot_diff_drive/models/hagen_robot_model/
copying ./models/hagen_robot_model/hagen_robot_model_v0.sdf -> /home/rizo/ros2_intro/install/hagen_robot_diff_drive/share/hagen_robot_diff_drive/models/hagen_robot_model/
copying ./models/hagen_robot_model/hagen_robot_model_v4.sdf -> /home/rizo/ros2_intro/install/hagen_robot_diff_drive/share/hagen_robot_diff_drive/models/hagen_robot_model/
copying ./models/hagen_robot_model/model.config -> /home/rizo/ros2_intro/install/hagen_robot_diff_drive/share/hagen_robot_diff_drive/models/hagen_robot_model/
running install_egg_info
Copying ../../build/hagen_robot_diff_drive/hagen_robot_diff_drive.egg-info to /home/rizo/ros2_intro/install/hagen_robot_diff_drive/lib/python3.10/site-packages/hagen_robot_diff_drive-0.0.0-py3.10.egg-info
running install_scripts
Installing spawn_robot script to /home/rizo/ros2_intro/install/hagen_robot_diff_drive/lib/hagen_robot_diff_drive
writing list of installed files to '/home/rizo/ros2_intro/build/hagen_robot_diff_drive/install.log'
