[0.897s] Invoking command in '/home/rizo/ros2_intro/hagen_robot/hagen_robot_diff_drive': PYTHONPATH=/home/rizo/ros2_intro/build/hagen_robot_diff_drive/prefix_override:/home/rizo/ros2_intro/install/hagen_robot_diff_drive/lib/python3.10/site-packages:${PYTHONPATH} /usr/bin/python3 setup.py egg_info --egg-base ../../build/hagen_robot_diff_drive build --build-base /home/rizo/ros2_intro/build/hagen_robot_diff_drive/build install --record /home/rizo/ros2_intro/build/hagen_robot_diff_drive/install.log --single-version-externally-managed
[1.129s] running egg_info
[1.130s] creating ../../build/hagen_robot_diff_drive/hagen_robot_diff_drive.egg-info
[1.130s] writing ../../build/hagen_robot_diff_drive/hagen_robot_diff_drive.egg-info/PKG-INFO
[1.130s] writing dependency_links to ../../build/hagen_robot_diff_drive/hagen_robot_diff_drive.egg-info/dependency_links.txt
[1.130s] writing entry points to ../../build/hagen_robot_diff_drive/hagen_robot_diff_drive.egg-info/entry_points.txt
[1.130s] writing requirements to ../../build/hagen_robot_diff_drive/hagen_robot_diff_drive.egg-info/requires.txt
[1.130s] writing top-level names to ../../build/hagen_robot_diff_drive/hagen_robot_diff_drive.egg-info/top_level.txt
[1.131s] writing manifest file '../../build/hagen_robot_diff_drive/hagen_robot_diff_drive.egg-info/SOURCES.txt'
[1.132s] reading manifest file '../../build/hagen_robot_diff_drive/hagen_robot_diff_drive.egg-info/SOURCES.txt'
[1.132s] writing manifest file '../../build/hagen_robot_diff_drive/hagen_robot_diff_drive.egg-info/SOURCES.txt'
[1.133s] running build
[1.133s] running build_py
[1.133s] creating /home/rizo/ros2_intro/build/hagen_robot_diff_drive/build
[1.133s] creating /home/rizo/ros2_intro/build/hagen_robot_diff_drive/build/lib
[1.133s] creating /home/rizo/ros2_intro/build/hagen_robot_diff_drive/build/lib/hagen_robot_diff_drive
[1.133s] copying hagen_robot_diff_drive/spawn_robot.py -> /home/rizo/ros2_intro/build/hagen_robot_diff_drive/build/lib/hagen_robot_diff_drive
[1.133s] copying hagen_robot_diff_drive/__init__.py -> /home/rizo/ros2_intro/build/hagen_robot_diff_drive/build/lib/hagen_robot_diff_drive
[1.133s] running install
[1.134s] /usr/lib/python3/dist-packages/setuptools/command/install.py:34: SetuptoolsDeprecationWarning: setup.py install is deprecated. Use build and pip and other standards-based tools.
[1.134s]   warnings.warn(
[1.134s] running install_lib
[1.134s] creating /home/rizo/ros2_intro/install/hagen_robot_diff_drive/lib/python3.10/site-packages/hagen_robot_diff_drive
[1.134s] copying /home/rizo/ros2_intro/build/hagen_robot_diff_drive/build/lib/hagen_robot_diff_drive/spawn_robot.py -> /home/rizo/ros2_intro/install/hagen_robot_diff_drive/lib/python3.10/site-packages/hagen_robot_diff_drive
[1.134s] copying /home/rizo/ros2_intro/build/hagen_robot_diff_drive/build/lib/hagen_robot_diff_drive/__init__.py -> /home/rizo/ros2_intro/install/hagen_robot_diff_drive/lib/python3.10/site-packages/hagen_robot_diff_drive
[1.135s] byte-compiling /home/rizo/ros2_intro/install/hagen_robot_diff_drive/lib/python3.10/site-packages/hagen_robot_diff_drive/spawn_robot.py to spawn_robot.cpython-310.pyc
[1.135s] byte-compiling /home/rizo/ros2_intro/install/hagen_robot_diff_drive/lib/python3.10/site-packages/hagen_robot_diff_drive/__init__.py to __init__.cpython-310.pyc
[1.135s] running install_data
[1.136s] creating /home/rizo/ros2_intro/install/hagen_robot_diff_drive/share/ament_index
[1.136s] creating /home/rizo/ros2_intro/install/hagen_robot_diff_drive/share/ament_index/resource_index
[1.136s] creating /home/rizo/ros2_intro/install/hagen_robot_diff_drive/share/ament_index/resource_index/packages
[1.136s] copying resource/hagen_robot_diff_drive -> /home/rizo/ros2_intro/install/hagen_robot_diff_drive/share/ament_index/resource_index/packages
[1.136s] copying package.xml -> /home/rizo/ros2_intro/install/hagen_robot_diff_drive/share/hagen_robot_diff_drive
[1.136s] creating /home/rizo/ros2_intro/install/hagen_robot_diff_drive/share/hagen_robot_diff_drive/launch
[1.136s] copying launch/start_robot.launch.py -> /home/rizo/ros2_intro/install/hagen_robot_diff_drive/share/hagen_robot_diff_drive/launch
[1.136s] creating /home/rizo/ros2_intro/install/hagen_robot_diff_drive/share/hagen_robot_diff_drive/worlds
[1.137s] copying ./worlds/hagen_world.world -> /home/rizo/ros2_intro/install/hagen_robot_diff_drive/share/hagen_robot_diff_drive/worlds/
[1.137s] creating /home/rizo/ros2_intro/install/hagen_robot_diff_drive/share/hagen_robot_diff_drive/models
[1.137s] copying ./worlds/hagen_world.world -> /home/rizo/ros2_intro/install/hagen_robot_diff_drive/share/hagen_robot_diff_drive/models/
[1.137s] creating /home/rizo/ros2_intro/install/hagen_robot_diff_drive/share/hagen_robot_diff_drive/models/hagen_robot_model
[1.137s] creating /home/rizo/ros2_intro/install/hagen_robot_diff_drive/share/hagen_robot_diff_drive/models/hagen_robot_model/materials
[1.137s] creating /home/rizo/ros2_intro/install/hagen_robot_diff_drive/share/hagen_robot_diff_drive/models/hagen_robot_model/materials/textures
[1.137s] copying models/hagen_robot_model/materials/textures/robot.png -> /home/rizo/ros2_intro/install/hagen_robot_diff_drive/share/hagen_robot_diff_drive/models/hagen_robot_model/materials/textures
[1.137s] copying models/hagen_robot_model/materials/textures/robot1.png -> /home/rizo/ros2_intro/install/hagen_robot_diff_drive/share/hagen_robot_diff_drive/models/hagen_robot_model/materials/textures
[1.137s] creating /home/rizo/ros2_intro/install/hagen_robot_diff_drive/share/hagen_robot_diff_drive/models/hagen_robot_model/meshes
[1.137s] copying models/hagen_robot_model/meshes/robot.dae -> /home/rizo/ros2_intro/install/hagen_robot_diff_drive/share/hagen_robot_diff_drive/models/hagen_robot_model/meshes
[1.137s] copying ./models/hagen_robot_model/hagen_robot_model_v2.sdf -> /home/rizo/ros2_intro/install/hagen_robot_diff_drive/share/hagen_robot_diff_drive/models/hagen_robot_model/
[1.137s] copying ./models/hagen_robot_model/hagen_robot_model_v5.sdf -> /home/rizo/ros2_intro/install/hagen_robot_diff_drive/share/hagen_robot_diff_drive/models/hagen_robot_model/
[1.137s] copying ./models/hagen_robot_model/hagen_robot_model_v6.sdf -> /home/rizo/ros2_intro/install/hagen_robot_diff_drive/share/hagen_robot_diff_drive/models/hagen_robot_model/
[1.138s] copying ./models/hagen_robot_model/hagen_robot_model_v1.sdf -> /home/rizo/ros2_intro/install/hagen_robot_diff_drive/share/hagen_robot_diff_drive/models/hagen_robot_model/
[1.138s] copying ./models/hagen_robot_model/hagen_robot_model_v3.sdf -> /home/rizo/ros2_intro/install/hagen_robot_diff_drive/share/hagen_robot_diff_drive/models/hagen_robot_model/
[1.138s] copying ./models/hagen_robot_model/hagen_robot_model_v0.sdf -> /home/rizo/ros2_intro/install/hagen_robot_diff_drive/share/hagen_robot_diff_drive/models/hagen_robot_model/
[1.138s] copying ./models/hagen_robot_model/hagen_robot_model_v4.sdf -> /home/rizo/ros2_intro/install/hagen_robot_diff_drive/share/hagen_robot_diff_drive/models/hagen_robot_model/
[1.138s] copying ./models/hagen_robot_model/model.config -> /home/rizo/ros2_intro/install/hagen_robot_diff_drive/share/hagen_robot_diff_drive/models/hagen_robot_model/
[1.138s] running install_egg_info
[1.139s] Copying ../../build/hagen_robot_diff_drive/hagen_robot_diff_drive.egg-info to /home/rizo/ros2_intro/install/hagen_robot_diff_drive/lib/python3.10/site-packages/hagen_robot_diff_drive-0.0.0-py3.10.egg-info
[1.140s] running install_scripts
[1.159s] Installing spawn_robot script to /home/rizo/ros2_intro/install/hagen_robot_diff_drive/lib/hagen_robot_diff_drive
[1.159s] writing list of installed files to '/home/rizo/ros2_intro/build/hagen_robot_diff_drive/install.log'
[1.183s] Invoked command in '/home/rizo/ros2_intro/hagen_robot/hagen_robot_diff_drive' returned '0': PYTHONPATH=/home/rizo/ros2_intro/build/hagen_robot_diff_drive/prefix_override:/home/rizo/ros2_intro/install/hagen_robot_diff_drive/lib/python3.10/site-packages:${PYTHONPATH} /usr/bin/python3 setup.py egg_info --egg-base ../../build/hagen_robot_diff_drive build --build-base /home/rizo/ros2_intro/build/hagen_robot_diff_drive/build install --record /home/rizo/ros2_intro/build/hagen_robot_diff_drive/install.log --single-version-externally-managed
