-- The C compiler identification is GNU 11.3.0
-- The CXX compiler identification is GNU 11.3.0
-- Detecting C compiler ABI info
-- Detecting C compiler ABI info - done
-- Check for working C compiler: /usr/bin/cc - skipped
-- Detecting C compile features
-- Detecting C compile features - done
-- Detecting CXX compiler ABI info
-- Detecting CXX compiler ABI info - done
-- Check for working CXX compiler: /usr/bin/c++ - skipped
-- Detecting CXX compile features
-- Detecting CXX compile features - done
-- Found ament_cmake: 1.3.4 (/opt/ros/humble/share/ament_cmake/cmake)
-- Found Python3: /usr/bin/python3.10 (found version "3.10.6") found components: Interpreter 
-- Found rclcpp: 16.0.4 (/opt/ros/humble/share/rclcpp/cmake)
-- Found rosidl_generator_c: 3.1.4 (/opt/ros/humble/share/rosidl_generator_c/cmake)
-- Found rosidl_adapter: 3.1.4 (/opt/ros/humble/share/rosidl_adapter/cmake)
-- Found rosidl_generator_cpp: 3.1.4 (/opt/ros/humble/share/rosidl_generator_cpp/cmake)
-- Using all available rosidl_typesupport_c: rosidl_typesupport_fastrtps_c;rosidl_typesupport_introspection_c
-- Using all available rosidl_typesupport_cpp: rosidl_typesupport_fastrtps_cpp;rosidl_typesupport_introspection_cpp
-- Found rmw_implementation_cmake: 6.1.1 (/opt/ros/humble/share/rmw_implementation_cmake/cmake)
-- Found rmw_fastrtps_cpp: 6.2.2 (/opt/ros/humble/share/rmw_fastrtps_cpp/cmake)
-- Found OpenSSL: /usr/lib/x86_64-linux-gnu/libcrypto.so (found version "3.0.2")  
-- Found FastRTPS: /opt/ros/humble/include  
-- Using RMW implementation 'rmw_fastrtps_cpp' as default
-- Looking for pthread.h
-- Looking for pthread.h - found
-- Performing Test CMAKE_HAVE_LIBC_PTHREAD
-- Performing Test CMAKE_HAVE_LIBC_PTHREAD - Success
-- Found Threads: TRUE  
-- Found friend_msgs: 0.2.0 (/home/rizo/ros2_intro/install/friend_msgs/share/friend_msgs/cmake)
-- Found ament_lint_auto: 0.12.6 (/opt/ros/humble/share/ament_lint_auto/cmake)
-- Added test 'copyright' to check source files copyright and LICENSE
-- Added test 'cppcheck' to perform static code analysis on C / C++ code
-- Configured cppcheck include dirs: 
-- Configured cppcheck exclude dirs and/or files: 
-- Added test 'cpplint' to check C / C++ code against the Google style
-- Configured cpplint exclude dirs and/or files: 
-- Added test 'flake8' to check Python code syntax and style conventions
-- Added test 'lint_cmake' to check CMake code style
-- Added test 'pep257' to check Python code against some of the docstring style conventions in PEP 257
-- Added test 'uncrustify' to check C / C++ code style
-- Configured uncrustify additional arguments: 
-- Added test 'xmllint' to check XML markup files
-- Configuring done
-- Generating done
-- Build files have been written to: /home/rizo/ros2_intro/build/hello_world
[  8%] [32mBuilding CXX object CMakeFiles/service_server.dir/src/friend_service_server.cpp.o[0m
[ 16%] [32mBuilding CXX object CMakeFiles/publisher_node.dir/src/friend_hello_pub_todo.cpp.o[0m
[ 25%] [32mBuilding CXX object CMakeFiles/subscriber_node.dir/src/friend_hello_sub_todo.cpp.o[0m
[ 33%] [32mBuilding CXX object CMakeFiles/param_reader_user_info.dir/src/set_name_and_id_todo.cpp.o[0m
[ 41%] [32mBuilding CXX object CMakeFiles/service_client.dir/src/friend_service_client.cpp.o[0m
[ 50%] [32mBuilding CXX object CMakeFiles/publisher_class_node.dir/src/friend_hello_pub_class_todo.cpp.o[0m
[ 58%] [32m[1mLinking CXX executable publisher_class_node[0m
[ 58%] Built target publisher_class_node
[ 66%] [32m[1mLinking CXX executable param_reader_user_info[0m
[ 66%] Built target param_reader_user_info
[ 75%] [32m[1mLinking CXX executable service_server[0m
[ 75%] Built target service_server
[ 83%] [32m[1mLinking CXX executable service_client[0m
[ 91%] [32m[1mLinking CXX executable publisher_node[0m
[ 91%] Built target service_client
[ 91%] Built target publisher_node
[100%] [32m[1mLinking CXX executable subscriber_node[0m
[100%] Built target subscriber_node
-- Install configuration: ""
-- Installing: /home/rizo/ros2_intro/install/hello_world/lib/hello_world/publisher_node
-- Set runtime path of "/home/rizo/ros2_intro/install/hello_world/lib/hello_world/publisher_node" to ""
-- Installing: /home/rizo/ros2_intro/install/hello_world/lib/hello_world/subscriber_node
-- Set runtime path of "/home/rizo/ros2_intro/install/hello_world/lib/hello_world/subscriber_node" to ""
-- Installing: /home/rizo/ros2_intro/install/hello_world/lib/hello_world/service_server
-- Set runtime path of "/home/rizo/ros2_intro/install/hello_world/lib/hello_world/service_server" to ""
-- Installing: /home/rizo/ros2_intro/install/hello_world/lib/hello_world/param_reader_user_info
-- Set runtime path of "/home/rizo/ros2_intro/install/hello_world/lib/hello_world/param_reader_user_info" to ""
-- Installing: /home/rizo/ros2_intro/install/hello_world/share/hello_world/launch
-- Installing: /home/rizo/ros2_intro/install/hello_world/share/hello_world/launch/service_server.py
-- Installing: /home/rizo/ros2_intro/install/hello_world/share/hello_world/launch/service_client.py
-- Installing: /home/rizo/ros2_intro/install/hello_world/share/hello_world/launch/param_set_variant_2.py
-- Installing: /home/rizo/ros2_intro/install/hello_world/share/hello_world/launch/includer.py
-- Installing: /home/rizo/ros2_intro/install/hello_world/share/hello_world/launch/pub_sub_variant_1.py
-- Installing: /home/rizo/ros2_intro/install/hello_world/share/hello_world/launch/pub_sub_variant_2.py
-- Installing: /home/rizo/ros2_intro/install/hello_world/share/hello_world/launch/param_set_variant_1.py
-- Installing: /home/rizo/ros2_intro/install/hello_world/share/hello_world/config
-- Installing: /home/rizo/ros2_intro/install/hello_world/share/hello_world/config/params_user_info.yaml
-- Installing: /home/rizo/ros2_intro/install/hello_world/lib/hello_world/hello_pub_todo.py
-- Installing: /home/rizo/ros2_intro/install/hello_world/lib/hello_world/hello_sub_todo.py
-- Installing: /home/rizo/ros2_intro/install/hello_world/share/ament_index/resource_index/package_run_dependencies/hello_world
-- Installing: /home/rizo/ros2_intro/install/hello_world/share/ament_index/resource_index/parent_prefix_path/hello_world
-- Installing: /home/rizo/ros2_intro/install/hello_world/share/hello_world/environment/ament_prefix_path.sh
-- Installing: /home/rizo/ros2_intro/install/hello_world/share/hello_world/environment/ament_prefix_path.dsv
-- Installing: /home/rizo/ros2_intro/install/hello_world/share/hello_world/environment/path.sh
-- Installing: /home/rizo/ros2_intro/install/hello_world/share/hello_world/environment/path.dsv
-- Installing: /home/rizo/ros2_intro/install/hello_world/share/hello_world/local_setup.bash
-- Installing: /home/rizo/ros2_intro/install/hello_world/share/hello_world/local_setup.sh
-- Installing: /home/rizo/ros2_intro/install/hello_world/share/hello_world/local_setup.zsh
-- Installing: /home/rizo/ros2_intro/install/hello_world/share/hello_world/local_setup.dsv
-- Installing: /home/rizo/ros2_intro/install/hello_world/share/hello_world/package.dsv
-- Installing: /home/rizo/ros2_intro/install/hello_world/share/ament_index/resource_index/packages/hello_world
-- Installing: /home/rizo/ros2_intro/install/hello_world/share/hello_world/cmake/ament_cmake_export_dependencies-extras.cmake
-- Installing: /home/rizo/ros2_intro/install/hello_world/share/hello_world/cmake/hello_worldConfig.cmake
-- Installing: /home/rizo/ros2_intro/install/hello_world/share/hello_world/cmake/hello_worldConfig-version.cmake
-- Installing: /home/rizo/ros2_intro/install/hello_world/share/hello_world/package.xml
