[0.230s] DEBUG:colcon:Command line arguments: ['/usr/bin/colcon', 'build']
[0.230s] DEBUG:colcon:Parsed command line arguments: Namespace(log_base=None, log_level=None, verb_name='build', build_base='build', install_base='install', merge_install=False, symlink_install=False, test_result_base=None, continue_on_error=False, executor='parallel', parallel_workers=12, event_handlers=None, ignore_user_meta=False, metas=['./colcon.meta'], base_paths=['.'], packages_ignore=None, packages_ignore_regex=None, paths=None, packages_up_to=None, packages_up_to_regex=None, packages_above=None, packages_above_and_dependencies=None, packages_above_depth=None, packages_select_by_dep=None, packages_skip_by_dep=None, packages_skip_up_to=None, packages_select_build_failed=False, packages_skip_build_finished=False, packages_select_test_failures=False, packages_skip_test_passed=False, packages_select=None, packages_skip=None, packages_select_regex=None, packages_skip_regex=None, packages_start=None, packages_end=None, allow_overriding=[], cmake_args=None, cmake_target=None, cmake_target_skip_unavailable=False, cmake_clean_cache=False, cmake_clean_first=False, cmake_force_configure=False, ament_cmake_args=None, catkin_cmake_args=None, catkin_skip_building_tests=False, verb_parser=<colcon_defaults.argument_parser.defaults.DefaultArgumentsDecorator object at 0x7f67cbd25ea0>, verb_extension=<colcon_core.verb.build.BuildVerb object at 0x7f67cc54a980>, main=<bound method BuildVerb.main of <colcon_core.verb.build.BuildVerb object at 0x7f67cc54a980>>)
[0.254s] Level 1:colcon.colcon_core.package_discovery:discover_packages(colcon_meta) check parameters
[0.254s] Level 1:colcon.colcon_core.package_discovery:discover_packages(recursive) check parameters
[0.254s] Level 1:colcon.colcon_core.package_discovery:discover_packages(ignore) check parameters
[0.254s] Level 1:colcon.colcon_core.package_discovery:discover_packages(path) check parameters
[0.254s] Level 1:colcon.colcon_core.package_discovery:discover_packages(colcon_meta) discover
[0.254s] Level 1:colcon.colcon_core.package_discovery:discover_packages(recursive) discover
[0.254s] INFO:colcon.colcon_core.package_discovery:Crawling recursively for packages in '/home/rizo/ros2_intro'
[0.254s] Level 1:colcon.colcon_core.package_identification:_identify(.) by extensions ['ignore', 'ignore_ament_install']
[0.254s] Level 1:colcon.colcon_core.package_identification:_identify(.) by extension 'ignore'
[0.254s] Level 1:colcon.colcon_core.package_identification:_identify(.) by extension 'ignore_ament_install'
[0.254s] Level 1:colcon.colcon_core.package_identification:_identify(.) by extensions ['colcon_pkg']
[0.254s] Level 1:colcon.colcon_core.package_identification:_identify(.) by extension 'colcon_pkg'
[0.254s] Level 1:colcon.colcon_core.package_identification:_identify(.) by extensions ['colcon_meta']
[0.254s] Level 1:colcon.colcon_core.package_identification:_identify(.) by extension 'colcon_meta'
[0.254s] Level 1:colcon.colcon_core.package_identification:_identify(.) by extensions ['ros']
[0.254s] Level 1:colcon.colcon_core.package_identification:_identify(.) by extension 'ros'
[0.263s] Level 1:colcon.colcon_core.package_identification:_identify(.) by extensions ['cmake', 'python']
[0.263s] Level 1:colcon.colcon_core.package_identification:_identify(.) by extension 'cmake'
[0.263s] Level 1:colcon.colcon_core.package_identification:_identify(.) by extension 'python'
[0.263s] Level 1:colcon.colcon_core.package_identification:_identify(.) by extensions ['python_setup_py']
[0.263s] Level 1:colcon.colcon_core.package_identification:_identify(.) by extension 'python_setup_py'
[0.263s] Level 1:colcon.colcon_core.package_identification:_identify(assets) by extensions ['ignore', 'ignore_ament_install']
[0.263s] Level 1:colcon.colcon_core.package_identification:_identify(assets) by extension 'ignore'
[0.263s] Level 1:colcon.colcon_core.package_identification:_identify(assets) by extension 'ignore_ament_install'
[0.263s] Level 1:colcon.colcon_core.package_identification:_identify(assets) by extensions ['colcon_pkg']
[0.263s] Level 1:colcon.colcon_core.package_identification:_identify(assets) by extension 'colcon_pkg'
[0.263s] Level 1:colcon.colcon_core.package_identification:_identify(assets) by extensions ['colcon_meta']
[0.263s] Level 1:colcon.colcon_core.package_identification:_identify(assets) by extension 'colcon_meta'
[0.263s] Level 1:colcon.colcon_core.package_identification:_identify(assets) by extensions ['ros']
[0.263s] Level 1:colcon.colcon_core.package_identification:_identify(assets) by extension 'ros'
[0.263s] Level 1:colcon.colcon_core.package_identification:_identify(assets) by extensions ['cmake', 'python']
[0.264s] Level 1:colcon.colcon_core.package_identification:_identify(assets) by extension 'cmake'
[0.264s] Level 1:colcon.colcon_core.package_identification:_identify(assets) by extension 'python'
[0.264s] Level 1:colcon.colcon_core.package_identification:_identify(assets) by extensions ['python_setup_py']
[0.264s] Level 1:colcon.colcon_core.package_identification:_identify(assets) by extension 'python_setup_py'
[0.264s] Level 1:colcon.colcon_core.package_identification:_identify(build) by extensions ['ignore', 'ignore_ament_install']
[0.264s] Level 1:colcon.colcon_core.package_identification:_identify(build) by extension 'ignore'
[0.264s] Level 1:colcon.colcon_core.package_identification:_identify(build) ignored
[0.264s] Level 1:colcon.colcon_core.package_identification:_identify(docker_image) by extensions ['ignore', 'ignore_ament_install']
[0.264s] Level 1:colcon.colcon_core.package_identification:_identify(docker_image) by extension 'ignore'
[0.264s] Level 1:colcon.colcon_core.package_identification:_identify(docker_image) by extension 'ignore_ament_install'
[0.264s] Level 1:colcon.colcon_core.package_identification:_identify(docker_image) by extensions ['colcon_pkg']
[0.264s] Level 1:colcon.colcon_core.package_identification:_identify(docker_image) by extension 'colcon_pkg'
[0.264s] Level 1:colcon.colcon_core.package_identification:_identify(docker_image) by extensions ['colcon_meta']
[0.264s] Level 1:colcon.colcon_core.package_identification:_identify(docker_image) by extension 'colcon_meta'
[0.264s] Level 1:colcon.colcon_core.package_identification:_identify(docker_image) by extensions ['ros']
[0.264s] Level 1:colcon.colcon_core.package_identification:_identify(docker_image) by extension 'ros'
[0.264s] Level 1:colcon.colcon_core.package_identification:_identify(docker_image) by extensions ['cmake', 'python']
[0.264s] Level 1:colcon.colcon_core.package_identification:_identify(docker_image) by extension 'cmake'
[0.264s] Level 1:colcon.colcon_core.package_identification:_identify(docker_image) by extension 'python'
[0.264s] Level 1:colcon.colcon_core.package_identification:_identify(docker_image) by extensions ['python_setup_py']
[0.264s] Level 1:colcon.colcon_core.package_identification:_identify(docker_image) by extension 'python_setup_py'
[0.265s] Level 1:colcon.colcon_core.package_identification:_identify(friend_msgs) by extensions ['ignore', 'ignore_ament_install']
[0.265s] Level 1:colcon.colcon_core.package_identification:_identify(friend_msgs) by extension 'ignore'
[0.265s] Level 1:colcon.colcon_core.package_identification:_identify(friend_msgs) by extension 'ignore_ament_install'
[0.265s] Level 1:colcon.colcon_core.package_identification:_identify(friend_msgs) by extensions ['colcon_pkg']
[0.265s] Level 1:colcon.colcon_core.package_identification:_identify(friend_msgs) by extension 'colcon_pkg'
[0.265s] Level 1:colcon.colcon_core.package_identification:_identify(friend_msgs) by extensions ['colcon_meta']
[0.265s] Level 1:colcon.colcon_core.package_identification:_identify(friend_msgs) by extension 'colcon_meta'
[0.265s] Level 1:colcon.colcon_core.package_identification:_identify(friend_msgs) by extensions ['ros']
[0.265s] Level 1:colcon.colcon_core.package_identification:_identify(friend_msgs) by extension 'ros'
[0.267s] DEBUG:colcon.colcon_core.package_identification:Package 'friend_msgs' with type 'ros.ament_cmake' and name 'friend_msgs'
[0.267s] Level 1:colcon.colcon_core.package_identification:_identify(hello_world) by extensions ['ignore', 'ignore_ament_install']
[0.267s] Level 1:colcon.colcon_core.package_identification:_identify(hello_world) by extension 'ignore'
[0.267s] Level 1:colcon.colcon_core.package_identification:_identify(hello_world) by extension 'ignore_ament_install'
[0.267s] Level 1:colcon.colcon_core.package_identification:_identify(hello_world) by extensions ['colcon_pkg']
[0.267s] Level 1:colcon.colcon_core.package_identification:_identify(hello_world) by extension 'colcon_pkg'
[0.267s] Level 1:colcon.colcon_core.package_identification:_identify(hello_world) by extensions ['colcon_meta']
[0.267s] Level 1:colcon.colcon_core.package_identification:_identify(hello_world) by extension 'colcon_meta'
[0.267s] Level 1:colcon.colcon_core.package_identification:_identify(hello_world) by extensions ['ros']
[0.267s] Level 1:colcon.colcon_core.package_identification:_identify(hello_world) by extension 'ros'
[0.268s] DEBUG:colcon.colcon_core.package_identification:Package 'hello_world' with type 'ros.ament_cmake' and name 'hello_world'
[0.268s] Level 1:colcon.colcon_core.package_identification:_identify(homework) by extensions ['ignore', 'ignore_ament_install']
[0.268s] Level 1:colcon.colcon_core.package_identification:_identify(homework) by extension 'ignore'
[0.268s] Level 1:colcon.colcon_core.package_identification:_identify(homework) by extension 'ignore_ament_install'
[0.268s] Level 1:colcon.colcon_core.package_identification:_identify(homework) by extensions ['colcon_pkg']
[0.268s] Level 1:colcon.colcon_core.package_identification:_identify(homework) by extension 'colcon_pkg'
[0.268s] Level 1:colcon.colcon_core.package_identification:_identify(homework) by extensions ['colcon_meta']
[0.268s] Level 1:colcon.colcon_core.package_identification:_identify(homework) by extension 'colcon_meta'
[0.268s] Level 1:colcon.colcon_core.package_identification:_identify(homework) by extensions ['ros']
[0.268s] Level 1:colcon.colcon_core.package_identification:_identify(homework) by extension 'ros'
[0.268s] Level 1:colcon.colcon_core.package_identification:_identify(homework) by extensions ['cmake', 'python']
[0.268s] Level 1:colcon.colcon_core.package_identification:_identify(homework) by extension 'cmake'
[0.268s] Level 1:colcon.colcon_core.package_identification:_identify(homework) by extension 'python'
[0.268s] Level 1:colcon.colcon_core.package_identification:_identify(homework) by extensions ['python_setup_py']
[0.268s] Level 1:colcon.colcon_core.package_identification:_identify(homework) by extension 'python_setup_py'
[0.269s] Level 1:colcon.colcon_core.package_identification:_identify(homework/homework1) by extensions ['ignore', 'ignore_ament_install']
[0.269s] Level 1:colcon.colcon_core.package_identification:_identify(homework/homework1) by extension 'ignore'
[0.269s] Level 1:colcon.colcon_core.package_identification:_identify(homework/homework1) by extension 'ignore_ament_install'
[0.269s] Level 1:colcon.colcon_core.package_identification:_identify(homework/homework1) by extensions ['colcon_pkg']
[0.269s] Level 1:colcon.colcon_core.package_identification:_identify(homework/homework1) by extension 'colcon_pkg'
[0.269s] Level 1:colcon.colcon_core.package_identification:_identify(homework/homework1) by extensions ['colcon_meta']
[0.269s] Level 1:colcon.colcon_core.package_identification:_identify(homework/homework1) by extension 'colcon_meta'
[0.269s] Level 1:colcon.colcon_core.package_identification:_identify(homework/homework1) by extensions ['ros']
[0.269s] Level 1:colcon.colcon_core.package_identification:_identify(homework/homework1) by extension 'ros'
[0.269s] DEBUG:colcon.colcon_core.package_identification:Package 'homework/homework1' with type 'ros.ament_cmake' and name 'homework1'
[0.269s] Level 1:colcon.colcon_core.package_identification:_identify(install) by extensions ['ignore', 'ignore_ament_install']
[0.269s] Level 1:colcon.colcon_core.package_identification:_identify(install) by extension 'ignore'
[0.269s] Level 1:colcon.colcon_core.package_identification:_identify(install) ignored
[0.269s] Level 1:colcon.colcon_core.package_identification:_identify(lectures) by extensions ['ignore', 'ignore_ament_install']
[0.269s] Level 1:colcon.colcon_core.package_identification:_identify(lectures) by extension 'ignore'
[0.270s] Level 1:colcon.colcon_core.package_identification:_identify(lectures) by extension 'ignore_ament_install'
[0.270s] Level 1:colcon.colcon_core.package_identification:_identify(lectures) by extensions ['colcon_pkg']
[0.270s] Level 1:colcon.colcon_core.package_identification:_identify(lectures) by extension 'colcon_pkg'
[0.270s] Level 1:colcon.colcon_core.package_identification:_identify(lectures) by extensions ['colcon_meta']
[0.270s] Level 1:colcon.colcon_core.package_identification:_identify(lectures) by extension 'colcon_meta'
[0.270s] Level 1:colcon.colcon_core.package_identification:_identify(lectures) by extensions ['ros']
[0.270s] Level 1:colcon.colcon_core.package_identification:_identify(lectures) by extension 'ros'
[0.270s] Level 1:colcon.colcon_core.package_identification:_identify(lectures) by extensions ['cmake', 'python']
[0.270s] Level 1:colcon.colcon_core.package_identification:_identify(lectures) by extension 'cmake'
[0.270s] Level 1:colcon.colcon_core.package_identification:_identify(lectures) by extension 'python'
[0.270s] Level 1:colcon.colcon_core.package_identification:_identify(lectures) by extensions ['python_setup_py']
[0.270s] Level 1:colcon.colcon_core.package_identification:_identify(lectures) by extension 'python_setup_py'
[0.270s] Level 1:colcon.colcon_core.package_identification:_identify(log) by extensions ['ignore', 'ignore_ament_install']
[0.270s] Level 1:colcon.colcon_core.package_identification:_identify(log) by extension 'ignore'
[0.270s] Level 1:colcon.colcon_core.package_identification:_identify(log) ignored
[0.270s] Level 1:colcon.colcon_core.package_identification:_identify(ros2_composition) by extensions ['ignore', 'ignore_ament_install']
[0.270s] Level 1:colcon.colcon_core.package_identification:_identify(ros2_composition) by extension 'ignore'
[0.270s] Level 1:colcon.colcon_core.package_identification:_identify(ros2_composition) by extension 'ignore_ament_install'
[0.270s] Level 1:colcon.colcon_core.package_identification:_identify(ros2_composition) by extensions ['colcon_pkg']
[0.270s] Level 1:colcon.colcon_core.package_identification:_identify(ros2_composition) by extension 'colcon_pkg'
[0.270s] Level 1:colcon.colcon_core.package_identification:_identify(ros2_composition) by extensions ['colcon_meta']
[0.271s] Level 1:colcon.colcon_core.package_identification:_identify(ros2_composition) by extension 'colcon_meta'
[0.271s] Level 1:colcon.colcon_core.package_identification:_identify(ros2_composition) by extensions ['ros']
[0.271s] Level 1:colcon.colcon_core.package_identification:_identify(ros2_composition) by extension 'ros'
[0.271s] DEBUG:colcon.colcon_core.package_identification:Package 'ros2_composition' with type 'ros.ament_cmake' and name 'ros2_composition'
[0.271s] Level 1:colcon.colcon_core.package_identification:_identify(ros2_debug_logging) by extensions ['ignore', 'ignore_ament_install']
[0.271s] Level 1:colcon.colcon_core.package_identification:_identify(ros2_debug_logging) by extension 'ignore'
[0.271s] Level 1:colcon.colcon_core.package_identification:_identify(ros2_debug_logging) by extension 'ignore_ament_install'
[0.271s] Level 1:colcon.colcon_core.package_identification:_identify(ros2_debug_logging) by extensions ['colcon_pkg']
[0.271s] Level 1:colcon.colcon_core.package_identification:_identify(ros2_debug_logging) by extension 'colcon_pkg'
[0.271s] Level 1:colcon.colcon_core.package_identification:_identify(ros2_debug_logging) by extensions ['colcon_meta']
[0.271s] Level 1:colcon.colcon_core.package_identification:_identify(ros2_debug_logging) by extension 'colcon_meta'
[0.271s] Level 1:colcon.colcon_core.package_identification:_identify(ros2_debug_logging) by extensions ['ros']
[0.271s] Level 1:colcon.colcon_core.package_identification:_identify(ros2_debug_logging) by extension 'ros'
[0.272s] DEBUG:colcon.colcon_core.package_identification:Package 'ros2_debug_logging' with type 'ros.ament_cmake' and name 'ros2_debug_logging'
[0.272s] Level 1:colcon.colcon_core.package_identification:_identify(ros2_visualize) by extensions ['ignore', 'ignore_ament_install']
[0.272s] Level 1:colcon.colcon_core.package_identification:_identify(ros2_visualize) by extension 'ignore'
[0.272s] Level 1:colcon.colcon_core.package_identification:_identify(ros2_visualize) by extension 'ignore_ament_install'
[0.272s] Level 1:colcon.colcon_core.package_identification:_identify(ros2_visualize) by extensions ['colcon_pkg']
[0.272s] Level 1:colcon.colcon_core.package_identification:_identify(ros2_visualize) by extension 'colcon_pkg'
[0.272s] Level 1:colcon.colcon_core.package_identification:_identify(ros2_visualize) by extensions ['colcon_meta']
[0.272s] Level 1:colcon.colcon_core.package_identification:_identify(ros2_visualize) by extension 'colcon_meta'
[0.272s] Level 1:colcon.colcon_core.package_identification:_identify(ros2_visualize) by extensions ['ros']
[0.272s] Level 1:colcon.colcon_core.package_identification:_identify(ros2_visualize) by extension 'ros'
[0.273s] DEBUG:colcon.colcon_core.package_identification:Package 'ros2_visualize' with type 'ros.ament_cmake' and name 'ros2_visualize'
[0.273s] Level 1:colcon.colcon_core.package_discovery:discover_packages(recursive) using defaults
[0.273s] Level 1:colcon.colcon_core.package_discovery:discover_packages(ignore) discover
[0.273s] Level 1:colcon.colcon_core.package_discovery:discover_packages(ignore) using defaults
[0.273s] Level 1:colcon.colcon_core.package_discovery:discover_packages(path) discover
[0.273s] Level 1:colcon.colcon_core.package_discovery:discover_packages(path) using defaults
[0.291s] Level 1:colcon.colcon_core.package_discovery:discover_packages(prefix_path) check parameters
[0.291s] Level 1:colcon.colcon_core.package_discovery:discover_packages(prefix_path) discover
[0.293s] DEBUG:colcon.colcon_installed_package_information.package_discovery:Found 8 installed packages in /home/rizo/iros/install
[0.294s] DEBUG:colcon.colcon_installed_package_information.package_discovery:Found 314 installed packages in /opt/ros/humble
[0.295s] Level 1:colcon.colcon_core.package_discovery:discover_packages(prefix_path) using defaults
[0.344s] Level 5:colcon.colcon_core.verb:set package 'friend_msgs' build argument 'cmake_args' from command line to 'None'
[0.344s] Level 5:colcon.colcon_core.verb:set package 'friend_msgs' build argument 'cmake_target' from command line to 'None'
[0.344s] Level 5:colcon.colcon_core.verb:set package 'friend_msgs' build argument 'cmake_target_skip_unavailable' from command line to 'False'
[0.344s] Level 5:colcon.colcon_core.verb:set package 'friend_msgs' build argument 'cmake_clean_cache' from command line to 'False'
[0.344s] Level 5:colcon.colcon_core.verb:set package 'friend_msgs' build argument 'cmake_clean_first' from command line to 'False'
[0.344s] Level 5:colcon.colcon_core.verb:set package 'friend_msgs' build argument 'cmake_force_configure' from command line to 'False'
[0.344s] Level 5:colcon.colcon_core.verb:set package 'friend_msgs' build argument 'ament_cmake_args' from command line to 'None'
[0.344s] Level 5:colcon.colcon_core.verb:set package 'friend_msgs' build argument 'catkin_cmake_args' from command line to 'None'
[0.344s] Level 5:colcon.colcon_core.verb:set package 'friend_msgs' build argument 'catkin_skip_building_tests' from command line to 'False'
[0.344s] DEBUG:colcon.colcon_core.verb:Building package 'friend_msgs' with the following arguments: {'ament_cmake_args': None, 'build_base': '/home/rizo/ros2_intro/build/friend_msgs', 'catkin_cmake_args': None, 'catkin_skip_building_tests': False, 'cmake_args': None, 'cmake_clean_cache': False, 'cmake_clean_first': False, 'cmake_force_configure': False, 'cmake_target': None, 'cmake_target_skip_unavailable': False, 'install_base': '/home/rizo/ros2_intro/install/friend_msgs', 'merge_install': False, 'path': '/home/rizo/ros2_intro/friend_msgs', 'symlink_install': False, 'test_result_base': None}
[0.345s] Level 5:colcon.colcon_core.verb:set package 'homework1' build argument 'cmake_args' from command line to 'None'
[0.345s] Level 5:colcon.colcon_core.verb:set package 'homework1' build argument 'cmake_target' from command line to 'None'
[0.345s] Level 5:colcon.colcon_core.verb:set package 'homework1' build argument 'cmake_target_skip_unavailable' from command line to 'False'
[0.345s] Level 5:colcon.colcon_core.verb:set package 'homework1' build argument 'cmake_clean_cache' from command line to 'False'
[0.345s] Level 5:colcon.colcon_core.verb:set package 'homework1' build argument 'cmake_clean_first' from command line to 'False'
[0.345s] Level 5:colcon.colcon_core.verb:set package 'homework1' build argument 'cmake_force_configure' from command line to 'False'
[0.345s] Level 5:colcon.colcon_core.verb:set package 'homework1' build argument 'ament_cmake_args' from command line to 'None'
[0.345s] Level 5:colcon.colcon_core.verb:set package 'homework1' build argument 'catkin_cmake_args' from command line to 'None'
[0.345s] Level 5:colcon.colcon_core.verb:set package 'homework1' build argument 'catkin_skip_building_tests' from command line to 'False'
[0.345s] DEBUG:colcon.colcon_core.verb:Building package 'homework1' with the following arguments: {'ament_cmake_args': None, 'build_base': '/home/rizo/ros2_intro/build/homework1', 'catkin_cmake_args': None, 'catkin_skip_building_tests': False, 'cmake_args': None, 'cmake_clean_cache': False, 'cmake_clean_first': False, 'cmake_force_configure': False, 'cmake_target': None, 'cmake_target_skip_unavailable': False, 'install_base': '/home/rizo/ros2_intro/install/homework1', 'merge_install': False, 'path': '/home/rizo/ros2_intro/homework/homework1', 'symlink_install': False, 'test_result_base': None}
[0.346s] Level 5:colcon.colcon_core.verb:set package 'ros2_debug_logging' build argument 'cmake_args' from command line to 'None'
[0.346s] Level 5:colcon.colcon_core.verb:set package 'ros2_debug_logging' build argument 'cmake_target' from command line to 'None'
[0.346s] Level 5:colcon.colcon_core.verb:set package 'ros2_debug_logging' build argument 'cmake_target_skip_unavailable' from command line to 'False'
[0.346s] Level 5:colcon.colcon_core.verb:set package 'ros2_debug_logging' build argument 'cmake_clean_cache' from command line to 'False'
[0.346s] Level 5:colcon.colcon_core.verb:set package 'ros2_debug_logging' build argument 'cmake_clean_first' from command line to 'False'
[0.346s] Level 5:colcon.colcon_core.verb:set package 'ros2_debug_logging' build argument 'cmake_force_configure' from command line to 'False'
[0.346s] Level 5:colcon.colcon_core.verb:set package 'ros2_debug_logging' build argument 'ament_cmake_args' from command line to 'None'
[0.346s] Level 5:colcon.colcon_core.verb:set package 'ros2_debug_logging' build argument 'catkin_cmake_args' from command line to 'None'
[0.346s] Level 5:colcon.colcon_core.verb:set package 'ros2_debug_logging' build argument 'catkin_skip_building_tests' from command line to 'False'
[0.346s] DEBUG:colcon.colcon_core.verb:Building package 'ros2_debug_logging' with the following arguments: {'ament_cmake_args': None, 'build_base': '/home/rizo/ros2_intro/build/ros2_debug_logging', 'catkin_cmake_args': None, 'catkin_skip_building_tests': False, 'cmake_args': None, 'cmake_clean_cache': False, 'cmake_clean_first': False, 'cmake_force_configure': False, 'cmake_target': None, 'cmake_target_skip_unavailable': False, 'install_base': '/home/rizo/ros2_intro/install/ros2_debug_logging', 'merge_install': False, 'path': '/home/rizo/ros2_intro/ros2_debug_logging', 'symlink_install': False, 'test_result_base': None}
[0.347s] Level 5:colcon.colcon_core.verb:set package 'ros2_visualize' build argument 'cmake_args' from command line to 'None'
[0.347s] Level 5:colcon.colcon_core.verb:set package 'ros2_visualize' build argument 'cmake_target' from command line to 'None'
[0.347s] Level 5:colcon.colcon_core.verb:set package 'ros2_visualize' build argument 'cmake_target_skip_unavailable' from command line to 'False'
[0.347s] Level 5:colcon.colcon_core.verb:set package 'ros2_visualize' build argument 'cmake_clean_cache' from command line to 'False'
[0.347s] Level 5:colcon.colcon_core.verb:set package 'ros2_visualize' build argument 'cmake_clean_first' from command line to 'False'
[0.347s] Level 5:colcon.colcon_core.verb:set package 'ros2_visualize' build argument 'cmake_force_configure' from command line to 'False'
[0.347s] Level 5:colcon.colcon_core.verb:set package 'ros2_visualize' build argument 'ament_cmake_args' from command line to 'None'
[0.347s] Level 5:colcon.colcon_core.verb:set package 'ros2_visualize' build argument 'catkin_cmake_args' from command line to 'None'
[0.347s] Level 5:colcon.colcon_core.verb:set package 'ros2_visualize' build argument 'catkin_skip_building_tests' from command line to 'False'
[0.347s] DEBUG:colcon.colcon_core.verb:Building package 'ros2_visualize' with the following arguments: {'ament_cmake_args': None, 'build_base': '/home/rizo/ros2_intro/build/ros2_visualize', 'catkin_cmake_args': None, 'catkin_skip_building_tests': False, 'cmake_args': None, 'cmake_clean_cache': False, 'cmake_clean_first': False, 'cmake_force_configure': False, 'cmake_target': None, 'cmake_target_skip_unavailable': False, 'install_base': '/home/rizo/ros2_intro/install/ros2_visualize', 'merge_install': False, 'path': '/home/rizo/ros2_intro/ros2_visualize', 'symlink_install': False, 'test_result_base': None}
[0.348s] Level 5:colcon.colcon_core.verb:set package 'hello_world' build argument 'cmake_args' from command line to 'None'
[0.348s] Level 5:colcon.colcon_core.verb:set package 'hello_world' build argument 'cmake_target' from command line to 'None'
[0.348s] Level 5:colcon.colcon_core.verb:set package 'hello_world' build argument 'cmake_target_skip_unavailable' from command line to 'False'
[0.348s] Level 5:colcon.colcon_core.verb:set package 'hello_world' build argument 'cmake_clean_cache' from command line to 'False'
[0.348s] Level 5:colcon.colcon_core.verb:set package 'hello_world' build argument 'cmake_clean_first' from command line to 'False'
[0.348s] Level 5:colcon.colcon_core.verb:set package 'hello_world' build argument 'cmake_force_configure' from command line to 'False'
[0.348s] Level 5:colcon.colcon_core.verb:set package 'hello_world' build argument 'ament_cmake_args' from command line to 'None'
[0.348s] Level 5:colcon.colcon_core.verb:set package 'hello_world' build argument 'catkin_cmake_args' from command line to 'None'
[0.348s] Level 5:colcon.colcon_core.verb:set package 'hello_world' build argument 'catkin_skip_building_tests' from command line to 'False'
[0.348s] DEBUG:colcon.colcon_core.verb:Building package 'hello_world' with the following arguments: {'ament_cmake_args': None, 'build_base': '/home/rizo/ros2_intro/build/hello_world', 'catkin_cmake_args': None, 'catkin_skip_building_tests': False, 'cmake_args': None, 'cmake_clean_cache': False, 'cmake_clean_first': False, 'cmake_force_configure': False, 'cmake_target': None, 'cmake_target_skip_unavailable': False, 'install_base': '/home/rizo/ros2_intro/install/hello_world', 'merge_install': False, 'path': '/home/rizo/ros2_intro/hello_world', 'symlink_install': False, 'test_result_base': None}
[0.349s] Level 5:colcon.colcon_core.verb:set package 'ros2_composition' build argument 'cmake_args' from command line to 'None'
[0.349s] Level 5:colcon.colcon_core.verb:set package 'ros2_composition' build argument 'cmake_target' from command line to 'None'
[0.349s] Level 5:colcon.colcon_core.verb:set package 'ros2_composition' build argument 'cmake_target_skip_unavailable' from command line to 'False'
[0.349s] Level 5:colcon.colcon_core.verb:set package 'ros2_composition' build argument 'cmake_clean_cache' from command line to 'False'
[0.349s] Level 5:colcon.colcon_core.verb:set package 'ros2_composition' build argument 'cmake_clean_first' from command line to 'False'
[0.349s] Level 5:colcon.colcon_core.verb:set package 'ros2_composition' build argument 'cmake_force_configure' from command line to 'False'
[0.349s] Level 5:colcon.colcon_core.verb:set package 'ros2_composition' build argument 'ament_cmake_args' from command line to 'None'
[0.349s] Level 5:colcon.colcon_core.verb:set package 'ros2_composition' build argument 'catkin_cmake_args' from command line to 'None'
[0.349s] Level 5:colcon.colcon_core.verb:set package 'ros2_composition' build argument 'catkin_skip_building_tests' from command line to 'False'
[0.349s] DEBUG:colcon.colcon_core.verb:Building package 'ros2_composition' with the following arguments: {'ament_cmake_args': None, 'build_base': '/home/rizo/ros2_intro/build/ros2_composition', 'catkin_cmake_args': None, 'catkin_skip_building_tests': False, 'cmake_args': None, 'cmake_clean_cache': False, 'cmake_clean_first': False, 'cmake_force_configure': False, 'cmake_target': None, 'cmake_target_skip_unavailable': False, 'install_base': '/home/rizo/ros2_intro/install/ros2_composition', 'merge_install': False, 'path': '/home/rizo/ros2_intro/ros2_composition', 'symlink_install': False, 'test_result_base': None}
[0.349s] INFO:colcon.colcon_core.executor:Executing jobs using 'parallel' executor
[0.352s] DEBUG:colcon.colcon_parallel_executor.executor.parallel:run_until_complete
[0.352s] INFO:colcon.colcon_ros.task.ament_cmake.build:Building ROS package in '/home/rizo/ros2_intro/friend_msgs' with build type 'ament_cmake'
[0.352s] INFO:colcon.colcon_cmake.task.cmake.build:Building CMake package in '/home/rizo/ros2_intro/friend_msgs'
[0.356s] INFO:colcon.colcon_core.plugin_system:Skipping extension 'colcon_core.shell.bat': Not used on non-Windows systems
[0.356s] INFO:colcon.colcon_core.shell:Skip shell extension 'powershell' for command environment: Not usable outside of PowerShell
[0.356s] DEBUG:colcon.colcon_core.shell:Skip shell extension 'dsv' for command environment
[0.361s] INFO:colcon.colcon_ros.task.ament_cmake.build:Building ROS package in '/home/rizo/ros2_intro/homework/homework1' with build type 'ament_cmake'
[0.362s] INFO:colcon.colcon_cmake.task.cmake.build:Building CMake package in '/home/rizo/ros2_intro/homework/homework1'
[0.363s] INFO:colcon.colcon_core.shell:Skip shell extension 'powershell' for command environment: Not usable outside of PowerShell
[0.364s] DEBUG:colcon.colcon_core.shell:Skip shell extension 'dsv' for command environment
[0.368s] INFO:colcon.colcon_ros.task.ament_cmake.build:Building ROS package in '/home/rizo/ros2_intro/ros2_debug_logging' with build type 'ament_cmake'
[0.368s] INFO:colcon.colcon_cmake.task.cmake.build:Building CMake package in '/home/rizo/ros2_intro/ros2_debug_logging'
[0.370s] INFO:colcon.colcon_core.shell:Skip shell extension 'powershell' for command environment: Not usable outside of PowerShell
[0.370s] DEBUG:colcon.colcon_core.shell:Skip shell extension 'dsv' for command environment
[0.374s] INFO:colcon.colcon_ros.task.ament_cmake.build:Building ROS package in '/home/rizo/ros2_intro/ros2_visualize' with build type 'ament_cmake'
[0.374s] INFO:colcon.colcon_cmake.task.cmake.build:Building CMake package in '/home/rizo/ros2_intro/ros2_visualize'
[0.376s] INFO:colcon.colcon_core.shell:Skip shell extension 'powershell' for command environment: Not usable outside of PowerShell
[0.376s] DEBUG:colcon.colcon_core.shell:Skip shell extension 'dsv' for command environment
[0.385s] DEBUG:colcon.colcon_core.event_handler.log_command:Invoking command in '/home/rizo/ros2_intro/build/friend_msgs': CMAKE_PREFIX_PATH=${CMAKE_PREFIX_PATH}:/home/rizo/iros/install/hagen_robot_diff_drive:/home/rizo/iros/install/hagen_robot_controller:/opt/ros/humble /usr/bin/cmake /home/rizo/ros2_intro/friend_msgs -DCMAKE_INSTALL_PREFIX=/home/rizo/ros2_intro/install/friend_msgs
[0.389s] DEBUG:colcon.colcon_core.event_handler.log_command:Invoking command in '/home/rizo/ros2_intro/build/homework1': CMAKE_PREFIX_PATH=${CMAKE_PREFIX_PATH}:/home/rizo/iros/install/hagen_robot_diff_drive:/home/rizo/iros/install/hagen_robot_controller:/opt/ros/humble /usr/bin/cmake /home/rizo/ros2_intro/homework/homework1 -DCMAKE_INSTALL_PREFIX=/home/rizo/ros2_intro/install/homework1
[0.392s] DEBUG:colcon.colcon_core.event_handler.log_command:Invoking command in '/home/rizo/ros2_intro/build/ros2_debug_logging': CMAKE_PREFIX_PATH=${CMAKE_PREFIX_PATH}:/home/rizo/iros/install/hagen_robot_diff_drive:/home/rizo/iros/install/hagen_robot_controller:/opt/ros/humble /usr/bin/cmake /home/rizo/ros2_intro/ros2_debug_logging -DCMAKE_INSTALL_PREFIX=/home/rizo/ros2_intro/install/ros2_debug_logging
[0.395s] DEBUG:colcon.colcon_core.event_handler.log_command:Invoking command in '/home/rizo/ros2_intro/build/ros2_visualize': CMAKE_PREFIX_PATH=${CMAKE_PREFIX_PATH}:/home/rizo/iros/install/hagen_robot_diff_drive:/home/rizo/iros/install/hagen_robot_controller:/opt/ros/humble /usr/bin/cmake /home/rizo/ros2_intro/ros2_visualize -DCMAKE_INSTALL_PREFIX=/home/rizo/ros2_intro/install/ros2_visualize
[0.396s] DEBUG:colcon.colcon_core.event_handler.log_command:Invoked command in '/home/rizo/ros2_intro/build/friend_msgs' returned '1': CMAKE_PREFIX_PATH=${CMAKE_PREFIX_PATH}:/home/rizo/iros/install/hagen_robot_diff_drive:/home/rizo/iros/install/hagen_robot_controller:/opt/ros/humble /usr/bin/cmake /home/rizo/ros2_intro/friend_msgs -DCMAKE_INSTALL_PREFIX=/home/rizo/ros2_intro/install/friend_msgs
[0.397s] DEBUG:colcon.colcon_core.event_handler.log_command:Invoked command in '/home/rizo/ros2_intro/build/homework1' returned '1': CMAKE_PREFIX_PATH=${CMAKE_PREFIX_PATH}:/home/rizo/iros/install/hagen_robot_diff_drive:/home/rizo/iros/install/hagen_robot_controller:/opt/ros/humble /usr/bin/cmake /home/rizo/ros2_intro/homework/homework1 -DCMAKE_INSTALL_PREFIX=/home/rizo/ros2_intro/install/homework1
[0.403s] Level 1:colcon.colcon_core.environment:create_environment_scripts_only(friend_msgs)
[0.407s] Level 1:colcon.colcon_core.environment:checking '/home/rizo/ros2_intro/install/friend_msgs' for CMake module files
[0.408s] Level 1:colcon.colcon_core.environment:checking '/home/rizo/ros2_intro/install/friend_msgs' for CMake config files
[0.408s] Level 1:colcon.colcon_core.environment:checking '/home/rizo/ros2_intro/install/friend_msgs/bin'
[0.408s] Level 1:colcon.colcon_core.environment:checking '/home/rizo/ros2_intro/install/friend_msgs/lib/pkgconfig/friend_msgs.pc'
[0.408s] Level 1:colcon.colcon_core.environment:checking '/home/rizo/ros2_intro/install/friend_msgs/lib/python3.10/site-packages'
[0.408s] Level 1:colcon.colcon_core.environment:checking '/home/rizo/ros2_intro/install/friend_msgs/bin'
[0.410s] INFO:colcon.colcon_core.shell:Creating package script '/home/rizo/ros2_intro/install/friend_msgs/share/friend_msgs/package.ps1'
[0.410s] INFO:colcon.colcon_core.shell:Creating package descriptor '/home/rizo/ros2_intro/install/friend_msgs/share/friend_msgs/package.dsv'
[0.410s] INFO:colcon.colcon_core.shell:Creating package script '/home/rizo/ros2_intro/install/friend_msgs/share/friend_msgs/package.sh'
[0.411s] INFO:colcon.colcon_core.shell:Creating package script '/home/rizo/ros2_intro/install/friend_msgs/share/friend_msgs/package.bash'
[0.411s] INFO:colcon.colcon_core.shell:Creating package script '/home/rizo/ros2_intro/install/friend_msgs/share/friend_msgs/package.zsh'
[0.412s] Level 1:colcon.colcon_core.environment:create_file_with_runtime_dependencies(/home/rizo/ros2_intro/install/friend_msgs/share/colcon-core/packages/friend_msgs)
[2.680s] DEBUG:colcon.colcon_parallel_executor.executor.parallel:closing loop
[2.680s] DEBUG:colcon.colcon_parallel_executor.executor.parallel:loop closed
[2.680s] DEBUG:colcon.colcon_parallel_executor.executor.parallel:run_until_complete finished with '1'
[2.681s] DEBUG:colcon.colcon_core.event_reactor:joining thread
[2.687s] INFO:colcon.colcon_core.plugin_system:Skipping extension 'colcon_notification.desktop_notification.terminal_notifier': Not used on non-Darwin systems
[2.687s] INFO:colcon.colcon_core.plugin_system:Skipping extension 'colcon_notification.desktop_notification.win32': Not used on non-Windows systems
[2.687s] INFO:colcon.colcon_notification.desktop_notification:Sending desktop notification using 'notify2'
[2.705s] DEBUG:colcon.colcon_core.event_reactor:joined thread
[2.706s] INFO:colcon.colcon_core.shell:Creating prefix script '/home/rizo/ros2_intro/install/local_setup.ps1'
[2.707s] INFO:colcon.colcon_core.shell:Creating prefix util module '/home/rizo/ros2_intro/install/_local_setup_util_ps1.py'
[2.708s] INFO:colcon.colcon_core.shell:Creating prefix chain script '/home/rizo/ros2_intro/install/setup.ps1'
[2.710s] INFO:colcon.colcon_core.shell:Creating prefix script '/home/rizo/ros2_intro/install/local_setup.sh'
[2.711s] INFO:colcon.colcon_core.shell:Creating prefix util module '/home/rizo/ros2_intro/install/_local_setup_util_sh.py'
[2.711s] INFO:colcon.colcon_core.shell:Creating prefix chain script '/home/rizo/ros2_intro/install/setup.sh'
[2.713s] INFO:colcon.colcon_core.shell:Creating prefix script '/home/rizo/ros2_intro/install/local_setup.bash'
[2.713s] INFO:colcon.colcon_core.shell:Creating prefix chain script '/home/rizo/ros2_intro/install/setup.bash'
[2.714s] INFO:colcon.colcon_core.shell:Creating prefix script '/home/rizo/ros2_intro/install/local_setup.zsh'
[2.715s] INFO:colcon.colcon_core.shell:Creating prefix chain script '/home/rizo/ros2_intro/install/setup.zsh'
