[35m[1mConsolidate compiler generated dependencies of target friend_msgs__rosidl_generator_c[0m
[  1%] Built target friend_msgs__cpp
[ 12%] Built target friend_msgs__rosidl_generator_c
[ 12%] Built target ament_cmake_python_copy_friend_msgs
[35m[1mConsolidate compiler generated dependencies of target friend_msgs__rosidl_typesupport_fastrtps_cpp[0m
[35m[1mConsolidate compiler generated dependencies of target friend_msgs__rosidl_typesupport_introspection_cpp[0m
[35m[1mConsolidate compiler generated dependencies of target friend_msgs__rosidl_typesupport_c[0m
[35m[1mConsolidate compiler generated dependencies of target friend_msgs__rosidl_typesupport_cpp[0m
[35m[1mConsolidate compiler generated dependencies of target friend_msgs__rosidl_typesupport_introspection_c[0m
[35m[1mConsolidate compiler generated dependencies of target friend_msgs__rosidl_typesupport_fastrtps_c[0m
[ 45%] Built target friend_msgs__rosidl_typesupport_c
[ 45%] Built target friend_msgs__rosidl_typesupport_introspection_cpp
[ 45%] Built target friend_msgs__rosidl_typesupport_fastrtps_cpp
[ 58%] Built target friend_msgs__rosidl_typesupport_introspection_c
[ 67%] Built target friend_msgs__rosidl_typesupport_cpp
[ 78%] Built target friend_msgs__rosidl_typesupport_fastrtps_c
[ 78%] Built target friend_msgs
[ 80%] Built target friend_msgs__py
[35m[1mConsolidate compiler generated dependencies of target friend_msgs__rosidl_generator_py[0m
[ 89%] Built target friend_msgs__rosidl_generator_py
[35m[1mConsolidate compiler generated dependencies of target friend_msgs__rosidl_typesupport_c__pyext[0m
[35m[1mConsolidate compiler generated dependencies of target friend_msgs__rosidl_typesupport_introspection_c__pyext[0m
[35m[1mConsolidate compiler generated dependencies of target friend_msgs__rosidl_typesupport_fastrtps_c__pyext[0m
[ 98%] Built target friend_msgs__rosidl_typesupport_fastrtps_c__pyext
[ 98%] Built target friend_msgs__rosidl_typesupport_c__pyext
[100%] Built target friend_msgs__rosidl_typesupport_introspection_c__pyext
running egg_info
writing friend_msgs.egg-info/PKG-INFO
writing dependency_links to friend_msgs.egg-info/dependency_links.txt
writing top-level names to friend_msgs.egg-info/top_level.txt
reading manifest file 'friend_msgs.egg-info/SOURCES.txt'
writing manifest file 'friend_msgs.egg-info/SOURCES.txt'
[100%] Built target ament_cmake_python_build_friend_msgs_egg
-- Install configuration: ""
-- Up-to-date: /home/rizo/ros2_intro/install/friend_msgs/share/ament_index/resource_index/rosidl_interfaces/friend_msgs
-- Up-to-date: /home/rizo/ros2_intro/install/friend_msgs/include/friend_msgs/friend_msgs
-- Up-to-date: /home/rizo/ros2_intro/install/friend_msgs/include/friend_msgs/friend_msgs/srv
-- Up-to-date: /home/rizo/ros2_intro/install/friend_msgs/include/friend_msgs/friend_msgs/srv/set_speed.h
-- Up-to-date: /home/rizo/ros2_intro/install/friend_msgs/include/friend_msgs/friend_msgs/srv/detail
-- Up-to-date: /home/rizo/ros2_intro/install/friend_msgs/include/friend_msgs/friend_msgs/srv/detail/set_speed__functions.c
-- Up-to-date: /home/rizo/ros2_intro/install/friend_msgs/include/friend_msgs/friend_msgs/srv/detail/set_speed__functions.h
-- Up-to-date: /home/rizo/ros2_intro/install/friend_msgs/include/friend_msgs/friend_msgs/srv/detail/set_speed__type_support.h
-- Up-to-date: /home/rizo/ros2_intro/install/friend_msgs/include/friend_msgs/friend_msgs/srv/detail/set_speed__struct.h
-- Up-to-date: /home/rizo/ros2_intro/install/friend_msgs/include/friend_msgs/friend_msgs/srv/detail/friend_info_service__functions.h
-- Up-to-date: /home/rizo/ros2_intro/install/friend_msgs/include/friend_msgs/friend_msgs/srv/detail/friend_info_service__struct.h
-- Up-to-date: /home/rizo/ros2_intro/install/friend_msgs/include/friend_msgs/friend_msgs/srv/detail/friend_info_service__functions.c
-- Up-to-date: /home/rizo/ros2_intro/install/friend_msgs/include/friend_msgs/friend_msgs/srv/detail/friend_info_service__type_support.h
-- Up-to-date: /home/rizo/ros2_intro/install/friend_msgs/include/friend_msgs/friend_msgs/srv/friend_info_service.h
-- Up-to-date: /home/rizo/ros2_intro/install/friend_msgs/include/friend_msgs/friend_msgs/msg
-- Up-to-date: /home/rizo/ros2_intro/install/friend_msgs/include/friend_msgs/friend_msgs/msg/r2_d2.h
-- Up-to-date: /home/rizo/ros2_intro/install/friend_msgs/include/friend_msgs/friend_msgs/msg/detail
-- Up-to-date: /home/rizo/ros2_intro/install/friend_msgs/include/friend_msgs/friend_msgs/msg/detail/r2_d2__struct.h
-- Up-to-date: /home/rizo/ros2_intro/install/friend_msgs/include/friend_msgs/friend_msgs/msg/detail/r2_d2__functions.c
-- Up-to-date: /home/rizo/ros2_intro/install/friend_msgs/include/friend_msgs/friend_msgs/msg/detail/friend_info__functions.c
-- Up-to-date: /home/rizo/ros2_intro/install/friend_msgs/include/friend_msgs/friend_msgs/msg/detail/r2_d2__type_support.h
-- Up-to-date: /home/rizo/ros2_intro/install/friend_msgs/include/friend_msgs/friend_msgs/msg/detail/r2_d2__functions.h
-- Up-to-date: /home/rizo/ros2_intro/install/friend_msgs/include/friend_msgs/friend_msgs/msg/detail/friend_info__functions.h
-- Up-to-date: /home/rizo/ros2_intro/install/friend_msgs/include/friend_msgs/friend_msgs/msg/detail/friend_info__type_support.h
-- Up-to-date: /home/rizo/ros2_intro/install/friend_msgs/include/friend_msgs/friend_msgs/msg/detail/friend_info__struct.h
-- Up-to-date: /home/rizo/ros2_intro/install/friend_msgs/include/friend_msgs/friend_msgs/msg/friend_info.h
-- Up-to-date: /home/rizo/ros2_intro/install/friend_msgs/include/friend_msgs/friend_msgs/msg/rosidl_generator_c__visibility_control.h
-- Up-to-date: /home/rizo/ros2_intro/install/friend_msgs/share/friend_msgs/environment/library_path.sh
-- Up-to-date: /home/rizo/ros2_intro/install/friend_msgs/share/friend_msgs/environment/library_path.dsv
-- Up-to-date: /home/rizo/ros2_intro/install/friend_msgs/lib/libfriend_msgs__rosidl_generator_c.so
-- Up-to-date: /home/rizo/ros2_intro/install/friend_msgs/include/friend_msgs/friend_msgs
-- Up-to-date: /home/rizo/ros2_intro/install/friend_msgs/include/friend_msgs/friend_msgs/srv
-- Up-to-date: /home/rizo/ros2_intro/install/friend_msgs/include/friend_msgs/friend_msgs/srv/detail
-- Up-to-date: /home/rizo/ros2_intro/install/friend_msgs/include/friend_msgs/friend_msgs/srv/detail/set_speed__rosidl_typesupport_fastrtps_c.h
-- Up-to-date: /home/rizo/ros2_intro/install/friend_msgs/include/friend_msgs/friend_msgs/srv/detail/friend_info_service__rosidl_typesupport_fastrtps_c.h
-- Up-to-date: /home/rizo/ros2_intro/install/friend_msgs/include/friend_msgs/friend_msgs/msg
-- Up-to-date: /home/rizo/ros2_intro/install/friend_msgs/include/friend_msgs/friend_msgs/msg/detail
-- Up-to-date: /home/rizo/ros2_intro/install/friend_msgs/include/friend_msgs/friend_msgs/msg/detail/friend_info__rosidl_typesupport_fastrtps_c.h
-- Up-to-date: /home/rizo/ros2_intro/install/friend_msgs/include/friend_msgs/friend_msgs/msg/detail/r2_d2__rosidl_typesupport_fastrtps_c.h
-- Up-to-date: /home/rizo/ros2_intro/install/friend_msgs/include/friend_msgs/friend_msgs/msg/rosidl_typesupport_fastrtps_c__visibility_control.h
-- Up-to-date: /home/rizo/ros2_intro/install/friend_msgs/lib/libfriend_msgs__rosidl_typesupport_fastrtps_c.so
-- Up-to-date: /home/rizo/ros2_intro/install/friend_msgs/include/friend_msgs/friend_msgs
-- Up-to-date: /home/rizo/ros2_intro/install/friend_msgs/include/friend_msgs/friend_msgs/srv
-- Up-to-date: /home/rizo/ros2_intro/install/friend_msgs/include/friend_msgs/friend_msgs/srv/detail
-- Up-to-date: /home/rizo/ros2_intro/install/friend_msgs/include/friend_msgs/friend_msgs/srv/detail/friend_info_service__traits.hpp
-- Up-to-date: /home/rizo/ros2_intro/install/friend_msgs/include/friend_msgs/friend_msgs/srv/detail/friend_info_service__builder.hpp
-- Up-to-date: /home/rizo/ros2_intro/install/friend_msgs/include/friend_msgs/friend_msgs/srv/detail/set_speed__builder.hpp
-- Up-to-date: /home/rizo/ros2_intro/install/friend_msgs/include/friend_msgs/friend_msgs/srv/detail/friend_info_service__struct.hpp
-- Up-to-date: /home/rizo/ros2_intro/install/friend_msgs/include/friend_msgs/friend_msgs/srv/detail/set_speed__struct.hpp
-- Up-to-date: /home/rizo/ros2_intro/install/friend_msgs/include/friend_msgs/friend_msgs/srv/detail/set_speed__traits.hpp
-- Up-to-date: /home/rizo/ros2_intro/install/friend_msgs/include/friend_msgs/friend_msgs/srv/friend_info_service.hpp
-- Up-to-date: /home/rizo/ros2_intro/install/friend_msgs/include/friend_msgs/friend_msgs/srv/set_speed.hpp
-- Up-to-date: /home/rizo/ros2_intro/install/friend_msgs/include/friend_msgs/friend_msgs/msg
-- Up-to-date: /home/rizo/ros2_intro/install/friend_msgs/include/friend_msgs/friend_msgs/msg/detail
-- Up-to-date: /home/rizo/ros2_intro/install/friend_msgs/include/friend_msgs/friend_msgs/msg/detail/r2_d2__traits.hpp
-- Up-to-date: /home/rizo/ros2_intro/install/friend_msgs/include/friend_msgs/friend_msgs/msg/detail/friend_info__struct.hpp
-- Up-to-date: /home/rizo/ros2_intro/install/friend_msgs/include/friend_msgs/friend_msgs/msg/detail/friend_info__traits.hpp
-- Up-to-date: /home/rizo/ros2_intro/install/friend_msgs/include/friend_msgs/friend_msgs/msg/detail/friend_info__builder.hpp
-- Up-to-date: /home/rizo/ros2_intro/install/friend_msgs/include/friend_msgs/friend_msgs/msg/detail/r2_d2__builder.hpp
-- Up-to-date: /home/rizo/ros2_intro/install/friend_msgs/include/friend_msgs/friend_msgs/msg/detail/r2_d2__struct.hpp
-- Up-to-date: /home/rizo/ros2_intro/install/friend_msgs/include/friend_msgs/friend_msgs/msg/friend_info.hpp
-- Up-to-date: /home/rizo/ros2_intro/install/friend_msgs/include/friend_msgs/friend_msgs/msg/r2_d2.hpp
-- Up-to-date: /home/rizo/ros2_intro/install/friend_msgs/include/friend_msgs/friend_msgs
-- Up-to-date: /home/rizo/ros2_intro/install/friend_msgs/include/friend_msgs/friend_msgs/srv
-- Up-to-date: /home/rizo/ros2_intro/install/friend_msgs/include/friend_msgs/friend_msgs/srv/detail
-- Up-to-date: /home/rizo/ros2_intro/install/friend_msgs/include/friend_msgs/friend_msgs/srv/detail/set_speed__rosidl_typesupport_fastrtps_cpp.hpp
-- Up-to-date: /home/rizo/ros2_intro/install/friend_msgs/include/friend_msgs/friend_msgs/srv/detail/friend_info_service__rosidl_typesupport_fastrtps_cpp.hpp
-- Up-to-date: /home/rizo/ros2_intro/install/friend_msgs/include/friend_msgs/friend_msgs/srv/detail/dds_fastrtps
-- Up-to-date: /home/rizo/ros2_intro/install/friend_msgs/include/friend_msgs/friend_msgs/msg
-- Up-to-date: /home/rizo/ros2_intro/install/friend_msgs/include/friend_msgs/friend_msgs/msg/rosidl_typesupport_fastrtps_cpp__visibility_control.h
-- Up-to-date: /home/rizo/ros2_intro/install/friend_msgs/include/friend_msgs/friend_msgs/msg/detail
-- Up-to-date: /home/rizo/ros2_intro/install/friend_msgs/include/friend_msgs/friend_msgs/msg/detail/r2_d2__rosidl_typesupport_fastrtps_cpp.hpp
-- Up-to-date: /home/rizo/ros2_intro/install/friend_msgs/include/friend_msgs/friend_msgs/msg/detail/dds_fastrtps
-- Up-to-date: /home/rizo/ros2_intro/install/friend_msgs/include/friend_msgs/friend_msgs/msg/detail/friend_info__rosidl_typesupport_fastrtps_cpp.hpp
-- Up-to-date: /home/rizo/ros2_intro/install/friend_msgs/lib/libfriend_msgs__rosidl_typesupport_fastrtps_cpp.so
-- Up-to-date: /home/rizo/ros2_intro/install/friend_msgs/include/friend_msgs/friend_msgs
-- Up-to-date: /home/rizo/ros2_intro/install/friend_msgs/include/friend_msgs/friend_msgs/srv
-- Up-to-date: /home/rizo/ros2_intro/install/friend_msgs/include/friend_msgs/friend_msgs/srv/detail
-- Up-to-date: /home/rizo/ros2_intro/install/friend_msgs/include/friend_msgs/friend_msgs/srv/detail/set_speed__type_support.c
-- Up-to-date: /home/rizo/ros2_intro/install/friend_msgs/include/friend_msgs/friend_msgs/srv/detail/friend_info_service__rosidl_typesupport_introspection_c.h
-- Up-to-date: /home/rizo/ros2_intro/install/friend_msgs/include/friend_msgs/friend_msgs/srv/detail/friend_info_service__type_support.c
-- Up-to-date: /home/rizo/ros2_intro/install/friend_msgs/include/friend_msgs/friend_msgs/srv/detail/set_speed__rosidl_typesupport_introspection_c.h
-- Up-to-date: /home/rizo/ros2_intro/install/friend_msgs/include/friend_msgs/friend_msgs/msg
-- Up-to-date: /home/rizo/ros2_intro/install/friend_msgs/include/friend_msgs/friend_msgs/msg/detail
-- Up-to-date: /home/rizo/ros2_intro/install/friend_msgs/include/friend_msgs/friend_msgs/msg/detail/r2_d2__rosidl_typesupport_introspection_c.h
-- Up-to-date: /home/rizo/ros2_intro/install/friend_msgs/include/friend_msgs/friend_msgs/msg/detail/friend_info__rosidl_typesupport_introspection_c.h
-- Up-to-date: /home/rizo/ros2_intro/install/friend_msgs/include/friend_msgs/friend_msgs/msg/detail/friend_info__type_support.c
-- Up-to-date: /home/rizo/ros2_intro/install/friend_msgs/include/friend_msgs/friend_msgs/msg/detail/r2_d2__type_support.c
-- Up-to-date: /home/rizo/ros2_intro/install/friend_msgs/include/friend_msgs/friend_msgs/msg/rosidl_typesupport_introspection_c__visibility_control.h
-- Up-to-date: /home/rizo/ros2_intro/install/friend_msgs/lib/libfriend_msgs__rosidl_typesupport_introspection_c.so
-- Up-to-date: /home/rizo/ros2_intro/install/friend_msgs/lib/libfriend_msgs__rosidl_typesupport_c.so
-- Up-to-date: /home/rizo/ros2_intro/install/friend_msgs/include/friend_msgs/friend_msgs
-- Up-to-date: /home/rizo/ros2_intro/install/friend_msgs/include/friend_msgs/friend_msgs/srv
-- Up-to-date: /home/rizo/ros2_intro/install/friend_msgs/include/friend_msgs/friend_msgs/srv/detail
-- Up-to-date: /home/rizo/ros2_intro/install/friend_msgs/include/friend_msgs/friend_msgs/srv/detail/set_speed__type_support.cpp
-- Up-to-date: /home/rizo/ros2_intro/install/friend_msgs/include/friend_msgs/friend_msgs/srv/detail/friend_info_service__type_support.cpp
-- Up-to-date: /home/rizo/ros2_intro/install/friend_msgs/include/friend_msgs/friend_msgs/srv/detail/friend_info_service__rosidl_typesupport_introspection_cpp.hpp
-- Up-to-date: /home/rizo/ros2_intro/install/friend_msgs/include/friend_msgs/friend_msgs/srv/detail/set_speed__rosidl_typesupport_introspection_cpp.hpp
-- Up-to-date: /home/rizo/ros2_intro/install/friend_msgs/include/friend_msgs/friend_msgs/msg
-- Up-to-date: /home/rizo/ros2_intro/install/friend_msgs/include/friend_msgs/friend_msgs/msg/detail
-- Up-to-date: /home/rizo/ros2_intro/install/friend_msgs/include/friend_msgs/friend_msgs/msg/detail/friend_info__type_support.cpp
-- Up-to-date: /home/rizo/ros2_intro/install/friend_msgs/include/friend_msgs/friend_msgs/msg/detail/r2_d2__type_support.cpp
-- Up-to-date: /home/rizo/ros2_intro/install/friend_msgs/include/friend_msgs/friend_msgs/msg/detail/r2_d2__rosidl_typesupport_introspection_cpp.hpp
-- Up-to-date: /home/rizo/ros2_intro/install/friend_msgs/include/friend_msgs/friend_msgs/msg/detail/friend_info__rosidl_typesupport_introspection_cpp.hpp
-- Up-to-date: /home/rizo/ros2_intro/install/friend_msgs/lib/libfriend_msgs__rosidl_typesupport_introspection_cpp.so
-- Up-to-date: /home/rizo/ros2_intro/install/friend_msgs/lib/libfriend_msgs__rosidl_typesupport_cpp.so
-- Up-to-date: /home/rizo/ros2_intro/install/friend_msgs/share/friend_msgs/environment/pythonpath.sh
-- Up-to-date: /home/rizo/ros2_intro/install/friend_msgs/share/friend_msgs/environment/pythonpath.dsv
-- Up-to-date: /home/rizo/ros2_intro/install/friend_msgs/local/lib/python3.10/dist-packages/friend_msgs-0.2.0-py3.10.egg-info
-- Installing: /home/rizo/ros2_intro/install/friend_msgs/local/lib/python3.10/dist-packages/friend_msgs-0.2.0-py3.10.egg-info/SOURCES.txt
-- Installing: /home/rizo/ros2_intro/install/friend_msgs/local/lib/python3.10/dist-packages/friend_msgs-0.2.0-py3.10.egg-info/PKG-INFO
-- Installing: /home/rizo/ros2_intro/install/friend_msgs/local/lib/python3.10/dist-packages/friend_msgs-0.2.0-py3.10.egg-info/top_level.txt
-- Installing: /home/rizo/ros2_intro/install/friend_msgs/local/lib/python3.10/dist-packages/friend_msgs-0.2.0-py3.10.egg-info/dependency_links.txt
-- Up-to-date: /home/rizo/ros2_intro/install/friend_msgs/local/lib/python3.10/dist-packages/friend_msgs
-- Up-to-date: /home/rizo/ros2_intro/install/friend_msgs/local/lib/python3.10/dist-packages/friend_msgs/_friend_msgs_s.ep.rosidl_typesupport_c.c
-- Up-to-date: /home/rizo/ros2_intro/install/friend_msgs/local/lib/python3.10/dist-packages/friend_msgs/_friend_msgs_s.ep.rosidl_typesupport_introspection_c.c
-- Up-to-date: /home/rizo/ros2_intro/install/friend_msgs/local/lib/python3.10/dist-packages/friend_msgs/__init__.py
-- Up-to-date: /home/rizo/ros2_intro/install/friend_msgs/local/lib/python3.10/dist-packages/friend_msgs/srv
-- Up-to-date: /home/rizo/ros2_intro/install/friend_msgs/local/lib/python3.10/dist-packages/friend_msgs/srv/_set_speed.py
-- Up-to-date: /home/rizo/ros2_intro/install/friend_msgs/local/lib/python3.10/dist-packages/friend_msgs/srv/__init__.py
-- Up-to-date: /home/rizo/ros2_intro/install/friend_msgs/local/lib/python3.10/dist-packages/friend_msgs/srv/_friend_info_service_s.c
-- Up-to-date: /home/rizo/ros2_intro/install/friend_msgs/local/lib/python3.10/dist-packages/friend_msgs/srv/_friend_info_service.py
-- Up-to-date: /home/rizo/ros2_intro/install/friend_msgs/local/lib/python3.10/dist-packages/friend_msgs/srv/_set_speed_s.c
-- Up-to-date: /home/rizo/ros2_intro/install/friend_msgs/local/lib/python3.10/dist-packages/friend_msgs/msg
-- Up-to-date: /home/rizo/ros2_intro/install/friend_msgs/local/lib/python3.10/dist-packages/friend_msgs/msg/_friend_info.py
-- Up-to-date: /home/rizo/ros2_intro/install/friend_msgs/local/lib/python3.10/dist-packages/friend_msgs/msg/_friend_info_s.c
-- Up-to-date: /home/rizo/ros2_intro/install/friend_msgs/local/lib/python3.10/dist-packages/friend_msgs/msg/__init__.py
-- Up-to-date: /home/rizo/ros2_intro/install/friend_msgs/local/lib/python3.10/dist-packages/friend_msgs/msg/_r2_d2_s.c
-- Up-to-date: /home/rizo/ros2_intro/install/friend_msgs/local/lib/python3.10/dist-packages/friend_msgs/msg/_r2_d2.py
-- Up-to-date: /home/rizo/ros2_intro/install/friend_msgs/local/lib/python3.10/dist-packages/friend_msgs/_friend_msgs_s.ep.rosidl_typesupport_fastrtps_c.c
-- Up-to-date: /home/rizo/ros2_intro/install/friend_msgs/local/lib/python3.10/dist-packages/friend_msgs/libfriend_msgs__rosidl_generator_py.so
-- Up-to-date: /home/rizo/ros2_intro/install/friend_msgs/local/lib/python3.10/dist-packages/friend_msgs/friend_msgs_s__rosidl_typesupport_introspection_c.cpython-310-x86_64-linux-gnu.so
-- Up-to-date: /home/rizo/ros2_intro/install/friend_msgs/local/lib/python3.10/dist-packages/friend_msgs/friend_msgs_s__rosidl_typesupport_c.cpython-310-x86_64-linux-gnu.so
-- Up-to-date: /home/rizo/ros2_intro/install/friend_msgs/local/lib/python3.10/dist-packages/friend_msgs/friend_msgs_s__rosidl_typesupport_fastrtps_c.cpython-310-x86_64-linux-gnu.so
Listing '/home/rizo/ros2_intro/install/friend_msgs/local/lib/python3.10/dist-packages/friend_msgs'...
Listing '/home/rizo/ros2_intro/install/friend_msgs/local/lib/python3.10/dist-packages/friend_msgs/msg'...
Listing '/home/rizo/ros2_intro/install/friend_msgs/local/lib/python3.10/dist-packages/friend_msgs/srv'...
-- Up-to-date: /home/rizo/ros2_intro/install/friend_msgs/local/lib/python3.10/dist-packages/friend_msgs/friend_msgs_s__rosidl_typesupport_fastrtps_c.cpython-310-x86_64-linux-gnu.so
-- Up-to-date: /home/rizo/ros2_intro/install/friend_msgs/local/lib/python3.10/dist-packages/friend_msgs/friend_msgs_s__rosidl_typesupport_introspection_c.cpython-310-x86_64-linux-gnu.so
-- Up-to-date: /home/rizo/ros2_intro/install/friend_msgs/local/lib/python3.10/dist-packages/friend_msgs/friend_msgs_s__rosidl_typesupport_c.cpython-310-x86_64-linux-gnu.so
-- Up-to-date: /home/rizo/ros2_intro/install/friend_msgs/lib/libfriend_msgs__rosidl_generator_py.so
-- Up-to-date: /home/rizo/ros2_intro/install/friend_msgs/share/friend_msgs/msg/FriendInfo.idl
-- Up-to-date: /home/rizo/ros2_intro/install/friend_msgs/share/friend_msgs/msg/R2D2.idl
-- Up-to-date: /home/rizo/ros2_intro/install/friend_msgs/share/friend_msgs/srv/FriendInfoService.idl
-- Up-to-date: /home/rizo/ros2_intro/install/friend_msgs/share/friend_msgs/srv/SetSpeed.idl
-- Up-to-date: /home/rizo/ros2_intro/install/friend_msgs/share/friend_msgs/msg/FriendInfo.msg
-- Up-to-date: /home/rizo/ros2_intro/install/friend_msgs/share/friend_msgs/msg/R2D2.msg
-- Up-to-date: /home/rizo/ros2_intro/install/friend_msgs/share/friend_msgs/srv/FriendInfoService.srv
-- Up-to-date: /home/rizo/ros2_intro/install/friend_msgs/share/friend_msgs/srv/FriendInfoService_Request.msg
-- Up-to-date: /home/rizo/ros2_intro/install/friend_msgs/share/friend_msgs/srv/FriendInfoService_Response.msg
-- Up-to-date: /home/rizo/ros2_intro/install/friend_msgs/share/friend_msgs/srv/SetSpeed.srv
-- Up-to-date: /home/rizo/ros2_intro/install/friend_msgs/share/friend_msgs/srv/SetSpeed_Request.msg
-- Up-to-date: /home/rizo/ros2_intro/install/friend_msgs/share/friend_msgs/srv/SetSpeed_Response.msg
-- Up-to-date: /home/rizo/ros2_intro/install/friend_msgs/share/ament_index/resource_index/package_run_dependencies/friend_msgs
-- Up-to-date: /home/rizo/ros2_intro/install/friend_msgs/share/ament_index/resource_index/parent_prefix_path/friend_msgs
-- Up-to-date: /home/rizo/ros2_intro/install/friend_msgs/share/friend_msgs/environment/ament_prefix_path.sh
-- Up-to-date: /home/rizo/ros2_intro/install/friend_msgs/share/friend_msgs/environment/ament_prefix_path.dsv
-- Up-to-date: /home/rizo/ros2_intro/install/friend_msgs/share/friend_msgs/environment/path.sh
-- Up-to-date: /home/rizo/ros2_intro/install/friend_msgs/share/friend_msgs/environment/path.dsv
-- Up-to-date: /home/rizo/ros2_intro/install/friend_msgs/share/friend_msgs/local_setup.bash
-- Up-to-date: /home/rizo/ros2_intro/install/friend_msgs/share/friend_msgs/local_setup.sh
-- Up-to-date: /home/rizo/ros2_intro/install/friend_msgs/share/friend_msgs/local_setup.zsh
-- Up-to-date: /home/rizo/ros2_intro/install/friend_msgs/share/friend_msgs/local_setup.dsv
-- Installing: /home/rizo/ros2_intro/install/friend_msgs/share/friend_msgs/package.dsv
-- Up-to-date: /home/rizo/ros2_intro/install/friend_msgs/share/ament_index/resource_index/packages/friend_msgs
-- Up-to-date: /home/rizo/ros2_intro/install/friend_msgs/share/friend_msgs/cmake/export_friend_msgs__rosidl_generator_cExport.cmake
-- Up-to-date: /home/rizo/ros2_intro/install/friend_msgs/share/friend_msgs/cmake/export_friend_msgs__rosidl_generator_cExport-noconfig.cmake
-- Up-to-date: /home/rizo/ros2_intro/install/friend_msgs/share/friend_msgs/cmake/export_friend_msgs__rosidl_typesupport_fastrtps_cExport.cmake
-- Up-to-date: /home/rizo/ros2_intro/install/friend_msgs/share/friend_msgs/cmake/export_friend_msgs__rosidl_typesupport_fastrtps_cExport-noconfig.cmake
-- Up-to-date: /home/rizo/ros2_intro/install/friend_msgs/share/friend_msgs/cmake/export_friend_msgs__rosidl_generator_cppExport.cmake
-- Up-to-date: /home/rizo/ros2_intro/install/friend_msgs/share/friend_msgs/cmake/export_friend_msgs__rosidl_typesupport_fastrtps_cppExport.cmake
-- Up-to-date: /home/rizo/ros2_intro/install/friend_msgs/share/friend_msgs/cmake/export_friend_msgs__rosidl_typesupport_fastrtps_cppExport-noconfig.cmake
-- Up-to-date: /home/rizo/ros2_intro/install/friend_msgs/share/friend_msgs/cmake/friend_msgs__rosidl_typesupport_introspection_cExport.cmake
-- Up-to-date: /home/rizo/ros2_intro/install/friend_msgs/share/friend_msgs/cmake/friend_msgs__rosidl_typesupport_introspection_cExport-noconfig.cmake
-- Up-to-date: /home/rizo/ros2_intro/install/friend_msgs/share/friend_msgs/cmake/friend_msgs__rosidl_typesupport_cExport.cmake
-- Up-to-date: /home/rizo/ros2_intro/install/friend_msgs/share/friend_msgs/cmake/friend_msgs__rosidl_typesupport_cExport-noconfig.cmake
-- Up-to-date: /home/rizo/ros2_intro/install/friend_msgs/share/friend_msgs/cmake/friend_msgs__rosidl_typesupport_introspection_cppExport.cmake
-- Up-to-date: /home/rizo/ros2_intro/install/friend_msgs/share/friend_msgs/cmake/friend_msgs__rosidl_typesupport_introspection_cppExport-noconfig.cmake
-- Up-to-date: /home/rizo/ros2_intro/install/friend_msgs/share/friend_msgs/cmake/friend_msgs__rosidl_typesupport_cppExport.cmake
-- Up-to-date: /home/rizo/ros2_intro/install/friend_msgs/share/friend_msgs/cmake/friend_msgs__rosidl_typesupport_cppExport-noconfig.cmake
-- Up-to-date: /home/rizo/ros2_intro/install/friend_msgs/share/friend_msgs/cmake/export_friend_msgs__rosidl_generator_pyExport.cmake
-- Up-to-date: /home/rizo/ros2_intro/install/friend_msgs/share/friend_msgs/cmake/export_friend_msgs__rosidl_generator_pyExport-noconfig.cmake
-- Up-to-date: /home/rizo/ros2_intro/install/friend_msgs/share/friend_msgs/cmake/rosidl_cmake-extras.cmake
-- Up-to-date: /home/rizo/ros2_intro/install/friend_msgs/share/friend_msgs/cmake/ament_cmake_export_dependencies-extras.cmake
-- Up-to-date: /home/rizo/ros2_intro/install/friend_msgs/share/friend_msgs/cmake/ament_cmake_export_include_directories-extras.cmake
-- Up-to-date: /home/rizo/ros2_intro/install/friend_msgs/share/friend_msgs/cmake/ament_cmake_export_libraries-extras.cmake
-- Up-to-date: /home/rizo/ros2_intro/install/friend_msgs/share/friend_msgs/cmake/ament_cmake_export_targets-extras.cmake
-- Up-to-date: /home/rizo/ros2_intro/install/friend_msgs/share/friend_msgs/cmake/rosidl_cmake_export_typesupport_targets-extras.cmake
-- Up-to-date: /home/rizo/ros2_intro/install/friend_msgs/share/friend_msgs/cmake/rosidl_cmake_export_typesupport_libraries-extras.cmake
-- Up-to-date: /home/rizo/ros2_intro/install/friend_msgs/share/friend_msgs/cmake/friend_msgsConfig.cmake
-- Up-to-date: /home/rizo/ros2_intro/install/friend_msgs/share/friend_msgs/cmake/friend_msgsConfig-version.cmake
-- Up-to-date: /home/rizo/ros2_intro/install/friend_msgs/share/friend_msgs/package.xml
