[35m[1mConsolidate compiler generated dependencies of target buggy__rosidl_generator_c[0m
[  2%] Built target buggy__cpp
[ 11%] Built target buggy__rosidl_generator_c
[ 11%] Built target ament_cmake_python_copy_buggy
[35m[1mConsolidate compiler generated dependencies of target buggy__rosidl_typesupport_c[0m
[35m[1mConsolidate compiler generated dependencies of target buggy__rosidl_typesupport_cpp[0m
[35m[1mConsolidate compiler generated dependencies of target buggy__rosidl_typesupport_introspection_cpp[0m
[35m[1mConsolidate compiler generated dependencies of target buggy__rosidl_typesupport_introspection_c[0m
[35m[1mConsolidate compiler generated dependencies of target buggy__rosidl_typesupport_fastrtps_cpp[0m
[35m[1mConsolidate compiler generated dependencies of target buggy__rosidl_typesupport_fastrtps_c[0m
[ 30%] Built target buggy__rosidl_typesupport_c
[ 30%] Built target buggy__rosidl_typesupport_introspection_c
[ 39%] Built target buggy__rosidl_typesupport_cpp
[ 58%] Built target buggy__rosidl_typesupport_fastrtps_cpp
[ 58%] Built target buggy__rosidl_typesupport_introspection_cpp
[ 67%] Built target buggy__rosidl_typesupport_fastrtps_c
[35m[1mConsolidate compiler generated dependencies of target pub[0m
[35m[1mConsolidate compiler generated dependencies of target sub[0m
[ 72%] Built target pub
[ 76%] Built target sub
[ 76%] Built target buggy
[ 79%] Built target buggy__py
[35m[1mConsolidate compiler generated dependencies of target buggy__rosidl_generator_py[0m
[ 86%] Built target buggy__rosidl_generator_py
[35m[1mConsolidate compiler generated dependencies of target buggy__rosidl_typesupport_fastrtps_c__pyext[0m
[35m[1mConsolidate compiler generated dependencies of target buggy__rosidl_typesupport_c__pyext[0m
[35m[1mConsolidate compiler generated dependencies of target buggy__rosidl_typesupport_introspection_c__pyext[0m
[ 90%] Built target buggy__rosidl_typesupport_c__pyext
[ 95%] Built target buggy__rosidl_typesupport_fastrtps_c__pyext
[100%] Built target buggy__rosidl_typesupport_introspection_c__pyext
running egg_info
writing buggy.egg-info/PKG-INFO
writing dependency_links to buggy.egg-info/dependency_links.txt
writing top-level names to buggy.egg-info/top_level.txt
reading manifest file 'buggy.egg-info/SOURCES.txt'
writing manifest file 'buggy.egg-info/SOURCES.txt'
[100%] Built target ament_cmake_python_build_buggy_egg
-- Install configuration: ""
-- Up-to-date: /home/rizo/iros/src/ros2_intro/homework/homework2/install/buggy/share/ament_index/resource_index/rosidl_interfaces/buggy
-- Up-to-date: /home/rizo/iros/src/ros2_intro/homework/homework2/install/buggy/include/buggy/buggy
-- Up-to-date: /home/rizo/iros/src/ros2_intro/homework/homework2/install/buggy/include/buggy/buggy/srv
-- Up-to-date: /home/rizo/iros/src/ros2_intro/homework/homework2/install/buggy/include/buggy/buggy/srv/detail
-- Up-to-date: /home/rizo/iros/src/ros2_intro/homework/homework2/install/buggy/include/buggy/buggy/srv/detail/custom_srv__functions.c
-- Up-to-date: /home/rizo/iros/src/ros2_intro/homework/homework2/install/buggy/include/buggy/buggy/srv/detail/custom_srv__type_support.h
-- Up-to-date: /home/rizo/iros/src/ros2_intro/homework/homework2/install/buggy/include/buggy/buggy/srv/detail/custom_srv__struct.h
-- Up-to-date: /home/rizo/iros/src/ros2_intro/homework/homework2/install/buggy/include/buggy/buggy/srv/detail/custom_srv__functions.h
-- Up-to-date: /home/rizo/iros/src/ros2_intro/homework/homework2/install/buggy/include/buggy/buggy/srv/custom_srv.h
-- Up-to-date: /home/rizo/iros/src/ros2_intro/homework/homework2/install/buggy/include/buggy/buggy/msg
-- Up-to-date: /home/rizo/iros/src/ros2_intro/homework/homework2/install/buggy/include/buggy/buggy/msg/custom_msg.h
-- Up-to-date: /home/rizo/iros/src/ros2_intro/homework/homework2/install/buggy/include/buggy/buggy/msg/detail
-- Up-to-date: /home/rizo/iros/src/ros2_intro/homework/homework2/install/buggy/include/buggy/buggy/msg/detail/custom_msg__struct.h
-- Up-to-date: /home/rizo/iros/src/ros2_intro/homework/homework2/install/buggy/include/buggy/buggy/msg/detail/custom_msg__type_support.h
-- Up-to-date: /home/rizo/iros/src/ros2_intro/homework/homework2/install/buggy/include/buggy/buggy/msg/detail/custom_msg__functions.c
-- Up-to-date: /home/rizo/iros/src/ros2_intro/homework/homework2/install/buggy/include/buggy/buggy/msg/detail/custom_msg__functions.h
-- Up-to-date: /home/rizo/iros/src/ros2_intro/homework/homework2/install/buggy/include/buggy/buggy/msg/rosidl_generator_c__visibility_control.h
-- Up-to-date: /home/rizo/iros/src/ros2_intro/homework/homework2/install/buggy/share/buggy/environment/library_path.sh
-- Up-to-date: /home/rizo/iros/src/ros2_intro/homework/homework2/install/buggy/share/buggy/environment/library_path.dsv
-- Up-to-date: /home/rizo/iros/src/ros2_intro/homework/homework2/install/buggy/lib/libbuggy__rosidl_generator_c.so
-- Up-to-date: /home/rizo/iros/src/ros2_intro/homework/homework2/install/buggy/include/buggy/buggy
-- Up-to-date: /home/rizo/iros/src/ros2_intro/homework/homework2/install/buggy/include/buggy/buggy/srv
-- Up-to-date: /home/rizo/iros/src/ros2_intro/homework/homework2/install/buggy/include/buggy/buggy/srv/detail
-- Up-to-date: /home/rizo/iros/src/ros2_intro/homework/homework2/install/buggy/include/buggy/buggy/srv/detail/custom_srv__rosidl_typesupport_fastrtps_c.h
-- Up-to-date: /home/rizo/iros/src/ros2_intro/homework/homework2/install/buggy/include/buggy/buggy/msg
-- Up-to-date: /home/rizo/iros/src/ros2_intro/homework/homework2/install/buggy/include/buggy/buggy/msg/detail
-- Up-to-date: /home/rizo/iros/src/ros2_intro/homework/homework2/install/buggy/include/buggy/buggy/msg/detail/custom_msg__rosidl_typesupport_fastrtps_c.h
-- Up-to-date: /home/rizo/iros/src/ros2_intro/homework/homework2/install/buggy/include/buggy/buggy/msg/rosidl_typesupport_fastrtps_c__visibility_control.h
-- Up-to-date: /home/rizo/iros/src/ros2_intro/homework/homework2/install/buggy/lib/libbuggy__rosidl_typesupport_fastrtps_c.so
-- Up-to-date: /home/rizo/iros/src/ros2_intro/homework/homework2/install/buggy/include/buggy/buggy
-- Up-to-date: /home/rizo/iros/src/ros2_intro/homework/homework2/install/buggy/include/buggy/buggy/srv
-- Up-to-date: /home/rizo/iros/src/ros2_intro/homework/homework2/install/buggy/include/buggy/buggy/srv/detail
-- Up-to-date: /home/rizo/iros/src/ros2_intro/homework/homework2/install/buggy/include/buggy/buggy/srv/detail/custom_srv__builder.hpp
-- Up-to-date: /home/rizo/iros/src/ros2_intro/homework/homework2/install/buggy/include/buggy/buggy/srv/detail/custom_srv__traits.hpp
-- Up-to-date: /home/rizo/iros/src/ros2_intro/homework/homework2/install/buggy/include/buggy/buggy/srv/detail/custom_srv__struct.hpp
-- Up-to-date: /home/rizo/iros/src/ros2_intro/homework/homework2/install/buggy/include/buggy/buggy/srv/custom_srv.hpp
-- Up-to-date: /home/rizo/iros/src/ros2_intro/homework/homework2/install/buggy/include/buggy/buggy/msg
-- Up-to-date: /home/rizo/iros/src/ros2_intro/homework/homework2/install/buggy/include/buggy/buggy/msg/detail
-- Up-to-date: /home/rizo/iros/src/ros2_intro/homework/homework2/install/buggy/include/buggy/buggy/msg/detail/custom_msg__struct.hpp
-- Up-to-date: /home/rizo/iros/src/ros2_intro/homework/homework2/install/buggy/include/buggy/buggy/msg/detail/custom_msg__traits.hpp
-- Up-to-date: /home/rizo/iros/src/ros2_intro/homework/homework2/install/buggy/include/buggy/buggy/msg/detail/custom_msg__builder.hpp
-- Up-to-date: /home/rizo/iros/src/ros2_intro/homework/homework2/install/buggy/include/buggy/buggy/msg/custom_msg.hpp
-- Up-to-date: /home/rizo/iros/src/ros2_intro/homework/homework2/install/buggy/include/buggy/buggy
-- Up-to-date: /home/rizo/iros/src/ros2_intro/homework/homework2/install/buggy/include/buggy/buggy/srv
-- Up-to-date: /home/rizo/iros/src/ros2_intro/homework/homework2/install/buggy/include/buggy/buggy/srv/detail
-- Up-to-date: /home/rizo/iros/src/ros2_intro/homework/homework2/install/buggy/include/buggy/buggy/srv/detail/dds_fastrtps
-- Up-to-date: /home/rizo/iros/src/ros2_intro/homework/homework2/install/buggy/include/buggy/buggy/srv/detail/custom_srv__rosidl_typesupport_fastrtps_cpp.hpp
-- Up-to-date: /home/rizo/iros/src/ros2_intro/homework/homework2/install/buggy/include/buggy/buggy/msg
-- Up-to-date: /home/rizo/iros/src/ros2_intro/homework/homework2/install/buggy/include/buggy/buggy/msg/rosidl_typesupport_fastrtps_cpp__visibility_control.h
-- Up-to-date: /home/rizo/iros/src/ros2_intro/homework/homework2/install/buggy/include/buggy/buggy/msg/detail
-- Up-to-date: /home/rizo/iros/src/ros2_intro/homework/homework2/install/buggy/include/buggy/buggy/msg/detail/dds_fastrtps
-- Up-to-date: /home/rizo/iros/src/ros2_intro/homework/homework2/install/buggy/include/buggy/buggy/msg/detail/custom_msg__rosidl_typesupport_fastrtps_cpp.hpp
-- Up-to-date: /home/rizo/iros/src/ros2_intro/homework/homework2/install/buggy/lib/libbuggy__rosidl_typesupport_fastrtps_cpp.so
-- Up-to-date: /home/rizo/iros/src/ros2_intro/homework/homework2/install/buggy/include/buggy/buggy
-- Up-to-date: /home/rizo/iros/src/ros2_intro/homework/homework2/install/buggy/include/buggy/buggy/srv
-- Up-to-date: /home/rizo/iros/src/ros2_intro/homework/homework2/install/buggy/include/buggy/buggy/srv/detail
-- Up-to-date: /home/rizo/iros/src/ros2_intro/homework/homework2/install/buggy/include/buggy/buggy/srv/detail/custom_srv__type_support.c
-- Up-to-date: /home/rizo/iros/src/ros2_intro/homework/homework2/install/buggy/include/buggy/buggy/srv/detail/custom_srv__rosidl_typesupport_introspection_c.h
-- Up-to-date: /home/rizo/iros/src/ros2_intro/homework/homework2/install/buggy/include/buggy/buggy/msg
-- Up-to-date: /home/rizo/iros/src/ros2_intro/homework/homework2/install/buggy/include/buggy/buggy/msg/detail
-- Up-to-date: /home/rizo/iros/src/ros2_intro/homework/homework2/install/buggy/include/buggy/buggy/msg/detail/custom_msg__type_support.c
-- Up-to-date: /home/rizo/iros/src/ros2_intro/homework/homework2/install/buggy/include/buggy/buggy/msg/detail/custom_msg__rosidl_typesupport_introspection_c.h
-- Up-to-date: /home/rizo/iros/src/ros2_intro/homework/homework2/install/buggy/include/buggy/buggy/msg/rosidl_typesupport_introspection_c__visibility_control.h
-- Up-to-date: /home/rizo/iros/src/ros2_intro/homework/homework2/install/buggy/lib/libbuggy__rosidl_typesupport_introspection_c.so
-- Up-to-date: /home/rizo/iros/src/ros2_intro/homework/homework2/install/buggy/lib/libbuggy__rosidl_typesupport_c.so
-- Up-to-date: /home/rizo/iros/src/ros2_intro/homework/homework2/install/buggy/include/buggy/buggy
-- Up-to-date: /home/rizo/iros/src/ros2_intro/homework/homework2/install/buggy/include/buggy/buggy/srv
-- Up-to-date: /home/rizo/iros/src/ros2_intro/homework/homework2/install/buggy/include/buggy/buggy/srv/detail
-- Up-to-date: /home/rizo/iros/src/ros2_intro/homework/homework2/install/buggy/include/buggy/buggy/srv/detail/custom_srv__type_support.cpp
-- Up-to-date: /home/rizo/iros/src/ros2_intro/homework/homework2/install/buggy/include/buggy/buggy/srv/detail/custom_srv__rosidl_typesupport_introspection_cpp.hpp
-- Up-to-date: /home/rizo/iros/src/ros2_intro/homework/homework2/install/buggy/include/buggy/buggy/msg
-- Up-to-date: /home/rizo/iros/src/ros2_intro/homework/homework2/install/buggy/include/buggy/buggy/msg/detail
-- Up-to-date: /home/rizo/iros/src/ros2_intro/homework/homework2/install/buggy/include/buggy/buggy/msg/detail/custom_msg__type_support.cpp
-- Up-to-date: /home/rizo/iros/src/ros2_intro/homework/homework2/install/buggy/include/buggy/buggy/msg/detail/custom_msg__rosidl_typesupport_introspection_cpp.hpp
-- Up-to-date: /home/rizo/iros/src/ros2_intro/homework/homework2/install/buggy/lib/libbuggy__rosidl_typesupport_introspection_cpp.so
-- Up-to-date: /home/rizo/iros/src/ros2_intro/homework/homework2/install/buggy/lib/libbuggy__rosidl_typesupport_cpp.so
-- Up-to-date: /home/rizo/iros/src/ros2_intro/homework/homework2/install/buggy/share/buggy/environment/pythonpath.sh
-- Up-to-date: /home/rizo/iros/src/ros2_intro/homework/homework2/install/buggy/share/buggy/environment/pythonpath.dsv
-- Up-to-date: /home/rizo/iros/src/ros2_intro/homework/homework2/install/buggy/local/lib/python3.10/dist-packages/buggy-0.0.0-py3.10.egg-info
-- Installing: /home/rizo/iros/src/ros2_intro/homework/homework2/install/buggy/local/lib/python3.10/dist-packages/buggy-0.0.0-py3.10.egg-info/SOURCES.txt
-- Installing: /home/rizo/iros/src/ros2_intro/homework/homework2/install/buggy/local/lib/python3.10/dist-packages/buggy-0.0.0-py3.10.egg-info/PKG-INFO
-- Installing: /home/rizo/iros/src/ros2_intro/homework/homework2/install/buggy/local/lib/python3.10/dist-packages/buggy-0.0.0-py3.10.egg-info/top_level.txt
-- Installing: /home/rizo/iros/src/ros2_intro/homework/homework2/install/buggy/local/lib/python3.10/dist-packages/buggy-0.0.0-py3.10.egg-info/dependency_links.txt
-- Up-to-date: /home/rizo/iros/src/ros2_intro/homework/homework2/install/buggy/local/lib/python3.10/dist-packages/buggy
-- Up-to-date: /home/rizo/iros/src/ros2_intro/homework/homework2/install/buggy/local/lib/python3.10/dist-packages/buggy/_buggy_s.ep.rosidl_typesupport_fastrtps_c.c
-- Up-to-date: /home/rizo/iros/src/ros2_intro/homework/homework2/install/buggy/local/lib/python3.10/dist-packages/buggy/buggy_s__rosidl_typesupport_fastrtps_c.cpython-310-x86_64-linux-gnu.so
-- Up-to-date: /home/rizo/iros/src/ros2_intro/homework/homework2/install/buggy/local/lib/python3.10/dist-packages/buggy/_buggy_s.ep.rosidl_typesupport_introspection_c.c
-- Up-to-date: /home/rizo/iros/src/ros2_intro/homework/homework2/install/buggy/local/lib/python3.10/dist-packages/buggy/__init__.py
-- Up-to-date: /home/rizo/iros/src/ros2_intro/homework/homework2/install/buggy/local/lib/python3.10/dist-packages/buggy/buggy_s__rosidl_typesupport_c.cpython-310-x86_64-linux-gnu.so
-- Up-to-date: /home/rizo/iros/src/ros2_intro/homework/homework2/install/buggy/local/lib/python3.10/dist-packages/buggy/libbuggy__rosidl_generator_py.so
-- Up-to-date: /home/rizo/iros/src/ros2_intro/homework/homework2/install/buggy/local/lib/python3.10/dist-packages/buggy/buggy_s__rosidl_typesupport_introspection_c.cpython-310-x86_64-linux-gnu.so
-- Up-to-date: /home/rizo/iros/src/ros2_intro/homework/homework2/install/buggy/local/lib/python3.10/dist-packages/buggy/srv
-- Up-to-date: /home/rizo/iros/src/ros2_intro/homework/homework2/install/buggy/local/lib/python3.10/dist-packages/buggy/srv/__init__.py
-- Up-to-date: /home/rizo/iros/src/ros2_intro/homework/homework2/install/buggy/local/lib/python3.10/dist-packages/buggy/srv/_custom_srv_s.c
-- Up-to-date: /home/rizo/iros/src/ros2_intro/homework/homework2/install/buggy/local/lib/python3.10/dist-packages/buggy/srv/_custom_srv.py
-- Up-to-date: /home/rizo/iros/src/ros2_intro/homework/homework2/install/buggy/local/lib/python3.10/dist-packages/buggy/msg
-- Up-to-date: /home/rizo/iros/src/ros2_intro/homework/homework2/install/buggy/local/lib/python3.10/dist-packages/buggy/msg/_custom_msg.py
-- Up-to-date: /home/rizo/iros/src/ros2_intro/homework/homework2/install/buggy/local/lib/python3.10/dist-packages/buggy/msg/_custom_msg_s.c
-- Up-to-date: /home/rizo/iros/src/ros2_intro/homework/homework2/install/buggy/local/lib/python3.10/dist-packages/buggy/msg/__init__.py
-- Up-to-date: /home/rizo/iros/src/ros2_intro/homework/homework2/install/buggy/local/lib/python3.10/dist-packages/buggy/_buggy_s.ep.rosidl_typesupport_c.c
Listing '/home/rizo/iros/src/ros2_intro/homework/homework2/install/buggy/local/lib/python3.10/dist-packages/buggy'...
Listing '/home/rizo/iros/src/ros2_intro/homework/homework2/install/buggy/local/lib/python3.10/dist-packages/buggy/msg'...
Listing '/home/rizo/iros/src/ros2_intro/homework/homework2/install/buggy/local/lib/python3.10/dist-packages/buggy/srv'...
-- Up-to-date: /home/rizo/iros/src/ros2_intro/homework/homework2/install/buggy/local/lib/python3.10/dist-packages/buggy/buggy_s__rosidl_typesupport_fastrtps_c.cpython-310-x86_64-linux-gnu.so
-- Up-to-date: /home/rizo/iros/src/ros2_intro/homework/homework2/install/buggy/local/lib/python3.10/dist-packages/buggy/buggy_s__rosidl_typesupport_introspection_c.cpython-310-x86_64-linux-gnu.so
-- Up-to-date: /home/rizo/iros/src/ros2_intro/homework/homework2/install/buggy/local/lib/python3.10/dist-packages/buggy/buggy_s__rosidl_typesupport_c.cpython-310-x86_64-linux-gnu.so
-- Up-to-date: /home/rizo/iros/src/ros2_intro/homework/homework2/install/buggy/lib/libbuggy__rosidl_generator_py.so
-- Up-to-date: /home/rizo/iros/src/ros2_intro/homework/homework2/install/buggy/share/buggy/msg/CustomMsg.idl
-- Up-to-date: /home/rizo/iros/src/ros2_intro/homework/homework2/install/buggy/share/buggy/srv/CustomSrv.idl
-- Up-to-date: /home/rizo/iros/src/ros2_intro/homework/homework2/install/buggy/share/buggy/msg/CustomMsg.msg
-- Up-to-date: /home/rizo/iros/src/ros2_intro/homework/homework2/install/buggy/share/buggy/srv/CustomSrv.srv
-- Up-to-date: /home/rizo/iros/src/ros2_intro/homework/homework2/install/buggy/share/buggy/srv/CustomSrv_Request.msg
-- Up-to-date: /home/rizo/iros/src/ros2_intro/homework/homework2/install/buggy/share/buggy/srv/CustomSrv_Response.msg
-- Up-to-date: /home/rizo/iros/src/ros2_intro/homework/homework2/install/buggy/lib/buggy/sub
-- Up-to-date: /home/rizo/iros/src/ros2_intro/homework/homework2/install/buggy/lib/buggy/pub
-- Up-to-date: /home/rizo/iros/src/ros2_intro/homework/homework2/install/buggy/share/buggy/launch
-- Installing: /home/rizo/iros/src/ros2_intro/homework/homework2/install/buggy/share/buggy/launch/test.launch.py
-- Up-to-date: /home/rizo/iros/src/ros2_intro/homework/homework2/install/buggy/share/ament_index/resource_index/package_run_dependencies/buggy
-- Up-to-date: /home/rizo/iros/src/ros2_intro/homework/homework2/install/buggy/share/ament_index/resource_index/parent_prefix_path/buggy
-- Up-to-date: /home/rizo/iros/src/ros2_intro/homework/homework2/install/buggy/share/buggy/environment/ament_prefix_path.sh
-- Up-to-date: /home/rizo/iros/src/ros2_intro/homework/homework2/install/buggy/share/buggy/environment/ament_prefix_path.dsv
-- Up-to-date: /home/rizo/iros/src/ros2_intro/homework/homework2/install/buggy/share/buggy/environment/path.sh
-- Up-to-date: /home/rizo/iros/src/ros2_intro/homework/homework2/install/buggy/share/buggy/environment/path.dsv
-- Up-to-date: /home/rizo/iros/src/ros2_intro/homework/homework2/install/buggy/share/buggy/local_setup.bash
-- Up-to-date: /home/rizo/iros/src/ros2_intro/homework/homework2/install/buggy/share/buggy/local_setup.sh
-- Up-to-date: /home/rizo/iros/src/ros2_intro/homework/homework2/install/buggy/share/buggy/local_setup.zsh
-- Up-to-date: /home/rizo/iros/src/ros2_intro/homework/homework2/install/buggy/share/buggy/local_setup.dsv
-- Installing: /home/rizo/iros/src/ros2_intro/homework/homework2/install/buggy/share/buggy/package.dsv
-- Up-to-date: /home/rizo/iros/src/ros2_intro/homework/homework2/install/buggy/share/ament_index/resource_index/packages/buggy
-- Up-to-date: /home/rizo/iros/src/ros2_intro/homework/homework2/install/buggy/share/buggy/cmake/export_buggy__rosidl_generator_cExport.cmake
-- Up-to-date: /home/rizo/iros/src/ros2_intro/homework/homework2/install/buggy/share/buggy/cmake/export_buggy__rosidl_generator_cExport-noconfig.cmake
-- Up-to-date: /home/rizo/iros/src/ros2_intro/homework/homework2/install/buggy/share/buggy/cmake/export_buggy__rosidl_typesupport_fastrtps_cExport.cmake
-- Up-to-date: /home/rizo/iros/src/ros2_intro/homework/homework2/install/buggy/share/buggy/cmake/export_buggy__rosidl_typesupport_fastrtps_cExport-noconfig.cmake
-- Up-to-date: /home/rizo/iros/src/ros2_intro/homework/homework2/install/buggy/share/buggy/cmake/export_buggy__rosidl_generator_cppExport.cmake
-- Up-to-date: /home/rizo/iros/src/ros2_intro/homework/homework2/install/buggy/share/buggy/cmake/export_buggy__rosidl_typesupport_fastrtps_cppExport.cmake
-- Up-to-date: /home/rizo/iros/src/ros2_intro/homework/homework2/install/buggy/share/buggy/cmake/export_buggy__rosidl_typesupport_fastrtps_cppExport-noconfig.cmake
-- Up-to-date: /home/rizo/iros/src/ros2_intro/homework/homework2/install/buggy/share/buggy/cmake/buggy__rosidl_typesupport_introspection_cExport.cmake
-- Up-to-date: /home/rizo/iros/src/ros2_intro/homework/homework2/install/buggy/share/buggy/cmake/buggy__rosidl_typesupport_introspection_cExport-noconfig.cmake
-- Up-to-date: /home/rizo/iros/src/ros2_intro/homework/homework2/install/buggy/share/buggy/cmake/buggy__rosidl_typesupport_cExport.cmake
-- Up-to-date: /home/rizo/iros/src/ros2_intro/homework/homework2/install/buggy/share/buggy/cmake/buggy__rosidl_typesupport_cExport-noconfig.cmake
-- Up-to-date: /home/rizo/iros/src/ros2_intro/homework/homework2/install/buggy/share/buggy/cmake/buggy__rosidl_typesupport_introspection_cppExport.cmake
-- Up-to-date: /home/rizo/iros/src/ros2_intro/homework/homework2/install/buggy/share/buggy/cmake/buggy__rosidl_typesupport_introspection_cppExport-noconfig.cmake
-- Up-to-date: /home/rizo/iros/src/ros2_intro/homework/homework2/install/buggy/share/buggy/cmake/buggy__rosidl_typesupport_cppExport.cmake
-- Up-to-date: /home/rizo/iros/src/ros2_intro/homework/homework2/install/buggy/share/buggy/cmake/buggy__rosidl_typesupport_cppExport-noconfig.cmake
-- Up-to-date: /home/rizo/iros/src/ros2_intro/homework/homework2/install/buggy/share/buggy/cmake/export_buggy__rosidl_generator_pyExport.cmake
-- Up-to-date: /home/rizo/iros/src/ros2_intro/homework/homework2/install/buggy/share/buggy/cmake/export_buggy__rosidl_generator_pyExport-noconfig.cmake
-- Up-to-date: /home/rizo/iros/src/ros2_intro/homework/homework2/install/buggy/share/buggy/cmake/rosidl_cmake-extras.cmake
-- Up-to-date: /home/rizo/iros/src/ros2_intro/homework/homework2/install/buggy/share/buggy/cmake/ament_cmake_export_dependencies-extras.cmake
-- Up-to-date: /home/rizo/iros/src/ros2_intro/homework/homework2/install/buggy/share/buggy/cmake/ament_cmake_export_include_directories-extras.cmake
-- Up-to-date: /home/rizo/iros/src/ros2_intro/homework/homework2/install/buggy/share/buggy/cmake/ament_cmake_export_libraries-extras.cmake
-- Up-to-date: /home/rizo/iros/src/ros2_intro/homework/homework2/install/buggy/share/buggy/cmake/ament_cmake_export_targets-extras.cmake
-- Up-to-date: /home/rizo/iros/src/ros2_intro/homework/homework2/install/buggy/share/buggy/cmake/rosidl_cmake_export_typesupport_targets-extras.cmake
-- Up-to-date: /home/rizo/iros/src/ros2_intro/homework/homework2/install/buggy/share/buggy/cmake/rosidl_cmake_export_typesupport_libraries-extras.cmake
-- Up-to-date: /home/rizo/iros/src/ros2_intro/homework/homework2/install/buggy/share/buggy/cmake/buggyConfig.cmake
-- Up-to-date: /home/rizo/iros/src/ros2_intro/homework/homework2/install/buggy/share/buggy/cmake/buggyConfig-version.cmake
-- Up-to-date: /home/rizo/iros/src/ros2_intro/homework/homework2/install/buggy/share/buggy/package.xml
