[0.435s] Invoking command in '/home/rizo/ros2_intro/build/ros2_debug_logging': CMAKE_PREFIX_PATH=${CMAKE_PREFIX_PATH}:/home/rizo/iros/install/hagen_robot_diff_drive:/home/rizo/iros/install/hagen_robot_controller:/opt/ros/humble /usr/bin/cmake --build /home/rizo/ros2_intro/build/ros2_debug_logging -- -j12 -l12
[0.479s] [100%] Built target logging_basic
[0.495s] Invoked command in '/home/rizo/ros2_intro/build/ros2_debug_logging' returned '0': CMAKE_PREFIX_PATH=${CMAKE_PREFIX_PATH}:/home/rizo/iros/install/hagen_robot_diff_drive:/home/rizo/iros/install/hagen_robot_controller:/opt/ros/humble /usr/bin/cmake --build /home/rizo/ros2_intro/build/ros2_debug_logging -- -j12 -l12
[0.526s] Invoking command in '/home/rizo/ros2_intro/build/ros2_debug_logging': CMAKE_PREFIX_PATH=${CMAKE_PREFIX_PATH}:/home/rizo/iros/install/hagen_robot_diff_drive:/home/rizo/iros/install/hagen_robot_controller:/opt/ros/humble /usr/bin/cmake --install /home/rizo/ros2_intro/build/ros2_debug_logging
[0.537s] -- Install configuration: ""
[0.537s] -- Up-to-date: /home/rizo/ros2_intro/install/ros2_debug_logging/lib/ros2_debug_logging/logging_basic
[0.538s] -- Up-to-date: /home/rizo/ros2_intro/install/ros2_debug_logging/share/ros2_debug_logging/launch
[0.539s] -- Up-to-date: /home/rizo/ros2_intro/install/ros2_debug_logging/share/ros2_debug_logging/launch/logging_basic_launch.py
[0.539s] -- Up-to-date: /home/rizo/ros2_intro/install/ros2_debug_logging/share/ament_index/resource_index/package_run_dependencies/ros2_debug_logging
[0.540s] -- Up-to-date: /home/rizo/ros2_intro/install/ros2_debug_logging/share/ament_index/resource_index/parent_prefix_path/ros2_debug_logging
[0.541s] -- Up-to-date: /home/rizo/ros2_intro/install/ros2_debug_logging/share/ros2_debug_logging/environment/ament_prefix_path.sh
[0.542s] -- Up-to-date: /home/rizo/ros2_intro/install/ros2_debug_logging/share/ros2_debug_logging/environment/ament_prefix_path.dsv
[0.542s] -- Up-to-date: /home/rizo/ros2_intro/install/ros2_debug_logging/share/ros2_debug_logging/environment/path.sh
[0.543s] -- Up-to-date: /home/rizo/ros2_intro/install/ros2_debug_logging/share/ros2_debug_logging/environment/path.dsv
[0.544s] -- Up-to-date: /home/rizo/ros2_intro/install/ros2_debug_logging/share/ros2_debug_logging/local_setup.bash
[0.545s] -- Up-to-date: /home/rizo/ros2_intro/install/ros2_debug_logging/share/ros2_debug_logging/local_setup.sh
[0.545s] -- Up-to-date: /home/rizo/ros2_intro/install/ros2_debug_logging/share/ros2_debug_logging/local_setup.zsh
[0.545s] -- Up-to-date: /home/rizo/ros2_intro/install/ros2_debug_logging/share/ros2_debug_logging/local_setup.dsv
[0.545s] -- Installing: /home/rizo/ros2_intro/install/ros2_debug_logging/share/ros2_debug_logging/package.dsv
[0.545s] -- Up-to-date: /home/rizo/ros2_intro/install/ros2_debug_logging/share/ament_index/resource_index/packages/ros2_debug_logging
[0.545s] -- Up-to-date: /home/rizo/ros2_intro/install/ros2_debug_logging/share/ros2_debug_logging/cmake/ament_cmake_export_include_directories-extras.cmake
[0.546s] -- Up-to-date: /home/rizo/ros2_intro/install/ros2_debug_logging/share/ros2_debug_logging/cmake/ament_cmake_export_dependencies-extras.cmake
[0.546s] -- Up-to-date: /home/rizo/ros2_intro/install/ros2_debug_logging/share/ros2_debug_logging/cmake/ros2_debug_loggingConfig.cmake
[0.546s] -- Up-to-date: /home/rizo/ros2_intro/install/ros2_debug_logging/share/ros2_debug_logging/cmake/ros2_debug_loggingConfig-version.cmake
[0.546s] -- Up-to-date: /home/rizo/ros2_intro/install/ros2_debug_logging/share/ros2_debug_logging/package.xml
[0.552s] Invoked command in '/home/rizo/ros2_intro/build/ros2_debug_logging' returned '0': CMAKE_PREFIX_PATH=${CMAKE_PREFIX_PATH}:/home/rizo/iros/install/hagen_robot_diff_drive:/home/rizo/iros/install/hagen_robot_controller:/opt/ros/humble /usr/bin/cmake --install /home/rizo/ros2_intro/build/ros2_debug_logging
