running egg_info
creating ../../build/hagen_robot_controller/hagen_robot_controller.egg-info
writing ../../build/hagen_robot_controller/hagen_robot_controller.egg-info/PKG-INFO
writing dependency_links to ../../build/hagen_robot_controller/hagen_robot_controller.egg-info/dependency_links.txt
writing entry points to ../../build/hagen_robot_controller/hagen_robot_controller.egg-info/entry_points.txt
writing requirements to ../../build/hagen_robot_controller/hagen_robot_controller.egg-info/requires.txt
writing top-level names to ../../build/hagen_robot_controller/hagen_robot_controller.egg-info/top_level.txt
writing manifest file '../../build/hagen_robot_controller/hagen_robot_controller.egg-info/SOURCES.txt'
reading manifest file '../../build/hagen_robot_controller/hagen_robot_controller.egg-info/SOURCES.txt'
writing manifest file '../../build/hagen_robot_controller/hagen_robot_controller.egg-info/SOURCES.txt'
running build
running build_py
creating /home/rizo/ros2_intro/build/hagen_robot_controller/build
creating /home/rizo/ros2_intro/build/hagen_robot_controller/build/lib
creating /home/rizo/ros2_intro/build/hagen_robot_controller/build/lib/hagen_robot_controller
copying hagen_robot_controller/robot_controller.py -> /home/rizo/ros2_intro/build/hagen_robot_controller/build/lib/hagen_robot_controller
copying hagen_robot_controller/robot_estimator.py -> /home/rizo/ros2_intro/build/hagen_robot_controller/build/lib/hagen_robot_controller
copying hagen_robot_controller/__init__.py -> /home/rizo/ros2_intro/build/hagen_robot_controller/build/lib/hagen_robot_controller
running install
running install_lib
creating /home/rizo/ros2_intro/install/hagen_robot_controller/lib/python3.10/site-packages/hagen_robot_controller
copying /home/rizo/ros2_intro/build/hagen_robot_controller/build/lib/hagen_robot_controller/robot_controller.py -> /home/rizo/ros2_intro/install/hagen_robot_controller/lib/python3.10/site-packages/hagen_robot_controller
copying /home/rizo/ros2_intro/build/hagen_robot_controller/build/lib/hagen_robot_controller/robot_estimator.py -> /home/rizo/ros2_intro/install/hagen_robot_controller/lib/python3.10/site-packages/hagen_robot_controller
copying /home/rizo/ros2_intro/build/hagen_robot_controller/build/lib/hagen_robot_controller/__init__.py -> /home/rizo/ros2_intro/install/hagen_robot_controller/lib/python3.10/site-packages/hagen_robot_controller
byte-compiling /home/rizo/ros2_intro/install/hagen_robot_controller/lib/python3.10/site-packages/hagen_robot_controller/robot_controller.py to robot_controller.cpython-310.pyc
byte-compiling /home/rizo/ros2_intro/install/hagen_robot_controller/lib/python3.10/site-packages/hagen_robot_controller/robot_estimator.py to robot_estimator.cpython-310.pyc
byte-compiling /home/rizo/ros2_intro/install/hagen_robot_controller/lib/python3.10/site-packages/hagen_robot_controller/__init__.py to __init__.cpython-310.pyc
running install_data
creating /home/rizo/ros2_intro/install/hagen_robot_controller/share/ament_index
creating /home/rizo/ros2_intro/install/hagen_robot_controller/share/ament_index/resource_index
creating /home/rizo/ros2_intro/install/hagen_robot_controller/share/ament_index/resource_index/packages
copying resource/hagen_robot_controller -> /home/rizo/ros2_intro/install/hagen_robot_controller/share/ament_index/resource_index/packages
copying package.xml -> /home/rizo/ros2_intro/install/hagen_robot_controller/share/hagen_robot_controller
copying launch/robot_nav.launch.py -> /home/rizo/ros2_intro/install/hagen_robot_controller/share/hagen_robot_controller
running install_egg_info
Copying ../../build/hagen_robot_controller/hagen_robot_controller.egg-info to /home/rizo/ros2_intro/install/hagen_robot_controller/lib/python3.10/site-packages/hagen_robot_controller-0.0.0-py3.10.egg-info
running install_scripts
Installing robot_controller script to /home/rizo/ros2_intro/install/hagen_robot_controller/lib/hagen_robot_controller
Installing robot_estimator script to /home/rizo/ros2_intro/install/hagen_robot_controller/lib/hagen_robot_controller
writing list of installed files to '/home/rizo/ros2_intro/build/hagen_robot_controller/install.log'
