[0.023s] Invoking command in '/home/rizo/ros2_intro/build/ros2_debug_logging': CMAKE_PREFIX_PATH=${CMAKE_PREFIX_PATH}:/home/rizo/iros/install/hagen_robot_diff_drive:/home/rizo/iros/install/hagen_robot_controller:/opt/ros/humble /usr/bin/cmake /home/rizo/ros2_intro/ros2_debug_logging -DCMAKE_INSTALL_PREFIX=/home/rizo/ros2_intro/install/ros2_debug_logging
[0.065s] -- The C compiler identification is GNU 11.3.0
[0.108s] -- The CXX compiler identification is GNU 11.3.0
[0.113s] -- Detecting C compiler ABI info
[0.155s] -- Detecting C compiler ABI info - done
[0.165s] -- Check for working C compiler: /usr/bin/cc - skipped
[0.165s] -- Detecting C compile features
[0.166s] -- Detecting C compile features - done
[0.169s] -- Detecting CXX compiler ABI info
[0.223s] -- Detecting CXX compiler ABI info - done
[0.228s] -- Check for working CXX compiler: /usr/bin/c++ - skipped
[0.229s] -- Detecting CXX compile features
[0.229s] -- Detecting CXX compile features - done
[0.231s] -- Found ament_cmake: 1.3.4 (/opt/ros/humble/share/ament_cmake/cmake)
[0.356s] -- Found Python3: /usr/bin/python3.10 (found version "3.10.6") found components: Interpreter 
[0.430s] -- Found rclcpp: 16.0.4 (/opt/ros/humble/share/rclcpp/cmake)
[0.464s] -- Found rosidl_generator_c: 3.1.4 (/opt/ros/humble/share/rosidl_generator_c/cmake)
[0.468s] -- Found rosidl_adapter: 3.1.4 (/opt/ros/humble/share/rosidl_adapter/cmake)
[0.475s] -- Found rosidl_generator_cpp: 3.1.4 (/opt/ros/humble/share/rosidl_generator_cpp/cmake)
[0.487s] -- Using all available rosidl_typesupport_c: rosidl_typesupport_fastrtps_c;rosidl_typesupport_introspection_c
[0.505s] -- Using all available rosidl_typesupport_cpp: rosidl_typesupport_fastrtps_cpp;rosidl_typesupport_introspection_cpp
[0.566s] -- Found rmw_implementation_cmake: 6.1.1 (/opt/ros/humble/share/rmw_implementation_cmake/cmake)
[0.568s] -- Found rmw_fastrtps_cpp: 6.2.2 (/opt/ros/humble/share/rmw_fastrtps_cpp/cmake)
[0.639s] -- Found OpenSSL: /usr/lib/x86_64-linux-gnu/libcrypto.so (found version "3.0.2")  
[0.667s] -- Found FastRTPS: /opt/ros/humble/include  
[0.711s] -- Using RMW implementation 'rmw_fastrtps_cpp' as default
[0.718s] -- Looking for pthread.h
[0.764s] -- Looking for pthread.h - found
[0.764s] -- Performing Test CMAKE_HAVE_LIBC_PTHREAD
[0.813s] -- Performing Test CMAKE_HAVE_LIBC_PTHREAD - Success
[0.814s] -- Found Threads: TRUE  
[0.999s] -- Configuring done
[1.005s] -- Generating done
[1.006s] -- Build files have been written to: /home/rizo/ros2_intro/build/ros2_debug_logging
