-- The C compiler identification is GNU 11.3.0
-- The CXX compiler identification is GNU 11.3.0
-- Detecting C compiler ABI info
-- Detecting C compiler ABI info - done
-- Check for working C compiler: /usr/bin/cc - skipped
-- Detecting C compile features
-- Detecting C compile features - done
-- Detecting CXX compiler ABI info
-- Detecting CXX compiler ABI info - done
-- Check for working CXX compiler: /usr/bin/c++ - skipped
-- Detecting CXX compile features
-- Detecting CXX compile features - done
-- Found ament_cmake: 1.3.4 (/opt/ros/humble/share/ament_cmake/cmake)
-- Found Python3: /usr/bin/python3.10 (found version "3.10.6") found components: Interpreter 
-- Found friend_msgs: 0.2.0 (/home/rizo/ros2_intro/install/friend_msgs/share/friend_msgs/cmake)
-- Found rosidl_generator_c: 3.1.4 (/opt/ros/humble/share/rosidl_generator_c/cmake)
-- Found rosidl_adapter: 3.1.4 (/opt/ros/humble/share/rosidl_adapter/cmake)
-- Found rosidl_generator_cpp: 3.1.4 (/opt/ros/humble/share/rosidl_generator_cpp/cmake)
-- Using all available rosidl_typesupport_c: rosidl_typesupport_fastrtps_c;rosidl_typesupport_introspection_c
-- Using all available rosidl_typesupport_cpp: rosidl_typesupport_fastrtps_cpp;rosidl_typesupport_introspection_cpp
-- Found rclcpp: 16.0.4 (/opt/ros/humble/share/rclcpp/cmake)
-- Found rmw_implementation_cmake: 6.1.1 (/opt/ros/humble/share/rmw_implementation_cmake/cmake)
-- Found rmw_fastrtps_cpp: 6.2.2 (/opt/ros/humble/share/rmw_fastrtps_cpp/cmake)
-- Found OpenSSL: /usr/lib/x86_64-linux-gnu/libcrypto.so (found version "3.0.2")  
-- Found FastRTPS: /opt/ros/humble/include  
-- Using RMW implementation 'rmw_fastrtps_cpp' as default
-- Looking for pthread.h
-- Looking for pthread.h - found
-- Performing Test CMAKE_HAVE_LIBC_PTHREAD
-- Performing Test CMAKE_HAVE_LIBC_PTHREAD - Success
-- Found Threads: TRUE  
-- Found rclcpp_components: 16.0.4 (/opt/ros/humble/share/rclcpp_components/cmake)
-- Configuring done
-- Generating done
-- Build files have been written to: /home/rizo/ros2_intro/build/ros2_composition
[ 10%] [32mBuilding CXX object CMakeFiles/hello_world_service_server.dir/src/hello_world_service_server.cpp.o[0m
[ 20%] [32mBuilding CXX object CMakeFiles/hello_world_pub_component.dir/src/hello_world_pub_component.cpp.o[0m
[ 30%] [32mBuilding CXX object CMakeFiles/hello_world_sub_component.dir/src/hello_world_sub_component.cpp.o[0m
[ 40%] [32mBuilding CXX object CMakeFiles/hello_world_service_client.dir/src/hello_world_service_client.cpp.o[0m
[ 50%] [32m[1mLinking CXX shared library libhello_world_service_server.so[0m
[ 50%] Built target hello_world_service_server
[ 60%] [32m[1mLinking CXX shared library libhello_world_service_client.so[0m
[ 60%] Built target hello_world_service_client
[ 70%] [32m[1mLinking CXX shared library libhello_world_pub_component.so[0m
[ 70%] Built target hello_world_pub_component
[ 80%] [32m[1mLinking CXX shared library libhello_world_sub_component.so[0m
[ 80%] Built target hello_world_sub_component
[ 90%] [32mBuilding CXX object CMakeFiles/manual_composition.dir/src/manual_composition.cpp.o[0m
[100%] [32m[1mLinking CXX executable manual_composition[0m
[100%] Built target manual_composition
-- Install configuration: ""
-- Installing: /home/rizo/ros2_intro/install/ros2_composition/share/ros2_composition/environment/library_path.sh
-- Installing: /home/rizo/ros2_intro/install/ros2_composition/share/ros2_composition/environment/library_path.dsv
-- Installing: /home/rizo/ros2_intro/install/ros2_composition/lib/libhello_world_pub_component.so
-- Set runtime path of "/home/rizo/ros2_intro/install/ros2_composition/lib/libhello_world_pub_component.so" to ""
-- Installing: /home/rizo/ros2_intro/install/ros2_composition/lib/libhello_world_sub_component.so
-- Set runtime path of "/home/rizo/ros2_intro/install/ros2_composition/lib/libhello_world_sub_component.so" to ""
-- Installing: /home/rizo/ros2_intro/install/ros2_composition/lib/libhello_world_service_server.so
-- Set runtime path of "/home/rizo/ros2_intro/install/ros2_composition/lib/libhello_world_service_server.so" to ""
-- Installing: /home/rizo/ros2_intro/install/ros2_composition/lib/libhello_world_service_client.so
-- Set runtime path of "/home/rizo/ros2_intro/install/ros2_composition/lib/libhello_world_service_client.so" to ""
-- Installing: /home/rizo/ros2_intro/install/ros2_composition/lib/ros2_composition/manual_composition
-- Set runtime path of "/home/rizo/ros2_intro/install/ros2_composition/lib/ros2_composition/manual_composition" to ""
-- Installing: /home/rizo/ros2_intro/install/ros2_composition/share/ros2_composition/launch
-- Installing: /home/rizo/ros2_intro/install/ros2_composition/share/ros2_composition/launch/manual_composition_demo.py
-- Installing: /home/rizo/ros2_intro/install/ros2_composition/share/ros2_composition/launch/composition_demo_launch.py
-- Installing: /home/rizo/ros2_intro/install/ros2_composition/share/ament_index/resource_index/package_run_dependencies/ros2_composition
-- Installing: /home/rizo/ros2_intro/install/ros2_composition/share/ament_index/resource_index/parent_prefix_path/ros2_composition
-- Installing: /home/rizo/ros2_intro/install/ros2_composition/share/ros2_composition/environment/ament_prefix_path.sh
-- Installing: /home/rizo/ros2_intro/install/ros2_composition/share/ros2_composition/environment/ament_prefix_path.dsv
-- Installing: /home/rizo/ros2_intro/install/ros2_composition/share/ros2_composition/environment/path.sh
-- Installing: /home/rizo/ros2_intro/install/ros2_composition/share/ros2_composition/environment/path.dsv
-- Installing: /home/rizo/ros2_intro/install/ros2_composition/share/ros2_composition/local_setup.bash
-- Installing: /home/rizo/ros2_intro/install/ros2_composition/share/ros2_composition/local_setup.sh
-- Installing: /home/rizo/ros2_intro/install/ros2_composition/share/ros2_composition/local_setup.zsh
-- Installing: /home/rizo/ros2_intro/install/ros2_composition/share/ros2_composition/local_setup.dsv
-- Installing: /home/rizo/ros2_intro/install/ros2_composition/share/ros2_composition/package.dsv
-- Installing: /home/rizo/ros2_intro/install/ros2_composition/share/ament_index/resource_index/packages/ros2_composition
-- Installing: /home/rizo/ros2_intro/install/ros2_composition/share/ament_index/resource_index/rclcpp_components/ros2_composition
-- Installing: /home/rizo/ros2_intro/install/ros2_composition/share/ros2_composition/cmake/ros2_compositionConfig.cmake
-- Installing: /home/rizo/ros2_intro/install/ros2_composition/share/ros2_composition/cmake/ros2_compositionConfig-version.cmake
-- Installing: /home/rizo/ros2_intro/install/ros2_composition/share/ros2_composition/package.xml
