[0.026s] Invoking command in '/home/rizo/ros2_intro/build/ros2_composition': AMENT_PREFIX_PATH=/home/rizo/ros2_intro/install/friend_msgs:${AMENT_PREFIX_PATH} CMAKE_PREFIX_PATH=/home/rizo/ros2_intro/install/friend_msgs:/home/rizo/iros/install/ros2_debug_logging:/home/rizo/iros/install/ros2_composition:/home/rizo/iros/install/homework1:/home/rizo/iros/install/hello_world:/home/rizo/iros/install/friend_msgs:/home/rizo/iros/install/hagen_robot_diff_drive:/home/rizo/iros/install/hagen_robot_controller:/opt/ros/humble LD_LIBRARY_PATH=/home/rizo/ros2_intro/install/friend_msgs/lib:${LD_LIBRARY_PATH} PYTHONPATH=/home/rizo/ros2_intro/install/friend_msgs/local/lib/python3.10/dist-packages:${PYTHONPATH} /usr/bin/cmake /home/rizo/ros2_intro/ros2_composition -DCMAKE_INSTALL_PREFIX=/home/rizo/ros2_intro/install/ros2_composition
[0.108s] -- The C compiler identification is GNU 11.3.0
[0.189s] -- The CXX compiler identification is GNU 11.3.0
[0.198s] -- Detecting C compiler ABI info
[0.295s] -- Detecting C compiler ABI info - done
[0.309s] -- Check for working C compiler: /usr/bin/cc - skipped
[0.309s] -- Detecting C compile features
[0.311s] -- Detecting C compile features - done
[0.314s] -- Detecting CXX compiler ABI info
[0.417s] -- Detecting CXX compiler ABI info - done
[0.431s] -- Check for working CXX compiler: /usr/bin/c++ - skipped
[0.432s] -- Detecting CXX compile features
[0.433s] -- Detecting CXX compile features - done
[0.437s] -- Found ament_cmake: 1.3.4 (/opt/ros/humble/share/ament_cmake/cmake)
[0.710s] -- Found Python3: /usr/bin/python3.10 (found version "3.10.6") found components: Interpreter 
[0.830s] -- Found friend_msgs: 0.2.0 (/home/rizo/ros2_intro/install/friend_msgs/share/friend_msgs/cmake)
[0.865s] -- Found rosidl_generator_c: 3.1.4 (/opt/ros/humble/share/rosidl_generator_c/cmake)
[0.871s] -- Found rosidl_adapter: 3.1.4 (/opt/ros/humble/share/rosidl_adapter/cmake)
[0.891s] -- Found rosidl_generator_cpp: 3.1.4 (/opt/ros/humble/share/rosidl_generator_cpp/cmake)
[0.896s] -- Using all available rosidl_typesupport_c: rosidl_typesupport_fastrtps_c;rosidl_typesupport_introspection_c
[0.916s] -- Using all available rosidl_typesupport_cpp: rosidl_typesupport_fastrtps_cpp;rosidl_typesupport_introspection_cpp
[0.977s] -- Found rclcpp: 16.0.4 (/opt/ros/humble/share/rclcpp/cmake)
[1.039s] -- Found rmw_implementation_cmake: 6.1.1 (/opt/ros/humble/share/rmw_implementation_cmake/cmake)
[1.042s] -- Found rmw_fastrtps_cpp: 6.2.2 (/opt/ros/humble/share/rmw_fastrtps_cpp/cmake)
[1.168s] -- Found OpenSSL: /usr/lib/x86_64-linux-gnu/libcrypto.so (found version "3.0.2")  
[1.217s] -- Found FastRTPS: /opt/ros/humble/include  
[1.291s] -- Using RMW implementation 'rmw_fastrtps_cpp' as default
[1.307s] -- Looking for pthread.h
[1.379s] -- Looking for pthread.h - found
[1.379s] -- Performing Test CMAKE_HAVE_LIBC_PTHREAD
[1.465s] -- Performing Test CMAKE_HAVE_LIBC_PTHREAD - Success
[1.466s] -- Found Threads: TRUE  
[1.728s] -- Found rclcpp_components: 16.0.4 (/opt/ros/humble/share/rclcpp_components/cmake)
[1.970s] -- Configuring done
[2.009s] -- Generating done
[2.012s] -- Build files have been written to: /home/rizo/ros2_intro/build/ros2_composition
[2.029s] Invoked command in '/home/rizo/ros2_intro/build/ros2_composition' returned '0': AMENT_PREFIX_PATH=/home/rizo/ros2_intro/install/friend_msgs:${AMENT_PREFIX_PATH} CMAKE_PREFIX_PATH=/home/rizo/ros2_intro/install/friend_msgs:/home/rizo/iros/install/ros2_debug_logging:/home/rizo/iros/install/ros2_composition:/home/rizo/iros/install/homework1:/home/rizo/iros/install/hello_world:/home/rizo/iros/install/friend_msgs:/home/rizo/iros/install/hagen_robot_diff_drive:/home/rizo/iros/install/hagen_robot_controller:/opt/ros/humble LD_LIBRARY_PATH=/home/rizo/ros2_intro/install/friend_msgs/lib:${LD_LIBRARY_PATH} PYTHONPATH=/home/rizo/ros2_intro/install/friend_msgs/local/lib/python3.10/dist-packages:${PYTHONPATH} /usr/bin/cmake /home/rizo/ros2_intro/ros2_composition -DCMAKE_INSTALL_PREFIX=/home/rizo/ros2_intro/install/ros2_composition
[2.031s] Invoking command in '/home/rizo/ros2_intro/build/ros2_composition': AMENT_PREFIX_PATH=/home/rizo/ros2_intro/install/friend_msgs:${AMENT_PREFIX_PATH} CMAKE_PREFIX_PATH=/home/rizo/ros2_intro/install/friend_msgs:/home/rizo/iros/install/ros2_debug_logging:/home/rizo/iros/install/ros2_composition:/home/rizo/iros/install/homework1:/home/rizo/iros/install/hello_world:/home/rizo/iros/install/friend_msgs:/home/rizo/iros/install/hagen_robot_diff_drive:/home/rizo/iros/install/hagen_robot_controller:/opt/ros/humble LD_LIBRARY_PATH=/home/rizo/ros2_intro/install/friend_msgs/lib:${LD_LIBRARY_PATH} PYTHONPATH=/home/rizo/ros2_intro/install/friend_msgs/local/lib/python3.10/dist-packages:${PYTHONPATH} /usr/bin/cmake --build /home/rizo/ros2_intro/build/ros2_composition -- -j12 -l12
[2.112s] [ 10%] [32mBuilding CXX object CMakeFiles/hello_world_service_server.dir/src/hello_world_service_server.cpp.o[0m
[2.124s] [ 20%] [32mBuilding CXX object CMakeFiles/hello_world_pub_component.dir/src/hello_world_pub_component.cpp.o[0m
[2.134s] [ 30%] [32mBuilding CXX object CMakeFiles/hello_world_sub_component.dir/src/hello_world_sub_component.cpp.o[0m
[2.161s] [ 40%] [32mBuilding CXX object CMakeFiles/hello_world_service_client.dir/src/hello_world_service_client.cpp.o[0m
[8.541s] [ 50%] [32m[1mLinking CXX shared library libhello_world_service_server.so[0m
[8.882s] [ 50%] Built target hello_world_service_server
[10.406s] [ 60%] [32m[1mLinking CXX shared library libhello_world_service_client.so[0m
[10.703s] [ 60%] Built target hello_world_service_client
[11.305s] [ 70%] [32m[1mLinking CXX shared library libhello_world_pub_component.so[0m
[11.499s] [ 70%] Built target hello_world_pub_component
[15.031s] [ 80%] [32m[1mLinking CXX shared library libhello_world_sub_component.so[0m
[15.378s] [ 80%] Built target hello_world_sub_component
[15.393s] [ 90%] [32mBuilding CXX object CMakeFiles/manual_composition.dir/src/manual_composition.cpp.o[0m
[17.973s] [100%] [32m[1mLinking CXX executable manual_composition[0m
[18.125s] [100%] Built target manual_composition
[18.133s] Invoked command in '/home/rizo/ros2_intro/build/ros2_composition' returned '0': AMENT_PREFIX_PATH=/home/rizo/ros2_intro/install/friend_msgs:${AMENT_PREFIX_PATH} CMAKE_PREFIX_PATH=/home/rizo/ros2_intro/install/friend_msgs:/home/rizo/iros/install/ros2_debug_logging:/home/rizo/iros/install/ros2_composition:/home/rizo/iros/install/homework1:/home/rizo/iros/install/hello_world:/home/rizo/iros/install/friend_msgs:/home/rizo/iros/install/hagen_robot_diff_drive:/home/rizo/iros/install/hagen_robot_controller:/opt/ros/humble LD_LIBRARY_PATH=/home/rizo/ros2_intro/install/friend_msgs/lib:${LD_LIBRARY_PATH} PYTHONPATH=/home/rizo/ros2_intro/install/friend_msgs/local/lib/python3.10/dist-packages:${PYTHONPATH} /usr/bin/cmake --build /home/rizo/ros2_intro/build/ros2_composition -- -j12 -l12
[18.153s] Invoking command in '/home/rizo/ros2_intro/build/ros2_composition': AMENT_PREFIX_PATH=/home/rizo/ros2_intro/install/friend_msgs:${AMENT_PREFIX_PATH} CMAKE_PREFIX_PATH=/home/rizo/ros2_intro/install/friend_msgs:/home/rizo/iros/install/ros2_debug_logging:/home/rizo/iros/install/ros2_composition:/home/rizo/iros/install/homework1:/home/rizo/iros/install/hello_world:/home/rizo/iros/install/friend_msgs:/home/rizo/iros/install/hagen_robot_diff_drive:/home/rizo/iros/install/hagen_robot_controller:/opt/ros/humble LD_LIBRARY_PATH=/home/rizo/ros2_intro/install/friend_msgs/lib:${LD_LIBRARY_PATH} PYTHONPATH=/home/rizo/ros2_intro/install/friend_msgs/local/lib/python3.10/dist-packages:${PYTHONPATH} /usr/bin/cmake --install /home/rizo/ros2_intro/build/ros2_composition
[18.157s] -- Install configuration: ""
[18.157s] -- Installing: /home/rizo/ros2_intro/install/ros2_composition/share/ros2_composition/environment/library_path.sh
[18.158s] -- Installing: /home/rizo/ros2_intro/install/ros2_composition/share/ros2_composition/environment/library_path.dsv
[18.158s] -- Installing: /home/rizo/ros2_intro/install/ros2_composition/lib/libhello_world_pub_component.so
[18.159s] -- Set runtime path of "/home/rizo/ros2_intro/install/ros2_composition/lib/libhello_world_pub_component.so" to ""
[18.159s] -- Installing: /home/rizo/ros2_intro/install/ros2_composition/lib/libhello_world_sub_component.so
[18.163s] -- Set runtime path of "/home/rizo/ros2_intro/install/ros2_composition/lib/libhello_world_sub_component.so" to ""
[18.164s] -- Installing: /home/rizo/ros2_intro/install/ros2_composition/lib/libhello_world_service_server.so
[18.164s] -- Set runtime path of "/home/rizo/ros2_intro/install/ros2_composition/lib/libhello_world_service_server.so" to ""
[18.164s] -- Installing: /home/rizo/ros2_intro/install/ros2_composition/lib/libhello_world_service_client.so
[18.165s] -- Set runtime path of "/home/rizo/ros2_intro/install/ros2_composition/lib/libhello_world_service_client.so" to ""
[18.165s] -- Installing: /home/rizo/ros2_intro/install/ros2_composition/lib/ros2_composition/manual_composition
[18.166s] -- Set runtime path of "/home/rizo/ros2_intro/install/ros2_composition/lib/ros2_composition/manual_composition" to ""
[18.166s] -- Installing: /home/rizo/ros2_intro/install/ros2_composition/share/ros2_composition/launch
[18.166s] -- Installing: /home/rizo/ros2_intro/install/ros2_composition/share/ros2_composition/launch/manual_composition_demo.py
[18.166s] -- Installing: /home/rizo/ros2_intro/install/ros2_composition/share/ros2_composition/launch/composition_demo_launch.py
[18.166s] -- Installing: /home/rizo/ros2_intro/install/ros2_composition/share/ament_index/resource_index/package_run_dependencies/ros2_composition
[18.166s] -- Installing: /home/rizo/ros2_intro/install/ros2_composition/share/ament_index/resource_index/parent_prefix_path/ros2_composition
[18.166s] -- Installing: /home/rizo/ros2_intro/install/ros2_composition/share/ros2_composition/environment/ament_prefix_path.sh
[18.166s] -- Installing: /home/rizo/ros2_intro/install/ros2_composition/share/ros2_composition/environment/ament_prefix_path.dsv
[18.166s] -- Installing: /home/rizo/ros2_intro/install/ros2_composition/share/ros2_composition/environment/path.sh
[18.166s] -- Installing: /home/rizo/ros2_intro/install/ros2_composition/share/ros2_composition/environment/path.dsv
[18.166s] -- Installing: /home/rizo/ros2_intro/install/ros2_composition/share/ros2_composition/local_setup.bash
[18.166s] -- Installing: /home/rizo/ros2_intro/install/ros2_composition/share/ros2_composition/local_setup.sh
[18.166s] -- Installing: /home/rizo/ros2_intro/install/ros2_composition/share/ros2_composition/local_setup.zsh
[18.167s] -- Installing: /home/rizo/ros2_intro/install/ros2_composition/share/ros2_composition/local_setup.dsv
[18.167s] -- Installing: /home/rizo/ros2_intro/install/ros2_composition/share/ros2_composition/package.dsv
[18.167s] -- Installing: /home/rizo/ros2_intro/install/ros2_composition/share/ament_index/resource_index/packages/ros2_composition
[18.167s] -- Installing: /home/rizo/ros2_intro/install/ros2_composition/share/ament_index/resource_index/rclcpp_components/ros2_composition
[18.167s] -- Installing: /home/rizo/ros2_intro/install/ros2_composition/share/ros2_composition/cmake/ros2_compositionConfig.cmake
[18.167s] -- Installing: /home/rizo/ros2_intro/install/ros2_composition/share/ros2_composition/cmake/ros2_compositionConfig-version.cmake
[18.167s] -- Installing: /home/rizo/ros2_intro/install/ros2_composition/share/ros2_composition/package.xml
[18.171s] Invoked command in '/home/rizo/ros2_intro/build/ros2_composition' returned '0': AMENT_PREFIX_PATH=/home/rizo/ros2_intro/install/friend_msgs:${AMENT_PREFIX_PATH} CMAKE_PREFIX_PATH=/home/rizo/ros2_intro/install/friend_msgs:/home/rizo/iros/install/ros2_debug_logging:/home/rizo/iros/install/ros2_composition:/home/rizo/iros/install/homework1:/home/rizo/iros/install/hello_world:/home/rizo/iros/install/friend_msgs:/home/rizo/iros/install/hagen_robot_diff_drive:/home/rizo/iros/install/hagen_robot_controller:/opt/ros/humble LD_LIBRARY_PATH=/home/rizo/ros2_intro/install/friend_msgs/lib:${LD_LIBRARY_PATH} PYTHONPATH=/home/rizo/ros2_intro/install/friend_msgs/local/lib/python3.10/dist-packages:${PYTHONPATH} /usr/bin/cmake --install /home/rizo/ros2_intro/build/ros2_composition
