-- The C compiler identification is GNU 11.3.0
-- The CXX compiler identification is GNU 11.3.0
-- Detecting C compiler ABI info
-- Detecting C compiler ABI info - done
-- Check for working C compiler: /usr/bin/cc - skipped
-- Detecting C compile features
-- Detecting C compile features - done
-- Detecting CXX compiler ABI info
-- Detecting CXX compiler ABI info - done
-- Check for working CXX compiler: /usr/bin/c++ - skipped
-- Detecting CXX compile features
-- Detecting CXX compile features - done
-- Found ament_cmake: 1.3.4 (/opt/ros/humble/share/ament_cmake/cmake)
-- Found Python3: /usr/bin/python3.10 (found version "3.10.6") found components: Interpreter 
-- Found rclcpp: 16.0.4 (/opt/ros/humble/share/rclcpp/cmake)
-- Found rosidl_generator_c: 3.1.4 (/opt/ros/humble/share/rosidl_generator_c/cmake)
-- Found rosidl_adapter: 3.1.4 (/opt/ros/humble/share/rosidl_adapter/cmake)
-- Found rosidl_generator_cpp: 3.1.4 (/opt/ros/humble/share/rosidl_generator_cpp/cmake)
-- Using all available rosidl_typesupport_c: rosidl_typesupport_fastrtps_c;rosidl_typesupport_introspection_c
-- Using all available rosidl_typesupport_cpp: rosidl_typesupport_fastrtps_cpp;rosidl_typesupport_introspection_cpp
-- Found rmw_implementation_cmake: 6.1.1 (/opt/ros/humble/share/rmw_implementation_cmake/cmake)
-- Found rmw_fastrtps_cpp: 6.2.2 (/opt/ros/humble/share/rmw_fastrtps_cpp/cmake)
-- Found OpenSSL: /usr/lib/x86_64-linux-gnu/libcrypto.so (found version "3.0.2")  
-- Found FastRTPS: /opt/ros/humble/include  
-- Using RMW implementation 'rmw_fastrtps_cpp' as default
-- Looking for pthread.h
-- Looking for pthread.h - found
-- Performing Test CMAKE_HAVE_LIBC_PTHREAD
-- Performing Test CMAKE_HAVE_LIBC_PTHREAD - Success
-- Found Threads: TRUE  
-- Configuring done
-- Generating done
-- Build files have been written to: /home/rizo/ros2_intro/build/ros2_debug_logging
[ 50%] [32mBuilding CXX object CMakeFiles/logging_basic.dir/src/logging_basic_todo.cpp.o[0m
[100%] [32m[1mLinking CXX executable logging_basic[0m
[100%] Built target logging_basic
-- Install configuration: ""
-- Installing: /home/rizo/ros2_intro/install/ros2_debug_logging/lib/ros2_debug_logging/logging_basic
-- Set runtime path of "/home/rizo/ros2_intro/install/ros2_debug_logging/lib/ros2_debug_logging/logging_basic" to ""
-- Installing: /home/rizo/ros2_intro/install/ros2_debug_logging/share/ros2_debug_logging/launch
-- Installing: /home/rizo/ros2_intro/install/ros2_debug_logging/share/ros2_debug_logging/launch/logging_basic_launch.py
-- Installing: /home/rizo/ros2_intro/install/ros2_debug_logging/share/ament_index/resource_index/package_run_dependencies/ros2_debug_logging
-- Installing: /home/rizo/ros2_intro/install/ros2_debug_logging/share/ament_index/resource_index/parent_prefix_path/ros2_debug_logging
-- Installing: /home/rizo/ros2_intro/install/ros2_debug_logging/share/ros2_debug_logging/environment/ament_prefix_path.sh
-- Installing: /home/rizo/ros2_intro/install/ros2_debug_logging/share/ros2_debug_logging/environment/ament_prefix_path.dsv
-- Installing: /home/rizo/ros2_intro/install/ros2_debug_logging/share/ros2_debug_logging/environment/path.sh
-- Installing: /home/rizo/ros2_intro/install/ros2_debug_logging/share/ros2_debug_logging/environment/path.dsv
-- Installing: /home/rizo/ros2_intro/install/ros2_debug_logging/share/ros2_debug_logging/local_setup.bash
-- Installing: /home/rizo/ros2_intro/install/ros2_debug_logging/share/ros2_debug_logging/local_setup.sh
-- Installing: /home/rizo/ros2_intro/install/ros2_debug_logging/share/ros2_debug_logging/local_setup.zsh
-- Installing: /home/rizo/ros2_intro/install/ros2_debug_logging/share/ros2_debug_logging/local_setup.dsv
-- Installing: /home/rizo/ros2_intro/install/ros2_debug_logging/share/ros2_debug_logging/package.dsv
-- Installing: /home/rizo/ros2_intro/install/ros2_debug_logging/share/ament_index/resource_index/packages/ros2_debug_logging
-- Installing: /home/rizo/ros2_intro/install/ros2_debug_logging/share/ros2_debug_logging/cmake/ament_cmake_export_include_directories-extras.cmake
-- Installing: /home/rizo/ros2_intro/install/ros2_debug_logging/share/ros2_debug_logging/cmake/ament_cmake_export_dependencies-extras.cmake
-- Installing: /home/rizo/ros2_intro/install/ros2_debug_logging/share/ros2_debug_logging/cmake/ros2_debug_loggingConfig.cmake
-- Installing: /home/rizo/ros2_intro/install/ros2_debug_logging/share/ros2_debug_logging/cmake/ros2_debug_loggingConfig-version.cmake
-- Installing: /home/rizo/ros2_intro/install/ros2_debug_logging/share/ros2_debug_logging/package.xml
