[0.023s] Invoking command in '/home/rizo/ros2_intro/build/ros2_debug_logging': CMAKE_PREFIX_PATH=${CMAKE_PREFIX_PATH}:/home/rizo/iros/install/hagen_robot_diff_drive:/home/rizo/iros/install/hagen_robot_controller:/opt/ros/humble /usr/bin/cmake /home/rizo/ros2_intro/ros2_debug_logging -DCMAKE_INSTALL_PREFIX=/home/rizo/ros2_intro/install/ros2_debug_logging
[0.063s] -- The C compiler identification is GNU 11.3.0
[0.107s] -- The CXX compiler identification is GNU 11.3.0
[0.112s] -- Detecting C compiler ABI info
[0.157s] -- Detecting C compiler ABI info - done
[0.163s] -- Check for working C compiler: /usr/bin/cc - skipped
[0.163s] -- Detecting C compile features
[0.164s] -- Detecting C compile features - done
[0.166s] -- Detecting CXX compiler ABI info
[0.225s] -- Detecting CXX compiler ABI info - done
[0.237s] -- Check for working CXX compiler: /usr/bin/c++ - skipped
[0.238s] -- Detecting CXX compile features
[0.238s] -- Detecting CXX compile features - done
[0.241s] -- Found ament_cmake: 1.3.4 (/opt/ros/humble/share/ament_cmake/cmake)
[0.380s] -- Found Python3: /usr/bin/python3.10 (found version "3.10.6") found components: Interpreter 
[0.458s] -- Found rclcpp: 16.0.4 (/opt/ros/humble/share/rclcpp/cmake)
[0.496s] -- Found rosidl_generator_c: 3.1.4 (/opt/ros/humble/share/rosidl_generator_c/cmake)
[0.501s] -- Found rosidl_adapter: 3.1.4 (/opt/ros/humble/share/rosidl_adapter/cmake)
[0.510s] -- Found rosidl_generator_cpp: 3.1.4 (/opt/ros/humble/share/rosidl_generator_cpp/cmake)
[0.524s] -- Using all available rosidl_typesupport_c: rosidl_typesupport_fastrtps_c;rosidl_typesupport_introspection_c
[0.543s] -- Using all available rosidl_typesupport_cpp: rosidl_typesupport_fastrtps_cpp;rosidl_typesupport_introspection_cpp
[0.611s] -- Found rmw_implementation_cmake: 6.1.1 (/opt/ros/humble/share/rmw_implementation_cmake/cmake)
[0.613s] -- Found rmw_fastrtps_cpp: 6.2.2 (/opt/ros/humble/share/rmw_fastrtps_cpp/cmake)
[0.693s] -- Found OpenSSL: /usr/lib/x86_64-linux-gnu/libcrypto.so (found version "3.0.2")  
[0.720s] -- Found FastRTPS: /opt/ros/humble/include  
[0.774s] -- Using RMW implementation 'rmw_fastrtps_cpp' as default
[0.782s] -- Looking for pthread.h
[0.838s] -- Looking for pthread.h - found
[0.839s] -- Performing Test CMAKE_HAVE_LIBC_PTHREAD
[0.893s] -- Performing Test CMAKE_HAVE_LIBC_PTHREAD - Success
[0.894s] -- Found Threads: TRUE  
[1.097s] -- Configuring done
[1.103s] -- Generating done
[1.104s] -- Build files have been written to: /home/rizo/ros2_intro/build/ros2_debug_logging
[1.112s] Invoked command in '/home/rizo/ros2_intro/build/ros2_debug_logging' returned '0': CMAKE_PREFIX_PATH=${CMAKE_PREFIX_PATH}:/home/rizo/iros/install/hagen_robot_diff_drive:/home/rizo/iros/install/hagen_robot_controller:/opt/ros/humble /usr/bin/cmake /home/rizo/ros2_intro/ros2_debug_logging -DCMAKE_INSTALL_PREFIX=/home/rizo/ros2_intro/install/ros2_debug_logging
[1.113s] Invoking command in '/home/rizo/ros2_intro/build/ros2_debug_logging': CMAKE_PREFIX_PATH=${CMAKE_PREFIX_PATH}:/home/rizo/iros/install/hagen_robot_diff_drive:/home/rizo/iros/install/hagen_robot_controller:/opt/ros/humble /usr/bin/cmake --build /home/rizo/ros2_intro/build/ros2_debug_logging -- -j12 -l12
[1.146s] [ 50%] [32mBuilding CXX object CMakeFiles/logging_basic.dir/src/logging_basic_todo.cpp.o[0m
[5.752s] [100%] [32m[1mLinking CXX executable logging_basic[0m
[5.944s] [100%] Built target logging_basic
[5.955s] Invoked command in '/home/rizo/ros2_intro/build/ros2_debug_logging' returned '0': CMAKE_PREFIX_PATH=${CMAKE_PREFIX_PATH}:/home/rizo/iros/install/hagen_robot_diff_drive:/home/rizo/iros/install/hagen_robot_controller:/opt/ros/humble /usr/bin/cmake --build /home/rizo/ros2_intro/build/ros2_debug_logging -- -j12 -l12
[5.978s] Invoking command in '/home/rizo/ros2_intro/build/ros2_debug_logging': CMAKE_PREFIX_PATH=${CMAKE_PREFIX_PATH}:/home/rizo/iros/install/hagen_robot_diff_drive:/home/rizo/iros/install/hagen_robot_controller:/opt/ros/humble /usr/bin/cmake --install /home/rizo/ros2_intro/build/ros2_debug_logging
[5.985s] -- Install configuration: ""
[5.986s] -- Installing: /home/rizo/ros2_intro/install/ros2_debug_logging/lib/ros2_debug_logging/logging_basic
[5.986s] -- Set runtime path of "/home/rizo/ros2_intro/install/ros2_debug_logging/lib/ros2_debug_logging/logging_basic" to ""
[5.986s] -- Installing: /home/rizo/ros2_intro/install/ros2_debug_logging/share/ros2_debug_logging/launch
[5.986s] -- Installing: /home/rizo/ros2_intro/install/ros2_debug_logging/share/ros2_debug_logging/launch/logging_basic_launch.py
[5.987s] -- Installing: /home/rizo/ros2_intro/install/ros2_debug_logging/share/ament_index/resource_index/package_run_dependencies/ros2_debug_logging
[5.987s] -- Installing: /home/rizo/ros2_intro/install/ros2_debug_logging/share/ament_index/resource_index/parent_prefix_path/ros2_debug_logging
[5.987s] -- Installing: /home/rizo/ros2_intro/install/ros2_debug_logging/share/ros2_debug_logging/environment/ament_prefix_path.sh
[5.987s] -- Installing: /home/rizo/ros2_intro/install/ros2_debug_logging/share/ros2_debug_logging/environment/ament_prefix_path.dsv
[5.987s] -- Installing: /home/rizo/ros2_intro/install/ros2_debug_logging/share/ros2_debug_logging/environment/path.sh
[5.987s] -- Installing: /home/rizo/ros2_intro/install/ros2_debug_logging/share/ros2_debug_logging/environment/path.dsv
[5.988s] -- Installing: /home/rizo/ros2_intro/install/ros2_debug_logging/share/ros2_debug_logging/local_setup.bash
[5.988s] -- Installing: /home/rizo/ros2_intro/install/ros2_debug_logging/share/ros2_debug_logging/local_setup.sh
[5.988s] -- Installing: /home/rizo/ros2_intro/install/ros2_debug_logging/share/ros2_debug_logging/local_setup.zsh
[5.988s] -- Installing: /home/rizo/ros2_intro/install/ros2_debug_logging/share/ros2_debug_logging/local_setup.dsv
[5.988s] -- Installing: /home/rizo/ros2_intro/install/ros2_debug_logging/share/ros2_debug_logging/package.dsv
[5.988s] -- Installing: /home/rizo/ros2_intro/install/ros2_debug_logging/share/ament_index/resource_index/packages/ros2_debug_logging
[5.989s] -- Installing: /home/rizo/ros2_intro/install/ros2_debug_logging/share/ros2_debug_logging/cmake/ament_cmake_export_include_directories-extras.cmake
[5.989s] -- Installing: /home/rizo/ros2_intro/install/ros2_debug_logging/share/ros2_debug_logging/cmake/ament_cmake_export_dependencies-extras.cmake
[5.989s] -- Installing: /home/rizo/ros2_intro/install/ros2_debug_logging/share/ros2_debug_logging/cmake/ros2_debug_loggingConfig.cmake
[5.989s] -- Installing: /home/rizo/ros2_intro/install/ros2_debug_logging/share/ros2_debug_logging/cmake/ros2_debug_loggingConfig-version.cmake
[5.989s] -- Installing: /home/rizo/ros2_intro/install/ros2_debug_logging/share/ros2_debug_logging/package.xml
[5.993s] Invoked command in '/home/rizo/ros2_intro/build/ros2_debug_logging' returned '0': CMAKE_PREFIX_PATH=${CMAKE_PREFIX_PATH}:/home/rizo/iros/install/hagen_robot_diff_drive:/home/rizo/iros/install/hagen_robot_controller:/opt/ros/humble /usr/bin/cmake --install /home/rizo/ros2_intro/build/ros2_debug_logging
