[0.019s] Invoking command in '/home/rizo/iros/src/ros2_intro/homework/homework2/build/buggy': CMAKE_PREFIX_PATH=${CMAKE_PREFIX_PATH}:/home/rizo/iros/install/launch_testing_examples:/home/rizo/iros/install/hagen_robot_diff_drive:/home/rizo/iros/install/hagen_robot_controller:/home/rizo/iros/install/examples_rclpy_pointcloud_publisher:/home/rizo/iros/install/examples_rclpy_minimal_subscriber:/home/rizo/iros/install/examples_rclpy_minimal_service:/home/rizo/iros/install/examples_rclpy_minimal_publisher:/home/rizo/iros/install/examples_rclpy_minimal_client:/home/rizo/iros/install/examples_rclpy_minimal_action_server:/home/rizo/iros/install/examples_rclpy_minimal_action_client:/home/rizo/iros/install/examples_rclpy_guard_conditions:/home/rizo/iros/install/examples_rclpy_executors:/opt/ros/humble /usr/bin/cmake --build /home/rizo/iros/src/ros2_intro/homework/homework2/build/buggy -- -j12 -l12
[0.064s] [  2%] Built target buggy__cpp
[0.067s] [ 11%] Built target buggy__rosidl_generator_c
[0.084s] [ 11%] Built target ament_cmake_python_copy_buggy
[0.113s] [ 23%] Built target buggy__rosidl_typesupport_c
[0.114s] [ 39%] Built target buggy__rosidl_typesupport_cpp
[0.114s] [ 39%] Built target buggy__rosidl_typesupport_introspection_cpp
[0.118s] [ 48%] Built target buggy__rosidl_typesupport_introspection_c
[0.118s] [ 67%] Built target buggy__rosidl_typesupport_fastrtps_c
[0.118s] [ 67%] Built target buggy__rosidl_typesupport_fastrtps_cpp
[0.147s] [ 67%] Built target buggy
[0.154s] [ 74%] [32mBuilding CXX object CMakeFiles/pub.dir/src/pub.cpp.o[0m
[0.154s] [ 74%] Built target sub
[0.172s] [ 76%] Built target buggy__py
[0.197s] [ 83%] Built target buggy__rosidl_generator_py
[0.231s] [ 93%] Built target buggy__rosidl_typesupport_c__pyext
[0.231s] [ 93%] Built target buggy__rosidl_typesupport_introspection_c__pyext
[0.231s] [ 97%] Built target buggy__rosidl_typesupport_fastrtps_c__pyext
[0.463s] running egg_info
[0.465s] writing buggy.egg-info/PKG-INFO
[0.465s] writing dependency_links to buggy.egg-info/dependency_links.txt
[0.465s] writing top-level names to buggy.egg-info/top_level.txt
[0.471s] reading manifest file 'buggy.egg-info/SOURCES.txt'
[0.472s] writing manifest file 'buggy.egg-info/SOURCES.txt'
[0.567s] [ 97%] Built target ament_cmake_python_build_buggy_egg
[4.680s] [100%] [32m[1mLinking CXX executable pub[0m
[4.919s] [100%] Built target pub
[4.936s] Invoked command in '/home/rizo/iros/src/ros2_intro/homework/homework2/build/buggy' returned '0': CMAKE_PREFIX_PATH=${CMAKE_PREFIX_PATH}:/home/rizo/iros/install/launch_testing_examples:/home/rizo/iros/install/hagen_robot_diff_drive:/home/rizo/iros/install/hagen_robot_controller:/home/rizo/iros/install/examples_rclpy_pointcloud_publisher:/home/rizo/iros/install/examples_rclpy_minimal_subscriber:/home/rizo/iros/install/examples_rclpy_minimal_service:/home/rizo/iros/install/examples_rclpy_minimal_publisher:/home/rizo/iros/install/examples_rclpy_minimal_client:/home/rizo/iros/install/examples_rclpy_minimal_action_server:/home/rizo/iros/install/examples_rclpy_minimal_action_client:/home/rizo/iros/install/examples_rclpy_guard_conditions:/home/rizo/iros/install/examples_rclpy_executors:/opt/ros/humble /usr/bin/cmake --build /home/rizo/iros/src/ros2_intro/homework/homework2/build/buggy -- -j12 -l12
[5.022s] Invoking command in '/home/rizo/iros/src/ros2_intro/homework/homework2/build/buggy': CMAKE_PREFIX_PATH=${CMAKE_PREFIX_PATH}:/home/rizo/iros/install/launch_testing_examples:/home/rizo/iros/install/hagen_robot_diff_drive:/home/rizo/iros/install/hagen_robot_controller:/home/rizo/iros/install/examples_rclpy_pointcloud_publisher:/home/rizo/iros/install/examples_rclpy_minimal_subscriber:/home/rizo/iros/install/examples_rclpy_minimal_service:/home/rizo/iros/install/examples_rclpy_minimal_publisher:/home/rizo/iros/install/examples_rclpy_minimal_client:/home/rizo/iros/install/examples_rclpy_minimal_action_server:/home/rizo/iros/install/examples_rclpy_minimal_action_client:/home/rizo/iros/install/examples_rclpy_guard_conditions:/home/rizo/iros/install/examples_rclpy_executors:/opt/ros/humble /usr/bin/cmake --install /home/rizo/iros/src/ros2_intro/homework/homework2/build/buggy
[5.032s] -- Install configuration: ""
[5.032s] -- Up-to-date: /home/rizo/iros/src/ros2_intro/homework/homework2/install/buggy/share/ament_index/resource_index/rosidl_interfaces/buggy
[5.032s] -- Up-to-date: /home/rizo/iros/src/ros2_intro/homework/homework2/install/buggy/include/buggy/buggy
[5.032s] -- Up-to-date: /home/rizo/iros/src/ros2_intro/homework/homework2/install/buggy/include/buggy/buggy/srv
[5.032s] -- Up-to-date: /home/rizo/iros/src/ros2_intro/homework/homework2/install/buggy/include/buggy/buggy/srv/detail
[5.032s] -- Up-to-date: /home/rizo/iros/src/ros2_intro/homework/homework2/install/buggy/include/buggy/buggy/srv/detail/custom_srv__functions.c
[5.033s] -- Up-to-date: /home/rizo/iros/src/ros2_intro/homework/homework2/install/buggy/include/buggy/buggy/srv/detail/custom_srv__type_support.h
[5.033s] -- Up-to-date: /home/rizo/iros/src/ros2_intro/homework/homework2/install/buggy/include/buggy/buggy/srv/detail/custom_srv__struct.h
[5.033s] -- Up-to-date: /home/rizo/iros/src/ros2_intro/homework/homework2/install/buggy/include/buggy/buggy/srv/detail/custom_srv__functions.h
[5.033s] -- Up-to-date: /home/rizo/iros/src/ros2_intro/homework/homework2/install/buggy/include/buggy/buggy/srv/custom_srv.h
[5.033s] -- Up-to-date: /home/rizo/iros/src/ros2_intro/homework/homework2/install/buggy/include/buggy/buggy/msg
[5.033s] -- Up-to-date: /home/rizo/iros/src/ros2_intro/homework/homework2/install/buggy/include/buggy/buggy/msg/custom_msg.h
[5.033s] -- Up-to-date: /home/rizo/iros/src/ros2_intro/homework/homework2/install/buggy/include/buggy/buggy/msg/detail
[5.033s] -- Up-to-date: /home/rizo/iros/src/ros2_intro/homework/homework2/install/buggy/include/buggy/buggy/msg/detail/custom_msg__struct.h
[5.034s] -- Up-to-date: /home/rizo/iros/src/ros2_intro/homework/homework2/install/buggy/include/buggy/buggy/msg/detail/custom_msg__type_support.h
[5.034s] -- Up-to-date: /home/rizo/iros/src/ros2_intro/homework/homework2/install/buggy/include/buggy/buggy/msg/detail/custom_msg__functions.c
[5.034s] -- Up-to-date: /home/rizo/iros/src/ros2_intro/homework/homework2/install/buggy/include/buggy/buggy/msg/detail/custom_msg__functions.h
[5.034s] -- Up-to-date: /home/rizo/iros/src/ros2_intro/homework/homework2/install/buggy/include/buggy/buggy/msg/rosidl_generator_c__visibility_control.h
[5.034s] -- Up-to-date: /home/rizo/iros/src/ros2_intro/homework/homework2/install/buggy/share/buggy/environment/library_path.sh
[5.034s] -- Up-to-date: /home/rizo/iros/src/ros2_intro/homework/homework2/install/buggy/share/buggy/environment/library_path.dsv
[5.034s] -- Up-to-date: /home/rizo/iros/src/ros2_intro/homework/homework2/install/buggy/lib/libbuggy__rosidl_generator_c.so
[5.035s] -- Up-to-date: /home/rizo/iros/src/ros2_intro/homework/homework2/install/buggy/include/buggy/buggy
[5.035s] -- Up-to-date: /home/rizo/iros/src/ros2_intro/homework/homework2/install/buggy/include/buggy/buggy/srv
[5.035s] -- Up-to-date: /home/rizo/iros/src/ros2_intro/homework/homework2/install/buggy/include/buggy/buggy/srv/detail
[5.035s] -- Up-to-date: /home/rizo/iros/src/ros2_intro/homework/homework2/install/buggy/include/buggy/buggy/srv/detail/custom_srv__rosidl_typesupport_fastrtps_c.h
[5.035s] -- Up-to-date: /home/rizo/iros/src/ros2_intro/homework/homework2/install/buggy/include/buggy/buggy/msg
[5.035s] -- Up-to-date: /home/rizo/iros/src/ros2_intro/homework/homework2/install/buggy/include/buggy/buggy/msg/detail
[5.036s] -- Up-to-date: /home/rizo/iros/src/ros2_intro/homework/homework2/install/buggy/include/buggy/buggy/msg/detail/custom_msg__rosidl_typesupport_fastrtps_c.h
[5.036s] -- Up-to-date: /home/rizo/iros/src/ros2_intro/homework/homework2/install/buggy/include/buggy/buggy/msg/rosidl_typesupport_fastrtps_c__visibility_control.h
[5.036s] -- Up-to-date: /home/rizo/iros/src/ros2_intro/homework/homework2/install/buggy/lib/libbuggy__rosidl_typesupport_fastrtps_c.so
[5.036s] -- Up-to-date: /home/rizo/iros/src/ros2_intro/homework/homework2/install/buggy/include/buggy/buggy
[5.036s] -- Up-to-date: /home/rizo/iros/src/ros2_intro/homework/homework2/install/buggy/include/buggy/buggy/srv
[5.036s] -- Up-to-date: /home/rizo/iros/src/ros2_intro/homework/homework2/install/buggy/include/buggy/buggy/srv/detail
[5.037s] -- Up-to-date: /home/rizo/iros/src/ros2_intro/homework/homework2/install/buggy/include/buggy/buggy/srv/detail/custom_srv__builder.hpp
[5.037s] -- Up-to-date: /home/rizo/iros/src/ros2_intro/homework/homework2/install/buggy/include/buggy/buggy/srv/detail/custom_srv__traits.hpp
[5.037s] -- Up-to-date: /home/rizo/iros/src/ros2_intro/homework/homework2/install/buggy/include/buggy/buggy/srv/detail/custom_srv__struct.hpp
[5.037s] -- Up-to-date: /home/rizo/iros/src/ros2_intro/homework/homework2/install/buggy/include/buggy/buggy/srv/custom_srv.hpp
[5.037s] -- Up-to-date: /home/rizo/iros/src/ros2_intro/homework/homework2/install/buggy/include/buggy/buggy/msg
[5.037s] -- Up-to-date: /home/rizo/iros/src/ros2_intro/homework/homework2/install/buggy/include/buggy/buggy/msg/detail
[5.037s] -- Up-to-date: /home/rizo/iros/src/ros2_intro/homework/homework2/install/buggy/include/buggy/buggy/msg/detail/custom_msg__struct.hpp
[5.038s] -- Up-to-date: /home/rizo/iros/src/ros2_intro/homework/homework2/install/buggy/include/buggy/buggy/msg/detail/custom_msg__traits.hpp
[5.038s] -- Up-to-date: /home/rizo/iros/src/ros2_intro/homework/homework2/install/buggy/include/buggy/buggy/msg/detail/custom_msg__builder.hpp
[5.038s] -- Up-to-date: /home/rizo/iros/src/ros2_intro/homework/homework2/install/buggy/include/buggy/buggy/msg/custom_msg.hpp
[5.038s] -- Up-to-date: /home/rizo/iros/src/ros2_intro/homework/homework2/install/buggy/include/buggy/buggy
[5.038s] -- Up-to-date: /home/rizo/iros/src/ros2_intro/homework/homework2/install/buggy/include/buggy/buggy/srv
[5.038s] -- Up-to-date: /home/rizo/iros/src/ros2_intro/homework/homework2/install/buggy/include/buggy/buggy/srv/detail
[5.038s] -- Up-to-date: /home/rizo/iros/src/ros2_intro/homework/homework2/install/buggy/include/buggy/buggy/srv/detail/dds_fastrtps
[5.038s] -- Up-to-date: /home/rizo/iros/src/ros2_intro/homework/homework2/install/buggy/include/buggy/buggy/srv/detail/custom_srv__rosidl_typesupport_fastrtps_cpp.hpp
[5.038s] -- Up-to-date: /home/rizo/iros/src/ros2_intro/homework/homework2/install/buggy/include/buggy/buggy/msg
[5.039s] -- Up-to-date: /home/rizo/iros/src/ros2_intro/homework/homework2/install/buggy/include/buggy/buggy/msg/rosidl_typesupport_fastrtps_cpp__visibility_control.h
[5.039s] -- Up-to-date: /home/rizo/iros/src/ros2_intro/homework/homework2/install/buggy/include/buggy/buggy/msg/detail
[5.039s] -- Up-to-date: /home/rizo/iros/src/ros2_intro/homework/homework2/install/buggy/include/buggy/buggy/msg/detail/dds_fastrtps
[5.039s] -- Up-to-date: /home/rizo/iros/src/ros2_intro/homework/homework2/install/buggy/include/buggy/buggy/msg/detail/custom_msg__rosidl_typesupport_fastrtps_cpp.hpp
[5.039s] -- Up-to-date: /home/rizo/iros/src/ros2_intro/homework/homework2/install/buggy/lib/libbuggy__rosidl_typesupport_fastrtps_cpp.so
[5.039s] -- Up-to-date: /home/rizo/iros/src/ros2_intro/homework/homework2/install/buggy/include/buggy/buggy
[5.039s] -- Up-to-date: /home/rizo/iros/src/ros2_intro/homework/homework2/install/buggy/include/buggy/buggy/srv
[5.039s] -- Up-to-date: /home/rizo/iros/src/ros2_intro/homework/homework2/install/buggy/include/buggy/buggy/srv/detail
[5.039s] -- Up-to-date: /home/rizo/iros/src/ros2_intro/homework/homework2/install/buggy/include/buggy/buggy/srv/detail/custom_srv__type_support.c
[5.039s] -- Up-to-date: /home/rizo/iros/src/ros2_intro/homework/homework2/install/buggy/include/buggy/buggy/srv/detail/custom_srv__rosidl_typesupport_introspection_c.h
[5.039s] -- Up-to-date: /home/rizo/iros/src/ros2_intro/homework/homework2/install/buggy/include/buggy/buggy/msg
[5.039s] -- Up-to-date: /home/rizo/iros/src/ros2_intro/homework/homework2/install/buggy/include/buggy/buggy/msg/detail
[5.039s] -- Up-to-date: /home/rizo/iros/src/ros2_intro/homework/homework2/install/buggy/include/buggy/buggy/msg/detail/custom_msg__type_support.c
[5.040s] -- Up-to-date: /home/rizo/iros/src/ros2_intro/homework/homework2/install/buggy/include/buggy/buggy/msg/detail/custom_msg__rosidl_typesupport_introspection_c.h
[5.040s] -- Up-to-date: /home/rizo/iros/src/ros2_intro/homework/homework2/install/buggy/include/buggy/buggy/msg/rosidl_typesupport_introspection_c__visibility_control.h
[5.040s] -- Up-to-date: /home/rizo/iros/src/ros2_intro/homework/homework2/install/buggy/lib/libbuggy__rosidl_typesupport_introspection_c.so
[5.040s] -- Up-to-date: /home/rizo/iros/src/ros2_intro/homework/homework2/install/buggy/lib/libbuggy__rosidl_typesupport_c.so
[5.040s] -- Up-to-date: /home/rizo/iros/src/ros2_intro/homework/homework2/install/buggy/include/buggy/buggy
[5.040s] -- Up-to-date: /home/rizo/iros/src/ros2_intro/homework/homework2/install/buggy/include/buggy/buggy/srv
[5.040s] -- Up-to-date: /home/rizo/iros/src/ros2_intro/homework/homework2/install/buggy/include/buggy/buggy/srv/detail
[5.040s] -- Up-to-date: /home/rizo/iros/src/ros2_intro/homework/homework2/install/buggy/include/buggy/buggy/srv/detail/custom_srv__type_support.cpp
[5.040s] -- Up-to-date: /home/rizo/iros/src/ros2_intro/homework/homework2/install/buggy/include/buggy/buggy/srv/detail/custom_srv__rosidl_typesupport_introspection_cpp.hpp
[5.040s] -- Up-to-date: /home/rizo/iros/src/ros2_intro/homework/homework2/install/buggy/include/buggy/buggy/msg
[5.040s] -- Up-to-date: /home/rizo/iros/src/ros2_intro/homework/homework2/install/buggy/include/buggy/buggy/msg/detail
[5.040s] -- Up-to-date: /home/rizo/iros/src/ros2_intro/homework/homework2/install/buggy/include/buggy/buggy/msg/detail/custom_msg__type_support.cpp
[5.040s] -- Up-to-date: /home/rizo/iros/src/ros2_intro/homework/homework2/install/buggy/include/buggy/buggy/msg/detail/custom_msg__rosidl_typesupport_introspection_cpp.hpp
[5.041s] -- Up-to-date: /home/rizo/iros/src/ros2_intro/homework/homework2/install/buggy/lib/libbuggy__rosidl_typesupport_introspection_cpp.so
[5.041s] -- Up-to-date: /home/rizo/iros/src/ros2_intro/homework/homework2/install/buggy/lib/libbuggy__rosidl_typesupport_cpp.so
[5.041s] -- Up-to-date: /home/rizo/iros/src/ros2_intro/homework/homework2/install/buggy/share/buggy/environment/pythonpath.sh
[5.041s] -- Up-to-date: /home/rizo/iros/src/ros2_intro/homework/homework2/install/buggy/share/buggy/environment/pythonpath.dsv
[5.041s] -- Up-to-date: /home/rizo/iros/src/ros2_intro/homework/homework2/install/buggy/local/lib/python3.10/dist-packages/buggy-0.0.0-py3.10.egg-info
[5.041s] -- Installing: /home/rizo/iros/src/ros2_intro/homework/homework2/install/buggy/local/lib/python3.10/dist-packages/buggy-0.0.0-py3.10.egg-info/SOURCES.txt
[5.041s] -- Installing: /home/rizo/iros/src/ros2_intro/homework/homework2/install/buggy/local/lib/python3.10/dist-packages/buggy-0.0.0-py3.10.egg-info/PKG-INFO
[5.041s] -- Installing: /home/rizo/iros/src/ros2_intro/homework/homework2/install/buggy/local/lib/python3.10/dist-packages/buggy-0.0.0-py3.10.egg-info/top_level.txt
[5.041s] -- Installing: /home/rizo/iros/src/ros2_intro/homework/homework2/install/buggy/local/lib/python3.10/dist-packages/buggy-0.0.0-py3.10.egg-info/dependency_links.txt
[5.041s] -- Up-to-date: /home/rizo/iros/src/ros2_intro/homework/homework2/install/buggy/local/lib/python3.10/dist-packages/buggy
[5.041s] -- Up-to-date: /home/rizo/iros/src/ros2_intro/homework/homework2/install/buggy/local/lib/python3.10/dist-packages/buggy/_buggy_s.ep.rosidl_typesupport_fastrtps_c.c
[5.041s] -- Up-to-date: /home/rizo/iros/src/ros2_intro/homework/homework2/install/buggy/local/lib/python3.10/dist-packages/buggy/buggy_s__rosidl_typesupport_fastrtps_c.cpython-310-x86_64-linux-gnu.so
[5.042s] -- Up-to-date: /home/rizo/iros/src/ros2_intro/homework/homework2/install/buggy/local/lib/python3.10/dist-packages/buggy/_buggy_s.ep.rosidl_typesupport_introspection_c.c
[5.042s] -- Up-to-date: /home/rizo/iros/src/ros2_intro/homework/homework2/install/buggy/local/lib/python3.10/dist-packages/buggy/__init__.py
[5.042s] -- Up-to-date: /home/rizo/iros/src/ros2_intro/homework/homework2/install/buggy/local/lib/python3.10/dist-packages/buggy/buggy_s__rosidl_typesupport_c.cpython-310-x86_64-linux-gnu.so
[5.042s] -- Up-to-date: /home/rizo/iros/src/ros2_intro/homework/homework2/install/buggy/local/lib/python3.10/dist-packages/buggy/libbuggy__rosidl_generator_py.so
[5.042s] -- Up-to-date: /home/rizo/iros/src/ros2_intro/homework/homework2/install/buggy/local/lib/python3.10/dist-packages/buggy/buggy_s__rosidl_typesupport_introspection_c.cpython-310-x86_64-linux-gnu.so
[5.042s] -- Up-to-date: /home/rizo/iros/src/ros2_intro/homework/homework2/install/buggy/local/lib/python3.10/dist-packages/buggy/srv
[5.042s] -- Up-to-date: /home/rizo/iros/src/ros2_intro/homework/homework2/install/buggy/local/lib/python3.10/dist-packages/buggy/srv/__init__.py
[5.042s] -- Up-to-date: /home/rizo/iros/src/ros2_intro/homework/homework2/install/buggy/local/lib/python3.10/dist-packages/buggy/srv/_custom_srv_s.c
[5.042s] -- Up-to-date: /home/rizo/iros/src/ros2_intro/homework/homework2/install/buggy/local/lib/python3.10/dist-packages/buggy/srv/_custom_srv.py
[5.042s] -- Up-to-date: /home/rizo/iros/src/ros2_intro/homework/homework2/install/buggy/local/lib/python3.10/dist-packages/buggy/msg
[5.042s] -- Up-to-date: /home/rizo/iros/src/ros2_intro/homework/homework2/install/buggy/local/lib/python3.10/dist-packages/buggy/msg/_custom_msg.py
[5.042s] -- Up-to-date: /home/rizo/iros/src/ros2_intro/homework/homework2/install/buggy/local/lib/python3.10/dist-packages/buggy/msg/_custom_msg_s.c
[5.042s] -- Up-to-date: /home/rizo/iros/src/ros2_intro/homework/homework2/install/buggy/local/lib/python3.10/dist-packages/buggy/msg/__init__.py
[5.042s] -- Up-to-date: /home/rizo/iros/src/ros2_intro/homework/homework2/install/buggy/local/lib/python3.10/dist-packages/buggy/_buggy_s.ep.rosidl_typesupport_c.c
[5.092s] Listing '/home/rizo/iros/src/ros2_intro/homework/homework2/install/buggy/local/lib/python3.10/dist-packages/buggy'...
[5.092s] Listing '/home/rizo/iros/src/ros2_intro/homework/homework2/install/buggy/local/lib/python3.10/dist-packages/buggy/msg'...
[5.092s] Listing '/home/rizo/iros/src/ros2_intro/homework/homework2/install/buggy/local/lib/python3.10/dist-packages/buggy/srv'...
[5.098s] -- Up-to-date: /home/rizo/iros/src/ros2_intro/homework/homework2/install/buggy/local/lib/python3.10/dist-packages/buggy/buggy_s__rosidl_typesupport_fastrtps_c.cpython-310-x86_64-linux-gnu.so
[5.098s] -- Up-to-date: /home/rizo/iros/src/ros2_intro/homework/homework2/install/buggy/local/lib/python3.10/dist-packages/buggy/buggy_s__rosidl_typesupport_introspection_c.cpython-310-x86_64-linux-gnu.so
[5.098s] -- Up-to-date: /home/rizo/iros/src/ros2_intro/homework/homework2/install/buggy/local/lib/python3.10/dist-packages/buggy/buggy_s__rosidl_typesupport_c.cpython-310-x86_64-linux-gnu.so
[5.099s] -- Up-to-date: /home/rizo/iros/src/ros2_intro/homework/homework2/install/buggy/lib/libbuggy__rosidl_generator_py.so
[5.099s] -- Up-to-date: /home/rizo/iros/src/ros2_intro/homework/homework2/install/buggy/share/buggy/msg/CustomMsg.idl
[5.099s] -- Up-to-date: /home/rizo/iros/src/ros2_intro/homework/homework2/install/buggy/share/buggy/srv/CustomSrv.idl
[5.099s] -- Up-to-date: /home/rizo/iros/src/ros2_intro/homework/homework2/install/buggy/share/buggy/msg/CustomMsg.msg
[5.099s] -- Up-to-date: /home/rizo/iros/src/ros2_intro/homework/homework2/install/buggy/share/buggy/srv/CustomSrv.srv
[5.099s] -- Up-to-date: /home/rizo/iros/src/ros2_intro/homework/homework2/install/buggy/share/buggy/srv/CustomSrv_Request.msg
[5.100s] -- Up-to-date: /home/rizo/iros/src/ros2_intro/homework/homework2/install/buggy/share/buggy/srv/CustomSrv_Response.msg
[5.100s] -- Up-to-date: /home/rizo/iros/src/ros2_intro/homework/homework2/install/buggy/lib/buggy/sub
[5.100s] -- Installing: /home/rizo/iros/src/ros2_intro/homework/homework2/install/buggy/lib/buggy/pub
[5.101s] -- Set runtime path of "/home/rizo/iros/src/ros2_intro/homework/homework2/install/buggy/lib/buggy/pub" to ""
[5.101s] -- Up-to-date: /home/rizo/iros/src/ros2_intro/homework/homework2/install/buggy/share/buggy/launch
[5.101s] -- Up-to-date: /home/rizo/iros/src/ros2_intro/homework/homework2/install/buggy/share/buggy/launch/test.launch.py
[5.102s] -- Up-to-date: /home/rizo/iros/src/ros2_intro/homework/homework2/install/buggy/share/ament_index/resource_index/package_run_dependencies/buggy
[5.102s] -- Up-to-date: /home/rizo/iros/src/ros2_intro/homework/homework2/install/buggy/share/ament_index/resource_index/parent_prefix_path/buggy
[5.102s] -- Up-to-date: /home/rizo/iros/src/ros2_intro/homework/homework2/install/buggy/share/buggy/environment/ament_prefix_path.sh
[5.102s] -- Up-to-date: /home/rizo/iros/src/ros2_intro/homework/homework2/install/buggy/share/buggy/environment/ament_prefix_path.dsv
[5.102s] -- Up-to-date: /home/rizo/iros/src/ros2_intro/homework/homework2/install/buggy/share/buggy/environment/path.sh
[5.102s] -- Up-to-date: /home/rizo/iros/src/ros2_intro/homework/homework2/install/buggy/share/buggy/environment/path.dsv
[5.103s] -- Up-to-date: /home/rizo/iros/src/ros2_intro/homework/homework2/install/buggy/share/buggy/local_setup.bash
[5.103s] -- Up-to-date: /home/rizo/iros/src/ros2_intro/homework/homework2/install/buggy/share/buggy/local_setup.sh
[5.103s] -- Up-to-date: /home/rizo/iros/src/ros2_intro/homework/homework2/install/buggy/share/buggy/local_setup.zsh
[5.103s] -- Up-to-date: /home/rizo/iros/src/ros2_intro/homework/homework2/install/buggy/share/buggy/local_setup.dsv
[5.103s] -- Installing: /home/rizo/iros/src/ros2_intro/homework/homework2/install/buggy/share/buggy/package.dsv
[5.104s] -- Up-to-date: /home/rizo/iros/src/ros2_intro/homework/homework2/install/buggy/share/ament_index/resource_index/packages/buggy
[5.104s] -- Up-to-date: /home/rizo/iros/src/ros2_intro/homework/homework2/install/buggy/share/buggy/cmake/export_buggy__rosidl_generator_cExport.cmake
[5.104s] -- Up-to-date: /home/rizo/iros/src/ros2_intro/homework/homework2/install/buggy/share/buggy/cmake/export_buggy__rosidl_generator_cExport-noconfig.cmake
[5.104s] -- Up-to-date: /home/rizo/iros/src/ros2_intro/homework/homework2/install/buggy/share/buggy/cmake/export_buggy__rosidl_typesupport_fastrtps_cExport.cmake
[5.104s] -- Up-to-date: /home/rizo/iros/src/ros2_intro/homework/homework2/install/buggy/share/buggy/cmake/export_buggy__rosidl_typesupport_fastrtps_cExport-noconfig.cmake
[5.104s] -- Up-to-date: /home/rizo/iros/src/ros2_intro/homework/homework2/install/buggy/share/buggy/cmake/export_buggy__rosidl_generator_cppExport.cmake
[5.105s] -- Up-to-date: /home/rizo/iros/src/ros2_intro/homework/homework2/install/buggy/share/buggy/cmake/export_buggy__rosidl_typesupport_fastrtps_cppExport.cmake
[5.105s] -- Up-to-date: /home/rizo/iros/src/ros2_intro/homework/homework2/install/buggy/share/buggy/cmake/export_buggy__rosidl_typesupport_fastrtps_cppExport-noconfig.cmake
[5.105s] -- Up-to-date: /home/rizo/iros/src/ros2_intro/homework/homework2/install/buggy/share/buggy/cmake/buggy__rosidl_typesupport_introspection_cExport.cmake
[5.105s] -- Up-to-date: /home/rizo/iros/src/ros2_intro/homework/homework2/install/buggy/share/buggy/cmake/buggy__rosidl_typesupport_introspection_cExport-noconfig.cmake
[5.105s] -- Up-to-date: /home/rizo/iros/src/ros2_intro/homework/homework2/install/buggy/share/buggy/cmake/buggy__rosidl_typesupport_cExport.cmake
[5.105s] -- Up-to-date: /home/rizo/iros/src/ros2_intro/homework/homework2/install/buggy/share/buggy/cmake/buggy__rosidl_typesupport_cExport-noconfig.cmake
[5.106s] -- Up-to-date: /home/rizo/iros/src/ros2_intro/homework/homework2/install/buggy/share/buggy/cmake/buggy__rosidl_typesupport_introspection_cppExport.cmake
[5.106s] -- Up-to-date: /home/rizo/iros/src/ros2_intro/homework/homework2/install/buggy/share/buggy/cmake/buggy__rosidl_typesupport_introspection_cppExport-noconfig.cmake
[5.107s] -- Up-to-date: /home/rizo/iros/src/ros2_intro/homework/homework2/install/buggy/share/buggy/cmake/buggy__rosidl_typesupport_cppExport.cmake
[5.107s] -- Up-to-date: /home/rizo/iros/src/ros2_intro/homework/homework2/install/buggy/share/buggy/cmake/buggy__rosidl_typesupport_cppExport-noconfig.cmake
[5.108s] -- Up-to-date: /home/rizo/iros/src/ros2_intro/homework/homework2/install/buggy/share/buggy/cmake/export_buggy__rosidl_generator_pyExport.cmake
[5.109s] -- Up-to-date: /home/rizo/iros/src/ros2_intro/homework/homework2/install/buggy/share/buggy/cmake/export_buggy__rosidl_generator_pyExport-noconfig.cmake
[5.109s] -- Up-to-date: /home/rizo/iros/src/ros2_intro/homework/homework2/install/buggy/share/buggy/cmake/rosidl_cmake-extras.cmake
[5.110s] -- Up-to-date: /home/rizo/iros/src/ros2_intro/homework/homework2/install/buggy/share/buggy/cmake/ament_cmake_export_dependencies-extras.cmake
[5.112s] -- Up-to-date: /home/rizo/iros/src/ros2_intro/homework/homework2/install/buggy/share/buggy/cmake/ament_cmake_export_include_directories-extras.cmake
[5.112s] -- Up-to-date: /home/rizo/iros/src/ros2_intro/homework/homework2/install/buggy/share/buggy/cmake/ament_cmake_export_libraries-extras.cmake
[5.112s] -- Up-to-date: /home/rizo/iros/src/ros2_intro/homework/homework2/install/buggy/share/buggy/cmake/ament_cmake_export_targets-extras.cmake
[5.113s] -- Up-to-date: /home/rizo/iros/src/ros2_intro/homework/homework2/install/buggy/share/buggy/cmake/rosidl_cmake_export_typesupport_targets-extras.cmake
[5.116s] -- Up-to-date: /home/rizo/iros/src/ros2_intro/homework/homework2/install/buggy/share/buggy/cmake/rosidl_cmake_export_typesupport_libraries-extras.cmake
[5.116s] -- Up-to-date: /home/rizo/iros/src/ros2_intro/homework/homework2/install/buggy/share/buggy/cmake/buggyConfig.cmake
[5.117s] -- Up-to-date: /home/rizo/iros/src/ros2_intro/homework/homework2/install/buggy/share/buggy/cmake/buggyConfig-version.cmake
[5.117s] -- Up-to-date: /home/rizo/iros/src/ros2_intro/homework/homework2/install/buggy/share/buggy/package.xml
[5.118s] Invoked command in '/home/rizo/iros/src/ros2_intro/homework/homework2/build/buggy' returned '0': CMAKE_PREFIX_PATH=${CMAKE_PREFIX_PATH}:/home/rizo/iros/install/launch_testing_examples:/home/rizo/iros/install/hagen_robot_diff_drive:/home/rizo/iros/install/hagen_robot_controller:/home/rizo/iros/install/examples_rclpy_pointcloud_publisher:/home/rizo/iros/install/examples_rclpy_minimal_subscriber:/home/rizo/iros/install/examples_rclpy_minimal_service:/home/rizo/iros/install/examples_rclpy_minimal_publisher:/home/rizo/iros/install/examples_rclpy_minimal_client:/home/rizo/iros/install/examples_rclpy_minimal_action_server:/home/rizo/iros/install/examples_rclpy_minimal_action_client:/home/rizo/iros/install/examples_rclpy_guard_conditions:/home/rizo/iros/install/examples_rclpy_executors:/opt/ros/humble /usr/bin/cmake --install /home/rizo/iros/src/ros2_intro/homework/homework2/build/buggy
