-- The C compiler identification is GNU 11.3.0
-- The CXX compiler identification is GNU 11.3.0
-- Detecting C compiler ABI info
-- Detecting C compiler ABI info - done
-- Check for working C compiler: /usr/bin/cc - skipped
-- Detecting C compile features
-- Detecting C compile features - done
-- Detecting CXX compiler ABI info
-- Detecting CXX compiler ABI info - done
-- Check for working CXX compiler: /usr/bin/c++ - skipped
-- Detecting CXX compile features
-- Detecting CXX compile features - done
-- Found ament_cmake: 1.3.4 (/opt/ros/humble/share/ament_cmake/cmake)
-- Found Python3: /usr/bin/python3.10 (found version "3.10.6") found components: Interpreter 
-- Found rclcpp: 16.0.4 (/opt/ros/humble/share/rclcpp/cmake)
-- Found rosidl_generator_c: 3.1.4 (/opt/ros/humble/share/rosidl_generator_c/cmake)
-- Found rosidl_adapter: 3.1.4 (/opt/ros/humble/share/rosidl_adapter/cmake)
-- Found rosidl_generator_cpp: 3.1.4 (/opt/ros/humble/share/rosidl_generator_cpp/cmake)
-- Using all available rosidl_typesupport_c: rosidl_typesupport_fastrtps_c;rosidl_typesupport_introspection_c
-- Using all available rosidl_typesupport_cpp: rosidl_typesupport_fastrtps_cpp;rosidl_typesupport_introspection_cpp
-- Found rmw_implementation_cmake: 6.1.1 (/opt/ros/humble/share/rmw_implementation_cmake/cmake)
-- Found rmw_fastrtps_cpp: 6.2.2 (/opt/ros/humble/share/rmw_fastrtps_cpp/cmake)
-- Found OpenSSL: /usr/lib/x86_64-linux-gnu/libcrypto.so (found version "3.0.2")  
-- Found FastRTPS: /opt/ros/humble/include  
-- Using RMW implementation 'rmw_fastrtps_cpp' as default
-- Looking for pthread.h
-- Looking for pthread.h - found
-- Performing Test CMAKE_HAVE_LIBC_PTHREAD
-- Performing Test CMAKE_HAVE_LIBC_PTHREAD - Success
-- Found Threads: TRUE  
-- Found std_srvs: 4.2.3 (/opt/ros/humble/share/std_srvs/cmake)
-- Found geometry_msgs: 4.2.3 (/opt/ros/humble/share/geometry_msgs/cmake)
-- Configuring done
-- Generating done
-- Build files have been written to: /home/rizo/ros2_intro/build/homework1
[ 50%] [32mBuilding CXX object CMakeFiles/commander_node.dir/src/commander_node.cpp.o[0m
[100%] [32m[1mLinking CXX executable commander_node[0m
[100%] Built target commander_node
-- Install configuration: ""
-- Installing: /home/rizo/ros2_intro/install/homework1/lib/homework1/commander_node
-- Set runtime path of "/home/rizo/ros2_intro/install/homework1/lib/homework1/commander_node" to ""
-- Installing: /home/rizo/ros2_intro/install/homework1/share/ament_index/resource_index/package_run_dependencies/homework1
-- Installing: /home/rizo/ros2_intro/install/homework1/share/ament_index/resource_index/parent_prefix_path/homework1
-- Installing: /home/rizo/ros2_intro/install/homework1/share/homework1/environment/ament_prefix_path.sh
-- Installing: /home/rizo/ros2_intro/install/homework1/share/homework1/environment/ament_prefix_path.dsv
-- Installing: /home/rizo/ros2_intro/install/homework1/share/homework1/environment/path.sh
-- Installing: /home/rizo/ros2_intro/install/homework1/share/homework1/environment/path.dsv
-- Installing: /home/rizo/ros2_intro/install/homework1/share/homework1/local_setup.bash
-- Installing: /home/rizo/ros2_intro/install/homework1/share/homework1/local_setup.sh
-- Installing: /home/rizo/ros2_intro/install/homework1/share/homework1/local_setup.zsh
-- Installing: /home/rizo/ros2_intro/install/homework1/share/homework1/local_setup.dsv
-- Installing: /home/rizo/ros2_intro/install/homework1/share/homework1/package.dsv
-- Installing: /home/rizo/ros2_intro/install/homework1/share/ament_index/resource_index/packages/homework1
-- Installing: /home/rizo/ros2_intro/install/homework1/share/homework1/cmake/ament_cmake_export_include_directories-extras.cmake
-- Installing: /home/rizo/ros2_intro/install/homework1/share/homework1/cmake/ament_cmake_export_dependencies-extras.cmake
-- Installing: /home/rizo/ros2_intro/install/homework1/share/homework1/cmake/homework1Config.cmake
-- Installing: /home/rizo/ros2_intro/install/homework1/share/homework1/cmake/homework1Config-version.cmake
-- Installing: /home/rizo/ros2_intro/install/homework1/share/homework1/package.xml
