[0.009s] Invoking command in '/home/rizo/edu/ros2_intro/build/homework1': CMAKE_PREFIX_PATH=${CMAKE_PREFIX_PATH}:/home/rizo/ros2_ws/install/my_py_pkg:/opt/ros/humble CONDA_PROMPT_MODIFIER=(base) /usr/bin/cmake /home/rizo/edu/ros2_intro/homework/homework1 -DCMAKE_INSTALL_PREFIX=/home/rizo/edu/ros2_intro/install/homework1
[0.057s] -- The C compiler identification is GNU 11.3.0
[0.100s] -- The CXX compiler identification is GNU 11.3.0
[0.110s] -- Detecting C compiler ABI info
[0.159s] -- Detecting C compiler ABI info - done
[0.165s] -- Check for working C compiler: /usr/bin/cc - skipped
[0.165s] -- Detecting C compile features
[0.166s] -- Detecting C compile features - done
[0.169s] -- Detecting CXX compiler ABI info
[0.224s] -- Detecting CXX compiler ABI info - done
[0.235s] -- Check for working CXX compiler: /usr/bin/c++ - skipped
[0.235s] -- Detecting CXX compile features
[0.236s] -- Detecting CXX compile features - done
[0.243s] -- Found ament_cmake: 1.3.4 (/opt/ros/humble/share/ament_cmake/cmake)
[0.397s] -- Found Python3: /home/rizo/anaconda3/bin/python3.10 (found version "3.10.9") found components: Interpreter 
[0.507s] -- Found rclcpp: 16.0.4 (/opt/ros/humble/share/rclcpp/cmake)
[0.553s] -- Found rosidl_generator_c: 3.1.4 (/opt/ros/humble/share/rosidl_generator_c/cmake)
[0.559s] -- Found rosidl_adapter: 3.1.4 (/opt/ros/humble/share/rosidl_adapter/cmake)
[0.570s] -- Found rosidl_generator_cpp: 3.1.4 (/opt/ros/humble/share/rosidl_generator_cpp/cmake)
[0.588s] -- Using all available rosidl_typesupport_c: rosidl_typesupport_fastrtps_c;rosidl_typesupport_introspection_c
[0.612s] -- Using all available rosidl_typesupport_cpp: rosidl_typesupport_fastrtps_cpp;rosidl_typesupport_introspection_cpp
[0.705s] -- Found rmw_implementation_cmake: 6.1.1 (/opt/ros/humble/share/rmw_implementation_cmake/cmake)
[0.709s] -- Found rmw_fastrtps_cpp: 6.2.2 (/opt/ros/humble/share/rmw_fastrtps_cpp/cmake)
[0.797s] -- Found OpenSSL: /usr/lib/x86_64-linux-gnu/libcrypto.so (found version "3.0.2")  
[0.820s] -- Found FastRTPS: /opt/ros/humble/include  
[0.857s] -- Using RMW implementation 'rmw_fastrtps_cpp' as default
[0.871s] -- Looking for pthread.h
[0.918s] -- Looking for pthread.h - found
[0.918s] -- Performing Test CMAKE_HAVE_LIBC_PTHREAD
[0.968s] -- Performing Test CMAKE_HAVE_LIBC_PTHREAD - Success
[0.969s] -- Found Threads: TRUE  
[1.131s] -- Found std_srvs: 4.2.3 (/opt/ros/humble/share/std_srvs/cmake)
[1.152s] -- Found geometry_msgs: 4.2.3 (/opt/ros/humble/share/geometry_msgs/cmake)
[1.284s] -- Configuring done
[1.291s] -- Generating done
[1.292s] -- Build files have been written to: /home/rizo/edu/ros2_intro/build/homework1
