[0.269s] DEBUG:colcon:Command line arguments: ['/usr/bin/colcon', 'build', '--packages-select', 'buggy']
[0.270s] DEBUG:colcon:Parsed command line arguments: Namespace(log_base=None, log_level=None, verb_name='build', build_base='build', install_base='install', merge_install=False, symlink_install=False, test_result_base=None, continue_on_error=False, executor='parallel', parallel_workers=12, event_handlers=None, ignore_user_meta=False, metas=['./colcon.meta'], base_paths=['.'], packages_ignore=None, packages_ignore_regex=None, paths=None, packages_up_to=None, packages_up_to_regex=None, packages_above=None, packages_above_and_dependencies=None, packages_above_depth=None, packages_select_by_dep=None, packages_skip_by_dep=None, packages_skip_up_to=None, packages_select_build_failed=False, packages_skip_build_finished=False, packages_select_test_failures=False, packages_skip_test_passed=False, packages_select=['buggy'], packages_skip=None, packages_select_regex=None, packages_skip_regex=None, packages_start=None, packages_end=None, allow_overriding=[], cmake_args=None, cmake_target=None, cmake_target_skip_unavailable=False, cmake_clean_cache=False, cmake_clean_first=False, cmake_force_configure=False, ament_cmake_args=None, catkin_cmake_args=None, catkin_skip_building_tests=False, verb_parser=<colcon_defaults.argument_parser.defaults.DefaultArgumentsDecorator object at 0x7fb81b1f04f0>, verb_extension=<colcon_core.verb.build.BuildVerb object at 0x7fb81b9d1420>, main=<bound method BuildVerb.main of <colcon_core.verb.build.BuildVerb object at 0x7fb81b9d1420>>)
[0.294s] Level 1:colcon.colcon_core.package_discovery:discover_packages(colcon_meta) check parameters
[0.294s] Level 1:colcon.colcon_core.package_discovery:discover_packages(recursive) check parameters
[0.294s] Level 1:colcon.colcon_core.package_discovery:discover_packages(ignore) check parameters
[0.294s] Level 1:colcon.colcon_core.package_discovery:discover_packages(path) check parameters
[0.294s] Level 1:colcon.colcon_core.package_discovery:discover_packages(colcon_meta) discover
[0.294s] Level 1:colcon.colcon_core.package_discovery:discover_packages(recursive) discover
[0.294s] INFO:colcon.colcon_core.package_discovery:Crawling recursively for packages in '/home/rizo/iros/src/ros2_intro/homework/homework2'
[0.294s] Level 1:colcon.colcon_core.package_identification:_identify(.) by extensions ['ignore', 'ignore_ament_install']
[0.295s] Level 1:colcon.colcon_core.package_identification:_identify(.) by extension 'ignore'
[0.295s] Level 1:colcon.colcon_core.package_identification:_identify(.) by extension 'ignore_ament_install'
[0.295s] Level 1:colcon.colcon_core.package_identification:_identify(.) by extensions ['colcon_pkg']
[0.295s] Level 1:colcon.colcon_core.package_identification:_identify(.) by extension 'colcon_pkg'
[0.295s] Level 1:colcon.colcon_core.package_identification:_identify(.) by extensions ['colcon_meta']
[0.295s] Level 1:colcon.colcon_core.package_identification:_identify(.) by extension 'colcon_meta'
[0.295s] Level 1:colcon.colcon_core.package_identification:_identify(.) by extensions ['ros']
[0.295s] Level 1:colcon.colcon_core.package_identification:_identify(.) by extension 'ros'
[0.305s] Level 1:colcon.colcon_core.package_identification:_identify(.) by extensions ['cmake', 'python']
[0.305s] Level 1:colcon.colcon_core.package_identification:_identify(.) by extension 'cmake'
[0.305s] Level 1:colcon.colcon_core.package_identification:_identify(.) by extension 'python'
[0.305s] Level 1:colcon.colcon_core.package_identification:_identify(.) by extensions ['python_setup_py']
[0.305s] Level 1:colcon.colcon_core.package_identification:_identify(.) by extension 'python_setup_py'
[0.305s] Level 1:colcon.colcon_core.package_identification:_identify(buggy) by extensions ['ignore', 'ignore_ament_install']
[0.305s] Level 1:colcon.colcon_core.package_identification:_identify(buggy) by extension 'ignore'
[0.305s] Level 1:colcon.colcon_core.package_identification:_identify(buggy) by extension 'ignore_ament_install'
[0.305s] Level 1:colcon.colcon_core.package_identification:_identify(buggy) by extensions ['colcon_pkg']
[0.305s] Level 1:colcon.colcon_core.package_identification:_identify(buggy) by extension 'colcon_pkg'
[0.305s] Level 1:colcon.colcon_core.package_identification:_identify(buggy) by extensions ['colcon_meta']
[0.305s] Level 1:colcon.colcon_core.package_identification:_identify(buggy) by extension 'colcon_meta'
[0.306s] Level 1:colcon.colcon_core.package_identification:_identify(buggy) by extensions ['ros']
[0.306s] Level 1:colcon.colcon_core.package_identification:_identify(buggy) by extension 'ros'
[0.309s] DEBUG:colcon.colcon_core.package_identification:Package 'buggy' with type 'ros.ament_cmake' and name 'buggy'
[0.309s] Level 1:colcon.colcon_core.package_identification:_identify(build) by extensions ['ignore', 'ignore_ament_install']
[0.309s] Level 1:colcon.colcon_core.package_identification:_identify(build) by extension 'ignore'
[0.309s] Level 1:colcon.colcon_core.package_identification:_identify(build) ignored
[0.310s] Level 1:colcon.colcon_core.package_identification:_identify(install) by extensions ['ignore', 'ignore_ament_install']
[0.310s] Level 1:colcon.colcon_core.package_identification:_identify(install) by extension 'ignore'
[0.310s] Level 1:colcon.colcon_core.package_identification:_identify(install) ignored
[0.310s] Level 1:colcon.colcon_core.package_identification:_identify(log) by extensions ['ignore', 'ignore_ament_install']
[0.310s] Level 1:colcon.colcon_core.package_identification:_identify(log) by extension 'ignore'
[0.310s] Level 1:colcon.colcon_core.package_identification:_identify(log) ignored
[0.310s] Level 1:colcon.colcon_core.package_discovery:discover_packages(recursive) using defaults
[0.310s] Level 1:colcon.colcon_core.package_discovery:discover_packages(ignore) discover
[0.310s] Level 1:colcon.colcon_core.package_discovery:discover_packages(ignore) using defaults
[0.310s] Level 1:colcon.colcon_core.package_discovery:discover_packages(path) discover
[0.310s] Level 1:colcon.colcon_core.package_discovery:discover_packages(path) using defaults
[0.330s] Level 1:colcon.colcon_core.package_discovery:discover_packages(prefix_path) check parameters
[0.330s] Level 1:colcon.colcon_core.package_discovery:discover_packages(prefix_path) discover
[0.333s] DEBUG:colcon.colcon_installed_package_information.package_discovery:Found 1 installed packages in /home/rizo/iros/src/ros2_intro/homework/homework2/install
[0.335s] DEBUG:colcon.colcon_installed_package_information.package_discovery:Found 34 installed packages in /home/rizo/iros/install
[0.337s] DEBUG:colcon.colcon_installed_package_information.package_discovery:Found 414 installed packages in /opt/ros/humble
[0.339s] Level 1:colcon.colcon_core.package_discovery:discover_packages(prefix_path) using defaults
[0.401s] Level 5:colcon.colcon_core.verb:set package 'buggy' build argument 'cmake_args' from command line to 'None'
[0.401s] Level 5:colcon.colcon_core.verb:set package 'buggy' build argument 'cmake_target' from command line to 'None'
[0.401s] Level 5:colcon.colcon_core.verb:set package 'buggy' build argument 'cmake_target_skip_unavailable' from command line to 'False'
[0.401s] Level 5:colcon.colcon_core.verb:set package 'buggy' build argument 'cmake_clean_cache' from command line to 'False'
[0.401s] Level 5:colcon.colcon_core.verb:set package 'buggy' build argument 'cmake_clean_first' from command line to 'False'
[0.401s] Level 5:colcon.colcon_core.verb:set package 'buggy' build argument 'cmake_force_configure' from command line to 'False'
[0.401s] Level 5:colcon.colcon_core.verb:set package 'buggy' build argument 'ament_cmake_args' from command line to 'None'
[0.401s] Level 5:colcon.colcon_core.verb:set package 'buggy' build argument 'catkin_cmake_args' from command line to 'None'
[0.401s] Level 5:colcon.colcon_core.verb:set package 'buggy' build argument 'catkin_skip_building_tests' from command line to 'False'
[0.401s] DEBUG:colcon.colcon_core.verb:Building package 'buggy' with the following arguments: {'ament_cmake_args': None, 'build_base': '/home/rizo/iros/src/ros2_intro/homework/homework2/build/buggy', 'catkin_cmake_args': None, 'catkin_skip_building_tests': False, 'cmake_args': None, 'cmake_clean_cache': False, 'cmake_clean_first': False, 'cmake_force_configure': False, 'cmake_target': None, 'cmake_target_skip_unavailable': False, 'install_base': '/home/rizo/iros/src/ros2_intro/homework/homework2/install/buggy', 'merge_install': False, 'path': '/home/rizo/iros/src/ros2_intro/homework/homework2/buggy', 'symlink_install': False, 'test_result_base': None}
[0.402s] INFO:colcon.colcon_core.executor:Executing jobs using 'parallel' executor
[0.405s] DEBUG:colcon.colcon_parallel_executor.executor.parallel:run_until_complete
[0.405s] INFO:colcon.colcon_ros.task.ament_cmake.build:Building ROS package in '/home/rizo/iros/src/ros2_intro/homework/homework2/buggy' with build type 'ament_cmake'
[0.405s] INFO:colcon.colcon_cmake.task.cmake.build:Building CMake package in '/home/rizo/iros/src/ros2_intro/homework/homework2/buggy'
[0.410s] INFO:colcon.colcon_core.plugin_system:Skipping extension 'colcon_core.shell.bat': Not used on non-Windows systems
[0.410s] INFO:colcon.colcon_core.shell:Skip shell extension 'powershell' for command environment: Not usable outside of PowerShell
[0.410s] DEBUG:colcon.colcon_core.shell:Skip shell extension 'dsv' for command environment
[0.426s] DEBUG:colcon.colcon_core.event_handler.log_command:Invoking command in '/home/rizo/iros/src/ros2_intro/homework/homework2/build/buggy': CMAKE_PREFIX_PATH=${CMAKE_PREFIX_PATH}:/home/rizo/iros/install/launch_testing_examples:/home/rizo/iros/install/hagen_robot_diff_drive:/home/rizo/iros/install/hagen_robot_controller:/home/rizo/iros/install/examples_rclpy_pointcloud_publisher:/home/rizo/iros/install/examples_rclpy_minimal_subscriber:/home/rizo/iros/install/examples_rclpy_minimal_service:/home/rizo/iros/install/examples_rclpy_minimal_publisher:/home/rizo/iros/install/examples_rclpy_minimal_client:/home/rizo/iros/install/examples_rclpy_minimal_action_server:/home/rizo/iros/install/examples_rclpy_minimal_action_client:/home/rizo/iros/install/examples_rclpy_guard_conditions:/home/rizo/iros/install/examples_rclpy_executors:/opt/ros/humble /usr/bin/cmake --build /home/rizo/iros/src/ros2_intro/homework/homework2/build/buggy -- -j12 -l12
[5.343s] DEBUG:colcon.colcon_core.event_handler.log_command:Invoked command in '/home/rizo/iros/src/ros2_intro/homework/homework2/build/buggy' returned '0': CMAKE_PREFIX_PATH=${CMAKE_PREFIX_PATH}:/home/rizo/iros/install/launch_testing_examples:/home/rizo/iros/install/hagen_robot_diff_drive:/home/rizo/iros/install/hagen_robot_controller:/home/rizo/iros/install/examples_rclpy_pointcloud_publisher:/home/rizo/iros/install/examples_rclpy_minimal_subscriber:/home/rizo/iros/install/examples_rclpy_minimal_service:/home/rizo/iros/install/examples_rclpy_minimal_publisher:/home/rizo/iros/install/examples_rclpy_minimal_client:/home/rizo/iros/install/examples_rclpy_minimal_action_server:/home/rizo/iros/install/examples_rclpy_minimal_action_client:/home/rizo/iros/install/examples_rclpy_guard_conditions:/home/rizo/iros/install/examples_rclpy_executors:/opt/ros/humble /usr/bin/cmake --build /home/rizo/iros/src/ros2_intro/homework/homework2/build/buggy -- -j12 -l12
[5.429s] DEBUG:colcon.colcon_core.event_handler.log_command:Invoking command in '/home/rizo/iros/src/ros2_intro/homework/homework2/build/buggy': CMAKE_PREFIX_PATH=${CMAKE_PREFIX_PATH}:/home/rizo/iros/install/launch_testing_examples:/home/rizo/iros/install/hagen_robot_diff_drive:/home/rizo/iros/install/hagen_robot_controller:/home/rizo/iros/install/examples_rclpy_pointcloud_publisher:/home/rizo/iros/install/examples_rclpy_minimal_subscriber:/home/rizo/iros/install/examples_rclpy_minimal_service:/home/rizo/iros/install/examples_rclpy_minimal_publisher:/home/rizo/iros/install/examples_rclpy_minimal_client:/home/rizo/iros/install/examples_rclpy_minimal_action_server:/home/rizo/iros/install/examples_rclpy_minimal_action_client:/home/rizo/iros/install/examples_rclpy_guard_conditions:/home/rizo/iros/install/examples_rclpy_executors:/opt/ros/humble /usr/bin/cmake --install /home/rizo/iros/src/ros2_intro/homework/homework2/build/buggy
[5.513s] Level 1:colcon.colcon_core.environment:create_environment_scripts_only(buggy)
[5.525s] DEBUG:colcon.colcon_core.event_handler.log_command:Invoked command in '/home/rizo/iros/src/ros2_intro/homework/homework2/build/buggy' returned '0': CMAKE_PREFIX_PATH=${CMAKE_PREFIX_PATH}:/home/rizo/iros/install/launch_testing_examples:/home/rizo/iros/install/hagen_robot_diff_drive:/home/rizo/iros/install/hagen_robot_controller:/home/rizo/iros/install/examples_rclpy_pointcloud_publisher:/home/rizo/iros/install/examples_rclpy_minimal_subscriber:/home/rizo/iros/install/examples_rclpy_minimal_service:/home/rizo/iros/install/examples_rclpy_minimal_publisher:/home/rizo/iros/install/examples_rclpy_minimal_client:/home/rizo/iros/install/examples_rclpy_minimal_action_server:/home/rizo/iros/install/examples_rclpy_minimal_action_client:/home/rizo/iros/install/examples_rclpy_guard_conditions:/home/rizo/iros/install/examples_rclpy_executors:/opt/ros/humble /usr/bin/cmake --install /home/rizo/iros/src/ros2_intro/homework/homework2/build/buggy
[5.526s] Level 1:colcon.colcon_core.environment:checking '/home/rizo/iros/src/ros2_intro/homework/homework2/install/buggy' for CMake module files
[5.528s] Level 1:colcon.colcon_core.environment:checking '/home/rizo/iros/src/ros2_intro/homework/homework2/install/buggy' for CMake config files
[5.529s] Level 1:colcon.colcon_core.shell:create_environment_hook('buggy', 'cmake_prefix_path')
[5.532s] INFO:colcon.colcon_core.shell:Creating environment hook '/home/rizo/iros/src/ros2_intro/homework/homework2/install/buggy/share/buggy/hook/cmake_prefix_path.ps1'
[5.534s] INFO:colcon.colcon_core.shell:Creating environment descriptor '/home/rizo/iros/src/ros2_intro/homework/homework2/install/buggy/share/buggy/hook/cmake_prefix_path.dsv'
[5.535s] INFO:colcon.colcon_core.shell:Creating environment hook '/home/rizo/iros/src/ros2_intro/homework/homework2/install/buggy/share/buggy/hook/cmake_prefix_path.sh'
[5.537s] Level 1:colcon.colcon_core.environment:checking '/home/rizo/iros/src/ros2_intro/homework/homework2/install/buggy/lib'
[5.537s] Level 1:colcon.colcon_core.shell:create_environment_hook('buggy', 'ld_library_path_lib')
[5.540s] INFO:colcon.colcon_core.shell:Creating environment hook '/home/rizo/iros/src/ros2_intro/homework/homework2/install/buggy/share/buggy/hook/ld_library_path_lib.ps1'
[5.541s] INFO:colcon.colcon_core.shell:Creating environment descriptor '/home/rizo/iros/src/ros2_intro/homework/homework2/install/buggy/share/buggy/hook/ld_library_path_lib.dsv'
[5.541s] INFO:colcon.colcon_core.shell:Creating environment hook '/home/rizo/iros/src/ros2_intro/homework/homework2/install/buggy/share/buggy/hook/ld_library_path_lib.sh'
[5.542s] Level 1:colcon.colcon_core.environment:checking '/home/rizo/iros/src/ros2_intro/homework/homework2/install/buggy/bin'
[5.542s] Level 1:colcon.colcon_core.environment:checking '/home/rizo/iros/src/ros2_intro/homework/homework2/install/buggy/lib/pkgconfig/buggy.pc'
[5.543s] Level 1:colcon.colcon_core.environment:checking '/home/rizo/iros/src/ros2_intro/homework/homework2/install/buggy/lib/python3.10/site-packages'
[5.543s] Level 1:colcon.colcon_core.environment:checking '/home/rizo/iros/src/ros2_intro/homework/homework2/install/buggy/bin'
[5.547s] INFO:colcon.colcon_core.shell:Creating package script '/home/rizo/iros/src/ros2_intro/homework/homework2/install/buggy/share/buggy/package.ps1'
[5.549s] INFO:colcon.colcon_core.shell:Creating package descriptor '/home/rizo/iros/src/ros2_intro/homework/homework2/install/buggy/share/buggy/package.dsv'
[5.550s] INFO:colcon.colcon_core.shell:Creating package script '/home/rizo/iros/src/ros2_intro/homework/homework2/install/buggy/share/buggy/package.sh'
[5.551s] INFO:colcon.colcon_core.shell:Creating package script '/home/rizo/iros/src/ros2_intro/homework/homework2/install/buggy/share/buggy/package.bash'
[5.552s] INFO:colcon.colcon_core.shell:Creating package script '/home/rizo/iros/src/ros2_intro/homework/homework2/install/buggy/share/buggy/package.zsh'
[5.553s] Level 1:colcon.colcon_core.environment:create_file_with_runtime_dependencies(/home/rizo/iros/src/ros2_intro/homework/homework2/install/buggy/share/colcon-core/packages/buggy)
[5.629s] Level 1:colcon.colcon_core.environment:create_environment_scripts_only(buggy)
[5.632s] Level 1:colcon.colcon_core.environment:checking '/home/rizo/iros/src/ros2_intro/homework/homework2/install/buggy' for CMake module files
[5.633s] Level 1:colcon.colcon_core.environment:checking '/home/rizo/iros/src/ros2_intro/homework/homework2/install/buggy' for CMake config files
[5.634s] Level 1:colcon.colcon_core.shell:create_environment_hook('buggy', 'cmake_prefix_path')
[5.636s] INFO:colcon.colcon_core.shell:Creating environment hook '/home/rizo/iros/src/ros2_intro/homework/homework2/install/buggy/share/buggy/hook/cmake_prefix_path.ps1'
[5.637s] INFO:colcon.colcon_core.shell:Creating environment descriptor '/home/rizo/iros/src/ros2_intro/homework/homework2/install/buggy/share/buggy/hook/cmake_prefix_path.dsv'
[5.638s] INFO:colcon.colcon_core.shell:Creating environment hook '/home/rizo/iros/src/ros2_intro/homework/homework2/install/buggy/share/buggy/hook/cmake_prefix_path.sh'
[5.639s] Level 1:colcon.colcon_core.environment:checking '/home/rizo/iros/src/ros2_intro/homework/homework2/install/buggy/lib'
[5.639s] Level 1:colcon.colcon_core.shell:create_environment_hook('buggy', 'ld_library_path_lib')
[5.640s] INFO:colcon.colcon_core.shell:Creating environment hook '/home/rizo/iros/src/ros2_intro/homework/homework2/install/buggy/share/buggy/hook/ld_library_path_lib.ps1'
[5.641s] INFO:colcon.colcon_core.shell:Creating environment descriptor '/home/rizo/iros/src/ros2_intro/homework/homework2/install/buggy/share/buggy/hook/ld_library_path_lib.dsv'
[5.641s] INFO:colcon.colcon_core.shell:Creating environment hook '/home/rizo/iros/src/ros2_intro/homework/homework2/install/buggy/share/buggy/hook/ld_library_path_lib.sh'
[5.641s] Level 1:colcon.colcon_core.environment:checking '/home/rizo/iros/src/ros2_intro/homework/homework2/install/buggy/bin'
[5.641s] Level 1:colcon.colcon_core.environment:checking '/home/rizo/iros/src/ros2_intro/homework/homework2/install/buggy/lib/pkgconfig/buggy.pc'
[5.641s] Level 1:colcon.colcon_core.environment:checking '/home/rizo/iros/src/ros2_intro/homework/homework2/install/buggy/lib/python3.10/site-packages'
[5.642s] Level 1:colcon.colcon_core.environment:checking '/home/rizo/iros/src/ros2_intro/homework/homework2/install/buggy/bin'
[5.643s] INFO:colcon.colcon_core.shell:Creating package script '/home/rizo/iros/src/ros2_intro/homework/homework2/install/buggy/share/buggy/package.ps1'
[5.644s] INFO:colcon.colcon_core.shell:Creating package descriptor '/home/rizo/iros/src/ros2_intro/homework/homework2/install/buggy/share/buggy/package.dsv'
[5.644s] INFO:colcon.colcon_core.shell:Creating package script '/home/rizo/iros/src/ros2_intro/homework/homework2/install/buggy/share/buggy/package.sh'
[5.644s] INFO:colcon.colcon_core.shell:Creating package script '/home/rizo/iros/src/ros2_intro/homework/homework2/install/buggy/share/buggy/package.bash'
[5.645s] INFO:colcon.colcon_core.shell:Creating package script '/home/rizo/iros/src/ros2_intro/homework/homework2/install/buggy/share/buggy/package.zsh'
[5.645s] Level 1:colcon.colcon_core.environment:create_file_with_runtime_dependencies(/home/rizo/iros/src/ros2_intro/homework/homework2/install/buggy/share/colcon-core/packages/buggy)
[5.645s] DEBUG:colcon.colcon_parallel_executor.executor.parallel:closing loop
[5.645s] DEBUG:colcon.colcon_parallel_executor.executor.parallel:loop closed
[5.645s] DEBUG:colcon.colcon_parallel_executor.executor.parallel:run_until_complete finished with '0'
[5.646s] DEBUG:colcon.colcon_core.event_reactor:joining thread
[5.651s] INFO:colcon.colcon_core.plugin_system:Skipping extension 'colcon_notification.desktop_notification.terminal_notifier': Not used on non-Darwin systems
[5.651s] INFO:colcon.colcon_core.plugin_system:Skipping extension 'colcon_notification.desktop_notification.win32': Not used on non-Windows systems
[5.651s] INFO:colcon.colcon_notification.desktop_notification:Sending desktop notification using 'notify2'
[5.664s] DEBUG:colcon.colcon_core.event_reactor:joined thread
[5.667s] INFO:colcon.colcon_core.shell:Creating prefix script '/home/rizo/iros/src/ros2_intro/homework/homework2/install/local_setup.ps1'
[5.669s] INFO:colcon.colcon_core.shell:Creating prefix util module '/home/rizo/iros/src/ros2_intro/homework/homework2/install/_local_setup_util_ps1.py'
[5.672s] INFO:colcon.colcon_core.shell:Creating prefix chain script '/home/rizo/iros/src/ros2_intro/homework/homework2/install/setup.ps1'
[5.675s] INFO:colcon.colcon_core.shell:Creating prefix script '/home/rizo/iros/src/ros2_intro/homework/homework2/install/local_setup.sh'
[5.676s] INFO:colcon.colcon_core.shell:Creating prefix util module '/home/rizo/iros/src/ros2_intro/homework/homework2/install/_local_setup_util_sh.py'
[5.677s] INFO:colcon.colcon_core.shell:Creating prefix chain script '/home/rizo/iros/src/ros2_intro/homework/homework2/install/setup.sh'
[5.681s] INFO:colcon.colcon_core.shell:Creating prefix script '/home/rizo/iros/src/ros2_intro/homework/homework2/install/local_setup.bash'
[5.681s] INFO:colcon.colcon_core.shell:Creating prefix chain script '/home/rizo/iros/src/ros2_intro/homework/homework2/install/setup.bash'
[5.686s] INFO:colcon.colcon_core.shell:Creating prefix script '/home/rizo/iros/src/ros2_intro/homework/homework2/install/local_setup.zsh'
[5.686s] INFO:colcon.colcon_core.shell:Creating prefix chain script '/home/rizo/iros/src/ros2_intro/homework/homework2/install/setup.zsh'
