running egg_info
writing ../../build/hagen_robot_controller/hagen_robot_controller.egg-info/PKG-INFO
writing dependency_links to ../../build/hagen_robot_controller/hagen_robot_controller.egg-info/dependency_links.txt
writing entry points to ../../build/hagen_robot_controller/hagen_robot_controller.egg-info/entry_points.txt
writing requirements to ../../build/hagen_robot_controller/hagen_robot_controller.egg-info/requires.txt
writing top-level names to ../../build/hagen_robot_controller/hagen_robot_controller.egg-info/top_level.txt
reading manifest file '../../build/hagen_robot_controller/hagen_robot_controller.egg-info/SOURCES.txt'
writing manifest file '../../build/hagen_robot_controller/hagen_robot_controller.egg-info/SOURCES.txt'
running build
running build_py
running install
/usr/lib/python3/dist-packages/setuptools/command/install.py:34: SetuptoolsDeprecationWarning: setup.py install is deprecated. Use build and pip and other standards-based tools.
  warnings.warn(
running install_lib
running install_data
running install_egg_info
removing '/home/rizo/ros2_intro/install/hagen_robot_controller/lib/python3.10/site-packages/hagen_robot_controller-0.0.0-py3.10.egg-info' (and everything under it)
Copying ../../build/hagen_robot_controller/hagen_robot_controller.egg-info to /home/rizo/ros2_intro/install/hagen_robot_controller/lib/python3.10/site-packages/hagen_robot_controller-0.0.0-py3.10.egg-info
running install_scripts
Installing robot_controller script to /home/rizo/ros2_intro/install/hagen_robot_controller/lib/hagen_robot_controller
Installing robot_estimator script to /home/rizo/ros2_intro/install/hagen_robot_controller/lib/hagen_robot_controller
writing list of installed files to '/home/rizo/ros2_intro/build/hagen_robot_controller/install.log'
