[ 20%] Built target hello_world_pub_component
[ 40%] Built target hello_world_service_server
[ 80%] Built target hello_world_service_client
[ 80%] Built target hello_world_sub_component
[100%] Built target manual_composition
-- Install configuration: ""
-- Up-to-date: /home/rizo/ros2_intro/install/ros2_composition/share/ros2_composition/environment/library_path.sh
-- Up-to-date: /home/rizo/ros2_intro/install/ros2_composition/share/ros2_composition/environment/library_path.dsv
-- Up-to-date: /home/rizo/ros2_intro/install/ros2_composition/lib/libhello_world_pub_component.so
-- Up-to-date: /home/rizo/ros2_intro/install/ros2_composition/lib/libhello_world_sub_component.so
-- Up-to-date: /home/rizo/ros2_intro/install/ros2_composition/lib/libhello_world_service_server.so
-- Up-to-date: /home/rizo/ros2_intro/install/ros2_composition/lib/libhello_world_service_client.so
-- Up-to-date: /home/rizo/ros2_intro/install/ros2_composition/lib/ros2_composition/manual_composition
-- Up-to-date: /home/rizo/ros2_intro/install/ros2_composition/share/ros2_composition/launch
-- Up-to-date: /home/rizo/ros2_intro/install/ros2_composition/share/ros2_composition/launch/manual_composition_demo.py
-- Up-to-date: /home/rizo/ros2_intro/install/ros2_composition/share/ros2_composition/launch/composition_demo_launch.py
-- Up-to-date: /home/rizo/ros2_intro/install/ros2_composition/share/ament_index/resource_index/package_run_dependencies/ros2_composition
-- Up-to-date: /home/rizo/ros2_intro/install/ros2_composition/share/ament_index/resource_index/parent_prefix_path/ros2_composition
-- Up-to-date: /home/rizo/ros2_intro/install/ros2_composition/share/ros2_composition/environment/ament_prefix_path.sh
-- Up-to-date: /home/rizo/ros2_intro/install/ros2_composition/share/ros2_composition/environment/ament_prefix_path.dsv
-- Up-to-date: /home/rizo/ros2_intro/install/ros2_composition/share/ros2_composition/environment/path.sh
-- Up-to-date: /home/rizo/ros2_intro/install/ros2_composition/share/ros2_composition/environment/path.dsv
-- Up-to-date: /home/rizo/ros2_intro/install/ros2_composition/share/ros2_composition/local_setup.bash
-- Up-to-date: /home/rizo/ros2_intro/install/ros2_composition/share/ros2_composition/local_setup.sh
-- Up-to-date: /home/rizo/ros2_intro/install/ros2_composition/share/ros2_composition/local_setup.zsh
-- Up-to-date: /home/rizo/ros2_intro/install/ros2_composition/share/ros2_composition/local_setup.dsv
-- Installing: /home/rizo/ros2_intro/install/ros2_composition/share/ros2_composition/package.dsv
-- Up-to-date: /home/rizo/ros2_intro/install/ros2_composition/share/ament_index/resource_index/packages/ros2_composition
-- Up-to-date: /home/rizo/ros2_intro/install/ros2_composition/share/ament_index/resource_index/rclcpp_components/ros2_composition
-- Up-to-date: /home/rizo/ros2_intro/install/ros2_composition/share/ros2_composition/cmake/ros2_compositionConfig.cmake
-- Up-to-date: /home/rizo/ros2_intro/install/ros2_composition/share/ros2_composition/cmake/ros2_compositionConfig-version.cmake
-- Up-to-date: /home/rizo/ros2_intro/install/ros2_composition/share/ros2_composition/package.xml
