[0.016s] Invoking command in '/home/rizo/ros2_intro/build/hello_world': AMENT_PREFIX_PATH=/home/rizo/ros2_intro/install/friend_msgs:${AMENT_PREFIX_PATH} CMAKE_PREFIX_PATH=/home/rizo/ros2_intro/install/friend_msgs:/home/rizo/iros/install/ros2_debug_logging:/home/rizo/iros/install/ros2_composition:/home/rizo/iros/install/homework1:/home/rizo/iros/install/hello_world:/home/rizo/iros/install/friend_msgs:/home/rizo/iros/install/hagen_robot_diff_drive:/home/rizo/iros/install/hagen_robot_controller:/opt/ros/humble LD_LIBRARY_PATH=/home/rizo/ros2_intro/install/friend_msgs/lib:${LD_LIBRARY_PATH} PYTHONPATH=/home/rizo/ros2_intro/install/friend_msgs/local/lib/python3.10/dist-packages:${PYTHONPATH} /usr/bin/cmake --build /home/rizo/ros2_intro/build/hello_world -- -j12 -l12
[0.066s] [ 16%] Built target publisher_class_node
[0.073s] [ 41%] Built target publisher_node
[0.073s] [ 50%] Built target param_reader_user_info
[0.073s] [ 66%] Built target subscriber_node
[0.074s] [ 83%] Built target service_server
[0.079s] [100%] Built target service_client
[0.090s] Invoked command in '/home/rizo/ros2_intro/build/hello_world' returned '0': AMENT_PREFIX_PATH=/home/rizo/ros2_intro/install/friend_msgs:${AMENT_PREFIX_PATH} CMAKE_PREFIX_PATH=/home/rizo/ros2_intro/install/friend_msgs:/home/rizo/iros/install/ros2_debug_logging:/home/rizo/iros/install/ros2_composition:/home/rizo/iros/install/homework1:/home/rizo/iros/install/hello_world:/home/rizo/iros/install/friend_msgs:/home/rizo/iros/install/hagen_robot_diff_drive:/home/rizo/iros/install/hagen_robot_controller:/opt/ros/humble LD_LIBRARY_PATH=/home/rizo/ros2_intro/install/friend_msgs/lib:${LD_LIBRARY_PATH} PYTHONPATH=/home/rizo/ros2_intro/install/friend_msgs/local/lib/python3.10/dist-packages:${PYTHONPATH} /usr/bin/cmake --build /home/rizo/ros2_intro/build/hello_world -- -j12 -l12
[0.120s] Invoking command in '/home/rizo/ros2_intro/build/hello_world': AMENT_PREFIX_PATH=/home/rizo/ros2_intro/install/friend_msgs:${AMENT_PREFIX_PATH} CMAKE_PREFIX_PATH=/home/rizo/ros2_intro/install/friend_msgs:/home/rizo/iros/install/ros2_debug_logging:/home/rizo/iros/install/ros2_composition:/home/rizo/iros/install/homework1:/home/rizo/iros/install/hello_world:/home/rizo/iros/install/friend_msgs:/home/rizo/iros/install/hagen_robot_diff_drive:/home/rizo/iros/install/hagen_robot_controller:/opt/ros/humble LD_LIBRARY_PATH=/home/rizo/ros2_intro/install/friend_msgs/lib:${LD_LIBRARY_PATH} PYTHONPATH=/home/rizo/ros2_intro/install/friend_msgs/local/lib/python3.10/dist-packages:${PYTHONPATH} /usr/bin/cmake --install /home/rizo/ros2_intro/build/hello_world
[0.126s] -- Install configuration: ""
[0.126s] -- Up-to-date: /home/rizo/ros2_intro/install/hello_world/lib/hello_world/publisher_node
[0.127s] -- Up-to-date: /home/rizo/ros2_intro/install/hello_world/lib/hello_world/subscriber_node
[0.127s] -- Up-to-date: /home/rizo/ros2_intro/install/hello_world/lib/hello_world/service_server
[0.127s] -- Up-to-date: /home/rizo/ros2_intro/install/hello_world/lib/hello_world/param_reader_user_info
[0.127s] -- Up-to-date: /home/rizo/ros2_intro/install/hello_world/share/hello_world/launch
[0.127s] -- Up-to-date: /home/rizo/ros2_intro/install/hello_world/share/hello_world/launch/service_server.py
[0.128s] -- Up-to-date: /home/rizo/ros2_intro/install/hello_world/share/hello_world/launch/service_client.py
[0.128s] -- Up-to-date: /home/rizo/ros2_intro/install/hello_world/share/hello_world/launch/param_set_variant_2.py
[0.128s] -- Up-to-date: /home/rizo/ros2_intro/install/hello_world/share/hello_world/launch/includer.py
[0.128s] -- Up-to-date: /home/rizo/ros2_intro/install/hello_world/share/hello_world/launch/pub_sub_variant_1.py
[0.128s] -- Up-to-date: /home/rizo/ros2_intro/install/hello_world/share/hello_world/launch/pub_sub_variant_2.py
[0.128s] -- Up-to-date: /home/rizo/ros2_intro/install/hello_world/share/hello_world/launch/param_set_variant_1.py
[0.129s] -- Up-to-date: /home/rizo/ros2_intro/install/hello_world/share/hello_world/config
[0.129s] -- Up-to-date: /home/rizo/ros2_intro/install/hello_world/share/hello_world/config/params_user_info.yaml
[0.129s] -- Up-to-date: /home/rizo/ros2_intro/install/hello_world/lib/hello_world/hello_pub_todo.py
[0.129s] -- Up-to-date: /home/rizo/ros2_intro/install/hello_world/lib/hello_world/hello_sub_todo.py
[0.129s] -- Up-to-date: /home/rizo/ros2_intro/install/hello_world/share/ament_index/resource_index/package_run_dependencies/hello_world
[0.132s] -- Up-to-date: /home/rizo/ros2_intro/install/hello_world/share/ament_index/resource_index/parent_prefix_path/hello_world
[0.132s] -- Up-to-date: /home/rizo/ros2_intro/install/hello_world/share/hello_world/environment/ament_prefix_path.sh
[0.132s] -- Up-to-date: /home/rizo/ros2_intro/install/hello_world/share/hello_world/environment/ament_prefix_path.dsv
[0.132s] -- Up-to-date: /home/rizo/ros2_intro/install/hello_world/share/hello_world/environment/path.sh
[0.133s] -- Up-to-date: /home/rizo/ros2_intro/install/hello_world/share/hello_world/environment/path.dsv
[0.133s] -- Up-to-date: /home/rizo/ros2_intro/install/hello_world/share/hello_world/local_setup.bash
[0.133s] -- Up-to-date: /home/rizo/ros2_intro/install/hello_world/share/hello_world/local_setup.sh
[0.133s] -- Up-to-date: /home/rizo/ros2_intro/install/hello_world/share/hello_world/local_setup.zsh
[0.134s] -- Up-to-date: /home/rizo/ros2_intro/install/hello_world/share/hello_world/local_setup.dsv
[0.134s] -- Installing: /home/rizo/ros2_intro/install/hello_world/share/hello_world/package.dsv
[0.135s] -- Up-to-date: /home/rizo/ros2_intro/install/hello_world/share/ament_index/resource_index/packages/hello_world
[0.136s] -- Up-to-date: /home/rizo/ros2_intro/install/hello_world/share/hello_world/cmake/ament_cmake_export_dependencies-extras.cmake
[0.136s] -- Up-to-date: /home/rizo/ros2_intro/install/hello_world/share/hello_world/cmake/hello_worldConfig.cmake
[0.137s] -- Up-to-date: /home/rizo/ros2_intro/install/hello_world/share/hello_world/cmake/hello_worldConfig-version.cmake
[0.137s] -- Up-to-date: /home/rizo/ros2_intro/install/hello_world/share/hello_world/package.xml
[0.138s] Invoked command in '/home/rizo/ros2_intro/build/hello_world' returned '0': AMENT_PREFIX_PATH=/home/rizo/ros2_intro/install/friend_msgs:${AMENT_PREFIX_PATH} CMAKE_PREFIX_PATH=/home/rizo/ros2_intro/install/friend_msgs:/home/rizo/iros/install/ros2_debug_logging:/home/rizo/iros/install/ros2_composition:/home/rizo/iros/install/homework1:/home/rizo/iros/install/hello_world:/home/rizo/iros/install/friend_msgs:/home/rizo/iros/install/hagen_robot_diff_drive:/home/rizo/iros/install/hagen_robot_controller:/opt/ros/humble LD_LIBRARY_PATH=/home/rizo/ros2_intro/install/friend_msgs/lib:${LD_LIBRARY_PATH} PYTHONPATH=/home/rizo/ros2_intro/install/friend_msgs/local/lib/python3.10/dist-packages:${PYTHONPATH} /usr/bin/cmake --install /home/rizo/ros2_intro/build/hello_world
