[0.013s] Invoking command in '/home/rizo/edu/ros2_intro/build/friend_msgs': CMAKE_PREFIX_PATH=${CMAKE_PREFIX_PATH}:/home/rizo/ros2_ws/install/my_py_pkg:/opt/ros/humble CONDA_PROMPT_MODIFIER=(base) /usr/bin/cmake /home/rizo/edu/ros2_intro/friend_msgs -DCMAKE_INSTALL_PREFIX=/home/rizo/edu/ros2_intro/install/friend_msgs
[0.064s] -- The C compiler identification is GNU 11.3.0
[0.106s] -- The CXX compiler identification is GNU 11.3.0
[0.116s] -- Detecting C compiler ABI info
[0.165s] -- Detecting C compiler ABI info - done
[0.172s] -- Check for working C compiler: /usr/bin/cc - skipped
[0.172s] -- Detecting C compile features
[0.172s] -- Detecting C compile features - done
[0.175s] -- Detecting CXX compiler ABI info
[0.232s] -- Detecting CXX compiler ABI info - done
[0.245s] -- Check for working CXX compiler: /usr/bin/c++ - skipped
[0.245s] -- Detecting CXX compile features
[0.246s] -- Detecting CXX compile features - done
[0.249s] -- Found ament_cmake: 1.3.4 (/opt/ros/humble/share/ament_cmake/cmake)
[0.408s] -- Found Python3: /home/rizo/anaconda3/bin/python3.10 (found version "3.10.9") found components: Interpreter 
[0.513s] -- Found builtin_interfaces: 1.2.1 (/opt/ros/humble/share/builtin_interfaces/cmake)
[0.559s] -- Found rosidl_generator_c: 3.1.4 (/opt/ros/humble/share/rosidl_generator_c/cmake)
[0.565s] -- Found rosidl_adapter: 3.1.4 (/opt/ros/humble/share/rosidl_adapter/cmake)
[0.576s] -- Found rosidl_generator_cpp: 3.1.4 (/opt/ros/humble/share/rosidl_generator_cpp/cmake)
[0.594s] -- Using all available rosidl_typesupport_c: rosidl_typesupport_fastrtps_c;rosidl_typesupport_introspection_c
[0.618s] -- Using all available rosidl_typesupport_cpp: rosidl_typesupport_fastrtps_cpp;rosidl_typesupport_introspection_cpp
[0.641s] -- Found rosidl_default_generators: 1.2.0 (/opt/ros/humble/share/rosidl_default_generators/cmake)
[0.739s] [31mCMake Error at /opt/ros/humble/share/rosidl_adapter/cmake/rosidl_adapt_interfaces.cmake:59 (message):
[0.739s]   execute_process(/home/rizo/anaconda3/bin/python3.10 -m rosidl_adapter
[0.739s]   --package-name friend_msgs --arguments-file
[0.739s]   /home/rizo/edu/ros2_intro/build/friend_msgs/rosidl_adapter__arguments__friend_msgs.json
[0.740s]   --output-dir
[0.740s]   /home/rizo/edu/ros2_intro/build/friend_msgs/rosidl_adapter/friend_msgs
[0.740s]   --output-file
[0.740s]   /home/rizo/edu/ros2_intro/build/friend_msgs/rosidl_adapter/friend_msgs.idls)
[0.740s]   returned error code 1:
[0.740s] 
[0.740s]   Traceback (most recent call last):
[0.740s] 
[0.740s]     File "/home/rizo/anaconda3/lib/python3.10/runpy.py", line 196, in _run_module_as_main
[0.740s]       return _run_code(code, main_globals, None,
[0.740s]     File "/home/rizo/anaconda3/lib/python3.10/runpy.py", line 86, in _run_code
[0.740s]       exec(code, run_globals)
[0.740s]     File "/opt/ros/humble/local/lib/python3.10/dist-packages/rosidl_adapter/__main__.py", line 19, in <module>
[0.740s]       sys.exit(main())
[0.740s]     File "/opt/ros/humble/local/lib/python3.10/dist-packages/rosidl_adapter/main.py", line 53, in main
[0.740s]       abs_idl_file = convert_to_idl(
[0.740s]     File "/opt/ros/humble/local/lib/python3.10/dist-packages/rosidl_adapter/__init__.py", line 18, in convert_to_idl
[0.740s]       from rosidl_adapter.msg import convert_msg_to_idl
[0.740s]     File "/opt/ros/humble/local/lib/python3.10/dist-packages/rosidl_adapter/msg/__init__.py", line 16, in <module>
[0.740s]       from rosidl_adapter.resource import expand_template
[0.740s]     File "/opt/ros/humble/local/lib/python3.10/dist-packages/rosidl_adapter/resource/__init__.py", line 19, in <module>
[0.740s]       import em
[0.741s] 
[0.741s]   ModuleNotFoundError: No module named 'em'
[0.741s] 
[0.741s] Call Stack (most recent call first):
[0.741s]   /opt/ros/humble/share/rosidl_cmake/cmake/rosidl_generate_interfaces.cmake:130 (rosidl_adapt_interfaces)
[0.741s]   CMakeLists.txt:10 (rosidl_generate_interfaces)
[0.741s] 
[0.741s] [0m
[0.741s] -- Configuring incomplete, errors occurred!
[0.741s] See also "/home/rizo/edu/ros2_intro/build/friend_msgs/CMakeFiles/CMakeOutput.log".
[0.745s] Invoked command in '/home/rizo/edu/ros2_intro/build/friend_msgs' returned '1': CMAKE_PREFIX_PATH=${CMAKE_PREFIX_PATH}:/home/rizo/ros2_ws/install/my_py_pkg:/opt/ros/humble CONDA_PROMPT_MODIFIER=(base) /usr/bin/cmake /home/rizo/edu/ros2_intro/friend_msgs -DCMAKE_INSTALL_PREFIX=/home/rizo/edu/ros2_intro/install/friend_msgs
