[0.020s] Invoking command in '/home/rizo/ros2_intro/build/ros2_composition': AMENT_PREFIX_PATH=/home/rizo/ros2_intro/install/friend_msgs:${AMENT_PREFIX_PATH} CMAKE_PREFIX_PATH=/home/rizo/ros2_intro/install/friend_msgs:/home/rizo/iros/install/ros2_debug_logging:/home/rizo/iros/install/ros2_composition:/home/rizo/iros/install/homework1:/home/rizo/iros/install/hello_world:/home/rizo/iros/install/friend_msgs:/home/rizo/iros/install/hagen_robot_diff_drive:/home/rizo/iros/install/hagen_robot_controller:/opt/ros/humble LD_LIBRARY_PATH=/home/rizo/ros2_intro/install/friend_msgs/lib:${LD_LIBRARY_PATH} PYTHONPATH=/home/rizo/ros2_intro/install/friend_msgs/local/lib/python3.10/dist-packages:${PYTHONPATH} /usr/bin/cmake --build /home/rizo/ros2_intro/build/ros2_composition -- -j12 -l12
[0.071s] [ 20%] Built target hello_world_pub_component
[0.077s] [ 60%] Built target hello_world_service_server
[0.077s] [ 60%] Built target hello_world_sub_component
[0.080s] [ 80%] Built target hello_world_service_client
[0.100s] [100%] Built target manual_composition
[0.108s] Invoked command in '/home/rizo/ros2_intro/build/ros2_composition' returned '0': AMENT_PREFIX_PATH=/home/rizo/ros2_intro/install/friend_msgs:${AMENT_PREFIX_PATH} CMAKE_PREFIX_PATH=/home/rizo/ros2_intro/install/friend_msgs:/home/rizo/iros/install/ros2_debug_logging:/home/rizo/iros/install/ros2_composition:/home/rizo/iros/install/homework1:/home/rizo/iros/install/hello_world:/home/rizo/iros/install/friend_msgs:/home/rizo/iros/install/hagen_robot_diff_drive:/home/rizo/iros/install/hagen_robot_controller:/opt/ros/humble LD_LIBRARY_PATH=/home/rizo/ros2_intro/install/friend_msgs/lib:${LD_LIBRARY_PATH} PYTHONPATH=/home/rizo/ros2_intro/install/friend_msgs/local/lib/python3.10/dist-packages:${PYTHONPATH} /usr/bin/cmake --build /home/rizo/ros2_intro/build/ros2_composition -- -j12 -l12
[0.133s] Invoking command in '/home/rizo/ros2_intro/build/ros2_composition': AMENT_PREFIX_PATH=/home/rizo/ros2_intro/install/friend_msgs:${AMENT_PREFIX_PATH} CMAKE_PREFIX_PATH=/home/rizo/ros2_intro/install/friend_msgs:/home/rizo/iros/install/ros2_debug_logging:/home/rizo/iros/install/ros2_composition:/home/rizo/iros/install/homework1:/home/rizo/iros/install/hello_world:/home/rizo/iros/install/friend_msgs:/home/rizo/iros/install/hagen_robot_diff_drive:/home/rizo/iros/install/hagen_robot_controller:/opt/ros/humble LD_LIBRARY_PATH=/home/rizo/ros2_intro/install/friend_msgs/lib:${LD_LIBRARY_PATH} PYTHONPATH=/home/rizo/ros2_intro/install/friend_msgs/local/lib/python3.10/dist-packages:${PYTHONPATH} /usr/bin/cmake --install /home/rizo/ros2_intro/build/ros2_composition
[0.138s] -- Install configuration: ""
[0.138s] -- Up-to-date: /home/rizo/ros2_intro/install/ros2_composition/share/ros2_composition/environment/library_path.sh
[0.139s] -- Up-to-date: /home/rizo/ros2_intro/install/ros2_composition/share/ros2_composition/environment/library_path.dsv
[0.139s] -- Up-to-date: /home/rizo/ros2_intro/install/ros2_composition/lib/libhello_world_pub_component.so
[0.139s] -- Up-to-date: /home/rizo/ros2_intro/install/ros2_composition/lib/libhello_world_sub_component.so
[0.139s] -- Up-to-date: /home/rizo/ros2_intro/install/ros2_composition/lib/libhello_world_service_server.so
[0.139s] -- Up-to-date: /home/rizo/ros2_intro/install/ros2_composition/lib/libhello_world_service_client.so
[0.140s] -- Up-to-date: /home/rizo/ros2_intro/install/ros2_composition/lib/ros2_composition/manual_composition
[0.140s] -- Up-to-date: /home/rizo/ros2_intro/install/ros2_composition/share/ros2_composition/launch
[0.140s] -- Up-to-date: /home/rizo/ros2_intro/install/ros2_composition/share/ros2_composition/launch/manual_composition_demo.py
[0.140s] -- Up-to-date: /home/rizo/ros2_intro/install/ros2_composition/share/ros2_composition/launch/composition_demo_launch.py
[0.140s] -- Up-to-date: /home/rizo/ros2_intro/install/ros2_composition/share/ament_index/resource_index/package_run_dependencies/ros2_composition
[0.141s] -- Up-to-date: /home/rizo/ros2_intro/install/ros2_composition/share/ament_index/resource_index/parent_prefix_path/ros2_composition
[0.141s] -- Up-to-date: /home/rizo/ros2_intro/install/ros2_composition/share/ros2_composition/environment/ament_prefix_path.sh
[0.141s] -- Up-to-date: /home/rizo/ros2_intro/install/ros2_composition/share/ros2_composition/environment/ament_prefix_path.dsv
[0.141s] -- Up-to-date: /home/rizo/ros2_intro/install/ros2_composition/share/ros2_composition/environment/path.sh
[0.141s] -- Up-to-date: /home/rizo/ros2_intro/install/ros2_composition/share/ros2_composition/environment/path.dsv
[0.141s] -- Up-to-date: /home/rizo/ros2_intro/install/ros2_composition/share/ros2_composition/local_setup.bash
[0.141s] -- Up-to-date: /home/rizo/ros2_intro/install/ros2_composition/share/ros2_composition/local_setup.sh
[0.141s] -- Up-to-date: /home/rizo/ros2_intro/install/ros2_composition/share/ros2_composition/local_setup.zsh
[0.141s] -- Up-to-date: /home/rizo/ros2_intro/install/ros2_composition/share/ros2_composition/local_setup.dsv
[0.141s] -- Installing: /home/rizo/ros2_intro/install/ros2_composition/share/ros2_composition/package.dsv
[0.142s] -- Up-to-date: /home/rizo/ros2_intro/install/ros2_composition/share/ament_index/resource_index/packages/ros2_composition
[0.142s] -- Up-to-date: /home/rizo/ros2_intro/install/ros2_composition/share/ament_index/resource_index/rclcpp_components/ros2_composition
[0.142s] -- Up-to-date: /home/rizo/ros2_intro/install/ros2_composition/share/ros2_composition/cmake/ros2_compositionConfig.cmake
[0.142s] -- Up-to-date: /home/rizo/ros2_intro/install/ros2_composition/share/ros2_composition/cmake/ros2_compositionConfig-version.cmake
[0.142s] -- Up-to-date: /home/rizo/ros2_intro/install/ros2_composition/share/ros2_composition/package.xml
[0.145s] Invoked command in '/home/rizo/ros2_intro/build/ros2_composition' returned '0': AMENT_PREFIX_PATH=/home/rizo/ros2_intro/install/friend_msgs:${AMENT_PREFIX_PATH} CMAKE_PREFIX_PATH=/home/rizo/ros2_intro/install/friend_msgs:/home/rizo/iros/install/ros2_debug_logging:/home/rizo/iros/install/ros2_composition:/home/rizo/iros/install/homework1:/home/rizo/iros/install/hello_world:/home/rizo/iros/install/friend_msgs:/home/rizo/iros/install/hagen_robot_diff_drive:/home/rizo/iros/install/hagen_robot_controller:/opt/ros/humble LD_LIBRARY_PATH=/home/rizo/ros2_intro/install/friend_msgs/lib:${LD_LIBRARY_PATH} PYTHONPATH=/home/rizo/ros2_intro/install/friend_msgs/local/lib/python3.10/dist-packages:${PYTHONPATH} /usr/bin/cmake --install /home/rizo/ros2_intro/build/ros2_composition
