[0.822s] Invoking command in '/home/rizo/ros2_intro/hagen_robot/hagen_robot_controller': PYTHONPATH=/home/rizo/ros2_intro/build/hagen_robot_controller/prefix_override:/home/rizo/ros2_intro/install/hagen_robot_controller/lib/python3.10/site-packages:${PYTHONPATH} /usr/bin/python3 setup.py egg_info --egg-base ../../build/hagen_robot_controller build --build-base /home/rizo/ros2_intro/build/hagen_robot_controller/build install --record /home/rizo/ros2_intro/build/hagen_robot_controller/install.log --single-version-externally-managed
[1.044s] running egg_info
[1.045s] writing ../../build/hagen_robot_controller/hagen_robot_controller.egg-info/PKG-INFO
[1.045s] writing dependency_links to ../../build/hagen_robot_controller/hagen_robot_controller.egg-info/dependency_links.txt
[1.045s] writing entry points to ../../build/hagen_robot_controller/hagen_robot_controller.egg-info/entry_points.txt
[1.045s] writing requirements to ../../build/hagen_robot_controller/hagen_robot_controller.egg-info/requires.txt
[1.045s] writing top-level names to ../../build/hagen_robot_controller/hagen_robot_controller.egg-info/top_level.txt
[1.047s] reading manifest file '../../build/hagen_robot_controller/hagen_robot_controller.egg-info/SOURCES.txt'
[1.048s] writing manifest file '../../build/hagen_robot_controller/hagen_robot_controller.egg-info/SOURCES.txt'
[1.048s] running build
[1.048s] running build_py
[1.048s] running install
[1.048s] /usr/lib/python3/dist-packages/setuptools/command/install.py:34: SetuptoolsDeprecationWarning: setup.py install is deprecated. Use build and pip and other standards-based tools.
[1.048s]   warnings.warn(
[1.048s] running install_lib
[1.049s] running install_data
[1.050s] running install_egg_info
[1.051s] removing '/home/rizo/ros2_intro/install/hagen_robot_controller/lib/python3.10/site-packages/hagen_robot_controller-0.0.0-py3.10.egg-info' (and everything under it)
[1.051s] Copying ../../build/hagen_robot_controller/hagen_robot_controller.egg-info to /home/rizo/ros2_intro/install/hagen_robot_controller/lib/python3.10/site-packages/hagen_robot_controller-0.0.0-py3.10.egg-info
[1.052s] running install_scripts
[1.068s] Installing robot_controller script to /home/rizo/ros2_intro/install/hagen_robot_controller/lib/hagen_robot_controller
[1.068s] Installing robot_estimator script to /home/rizo/ros2_intro/install/hagen_robot_controller/lib/hagen_robot_controller
[1.069s] writing list of installed files to '/home/rizo/ros2_intro/build/hagen_robot_controller/install.log'
[1.089s] Invoked command in '/home/rizo/ros2_intro/hagen_robot/hagen_robot_controller' returned '0': PYTHONPATH=/home/rizo/ros2_intro/build/hagen_robot_controller/prefix_override:/home/rizo/ros2_intro/install/hagen_robot_controller/lib/python3.10/site-packages:${PYTHONPATH} /usr/bin/python3 setup.py egg_info --egg-base ../../build/hagen_robot_controller build --build-base /home/rizo/ros2_intro/build/hagen_robot_controller/build install --record /home/rizo/ros2_intro/build/hagen_robot_controller/install.log --single-version-externally-managed
