-- The C compiler identification is GNU 11.3.0
-- The CXX compiler identification is GNU 11.3.0
-- Detecting C compiler ABI info
-- Detecting C compiler ABI info - done
-- Check for working C compiler: /usr/bin/cc - skipped
-- Detecting C compile features
-- Detecting C compile features - done
-- Detecting CXX compiler ABI info
-- Detecting CXX compiler ABI info - done
-- Check for working CXX compiler: /usr/bin/c++ - skipped
-- Detecting CXX compile features
-- Detecting CXX compile features - done
-- Found ament_cmake: 1.3.4 (/opt/ros/humble/share/ament_cmake/cmake)
-- Found Python3: /usr/bin/python3.10 (found version "3.10.6") found components: Interpreter 
-- Found rclcpp: 16.0.4 (/opt/ros/humble/share/rclcpp/cmake)
-- Found rosidl_generator_c: 3.1.4 (/opt/ros/humble/share/rosidl_generator_c/cmake)
-- Found rosidl_adapter: 3.1.4 (/opt/ros/humble/share/rosidl_adapter/cmake)
-- Found rosidl_generator_cpp: 3.1.4 (/opt/ros/humble/share/rosidl_generator_cpp/cmake)
-- Using all available rosidl_typesupport_c: rosidl_typesupport_fastrtps_c;rosidl_typesupport_introspection_c
-- Using all available rosidl_typesupport_cpp: rosidl_typesupport_fastrtps_cpp;rosidl_typesupport_introspection_cpp
-- Found rmw_implementation_cmake: 6.1.1 (/opt/ros/humble/share/rmw_implementation_cmake/cmake)
-- Found rmw_fastrtps_cpp: 6.2.2 (/opt/ros/humble/share/rmw_fastrtps_cpp/cmake)
-- Found OpenSSL: /usr/lib/x86_64-linux-gnu/libcrypto.so (found version "3.0.2")  
-- Found FastRTPS: /opt/ros/humble/include  
-- Using RMW implementation 'rmw_fastrtps_cpp' as default
-- Looking for pthread.h
-- Looking for pthread.h - found
-- Performing Test CMAKE_HAVE_LIBC_PTHREAD
-- Performing Test CMAKE_HAVE_LIBC_PTHREAD - Success
-- Found Threads: TRUE  
-- Found std_srvs: 4.2.3 (/opt/ros/humble/share/std_srvs/cmake)
-- Found geometry_msgs: 4.2.3 (/opt/ros/humble/share/geometry_msgs/cmake)
-- Found rosidl_default_generators: 1.2.0 (/opt/ros/humble/share/rosidl_default_generators/cmake)
-- Found ament_cmake_ros: 0.10.0 (/opt/ros/humble/share/ament_cmake_ros/cmake)
-- Using all available rosidl_typesupport_c: rosidl_typesupport_fastrtps_c;rosidl_typesupport_introspection_c
-- Using all available rosidl_typesupport_cpp: rosidl_typesupport_fastrtps_cpp;rosidl_typesupport_introspection_cpp
-- Found PythonInterp: /usr/bin/python3 (found suitable version "3.10.6", minimum required is "3.6") 
-- Found python_cmake_module: 0.10.0 (/opt/ros/humble/share/python_cmake_module/cmake)
-- Found PythonLibs: /usr/lib/x86_64-linux-gnu/libpython3.10.so (found suitable version "3.10.6", minimum required is "3.5") 
-- Using PYTHON_EXECUTABLE: /usr/bin/python3
-- Using PYTHON_INCLUDE_DIRS: /usr/include/python3.10
-- Using PYTHON_LIBRARIES: /usr/lib/x86_64-linux-gnu/libpython3.10.so
-- Found PythonExtra: .so  
-- Found ament_lint_auto: 0.12.6 (/opt/ros/humble/share/ament_lint_auto/cmake)
-- Configuring done
-- Generating done
-- Build files have been written to: /home/rizo/iros/src/ros2_intro/homework/homework2/build/buggy
[  2%] [34m[1mGenerating C code for ROS interfaces[0m
[  4%] [34m[1mGenerating C++ code for ROS interfaces[0m
[  4%] Built target ament_cmake_python_copy_buggy
running egg_info
creating buggy.egg-info
writing buggy.egg-info/PKG-INFO
writing dependency_links to buggy.egg-info/dependency_links.txt
writing top-level names to buggy.egg-info/top_level.txt
writing manifest file 'buggy.egg-info/SOURCES.txt'
reading manifest file 'buggy.egg-info/SOURCES.txt'
writing manifest file 'buggy.egg-info/SOURCES.txt'
[  4%] Built target ament_cmake_python_build_buggy_egg
[  4%] Built target buggy__cpp
[  6%] [34m[1mGenerating C++ type support for eProsima Fast-RTPS[0m
[  9%] [34m[1mGenerating C++ type support dispatch for ROS interfaces[0m
[ 11%] [34m[1mGenerating C++ introspection for ROS interfaces[0m
[ 13%] [32mBuilding C object CMakeFiles/buggy__rosidl_generator_c.dir/rosidl_generator_c/buggy/srv/detail/custom_srv__functions.c.o[0m
[ 16%] [32mBuilding C object CMakeFiles/buggy__rosidl_generator_c.dir/rosidl_generator_c/buggy/msg/detail/custom_msg__functions.c.o[0m
[ 18%] [32m[1mLinking C shared library libbuggy__rosidl_generator_c.so[0m
[ 18%] Built target buggy__rosidl_generator_c
[ 20%] [34m[1mGenerating C type support for eProsima Fast-RTPS[0m
[ 25%] [34m[1mGenerating C type support dispatch for ROS interfaces[0m
[ 25%] [34m[1mGenerating C introspection for ROS interfaces[0m
[ 27%] [32mBuilding CXX object CMakeFiles/buggy__rosidl_typesupport_cpp.dir/rosidl_typesupport_cpp/buggy/msg/custom_msg__type_support.cpp.o[0m
[ 30%] [32mBuilding CXX object CMakeFiles/buggy__rosidl_typesupport_cpp.dir/rosidl_typesupport_cpp/buggy/srv/custom_srv__type_support.cpp.o[0m
[ 32%] [32mBuilding CXX object CMakeFiles/buggy__rosidl_typesupport_introspection_cpp.dir/rosidl_typesupport_introspection_cpp/buggy/msg/detail/custom_msg__type_support.cpp.o[0m
[ 34%] [32mBuilding CXX object CMakeFiles/buggy__rosidl_typesupport_introspection_cpp.dir/rosidl_typesupport_introspection_cpp/buggy/srv/detail/custom_srv__type_support.cpp.o[0m
[ 39%] [32mBuilding CXX object CMakeFiles/buggy__rosidl_typesupport_fastrtps_cpp.dir/rosidl_typesupport_fastrtps_cpp/buggy/srv/detail/dds_fastrtps/custom_srv__type_support.cpp.o[0m
[ 39%] [32mBuilding CXX object CMakeFiles/buggy__rosidl_typesupport_fastrtps_cpp.dir/rosidl_typesupport_fastrtps_cpp/buggy/msg/detail/dds_fastrtps/custom_msg__type_support.cpp.o[0m
[ 41%] [32mBuilding C object CMakeFiles/buggy__rosidl_typesupport_introspection_c.dir/rosidl_typesupport_introspection_c/buggy/msg/detail/custom_msg__type_support.c.o[0m
[ 44%] [32mBuilding C object CMakeFiles/buggy__rosidl_typesupport_introspection_c.dir/rosidl_typesupport_introspection_c/buggy/srv/detail/custom_srv__type_support.c.o[0m
[ 46%] [32m[1mLinking C shared library libbuggy__rosidl_typesupport_introspection_c.so[0m
[ 48%] Built target buggy__rosidl_typesupport_introspection_c
[ 48%] [32mBuilding CXX object CMakeFiles/buggy__rosidl_typesupport_c.dir/rosidl_typesupport_c/buggy/msg/custom_msg__type_support.cpp.o[0m
[ 51%] [32mBuilding CXX object CMakeFiles/buggy__rosidl_typesupport_c.dir/rosidl_typesupport_c/buggy/srv/custom_srv__type_support.cpp.o[0m
[ 53%] [32m[1mLinking CXX shared library libbuggy__rosidl_typesupport_c.so[0m
[ 55%] [32m[1mLinking CXX shared library libbuggy__rosidl_typesupport_cpp.so[0m
[ 58%] [32mBuilding CXX object CMakeFiles/buggy__rosidl_typesupport_fastrtps_c.dir/rosidl_typesupport_fastrtps_c/buggy/msg/detail/custom_msg__type_support_c.cpp.o[0m
[ 60%] [32mBuilding CXX object CMakeFiles/buggy__rosidl_typesupport_fastrtps_c.dir/rosidl_typesupport_fastrtps_c/buggy/srv/detail/custom_srv__type_support_c.cpp.o[0m
[ 60%] Built target buggy__rosidl_typesupport_c
[ 60%] Built target buggy__rosidl_typesupport_cpp
[ 62%] [32mBuilding CXX object CMakeFiles/sub.dir/src/sub.cpp.o[0m
[ 65%] [32mBuilding CXX object CMakeFiles/pub.dir/src/pub.cpp.o[0m
[ 67%] [32m[1mLinking CXX shared library libbuggy__rosidl_typesupport_introspection_cpp.so[0m
[ 69%] [32m[1mLinking CXX shared library libbuggy__rosidl_typesupport_fastrtps_cpp.so[0m
[ 69%] Built target buggy__rosidl_typesupport_introspection_cpp
[ 69%] Built target buggy__rosidl_typesupport_fastrtps_cpp
[ 72%] [32m[1mLinking CXX shared library libbuggy__rosidl_typesupport_fastrtps_c.so[0m
[ 72%] Built target buggy__rosidl_typesupport_fastrtps_c
[ 72%] Built target buggy
[ 74%] [34m[1mGenerating Python code for ROS interfaces[0m
[ 74%] Built target buggy__py
[ 79%] [32mBuilding C object CMakeFiles/buggy__rosidl_generator_py.dir/rosidl_generator_py/buggy/srv/_custom_srv_s.c.o[0m
[ 79%] [32mBuilding C object CMakeFiles/buggy__rosidl_generator_py.dir/rosidl_generator_py/buggy/msg/_custom_msg_s.c.o[0m
[ 81%] [32m[1mLinking C shared library rosidl_generator_py/buggy/libbuggy__rosidl_generator_py.so[0m
[ 81%] Built target buggy__rosidl_generator_py
[ 83%] [32mBuilding C object CMakeFiles/buggy__rosidl_typesupport_introspection_c__pyext.dir/rosidl_generator_py/buggy/_buggy_s.ep.rosidl_typesupport_introspection_c.c.o[0m
[ 86%] [32mBuilding C object CMakeFiles/buggy__rosidl_typesupport_fastrtps_c__pyext.dir/rosidl_generator_py/buggy/_buggy_s.ep.rosidl_typesupport_fastrtps_c.c.o[0m
[ 88%] [32mBuilding C object CMakeFiles/buggy__rosidl_typesupport_c__pyext.dir/rosidl_generator_py/buggy/_buggy_s.ep.rosidl_typesupport_c.c.o[0m
[ 93%] [32m[1mLinking C shared library rosidl_generator_py/buggy/buggy_s__rosidl_typesupport_introspection_c.cpython-310-x86_64-linux-gnu.so[0m
[ 93%] [32m[1mLinking C shared library rosidl_generator_py/buggy/buggy_s__rosidl_typesupport_c.cpython-310-x86_64-linux-gnu.so[0m
[ 93%] Built target buggy__rosidl_typesupport_c__pyext
[ 93%] Built target buggy__rosidl_typesupport_introspection_c__pyext
[ 95%] [32m[1mLinking C shared library rosidl_generator_py/buggy/buggy_s__rosidl_typesupport_fastrtps_c.cpython-310-x86_64-linux-gnu.so[0m
[ 95%] Built target buggy__rosidl_typesupport_fastrtps_c__pyext
[ 97%] [32m[1mLinking CXX executable pub[0m
[ 97%] Built target pub
[100%] [32m[1mLinking CXX executable sub[0m
[100%] Built target sub
-- Install configuration: ""
-- Installing: /home/rizo/iros/src/ros2_intro/homework/homework2/install/buggy/share/ament_index/resource_index/rosidl_interfaces/buggy
-- Installing: /home/rizo/iros/src/ros2_intro/homework/homework2/install/buggy/include/buggy/buggy
-- Installing: /home/rizo/iros/src/ros2_intro/homework/homework2/install/buggy/include/buggy/buggy/srv
-- Installing: /home/rizo/iros/src/ros2_intro/homework/homework2/install/buggy/include/buggy/buggy/srv/detail
-- Installing: /home/rizo/iros/src/ros2_intro/homework/homework2/install/buggy/include/buggy/buggy/srv/detail/custom_srv__functions.c
-- Installing: /home/rizo/iros/src/ros2_intro/homework/homework2/install/buggy/include/buggy/buggy/srv/detail/custom_srv__type_support.h
-- Installing: /home/rizo/iros/src/ros2_intro/homework/homework2/install/buggy/include/buggy/buggy/srv/detail/custom_srv__struct.h
-- Installing: /home/rizo/iros/src/ros2_intro/homework/homework2/install/buggy/include/buggy/buggy/srv/detail/custom_srv__functions.h
-- Installing: /home/rizo/iros/src/ros2_intro/homework/homework2/install/buggy/include/buggy/buggy/srv/custom_srv.h
-- Installing: /home/rizo/iros/src/ros2_intro/homework/homework2/install/buggy/include/buggy/buggy/msg
-- Installing: /home/rizo/iros/src/ros2_intro/homework/homework2/install/buggy/include/buggy/buggy/msg/custom_msg.h
-- Installing: /home/rizo/iros/src/ros2_intro/homework/homework2/install/buggy/include/buggy/buggy/msg/detail
-- Installing: /home/rizo/iros/src/ros2_intro/homework/homework2/install/buggy/include/buggy/buggy/msg/detail/custom_msg__struct.h
-- Installing: /home/rizo/iros/src/ros2_intro/homework/homework2/install/buggy/include/buggy/buggy/msg/detail/custom_msg__type_support.h
-- Installing: /home/rizo/iros/src/ros2_intro/homework/homework2/install/buggy/include/buggy/buggy/msg/detail/custom_msg__functions.c
-- Installing: /home/rizo/iros/src/ros2_intro/homework/homework2/install/buggy/include/buggy/buggy/msg/detail/custom_msg__functions.h
-- Installing: /home/rizo/iros/src/ros2_intro/homework/homework2/install/buggy/include/buggy/buggy/msg/rosidl_generator_c__visibility_control.h
-- Installing: /home/rizo/iros/src/ros2_intro/homework/homework2/install/buggy/share/buggy/environment/library_path.sh
-- Installing: /home/rizo/iros/src/ros2_intro/homework/homework2/install/buggy/share/buggy/environment/library_path.dsv
-- Installing: /home/rizo/iros/src/ros2_intro/homework/homework2/install/buggy/lib/libbuggy__rosidl_generator_c.so
-- Set runtime path of "/home/rizo/iros/src/ros2_intro/homework/homework2/install/buggy/lib/libbuggy__rosidl_generator_c.so" to ""
-- Up-to-date: /home/rizo/iros/src/ros2_intro/homework/homework2/install/buggy/include/buggy/buggy
-- Up-to-date: /home/rizo/iros/src/ros2_intro/homework/homework2/install/buggy/include/buggy/buggy/srv
-- Up-to-date: /home/rizo/iros/src/ros2_intro/homework/homework2/install/buggy/include/buggy/buggy/srv/detail
-- Installing: /home/rizo/iros/src/ros2_intro/homework/homework2/install/buggy/include/buggy/buggy/srv/detail/custom_srv__rosidl_typesupport_fastrtps_c.h
-- Up-to-date: /home/rizo/iros/src/ros2_intro/homework/homework2/install/buggy/include/buggy/buggy/msg
-- Up-to-date: /home/rizo/iros/src/ros2_intro/homework/homework2/install/buggy/include/buggy/buggy/msg/detail
-- Installing: /home/rizo/iros/src/ros2_intro/homework/homework2/install/buggy/include/buggy/buggy/msg/detail/custom_msg__rosidl_typesupport_fastrtps_c.h
-- Installing: /home/rizo/iros/src/ros2_intro/homework/homework2/install/buggy/include/buggy/buggy/msg/rosidl_typesupport_fastrtps_c__visibility_control.h
-- Installing: /home/rizo/iros/src/ros2_intro/homework/homework2/install/buggy/lib/libbuggy__rosidl_typesupport_fastrtps_c.so
-- Set runtime path of "/home/rizo/iros/src/ros2_intro/homework/homework2/install/buggy/lib/libbuggy__rosidl_typesupport_fastrtps_c.so" to ""
-- Up-to-date: /home/rizo/iros/src/ros2_intro/homework/homework2/install/buggy/include/buggy/buggy
-- Up-to-date: /home/rizo/iros/src/ros2_intro/homework/homework2/install/buggy/include/buggy/buggy/srv
-- Up-to-date: /home/rizo/iros/src/ros2_intro/homework/homework2/install/buggy/include/buggy/buggy/srv/detail
-- Installing: /home/rizo/iros/src/ros2_intro/homework/homework2/install/buggy/include/buggy/buggy/srv/detail/custom_srv__builder.hpp
-- Installing: /home/rizo/iros/src/ros2_intro/homework/homework2/install/buggy/include/buggy/buggy/srv/detail/custom_srv__traits.hpp
-- Installing: /home/rizo/iros/src/ros2_intro/homework/homework2/install/buggy/include/buggy/buggy/srv/detail/custom_srv__struct.hpp
-- Installing: /home/rizo/iros/src/ros2_intro/homework/homework2/install/buggy/include/buggy/buggy/srv/custom_srv.hpp
-- Up-to-date: /home/rizo/iros/src/ros2_intro/homework/homework2/install/buggy/include/buggy/buggy/msg
-- Up-to-date: /home/rizo/iros/src/ros2_intro/homework/homework2/install/buggy/include/buggy/buggy/msg/detail
-- Installing: /home/rizo/iros/src/ros2_intro/homework/homework2/install/buggy/include/buggy/buggy/msg/detail/custom_msg__struct.hpp
-- Installing: /home/rizo/iros/src/ros2_intro/homework/homework2/install/buggy/include/buggy/buggy/msg/detail/custom_msg__traits.hpp
-- Installing: /home/rizo/iros/src/ros2_intro/homework/homework2/install/buggy/include/buggy/buggy/msg/detail/custom_msg__builder.hpp
-- Installing: /home/rizo/iros/src/ros2_intro/homework/homework2/install/buggy/include/buggy/buggy/msg/custom_msg.hpp
-- Up-to-date: /home/rizo/iros/src/ros2_intro/homework/homework2/install/buggy/include/buggy/buggy
-- Up-to-date: /home/rizo/iros/src/ros2_intro/homework/homework2/install/buggy/include/buggy/buggy/srv
-- Up-to-date: /home/rizo/iros/src/ros2_intro/homework/homework2/install/buggy/include/buggy/buggy/srv/detail
-- Installing: /home/rizo/iros/src/ros2_intro/homework/homework2/install/buggy/include/buggy/buggy/srv/detail/dds_fastrtps
-- Installing: /home/rizo/iros/src/ros2_intro/homework/homework2/install/buggy/include/buggy/buggy/srv/detail/custom_srv__rosidl_typesupport_fastrtps_cpp.hpp
-- Up-to-date: /home/rizo/iros/src/ros2_intro/homework/homework2/install/buggy/include/buggy/buggy/msg
-- Installing: /home/rizo/iros/src/ros2_intro/homework/homework2/install/buggy/include/buggy/buggy/msg/rosidl_typesupport_fastrtps_cpp__visibility_control.h
-- Up-to-date: /home/rizo/iros/src/ros2_intro/homework/homework2/install/buggy/include/buggy/buggy/msg/detail
-- Installing: /home/rizo/iros/src/ros2_intro/homework/homework2/install/buggy/include/buggy/buggy/msg/detail/dds_fastrtps
-- Installing: /home/rizo/iros/src/ros2_intro/homework/homework2/install/buggy/include/buggy/buggy/msg/detail/custom_msg__rosidl_typesupport_fastrtps_cpp.hpp
-- Installing: /home/rizo/iros/src/ros2_intro/homework/homework2/install/buggy/lib/libbuggy__rosidl_typesupport_fastrtps_cpp.so
-- Set runtime path of "/home/rizo/iros/src/ros2_intro/homework/homework2/install/buggy/lib/libbuggy__rosidl_typesupport_fastrtps_cpp.so" to ""
-- Up-to-date: /home/rizo/iros/src/ros2_intro/homework/homework2/install/buggy/include/buggy/buggy
-- Up-to-date: /home/rizo/iros/src/ros2_intro/homework/homework2/install/buggy/include/buggy/buggy/srv
-- Up-to-date: /home/rizo/iros/src/ros2_intro/homework/homework2/install/buggy/include/buggy/buggy/srv/detail
-- Installing: /home/rizo/iros/src/ros2_intro/homework/homework2/install/buggy/include/buggy/buggy/srv/detail/custom_srv__type_support.c
-- Installing: /home/rizo/iros/src/ros2_intro/homework/homework2/install/buggy/include/buggy/buggy/srv/detail/custom_srv__rosidl_typesupport_introspection_c.h
-- Up-to-date: /home/rizo/iros/src/ros2_intro/homework/homework2/install/buggy/include/buggy/buggy/msg
-- Up-to-date: /home/rizo/iros/src/ros2_intro/homework/homework2/install/buggy/include/buggy/buggy/msg/detail
-- Installing: /home/rizo/iros/src/ros2_intro/homework/homework2/install/buggy/include/buggy/buggy/msg/detail/custom_msg__type_support.c
-- Installing: /home/rizo/iros/src/ros2_intro/homework/homework2/install/buggy/include/buggy/buggy/msg/detail/custom_msg__rosidl_typesupport_introspection_c.h
-- Installing: /home/rizo/iros/src/ros2_intro/homework/homework2/install/buggy/include/buggy/buggy/msg/rosidl_typesupport_introspection_c__visibility_control.h
-- Installing: /home/rizo/iros/src/ros2_intro/homework/homework2/install/buggy/lib/libbuggy__rosidl_typesupport_introspection_c.so
-- Set runtime path of "/home/rizo/iros/src/ros2_intro/homework/homework2/install/buggy/lib/libbuggy__rosidl_typesupport_introspection_c.so" to ""
-- Installing: /home/rizo/iros/src/ros2_intro/homework/homework2/install/buggy/lib/libbuggy__rosidl_typesupport_c.so
-- Set runtime path of "/home/rizo/iros/src/ros2_intro/homework/homework2/install/buggy/lib/libbuggy__rosidl_typesupport_c.so" to ""
-- Up-to-date: /home/rizo/iros/src/ros2_intro/homework/homework2/install/buggy/include/buggy/buggy
-- Up-to-date: /home/rizo/iros/src/ros2_intro/homework/homework2/install/buggy/include/buggy/buggy/srv
-- Up-to-date: /home/rizo/iros/src/ros2_intro/homework/homework2/install/buggy/include/buggy/buggy/srv/detail
-- Installing: /home/rizo/iros/src/ros2_intro/homework/homework2/install/buggy/include/buggy/buggy/srv/detail/custom_srv__type_support.cpp
-- Installing: /home/rizo/iros/src/ros2_intro/homework/homework2/install/buggy/include/buggy/buggy/srv/detail/custom_srv__rosidl_typesupport_introspection_cpp.hpp
-- Up-to-date: /home/rizo/iros/src/ros2_intro/homework/homework2/install/buggy/include/buggy/buggy/msg
-- Up-to-date: /home/rizo/iros/src/ros2_intro/homework/homework2/install/buggy/include/buggy/buggy/msg/detail
-- Installing: /home/rizo/iros/src/ros2_intro/homework/homework2/install/buggy/include/buggy/buggy/msg/detail/custom_msg__type_support.cpp
-- Installing: /home/rizo/iros/src/ros2_intro/homework/homework2/install/buggy/include/buggy/buggy/msg/detail/custom_msg__rosidl_typesupport_introspection_cpp.hpp
-- Installing: /home/rizo/iros/src/ros2_intro/homework/homework2/install/buggy/lib/libbuggy__rosidl_typesupport_introspection_cpp.so
-- Set runtime path of "/home/rizo/iros/src/ros2_intro/homework/homework2/install/buggy/lib/libbuggy__rosidl_typesupport_introspection_cpp.so" to ""
-- Installing: /home/rizo/iros/src/ros2_intro/homework/homework2/install/buggy/lib/libbuggy__rosidl_typesupport_cpp.so
-- Set runtime path of "/home/rizo/iros/src/ros2_intro/homework/homework2/install/buggy/lib/libbuggy__rosidl_typesupport_cpp.so" to ""
-- Installing: /home/rizo/iros/src/ros2_intro/homework/homework2/install/buggy/share/buggy/environment/pythonpath.sh
-- Installing: /home/rizo/iros/src/ros2_intro/homework/homework2/install/buggy/share/buggy/environment/pythonpath.dsv
-- Installing: /home/rizo/iros/src/ros2_intro/homework/homework2/install/buggy/local/lib/python3.10/dist-packages/buggy-0.0.0-py3.10.egg-info
-- Installing: /home/rizo/iros/src/ros2_intro/homework/homework2/install/buggy/local/lib/python3.10/dist-packages/buggy-0.0.0-py3.10.egg-info/SOURCES.txt
-- Installing: /home/rizo/iros/src/ros2_intro/homework/homework2/install/buggy/local/lib/python3.10/dist-packages/buggy-0.0.0-py3.10.egg-info/PKG-INFO
-- Installing: /home/rizo/iros/src/ros2_intro/homework/homework2/install/buggy/local/lib/python3.10/dist-packages/buggy-0.0.0-py3.10.egg-info/top_level.txt
-- Installing: /home/rizo/iros/src/ros2_intro/homework/homework2/install/buggy/local/lib/python3.10/dist-packages/buggy-0.0.0-py3.10.egg-info/dependency_links.txt
-- Installing: /home/rizo/iros/src/ros2_intro/homework/homework2/install/buggy/local/lib/python3.10/dist-packages/buggy
-- Installing: /home/rizo/iros/src/ros2_intro/homework/homework2/install/buggy/local/lib/python3.10/dist-packages/buggy/_buggy_s.ep.rosidl_typesupport_fastrtps_c.c
-- Installing: /home/rizo/iros/src/ros2_intro/homework/homework2/install/buggy/local/lib/python3.10/dist-packages/buggy/buggy_s__rosidl_typesupport_fastrtps_c.cpython-310-x86_64-linux-gnu.so
-- Installing: /home/rizo/iros/src/ros2_intro/homework/homework2/install/buggy/local/lib/python3.10/dist-packages/buggy/_buggy_s.ep.rosidl_typesupport_introspection_c.c
-- Installing: /home/rizo/iros/src/ros2_intro/homework/homework2/install/buggy/local/lib/python3.10/dist-packages/buggy/__init__.py
-- Installing: /home/rizo/iros/src/ros2_intro/homework/homework2/install/buggy/local/lib/python3.10/dist-packages/buggy/buggy_s__rosidl_typesupport_c.cpython-310-x86_64-linux-gnu.so
-- Installing: /home/rizo/iros/src/ros2_intro/homework/homework2/install/buggy/local/lib/python3.10/dist-packages/buggy/libbuggy__rosidl_generator_py.so
-- Installing: /home/rizo/iros/src/ros2_intro/homework/homework2/install/buggy/local/lib/python3.10/dist-packages/buggy/buggy_s__rosidl_typesupport_introspection_c.cpython-310-x86_64-linux-gnu.so
-- Installing: /home/rizo/iros/src/ros2_intro/homework/homework2/install/buggy/local/lib/python3.10/dist-packages/buggy/srv
-- Installing: /home/rizo/iros/src/ros2_intro/homework/homework2/install/buggy/local/lib/python3.10/dist-packages/buggy/srv/__init__.py
-- Installing: /home/rizo/iros/src/ros2_intro/homework/homework2/install/buggy/local/lib/python3.10/dist-packages/buggy/srv/_custom_srv_s.c
-- Installing: /home/rizo/iros/src/ros2_intro/homework/homework2/install/buggy/local/lib/python3.10/dist-packages/buggy/srv/_custom_srv.py
-- Installing: /home/rizo/iros/src/ros2_intro/homework/homework2/install/buggy/local/lib/python3.10/dist-packages/buggy/msg
-- Installing: /home/rizo/iros/src/ros2_intro/homework/homework2/install/buggy/local/lib/python3.10/dist-packages/buggy/msg/_custom_msg.py
-- Installing: /home/rizo/iros/src/ros2_intro/homework/homework2/install/buggy/local/lib/python3.10/dist-packages/buggy/msg/_custom_msg_s.c
-- Installing: /home/rizo/iros/src/ros2_intro/homework/homework2/install/buggy/local/lib/python3.10/dist-packages/buggy/msg/__init__.py
-- Installing: /home/rizo/iros/src/ros2_intro/homework/homework2/install/buggy/local/lib/python3.10/dist-packages/buggy/_buggy_s.ep.rosidl_typesupport_c.c
Listing '/home/rizo/iros/src/ros2_intro/homework/homework2/install/buggy/local/lib/python3.10/dist-packages/buggy'...
Compiling '/home/rizo/iros/src/ros2_intro/homework/homework2/install/buggy/local/lib/python3.10/dist-packages/buggy/__init__.py'...
Listing '/home/rizo/iros/src/ros2_intro/homework/homework2/install/buggy/local/lib/python3.10/dist-packages/buggy/msg'...
Compiling '/home/rizo/iros/src/ros2_intro/homework/homework2/install/buggy/local/lib/python3.10/dist-packages/buggy/msg/__init__.py'...
Compiling '/home/rizo/iros/src/ros2_intro/homework/homework2/install/buggy/local/lib/python3.10/dist-packages/buggy/msg/_custom_msg.py'...
Listing '/home/rizo/iros/src/ros2_intro/homework/homework2/install/buggy/local/lib/python3.10/dist-packages/buggy/srv'...
Compiling '/home/rizo/iros/src/ros2_intro/homework/homework2/install/buggy/local/lib/python3.10/dist-packages/buggy/srv/__init__.py'...
Compiling '/home/rizo/iros/src/ros2_intro/homework/homework2/install/buggy/local/lib/python3.10/dist-packages/buggy/srv/_custom_srv.py'...
-- Installing: /home/rizo/iros/src/ros2_intro/homework/homework2/install/buggy/local/lib/python3.10/dist-packages/buggy/buggy_s__rosidl_typesupport_fastrtps_c.cpython-310-x86_64-linux-gnu.so
-- Set runtime path of "/home/rizo/iros/src/ros2_intro/homework/homework2/install/buggy/local/lib/python3.10/dist-packages/buggy/buggy_s__rosidl_typesupport_fastrtps_c.cpython-310-x86_64-linux-gnu.so" to ""
-- Installing: /home/rizo/iros/src/ros2_intro/homework/homework2/install/buggy/local/lib/python3.10/dist-packages/buggy/buggy_s__rosidl_typesupport_introspection_c.cpython-310-x86_64-linux-gnu.so
-- Set runtime path of "/home/rizo/iros/src/ros2_intro/homework/homework2/install/buggy/local/lib/python3.10/dist-packages/buggy/buggy_s__rosidl_typesupport_introspection_c.cpython-310-x86_64-linux-gnu.so" to ""
-- Installing: /home/rizo/iros/src/ros2_intro/homework/homework2/install/buggy/local/lib/python3.10/dist-packages/buggy/buggy_s__rosidl_typesupport_c.cpython-310-x86_64-linux-gnu.so
-- Set runtime path of "/home/rizo/iros/src/ros2_intro/homework/homework2/install/buggy/local/lib/python3.10/dist-packages/buggy/buggy_s__rosidl_typesupport_c.cpython-310-x86_64-linux-gnu.so" to ""
-- Installing: /home/rizo/iros/src/ros2_intro/homework/homework2/install/buggy/lib/libbuggy__rosidl_generator_py.so
-- Set runtime path of "/home/rizo/iros/src/ros2_intro/homework/homework2/install/buggy/lib/libbuggy__rosidl_generator_py.so" to ""
-- Installing: /home/rizo/iros/src/ros2_intro/homework/homework2/install/buggy/share/buggy/msg/CustomMsg.idl
-- Installing: /home/rizo/iros/src/ros2_intro/homework/homework2/install/buggy/share/buggy/srv/CustomSrv.idl
-- Installing: /home/rizo/iros/src/ros2_intro/homework/homework2/install/buggy/share/buggy/msg/CustomMsg.msg
-- Installing: /home/rizo/iros/src/ros2_intro/homework/homework2/install/buggy/share/buggy/srv/CustomSrv.srv
-- Installing: /home/rizo/iros/src/ros2_intro/homework/homework2/install/buggy/share/buggy/srv/CustomSrv_Request.msg
-- Installing: /home/rizo/iros/src/ros2_intro/homework/homework2/install/buggy/share/buggy/srv/CustomSrv_Response.msg
-- Installing: /home/rizo/iros/src/ros2_intro/homework/homework2/install/buggy/lib/buggy/sub
-- Set runtime path of "/home/rizo/iros/src/ros2_intro/homework/homework2/install/buggy/lib/buggy/sub" to ""
-- Installing: /home/rizo/iros/src/ros2_intro/homework/homework2/install/buggy/lib/buggy/pub
-- Set runtime path of "/home/rizo/iros/src/ros2_intro/homework/homework2/install/buggy/lib/buggy/pub" to ""
-- Installing: /home/rizo/iros/src/ros2_intro/homework/homework2/install/buggy/share/buggy/launch
-- Installing: /home/rizo/iros/src/ros2_intro/homework/homework2/install/buggy/share/buggy/launch/test.launch.py
-- Installing: /home/rizo/iros/src/ros2_intro/homework/homework2/install/buggy/share/ament_index/resource_index/package_run_dependencies/buggy
-- Installing: /home/rizo/iros/src/ros2_intro/homework/homework2/install/buggy/share/ament_index/resource_index/parent_prefix_path/buggy
-- Installing: /home/rizo/iros/src/ros2_intro/homework/homework2/install/buggy/share/buggy/environment/ament_prefix_path.sh
-- Installing: /home/rizo/iros/src/ros2_intro/homework/homework2/install/buggy/share/buggy/environment/ament_prefix_path.dsv
-- Installing: /home/rizo/iros/src/ros2_intro/homework/homework2/install/buggy/share/buggy/environment/path.sh
-- Installing: /home/rizo/iros/src/ros2_intro/homework/homework2/install/buggy/share/buggy/environment/path.dsv
-- Installing: /home/rizo/iros/src/ros2_intro/homework/homework2/install/buggy/share/buggy/local_setup.bash
-- Installing: /home/rizo/iros/src/ros2_intro/homework/homework2/install/buggy/share/buggy/local_setup.sh
-- Installing: /home/rizo/iros/src/ros2_intro/homework/homework2/install/buggy/share/buggy/local_setup.zsh
-- Installing: /home/rizo/iros/src/ros2_intro/homework/homework2/install/buggy/share/buggy/local_setup.dsv
-- Installing: /home/rizo/iros/src/ros2_intro/homework/homework2/install/buggy/share/buggy/package.dsv
-- Installing: /home/rizo/iros/src/ros2_intro/homework/homework2/install/buggy/share/ament_index/resource_index/packages/buggy
-- Installing: /home/rizo/iros/src/ros2_intro/homework/homework2/install/buggy/share/buggy/cmake/export_buggy__rosidl_generator_cExport.cmake
-- Installing: /home/rizo/iros/src/ros2_intro/homework/homework2/install/buggy/share/buggy/cmake/export_buggy__rosidl_generator_cExport-noconfig.cmake
-- Installing: /home/rizo/iros/src/ros2_intro/homework/homework2/install/buggy/share/buggy/cmake/export_buggy__rosidl_typesupport_fastrtps_cExport.cmake
-- Installing: /home/rizo/iros/src/ros2_intro/homework/homework2/install/buggy/share/buggy/cmake/export_buggy__rosidl_typesupport_fastrtps_cExport-noconfig.cmake
-- Installing: /home/rizo/iros/src/ros2_intro/homework/homework2/install/buggy/share/buggy/cmake/export_buggy__rosidl_generator_cppExport.cmake
-- Installing: /home/rizo/iros/src/ros2_intro/homework/homework2/install/buggy/share/buggy/cmake/export_buggy__rosidl_typesupport_fastrtps_cppExport.cmake
-- Installing: /home/rizo/iros/src/ros2_intro/homework/homework2/install/buggy/share/buggy/cmake/export_buggy__rosidl_typesupport_fastrtps_cppExport-noconfig.cmake
-- Installing: /home/rizo/iros/src/ros2_intro/homework/homework2/install/buggy/share/buggy/cmake/buggy__rosidl_typesupport_introspection_cExport.cmake
-- Installing: /home/rizo/iros/src/ros2_intro/homework/homework2/install/buggy/share/buggy/cmake/buggy__rosidl_typesupport_introspection_cExport-noconfig.cmake
-- Installing: /home/rizo/iros/src/ros2_intro/homework/homework2/install/buggy/share/buggy/cmake/buggy__rosidl_typesupport_cExport.cmake
-- Installing: /home/rizo/iros/src/ros2_intro/homework/homework2/install/buggy/share/buggy/cmake/buggy__rosidl_typesupport_cExport-noconfig.cmake
-- Installing: /home/rizo/iros/src/ros2_intro/homework/homework2/install/buggy/share/buggy/cmake/buggy__rosidl_typesupport_introspection_cppExport.cmake
-- Installing: /home/rizo/iros/src/ros2_intro/homework/homework2/install/buggy/share/buggy/cmake/buggy__rosidl_typesupport_introspection_cppExport-noconfig.cmake
-- Installing: /home/rizo/iros/src/ros2_intro/homework/homework2/install/buggy/share/buggy/cmake/buggy__rosidl_typesupport_cppExport.cmake
-- Installing: /home/rizo/iros/src/ros2_intro/homework/homework2/install/buggy/share/buggy/cmake/buggy__rosidl_typesupport_cppExport-noconfig.cmake
-- Installing: /home/rizo/iros/src/ros2_intro/homework/homework2/install/buggy/share/buggy/cmake/export_buggy__rosidl_generator_pyExport.cmake
-- Installing: /home/rizo/iros/src/ros2_intro/homework/homework2/install/buggy/share/buggy/cmake/export_buggy__rosidl_generator_pyExport-noconfig.cmake
-- Installing: /home/rizo/iros/src/ros2_intro/homework/homework2/install/buggy/share/buggy/cmake/rosidl_cmake-extras.cmake
-- Installing: /home/rizo/iros/src/ros2_intro/homework/homework2/install/buggy/share/buggy/cmake/ament_cmake_export_dependencies-extras.cmake
-- Installing: /home/rizo/iros/src/ros2_intro/homework/homework2/install/buggy/share/buggy/cmake/ament_cmake_export_include_directories-extras.cmake
-- Installing: /home/rizo/iros/src/ros2_intro/homework/homework2/install/buggy/share/buggy/cmake/ament_cmake_export_libraries-extras.cmake
-- Installing: /home/rizo/iros/src/ros2_intro/homework/homework2/install/buggy/share/buggy/cmake/ament_cmake_export_targets-extras.cmake
-- Installing: /home/rizo/iros/src/ros2_intro/homework/homework2/install/buggy/share/buggy/cmake/rosidl_cmake_export_typesupport_targets-extras.cmake
-- Installing: /home/rizo/iros/src/ros2_intro/homework/homework2/install/buggy/share/buggy/cmake/rosidl_cmake_export_typesupport_libraries-extras.cmake
-- Installing: /home/rizo/iros/src/ros2_intro/homework/homework2/install/buggy/share/buggy/cmake/buggyConfig.cmake
-- Installing: /home/rizo/iros/src/ros2_intro/homework/homework2/install/buggy/share/buggy/cmake/buggyConfig-version.cmake
-- Installing: /home/rizo/iros/src/ros2_intro/homework/homework2/install/buggy/share/buggy/package.xml
