[35m[1mConsolidate compiler generated dependencies of target joy_hagen_marker_array[0m
[35m[1mConsolidate compiler generated dependencies of target joy_hagen_sub[0m
[35m[1mConsolidate compiler generated dependencies of target joy_hagen_point_cloud[0m
[35m[1mConsolidate compiler generated dependencies of target joy_hagen_pub[0m
[ 16%] Built target joy_hagen_basic_control
[ 33%] Built target joy_hagen_camera
[ 50%] Built target joy_hagen_sub
[ 66%] Built target joy_hagen_pub
[ 83%] Built target joy_hagen_marker_array
[100%] Built target joy_hagen_point_cloud
-- Install configuration: ""
-- Up-to-date: /home/rizo/ros2_intro/install/ros2_visualize/lib/ros2_visualize/joy_hagen_sub
-- Up-to-date: /home/rizo/ros2_intro/install/ros2_visualize/lib/ros2_visualize/joy_hagen_marker_array
-- Up-to-date: /home/rizo/ros2_intro/install/ros2_visualize/lib/ros2_visualize/joy_hagen_basic_control
-- Up-to-date: /home/rizo/ros2_intro/install/ros2_visualize/lib/ros2_visualize/joy_hagen_pub
-- Up-to-date: /home/rizo/ros2_intro/install/ros2_visualize/lib/ros2_visualize/joy_hagen_camera
-- Up-to-date: /home/rizo/ros2_intro/install/ros2_visualize/lib/ros2_visualize/joy_hagen_point_cloud
-- Up-to-date: /home/rizo/ros2_intro/install/ros2_visualize/share/ros2_visualize/launch
-- Up-to-date: /home/rizo/ros2_intro/install/ros2_visualize/share/ros2_visualize/launch/joy_hagen_pub.launch.py
-- Up-to-date: /home/rizo/ros2_intro/install/ros2_visualize/share/ros2_visualize/launch/joy_hagen_basic_control.launch.py
-- Up-to-date: /home/rizo/ros2_intro/install/ros2_visualize/share/ros2_visualize/launch/joy_hagen_marker_array.launch.py
-- Up-to-date: /home/rizo/ros2_intro/install/ros2_visualize/share/ros2_visualize/launch/joy_hagen_point_cloud.launch.py
-- Up-to-date: /home/rizo/ros2_intro/install/ros2_visualize/share/ros2_visualize/launch/joy_hagen_sub.launch.py
-- Up-to-date: /home/rizo/ros2_intro/install/ros2_visualize/share/ros2_visualize/launch/joy_hagen_camera.launch.py
-- Up-to-date: /home/rizo/ros2_intro/install/ros2_visualize/share/ament_index/resource_index/package_run_dependencies/ros2_visualize
-- Up-to-date: /home/rizo/ros2_intro/install/ros2_visualize/share/ament_index/resource_index/parent_prefix_path/ros2_visualize
-- Up-to-date: /home/rizo/ros2_intro/install/ros2_visualize/share/ros2_visualize/environment/ament_prefix_path.sh
-- Up-to-date: /home/rizo/ros2_intro/install/ros2_visualize/share/ros2_visualize/environment/ament_prefix_path.dsv
-- Up-to-date: /home/rizo/ros2_intro/install/ros2_visualize/share/ros2_visualize/environment/path.sh
-- Up-to-date: /home/rizo/ros2_intro/install/ros2_visualize/share/ros2_visualize/environment/path.dsv
-- Up-to-date: /home/rizo/ros2_intro/install/ros2_visualize/share/ros2_visualize/local_setup.bash
-- Up-to-date: /home/rizo/ros2_intro/install/ros2_visualize/share/ros2_visualize/local_setup.sh
-- Up-to-date: /home/rizo/ros2_intro/install/ros2_visualize/share/ros2_visualize/local_setup.zsh
-- Up-to-date: /home/rizo/ros2_intro/install/ros2_visualize/share/ros2_visualize/local_setup.dsv
-- Installing: /home/rizo/ros2_intro/install/ros2_visualize/share/ros2_visualize/package.dsv
-- Up-to-date: /home/rizo/ros2_intro/install/ros2_visualize/share/ament_index/resource_index/packages/ros2_visualize
-- Up-to-date: /home/rizo/ros2_intro/install/ros2_visualize/share/ros2_visualize/cmake/ament_cmake_export_include_directories-extras.cmake
-- Up-to-date: /home/rizo/ros2_intro/install/ros2_visualize/share/ros2_visualize/cmake/ament_cmake_export_dependencies-extras.cmake
-- Up-to-date: /home/rizo/ros2_intro/install/ros2_visualize/share/ros2_visualize/cmake/ros2_visualizeConfig.cmake
-- Up-to-date: /home/rizo/ros2_intro/install/ros2_visualize/share/ros2_visualize/cmake/ros2_visualizeConfig-version.cmake
-- Up-to-date: /home/rizo/ros2_intro/install/ros2_visualize/share/ros2_visualize/package.xml
