[0.419s] Invoking command in '/home/rizo/ros2_intro/build/ros2_visualize': CMAKE_PREFIX_PATH=${CMAKE_PREFIX_PATH}:/home/rizo/iros/install/hagen_robot_diff_drive:/home/rizo/iros/install/hagen_robot_controller:/opt/ros/humble /usr/bin/cmake --build /home/rizo/ros2_intro/build/ros2_visualize -- -j12 -l12
[0.449s] [35m[1mConsolidate compiler generated dependencies of target joy_hagen_marker_array[0m
[0.449s] [35m[1mConsolidate compiler generated dependencies of target joy_hagen_sub[0m
[0.450s] [35m[1mConsolidate compiler generated dependencies of target joy_hagen_point_cloud[0m
[0.450s] [35m[1mConsolidate compiler generated dependencies of target joy_hagen_pub[0m
[0.466s] [ 16%] Built target joy_hagen_basic_control
[0.467s] [ 33%] Built target joy_hagen_camera
[0.472s] [ 50%] Built target joy_hagen_sub
[0.472s] [ 66%] Built target joy_hagen_pub
[0.478s] [ 83%] Built target joy_hagen_marker_array
[0.485s] [100%] Built target joy_hagen_point_cloud
[0.497s] Invoked command in '/home/rizo/ros2_intro/build/ros2_visualize' returned '0': CMAKE_PREFIX_PATH=${CMAKE_PREFIX_PATH}:/home/rizo/iros/install/hagen_robot_diff_drive:/home/rizo/iros/install/hagen_robot_controller:/opt/ros/humble /usr/bin/cmake --build /home/rizo/ros2_intro/build/ros2_visualize -- -j12 -l12
[0.563s] Invoking command in '/home/rizo/ros2_intro/build/ros2_visualize': CMAKE_PREFIX_PATH=${CMAKE_PREFIX_PATH}:/home/rizo/iros/install/hagen_robot_diff_drive:/home/rizo/iros/install/hagen_robot_controller:/opt/ros/humble /usr/bin/cmake --install /home/rizo/ros2_intro/build/ros2_visualize
[0.573s] -- Install configuration: ""
[0.574s] -- Up-to-date: /home/rizo/ros2_intro/install/ros2_visualize/lib/ros2_visualize/joy_hagen_sub
[0.574s] -- Up-to-date: /home/rizo/ros2_intro/install/ros2_visualize/lib/ros2_visualize/joy_hagen_marker_array
[0.574s] -- Up-to-date: /home/rizo/ros2_intro/install/ros2_visualize/lib/ros2_visualize/joy_hagen_basic_control
[0.574s] -- Up-to-date: /home/rizo/ros2_intro/install/ros2_visualize/lib/ros2_visualize/joy_hagen_pub
[0.574s] -- Up-to-date: /home/rizo/ros2_intro/install/ros2_visualize/lib/ros2_visualize/joy_hagen_camera
[0.574s] -- Up-to-date: /home/rizo/ros2_intro/install/ros2_visualize/lib/ros2_visualize/joy_hagen_point_cloud
[0.574s] -- Up-to-date: /home/rizo/ros2_intro/install/ros2_visualize/share/ros2_visualize/launch
[0.574s] -- Up-to-date: /home/rizo/ros2_intro/install/ros2_visualize/share/ros2_visualize/launch/joy_hagen_pub.launch.py
[0.574s] -- Up-to-date: /home/rizo/ros2_intro/install/ros2_visualize/share/ros2_visualize/launch/joy_hagen_basic_control.launch.py
[0.575s] -- Up-to-date: /home/rizo/ros2_intro/install/ros2_visualize/share/ros2_visualize/launch/joy_hagen_marker_array.launch.py
[0.576s] -- Up-to-date: /home/rizo/ros2_intro/install/ros2_visualize/share/ros2_visualize/launch/joy_hagen_point_cloud.launch.py
[0.576s] -- Up-to-date: /home/rizo/ros2_intro/install/ros2_visualize/share/ros2_visualize/launch/joy_hagen_sub.launch.py
[0.577s] -- Up-to-date: /home/rizo/ros2_intro/install/ros2_visualize/share/ros2_visualize/launch/joy_hagen_camera.launch.py
[0.577s] -- Up-to-date: /home/rizo/ros2_intro/install/ros2_visualize/share/ament_index/resource_index/package_run_dependencies/ros2_visualize
[0.577s] -- Up-to-date: /home/rizo/ros2_intro/install/ros2_visualize/share/ament_index/resource_index/parent_prefix_path/ros2_visualize
[0.577s] -- Up-to-date: /home/rizo/ros2_intro/install/ros2_visualize/share/ros2_visualize/environment/ament_prefix_path.sh
[0.577s] -- Up-to-date: /home/rizo/ros2_intro/install/ros2_visualize/share/ros2_visualize/environment/ament_prefix_path.dsv
[0.577s] -- Up-to-date: /home/rizo/ros2_intro/install/ros2_visualize/share/ros2_visualize/environment/path.sh
[0.577s] -- Up-to-date: /home/rizo/ros2_intro/install/ros2_visualize/share/ros2_visualize/environment/path.dsv
[0.577s] -- Up-to-date: /home/rizo/ros2_intro/install/ros2_visualize/share/ros2_visualize/local_setup.bash
[0.577s] -- Up-to-date: /home/rizo/ros2_intro/install/ros2_visualize/share/ros2_visualize/local_setup.sh
[0.578s] -- Up-to-date: /home/rizo/ros2_intro/install/ros2_visualize/share/ros2_visualize/local_setup.zsh
[0.578s] -- Up-to-date: /home/rizo/ros2_intro/install/ros2_visualize/share/ros2_visualize/local_setup.dsv
[0.578s] -- Installing: /home/rizo/ros2_intro/install/ros2_visualize/share/ros2_visualize/package.dsv
[0.578s] -- Up-to-date: /home/rizo/ros2_intro/install/ros2_visualize/share/ament_index/resource_index/packages/ros2_visualize
[0.578s] -- Up-to-date: /home/rizo/ros2_intro/install/ros2_visualize/share/ros2_visualize/cmake/ament_cmake_export_include_directories-extras.cmake
[0.581s] -- Up-to-date: /home/rizo/ros2_intro/install/ros2_visualize/share/ros2_visualize/cmake/ament_cmake_export_dependencies-extras.cmake
[0.581s] -- Up-to-date: /home/rizo/ros2_intro/install/ros2_visualize/share/ros2_visualize/cmake/ros2_visualizeConfig.cmake
[0.581s] -- Up-to-date: /home/rizo/ros2_intro/install/ros2_visualize/share/ros2_visualize/cmake/ros2_visualizeConfig-version.cmake
[0.581s] -- Up-to-date: /home/rizo/ros2_intro/install/ros2_visualize/share/ros2_visualize/package.xml
[0.581s] Invoked command in '/home/rizo/ros2_intro/build/ros2_visualize' returned '0': CMAKE_PREFIX_PATH=${CMAKE_PREFIX_PATH}:/home/rizo/iros/install/hagen_robot_diff_drive:/home/rizo/iros/install/hagen_robot_controller:/opt/ros/humble /usr/bin/cmake --install /home/rizo/ros2_intro/build/ros2_visualize
