-- The C compiler identification is GNU 11.3.0
-- The CXX compiler identification is GNU 11.3.0
-- Detecting C compiler ABI info
-- Detecting C compiler ABI info - done
-- Check for working C compiler: /usr/bin/cc - skipped
-- Detecting C compile features
-- Detecting C compile features - done
-- Detecting CXX compiler ABI info
-- Detecting CXX compiler ABI info - done
-- Check for working CXX compiler: /usr/bin/c++ - skipped
-- Detecting CXX compile features
-- Detecting CXX compile features - done
-- Found ament_cmake: 1.3.4 (/opt/ros/humble/share/ament_cmake/cmake)
-- Found Python3: /usr/bin/python3.10 (found version "3.10.6") found components: Interpreter 
-- Found rclcpp: 16.0.4 (/opt/ros/humble/share/rclcpp/cmake)
-- Found rosidl_generator_c: 3.1.4 (/opt/ros/humble/share/rosidl_generator_c/cmake)
-- Found rosidl_adapter: 3.1.4 (/opt/ros/humble/share/rosidl_adapter/cmake)
-- Found rosidl_generator_cpp: 3.1.4 (/opt/ros/humble/share/rosidl_generator_cpp/cmake)
-- Using all available rosidl_typesupport_c: rosidl_typesupport_fastrtps_c;rosidl_typesupport_introspection_c
-- Using all available rosidl_typesupport_cpp: rosidl_typesupport_fastrtps_cpp;rosidl_typesupport_introspection_cpp
-- Found rmw_implementation_cmake: 6.1.1 (/opt/ros/humble/share/rmw_implementation_cmake/cmake)
-- Found rmw_fastrtps_cpp: 6.2.2 (/opt/ros/humble/share/rmw_fastrtps_cpp/cmake)
-- Found OpenSSL: /usr/lib/x86_64-linux-gnu/libcrypto.so (found version "3.0.2")  
-- Found FastRTPS: /opt/ros/humble/include  
-- Using RMW implementation 'rmw_fastrtps_cpp' as default
-- Looking for pthread.h
-- Looking for pthread.h - found
-- Performing Test CMAKE_HAVE_LIBC_PTHREAD
-- Performing Test CMAKE_HAVE_LIBC_PTHREAD - Success
-- Found Threads: TRUE  
-- Found geometry_msgs: 4.2.3 (/opt/ros/humble/share/geometry_msgs/cmake)
-- Found visualization_msgs: 4.2.3 (/opt/ros/humble/share/visualization_msgs/cmake)
-- Found diagnostic_updater: 3.1.2 (/opt/ros/humble/share/diagnostic_updater/cmake)
-- Found cv_bridge: 3.2.1 (/opt/ros/humble/share/cv_bridge/cmake)
-- Found tf2: 0.25.2 (/opt/ros/humble/share/tf2/cmake)
-- Found tf2_ros: 0.25.2 (/opt/ros/humble/share/tf2_ros/cmake)
-- Found tf2_geometry_msgs: 0.25.2 (/opt/ros/humble/share/tf2_geometry_msgs/cmake)
-- Found eigen3_cmake_module: 0.1.1 (/opt/ros/humble/share/eigen3_cmake_module/cmake)
-- Found Eigen3: TRUE (found version "3.4.0") 
-- Ensuring Eigen3 include directory is part of orocos-kdl CMake target
-- Found image_transport: 3.1.5 (/opt/ros/humble/share/image_transport/cmake)
-- Found pcl_conversions: 2.4.0 (/opt/ros/humble/share/pcl_conversions/cmake)
-- Found interactive_markers: 2.3.2 (/opt/ros/humble/share/interactive_markers/cmake)
-- Found friend_msgs: 0.2.0 (/home/rizo/iros/install/friend_msgs/share/friend_msgs/cmake)
-- Found nav_msgs: 4.2.3 (/opt/ros/humble/share/nav_msgs/cmake)
-- Found OpenCV: /usr (found version "4.5.4") 
-- Found Boost: /usr/lib/x86_64-linux-gnu/cmake/Boost-1.74.0/BoostConfig.cmake (found version "1.74.0") found components: system 
-- Checking for module 'eigen3'
--   Found eigen3, version 3.4.0
-- Found Eigen: /usr/include/eigen3 (Required is at least version "3.1") 
-- Eigen found (include: /usr/include/eigen3, version: 3.4.0)
-- Found Boost: /usr/lib/x86_64-linux-gnu/cmake/Boost-1.74.0/BoostConfig.cmake (found suitable version "1.74.0", minimum required is "1.65.0") found components: system filesystem date_time iostreams serialization 
-- looking for PCL_COMMON
-- Found PCL_COMMON: /usr/lib/x86_64-linux-gnu/libpcl_common.so  
-- Found PCL: pcl_common;Boost::system;Boost::filesystem;Boost::date_time;Boost::iostreams;Boost::serialization  
-- Configuring done
-- Generating done
-- Build files have been written to: /home/rizo/ros2_intro/build/ros2_visualize
[  8%] [32mBuilding CXX object CMakeFiles/joy_hagen_pub.dir/src/joy_hagen_pub_todo.cpp.o[0m
[ 16%] [32mBuilding CXX object CMakeFiles/joy_hagen_basic_control.dir/src/joy_hagen_basic_control_todo.cpp.o[0m
[ 33%] [32mBuilding CXX object CMakeFiles/joy_hagen_marker_array.dir/src/joy_hagen_marker_array_todo.cpp.o[0m
[ 33%] [32mBuilding CXX object CMakeFiles/joy_hagen_point_cloud.dir/src/joy_hagen_point_cloud_todo.cpp.o[0m
[ 41%] [32mBuilding CXX object CMakeFiles/joy_hagen_camera.dir/src/joy_hagen_camera_todo.cpp.o[0m
[ 50%] [32mBuilding CXX object CMakeFiles/joy_hagen_sub.dir/src/joy_hagen_sub_todo.cpp.o[0m
[ 58%] [32m[1mLinking CXX executable joy_hagen_camera[0m
[ 58%] Built target joy_hagen_camera
[ 66%] [32m[1mLinking CXX executable joy_hagen_marker_array[0m
[ 75%] [32m[1mLinking CXX executable joy_hagen_pub[0m
[ 75%] Built target joy_hagen_marker_array
[ 75%] Built target joy_hagen_pub
[ 83%] [32m[1mLinking CXX executable joy_hagen_basic_control[0m
[ 83%] Built target joy_hagen_basic_control
[ 91%] [32m[1mLinking CXX executable joy_hagen_point_cloud[0m
[ 91%] Built target joy_hagen_point_cloud
[100%] [32m[1mLinking CXX executable joy_hagen_sub[0m
[100%] Built target joy_hagen_sub
-- Install configuration: ""
-- Installing: /home/rizo/ros2_intro/install/ros2_visualize/lib/ros2_visualize/joy_hagen_sub
-- Set runtime path of "/home/rizo/ros2_intro/install/ros2_visualize/lib/ros2_visualize/joy_hagen_sub" to ""
-- Installing: /home/rizo/ros2_intro/install/ros2_visualize/lib/ros2_visualize/joy_hagen_marker_array
-- Set runtime path of "/home/rizo/ros2_intro/install/ros2_visualize/lib/ros2_visualize/joy_hagen_marker_array" to ""
-- Installing: /home/rizo/ros2_intro/install/ros2_visualize/lib/ros2_visualize/joy_hagen_basic_control
-- Set runtime path of "/home/rizo/ros2_intro/install/ros2_visualize/lib/ros2_visualize/joy_hagen_basic_control" to ""
-- Installing: /home/rizo/ros2_intro/install/ros2_visualize/lib/ros2_visualize/joy_hagen_pub
-- Set runtime path of "/home/rizo/ros2_intro/install/ros2_visualize/lib/ros2_visualize/joy_hagen_pub" to ""
-- Installing: /home/rizo/ros2_intro/install/ros2_visualize/lib/ros2_visualize/joy_hagen_camera
-- Set runtime path of "/home/rizo/ros2_intro/install/ros2_visualize/lib/ros2_visualize/joy_hagen_camera" to ""
-- Installing: /home/rizo/ros2_intro/install/ros2_visualize/lib/ros2_visualize/joy_hagen_point_cloud
-- Set runtime path of "/home/rizo/ros2_intro/install/ros2_visualize/lib/ros2_visualize/joy_hagen_point_cloud" to ""
-- Installing: /home/rizo/ros2_intro/install/ros2_visualize/share/ros2_visualize/launch
-- Installing: /home/rizo/ros2_intro/install/ros2_visualize/share/ros2_visualize/launch/joy_hagen_pub.launch.py
-- Installing: /home/rizo/ros2_intro/install/ros2_visualize/share/ros2_visualize/launch/joy_hagen_basic_control.launch.py
-- Installing: /home/rizo/ros2_intro/install/ros2_visualize/share/ros2_visualize/launch/joy_hagen_marker_array.launch.py
-- Installing: /home/rizo/ros2_intro/install/ros2_visualize/share/ros2_visualize/launch/joy_hagen_point_cloud.launch.py
-- Installing: /home/rizo/ros2_intro/install/ros2_visualize/share/ros2_visualize/launch/joy_hagen_sub.launch.py
-- Installing: /home/rizo/ros2_intro/install/ros2_visualize/share/ros2_visualize/launch/joy_hagen_camera.launch.py
-- Installing: /home/rizo/ros2_intro/install/ros2_visualize/share/ament_index/resource_index/package_run_dependencies/ros2_visualize
-- Installing: /home/rizo/ros2_intro/install/ros2_visualize/share/ament_index/resource_index/parent_prefix_path/ros2_visualize
-- Installing: /home/rizo/ros2_intro/install/ros2_visualize/share/ros2_visualize/environment/ament_prefix_path.sh
-- Installing: /home/rizo/ros2_intro/install/ros2_visualize/share/ros2_visualize/environment/ament_prefix_path.dsv
-- Installing: /home/rizo/ros2_intro/install/ros2_visualize/share/ros2_visualize/environment/path.sh
-- Installing: /home/rizo/ros2_intro/install/ros2_visualize/share/ros2_visualize/environment/path.dsv
-- Installing: /home/rizo/ros2_intro/install/ros2_visualize/share/ros2_visualize/local_setup.bash
-- Installing: /home/rizo/ros2_intro/install/ros2_visualize/share/ros2_visualize/local_setup.sh
-- Installing: /home/rizo/ros2_intro/install/ros2_visualize/share/ros2_visualize/local_setup.zsh
-- Installing: /home/rizo/ros2_intro/install/ros2_visualize/share/ros2_visualize/local_setup.dsv
-- Installing: /home/rizo/ros2_intro/install/ros2_visualize/share/ros2_visualize/package.dsv
-- Installing: /home/rizo/ros2_intro/install/ros2_visualize/share/ament_index/resource_index/packages/ros2_visualize
-- Installing: /home/rizo/ros2_intro/install/ros2_visualize/share/ros2_visualize/cmake/ament_cmake_export_include_directories-extras.cmake
-- Installing: /home/rizo/ros2_intro/install/ros2_visualize/share/ros2_visualize/cmake/ament_cmake_export_dependencies-extras.cmake
-- Installing: /home/rizo/ros2_intro/install/ros2_visualize/share/ros2_visualize/cmake/ros2_visualizeConfig.cmake
-- Installing: /home/rizo/ros2_intro/install/ros2_visualize/share/ros2_visualize/cmake/ros2_visualizeConfig-version.cmake
-- Installing: /home/rizo/ros2_intro/install/ros2_visualize/share/ros2_visualize/package.xml
