[0.017s] Invoking command in '/home/rizo/ros2_intro/build/ros2_visualize': CMAKE_PREFIX_PATH=${CMAKE_PREFIX_PATH}:/home/rizo/iros/install/hagen_robot_diff_drive:/home/rizo/iros/install/hagen_robot_controller:/opt/ros/humble /usr/bin/cmake /home/rizo/ros2_intro/ros2_visualize -DCMAKE_INSTALL_PREFIX=/home/rizo/ros2_intro/install/ros2_visualize
[0.056s] -- The C compiler identification is GNU 11.3.0
[0.102s] -- The CXX compiler identification is GNU 11.3.0
[0.107s] -- Detecting C compiler ABI info
[0.149s] -- Detecting C compiler ABI info - done
[0.156s] -- Check for working C compiler: /usr/bin/cc - skipped
[0.156s] -- Detecting C compile features
[0.156s] -- Detecting C compile features - done
[0.159s] -- Detecting CXX compiler ABI info
[0.217s] -- Detecting CXX compiler ABI info - done
[0.223s] -- Check for working CXX compiler: /usr/bin/c++ - skipped
[0.224s] -- Detecting CXX compile features
[0.224s] -- Detecting CXX compile features - done
[0.226s] -- Found ament_cmake: 1.3.4 (/opt/ros/humble/share/ament_cmake/cmake)
[0.366s] -- Found Python3: /usr/bin/python3.10 (found version "3.10.6") found components: Interpreter 
[0.445s] -- Found rclcpp: 16.0.4 (/opt/ros/humble/share/rclcpp/cmake)
[0.483s] -- Found rosidl_generator_c: 3.1.4 (/opt/ros/humble/share/rosidl_generator_c/cmake)
[0.488s] -- Found rosidl_adapter: 3.1.4 (/opt/ros/humble/share/rosidl_adapter/cmake)
[0.497s] -- Found rosidl_generator_cpp: 3.1.4 (/opt/ros/humble/share/rosidl_generator_cpp/cmake)
[0.511s] -- Using all available rosidl_typesupport_c: rosidl_typesupport_fastrtps_c;rosidl_typesupport_introspection_c
[0.532s] -- Using all available rosidl_typesupport_cpp: rosidl_typesupport_fastrtps_cpp;rosidl_typesupport_introspection_cpp
[0.600s] -- Found rmw_implementation_cmake: 6.1.1 (/opt/ros/humble/share/rmw_implementation_cmake/cmake)
[0.603s] -- Found rmw_fastrtps_cpp: 6.2.2 (/opt/ros/humble/share/rmw_fastrtps_cpp/cmake)
[0.678s] -- Found OpenSSL: /usr/lib/x86_64-linux-gnu/libcrypto.so (found version "3.0.2")  
[0.702s] -- Found FastRTPS: /opt/ros/humble/include  
[0.744s] -- Using RMW implementation 'rmw_fastrtps_cpp' as default
[0.753s] -- Looking for pthread.h
[0.806s] -- Looking for pthread.h - found
[0.807s] -- Performing Test CMAKE_HAVE_LIBC_PTHREAD
[0.857s] -- Performing Test CMAKE_HAVE_LIBC_PTHREAD - Success
[0.858s] -- Found Threads: TRUE  
[1.017s] -- Found geometry_msgs: 4.2.3 (/opt/ros/humble/share/geometry_msgs/cmake)
[1.057s] -- Found visualization_msgs: 4.2.3 (/opt/ros/humble/share/visualization_msgs/cmake)
[1.288s] -- Found diagnostic_updater: 3.1.2 (/opt/ros/humble/share/diagnostic_updater/cmake)
[1.379s] -- Found cv_bridge: 3.2.1 (/opt/ros/humble/share/cv_bridge/cmake)
[1.398s] -- Found tf2: 0.25.2 (/opt/ros/humble/share/tf2/cmake)
[1.412s] -- Found tf2_ros: 0.25.2 (/opt/ros/humble/share/tf2_ros/cmake)
[1.805s] -- Found tf2_geometry_msgs: 0.25.2 (/opt/ros/humble/share/tf2_geometry_msgs/cmake)
[1.820s] -- Found eigen3_cmake_module: 0.1.1 (/opt/ros/humble/share/eigen3_cmake_module/cmake)
[1.821s] -- Found Eigen3: TRUE (found version "3.4.0") 
[1.821s] -- Ensuring Eigen3 include directory is part of orocos-kdl CMake target
[1.834s] -- Found image_transport: 3.1.5 (/opt/ros/humble/share/image_transport/cmake)
[1.869s] -- Found pcl_conversions: 2.4.0 (/opt/ros/humble/share/pcl_conversions/cmake)
[2.053s] -- Found interactive_markers: 2.3.2 (/opt/ros/humble/share/interactive_markers/cmake)
[2.073s] -- Found friend_msgs: 0.2.0 (/home/rizo/iros/install/friend_msgs/share/friend_msgs/cmake)
[2.135s] -- Found nav_msgs: 4.2.3 (/opt/ros/humble/share/nav_msgs/cmake)
[2.296s] -- Found OpenCV: /usr (found version "4.5.4") 
[2.313s] -- Found Boost: /usr/lib/x86_64-linux-gnu/cmake/Boost-1.74.0/BoostConfig.cmake (found version "1.74.0") found components: system 
[2.328s] -- Checking for module 'eigen3'
[2.361s] --   Found eigen3, version 3.4.0
[2.470s] -- Found Eigen: /usr/include/eigen3 (Required is at least version "3.1") 
[2.471s] -- Eigen found (include: /usr/include/eigen3, version: 3.4.0)
[2.509s] -- Found Boost: /usr/lib/x86_64-linux-gnu/cmake/Boost-1.74.0/BoostConfig.cmake (found suitable version "1.74.0", minimum required is "1.65.0") found components: system filesystem date_time iostreams serialization 
[2.511s] -- looking for PCL_COMMON
[2.513s] -- Found PCL_COMMON: /usr/lib/x86_64-linux-gnu/libpcl_common.so  
[2.522s] -- Found PCL: pcl_common;Boost::system;Boost::filesystem;Boost::date_time;Boost::iostreams;Boost::serialization  
[3.374s] -- Configuring done
[3.451s] -- Generating done
[3.453s] -- Build files have been written to: /home/rizo/ros2_intro/build/ros2_visualize
[3.466s] Invoked command in '/home/rizo/ros2_intro/build/ros2_visualize' returned '0': CMAKE_PREFIX_PATH=${CMAKE_PREFIX_PATH}:/home/rizo/iros/install/hagen_robot_diff_drive:/home/rizo/iros/install/hagen_robot_controller:/opt/ros/humble /usr/bin/cmake /home/rizo/ros2_intro/ros2_visualize -DCMAKE_INSTALL_PREFIX=/home/rizo/ros2_intro/install/ros2_visualize
[3.467s] Invoking command in '/home/rizo/ros2_intro/build/ros2_visualize': CMAKE_PREFIX_PATH=${CMAKE_PREFIX_PATH}:/home/rizo/iros/install/hagen_robot_diff_drive:/home/rizo/iros/install/hagen_robot_controller:/opt/ros/humble /usr/bin/cmake --build /home/rizo/ros2_intro/build/ros2_visualize -- -j12 -l12
[3.512s] [  8%] [32mBuilding CXX object CMakeFiles/joy_hagen_pub.dir/src/joy_hagen_pub_todo.cpp.o[0m
[3.513s] [ 16%] [32mBuilding CXX object CMakeFiles/joy_hagen_basic_control.dir/src/joy_hagen_basic_control_todo.cpp.o[0m
[3.514s] [ 33%] [32mBuilding CXX object CMakeFiles/joy_hagen_marker_array.dir/src/joy_hagen_marker_array_todo.cpp.o[0m
[3.514s] [ 33%] [32mBuilding CXX object CMakeFiles/joy_hagen_point_cloud.dir/src/joy_hagen_point_cloud_todo.cpp.o[0m
[3.515s] [ 41%] [32mBuilding CXX object CMakeFiles/joy_hagen_camera.dir/src/joy_hagen_camera_todo.cpp.o[0m
[3.516s] [ 50%] [32mBuilding CXX object CMakeFiles/joy_hagen_sub.dir/src/joy_hagen_sub_todo.cpp.o[0m
[8.937s] [ 58%] [32m[1mLinking CXX executable joy_hagen_camera[0m
[10.286s] [ 58%] Built target joy_hagen_camera
[11.217s] [ 66%] [32m[1mLinking CXX executable joy_hagen_marker_array[0m
[11.603s] [ 75%] [32m[1mLinking CXX executable joy_hagen_pub[0m
[11.902s] [ 75%] Built target joy_hagen_marker_array
[12.454s] [ 75%] Built target joy_hagen_pub
[13.700s] [ 83%] [32m[1mLinking CXX executable joy_hagen_basic_control[0m
[14.432s] [ 83%] Built target joy_hagen_basic_control
[16.878s] [ 91%] [32m[1mLinking CXX executable joy_hagen_point_cloud[0m
[17.149s] [ 91%] Built target joy_hagen_point_cloud
[21.045s] [100%] [32m[1mLinking CXX executable joy_hagen_sub[0m
[21.684s] [100%] Built target joy_hagen_sub
[21.694s] Invoked command in '/home/rizo/ros2_intro/build/ros2_visualize' returned '0': CMAKE_PREFIX_PATH=${CMAKE_PREFIX_PATH}:/home/rizo/iros/install/hagen_robot_diff_drive:/home/rizo/iros/install/hagen_robot_controller:/opt/ros/humble /usr/bin/cmake --build /home/rizo/ros2_intro/build/ros2_visualize -- -j12 -l12
[21.722s] Invoking command in '/home/rizo/ros2_intro/build/ros2_visualize': CMAKE_PREFIX_PATH=${CMAKE_PREFIX_PATH}:/home/rizo/iros/install/hagen_robot_diff_drive:/home/rizo/iros/install/hagen_robot_controller:/opt/ros/humble /usr/bin/cmake --install /home/rizo/ros2_intro/build/ros2_visualize
[21.727s] -- Install configuration: ""
[21.727s] -- Installing: /home/rizo/ros2_intro/install/ros2_visualize/lib/ros2_visualize/joy_hagen_sub
[21.731s] -- Set runtime path of "/home/rizo/ros2_intro/install/ros2_visualize/lib/ros2_visualize/joy_hagen_sub" to ""
[21.732s] -- Installing: /home/rizo/ros2_intro/install/ros2_visualize/lib/ros2_visualize/joy_hagen_marker_array
[21.732s] -- Set runtime path of "/home/rizo/ros2_intro/install/ros2_visualize/lib/ros2_visualize/joy_hagen_marker_array" to ""
[21.732s] -- Installing: /home/rizo/ros2_intro/install/ros2_visualize/lib/ros2_visualize/joy_hagen_basic_control
[21.733s] -- Set runtime path of "/home/rizo/ros2_intro/install/ros2_visualize/lib/ros2_visualize/joy_hagen_basic_control" to ""
[21.733s] -- Installing: /home/rizo/ros2_intro/install/ros2_visualize/lib/ros2_visualize/joy_hagen_pub
[21.734s] -- Set runtime path of "/home/rizo/ros2_intro/install/ros2_visualize/lib/ros2_visualize/joy_hagen_pub" to ""
[21.735s] -- Installing: /home/rizo/ros2_intro/install/ros2_visualize/lib/ros2_visualize/joy_hagen_camera
[21.735s] -- Set runtime path of "/home/rizo/ros2_intro/install/ros2_visualize/lib/ros2_visualize/joy_hagen_camera" to ""
[21.735s] -- Installing: /home/rizo/ros2_intro/install/ros2_visualize/lib/ros2_visualize/joy_hagen_point_cloud
[21.736s] -- Set runtime path of "/home/rizo/ros2_intro/install/ros2_visualize/lib/ros2_visualize/joy_hagen_point_cloud" to ""
[21.736s] -- Installing: /home/rizo/ros2_intro/install/ros2_visualize/share/ros2_visualize/launch
[21.736s] -- Installing: /home/rizo/ros2_intro/install/ros2_visualize/share/ros2_visualize/launch/joy_hagen_pub.launch.py
[21.736s] -- Installing: /home/rizo/ros2_intro/install/ros2_visualize/share/ros2_visualize/launch/joy_hagen_basic_control.launch.py
[21.736s] -- Installing: /home/rizo/ros2_intro/install/ros2_visualize/share/ros2_visualize/launch/joy_hagen_marker_array.launch.py
[21.737s] -- Installing: /home/rizo/ros2_intro/install/ros2_visualize/share/ros2_visualize/launch/joy_hagen_point_cloud.launch.py
[21.737s] -- Installing: /home/rizo/ros2_intro/install/ros2_visualize/share/ros2_visualize/launch/joy_hagen_sub.launch.py
[21.737s] -- Installing: /home/rizo/ros2_intro/install/ros2_visualize/share/ros2_visualize/launch/joy_hagen_camera.launch.py
[21.737s] -- Installing: /home/rizo/ros2_intro/install/ros2_visualize/share/ament_index/resource_index/package_run_dependencies/ros2_visualize
[21.737s] -- Installing: /home/rizo/ros2_intro/install/ros2_visualize/share/ament_index/resource_index/parent_prefix_path/ros2_visualize
[21.737s] -- Installing: /home/rizo/ros2_intro/install/ros2_visualize/share/ros2_visualize/environment/ament_prefix_path.sh
[21.737s] -- Installing: /home/rizo/ros2_intro/install/ros2_visualize/share/ros2_visualize/environment/ament_prefix_path.dsv
[21.737s] -- Installing: /home/rizo/ros2_intro/install/ros2_visualize/share/ros2_visualize/environment/path.sh
[21.737s] -- Installing: /home/rizo/ros2_intro/install/ros2_visualize/share/ros2_visualize/environment/path.dsv
[21.737s] -- Installing: /home/rizo/ros2_intro/install/ros2_visualize/share/ros2_visualize/local_setup.bash
[21.737s] -- Installing: /home/rizo/ros2_intro/install/ros2_visualize/share/ros2_visualize/local_setup.sh
[21.737s] -- Installing: /home/rizo/ros2_intro/install/ros2_visualize/share/ros2_visualize/local_setup.zsh
[21.737s] -- Installing: /home/rizo/ros2_intro/install/ros2_visualize/share/ros2_visualize/local_setup.dsv
[21.738s] -- Installing: /home/rizo/ros2_intro/install/ros2_visualize/share/ros2_visualize/package.dsv
[21.738s] -- Installing: /home/rizo/ros2_intro/install/ros2_visualize/share/ament_index/resource_index/packages/ros2_visualize
[21.738s] -- Installing: /home/rizo/ros2_intro/install/ros2_visualize/share/ros2_visualize/cmake/ament_cmake_export_include_directories-extras.cmake
[21.738s] -- Installing: /home/rizo/ros2_intro/install/ros2_visualize/share/ros2_visualize/cmake/ament_cmake_export_dependencies-extras.cmake
[21.738s] -- Installing: /home/rizo/ros2_intro/install/ros2_visualize/share/ros2_visualize/cmake/ros2_visualizeConfig.cmake
[21.738s] -- Installing: /home/rizo/ros2_intro/install/ros2_visualize/share/ros2_visualize/cmake/ros2_visualizeConfig-version.cmake
[21.738s] -- Installing: /home/rizo/ros2_intro/install/ros2_visualize/share/ros2_visualize/package.xml
[21.742s] Invoked command in '/home/rizo/ros2_intro/build/ros2_visualize' returned '0': CMAKE_PREFIX_PATH=${CMAKE_PREFIX_PATH}:/home/rizo/iros/install/hagen_robot_diff_drive:/home/rizo/iros/install/hagen_robot_controller:/opt/ros/humble /usr/bin/cmake --install /home/rizo/ros2_intro/build/ros2_visualize
