[0.274s] DEBUG:colcon:Command line arguments: ['/usr/bin/colcon', 'build', '--packages-select', 'buggy']
[0.274s] DEBUG:colcon:Parsed command line arguments: Namespace(log_base=None, log_level=None, verb_name='build', build_base='build', install_base='install', merge_install=False, symlink_install=False, test_result_base=None, continue_on_error=False, executor='parallel', parallel_workers=12, event_handlers=None, ignore_user_meta=False, metas=['./colcon.meta'], base_paths=['.'], packages_ignore=None, packages_ignore_regex=None, paths=None, packages_up_to=None, packages_up_to_regex=None, packages_above=None, packages_above_and_dependencies=None, packages_above_depth=None, packages_select_by_dep=None, packages_skip_by_dep=None, packages_skip_up_to=None, packages_select_build_failed=False, packages_skip_build_finished=False, packages_select_test_failures=False, packages_skip_test_passed=False, packages_select=['buggy'], packages_skip=None, packages_select_regex=None, packages_skip_regex=None, packages_start=None, packages_end=None, allow_overriding=[], cmake_args=None, cmake_target=None, cmake_target_skip_unavailable=False, cmake_clean_cache=False, cmake_clean_first=False, cmake_force_configure=False, ament_cmake_args=None, catkin_cmake_args=None, catkin_skip_building_tests=False, verb_parser=<colcon_defaults.argument_parser.defaults.DefaultArgumentsDecorator object at 0x7ff2e5df04c0>, verb_extension=<colcon_core.verb.build.BuildVerb object at 0x7ff2e65d13f0>, main=<bound method BuildVerb.main of <colcon_core.verb.build.BuildVerb object at 0x7ff2e65d13f0>>)
[0.299s] Level 1:colcon.colcon_core.package_discovery:discover_packages(colcon_meta) check parameters
[0.299s] Level 1:colcon.colcon_core.package_discovery:discover_packages(recursive) check parameters
[0.299s] Level 1:colcon.colcon_core.package_discovery:discover_packages(ignore) check parameters
[0.299s] Level 1:colcon.colcon_core.package_discovery:discover_packages(path) check parameters
[0.299s] Level 1:colcon.colcon_core.package_discovery:discover_packages(colcon_meta) discover
[0.299s] Level 1:colcon.colcon_core.package_discovery:discover_packages(recursive) discover
[0.299s] INFO:colcon.colcon_core.package_discovery:Crawling recursively for packages in '/home/rizo/iros/src/ros2_intro/homework/homework2'
[0.300s] Level 1:colcon.colcon_core.package_identification:_identify(.) by extensions ['ignore', 'ignore_ament_install']
[0.300s] Level 1:colcon.colcon_core.package_identification:_identify(.) by extension 'ignore'
[0.300s] Level 1:colcon.colcon_core.package_identification:_identify(.) by extension 'ignore_ament_install'
[0.300s] Level 1:colcon.colcon_core.package_identification:_identify(.) by extensions ['colcon_pkg']
[0.300s] Level 1:colcon.colcon_core.package_identification:_identify(.) by extension 'colcon_pkg'
[0.300s] Level 1:colcon.colcon_core.package_identification:_identify(.) by extensions ['colcon_meta']
[0.300s] Level 1:colcon.colcon_core.package_identification:_identify(.) by extension 'colcon_meta'
[0.300s] Level 1:colcon.colcon_core.package_identification:_identify(.) by extensions ['ros']
[0.300s] Level 1:colcon.colcon_core.package_identification:_identify(.) by extension 'ros'
[0.309s] Level 1:colcon.colcon_core.package_identification:_identify(.) by extensions ['cmake', 'python']
[0.309s] Level 1:colcon.colcon_core.package_identification:_identify(.) by extension 'cmake'
[0.309s] Level 1:colcon.colcon_core.package_identification:_identify(.) by extension 'python'
[0.309s] Level 1:colcon.colcon_core.package_identification:_identify(.) by extensions ['python_setup_py']
[0.309s] Level 1:colcon.colcon_core.package_identification:_identify(.) by extension 'python_setup_py'
[0.309s] Level 1:colcon.colcon_core.package_identification:_identify(buggy) by extensions ['ignore', 'ignore_ament_install']
[0.309s] Level 1:colcon.colcon_core.package_identification:_identify(buggy) by extension 'ignore'
[0.310s] Level 1:colcon.colcon_core.package_identification:_identify(buggy) by extension 'ignore_ament_install'
[0.310s] Level 1:colcon.colcon_core.package_identification:_identify(buggy) by extensions ['colcon_pkg']
[0.310s] Level 1:colcon.colcon_core.package_identification:_identify(buggy) by extension 'colcon_pkg'
[0.310s] Level 1:colcon.colcon_core.package_identification:_identify(buggy) by extensions ['colcon_meta']
[0.310s] Level 1:colcon.colcon_core.package_identification:_identify(buggy) by extension 'colcon_meta'
[0.310s] Level 1:colcon.colcon_core.package_identification:_identify(buggy) by extensions ['ros']
[0.310s] Level 1:colcon.colcon_core.package_identification:_identify(buggy) by extension 'ros'
[0.312s] DEBUG:colcon.colcon_core.package_identification:Package 'buggy' with type 'ros.ament_cmake' and name 'buggy'
[0.312s] Level 1:colcon.colcon_core.package_identification:_identify(build) by extensions ['ignore', 'ignore_ament_install']
[0.313s] Level 1:colcon.colcon_core.package_identification:_identify(build) by extension 'ignore'
[0.313s] Level 1:colcon.colcon_core.package_identification:_identify(build) ignored
[0.313s] Level 1:colcon.colcon_core.package_identification:_identify(install) by extensions ['ignore', 'ignore_ament_install']
[0.313s] Level 1:colcon.colcon_core.package_identification:_identify(install) by extension 'ignore'
[0.313s] Level 1:colcon.colcon_core.package_identification:_identify(install) ignored
[0.313s] Level 1:colcon.colcon_core.package_identification:_identify(log) by extensions ['ignore', 'ignore_ament_install']
[0.313s] Level 1:colcon.colcon_core.package_identification:_identify(log) by extension 'ignore'
[0.313s] Level 1:colcon.colcon_core.package_identification:_identify(log) ignored
[0.313s] Level 1:colcon.colcon_core.package_discovery:discover_packages(recursive) using defaults
[0.313s] Level 1:colcon.colcon_core.package_discovery:discover_packages(ignore) discover
[0.313s] Level 1:colcon.colcon_core.package_discovery:discover_packages(ignore) using defaults
[0.313s] Level 1:colcon.colcon_core.package_discovery:discover_packages(path) discover
[0.313s] Level 1:colcon.colcon_core.package_discovery:discover_packages(path) using defaults
[0.333s] Level 1:colcon.colcon_core.package_discovery:discover_packages(prefix_path) check parameters
[0.333s] Level 1:colcon.colcon_core.package_discovery:discover_packages(prefix_path) discover
[0.336s] DEBUG:colcon.colcon_installed_package_information.package_discovery:Found 1 installed packages in /home/rizo/iros/src/ros2_intro/homework/homework2/install
[0.337s] DEBUG:colcon.colcon_installed_package_information.package_discovery:Found 34 installed packages in /home/rizo/iros/install
[0.339s] DEBUG:colcon.colcon_installed_package_information.package_discovery:Found 414 installed packages in /opt/ros/humble
[0.341s] Level 1:colcon.colcon_core.package_discovery:discover_packages(prefix_path) using defaults
[0.404s] Level 5:colcon.colcon_core.verb:set package 'buggy' build argument 'cmake_args' from command line to 'None'
[0.404s] Level 5:colcon.colcon_core.verb:set package 'buggy' build argument 'cmake_target' from command line to 'None'
[0.404s] Level 5:colcon.colcon_core.verb:set package 'buggy' build argument 'cmake_target_skip_unavailable' from command line to 'False'
[0.404s] Level 5:colcon.colcon_core.verb:set package 'buggy' build argument 'cmake_clean_cache' from command line to 'False'
[0.404s] Level 5:colcon.colcon_core.verb:set package 'buggy' build argument 'cmake_clean_first' from command line to 'False'
[0.404s] Level 5:colcon.colcon_core.verb:set package 'buggy' build argument 'cmake_force_configure' from command line to 'False'
[0.404s] Level 5:colcon.colcon_core.verb:set package 'buggy' build argument 'ament_cmake_args' from command line to 'None'
[0.404s] Level 5:colcon.colcon_core.verb:set package 'buggy' build argument 'catkin_cmake_args' from command line to 'None'
[0.404s] Level 5:colcon.colcon_core.verb:set package 'buggy' build argument 'catkin_skip_building_tests' from command line to 'False'
[0.404s] DEBUG:colcon.colcon_core.verb:Building package 'buggy' with the following arguments: {'ament_cmake_args': None, 'build_base': '/home/rizo/iros/src/ros2_intro/homework/homework2/build/buggy', 'catkin_cmake_args': None, 'catkin_skip_building_tests': False, 'cmake_args': None, 'cmake_clean_cache': False, 'cmake_clean_first': False, 'cmake_force_configure': False, 'cmake_target': None, 'cmake_target_skip_unavailable': False, 'install_base': '/home/rizo/iros/src/ros2_intro/homework/homework2/install/buggy', 'merge_install': False, 'path': '/home/rizo/iros/src/ros2_intro/homework/homework2/buggy', 'symlink_install': False, 'test_result_base': None}
[0.405s] INFO:colcon.colcon_core.executor:Executing jobs using 'parallel' executor
[0.408s] DEBUG:colcon.colcon_parallel_executor.executor.parallel:run_until_complete
[0.408s] INFO:colcon.colcon_ros.task.ament_cmake.build:Building ROS package in '/home/rizo/iros/src/ros2_intro/homework/homework2/buggy' with build type 'ament_cmake'
[0.408s] INFO:colcon.colcon_cmake.task.cmake.build:Building CMake package in '/home/rizo/iros/src/ros2_intro/homework/homework2/buggy'
[0.414s] INFO:colcon.colcon_core.plugin_system:Skipping extension 'colcon_core.shell.bat': Not used on non-Windows systems
[0.415s] INFO:colcon.colcon_core.shell:Skip shell extension 'powershell' for command environment: Not usable outside of PowerShell
[0.415s] DEBUG:colcon.colcon_core.shell:Skip shell extension 'dsv' for command environment
[0.432s] DEBUG:colcon.colcon_core.event_handler.log_command:Invoking command in '/home/rizo/iros/src/ros2_intro/homework/homework2/build/buggy': CMAKE_PREFIX_PATH=${CMAKE_PREFIX_PATH}:/home/rizo/iros/install/launch_testing_examples:/home/rizo/iros/install/hagen_robot_diff_drive:/home/rizo/iros/install/hagen_robot_controller:/home/rizo/iros/install/examples_rclpy_pointcloud_publisher:/home/rizo/iros/install/examples_rclpy_minimal_subscriber:/home/rizo/iros/install/examples_rclpy_minimal_service:/home/rizo/iros/install/examples_rclpy_minimal_publisher:/home/rizo/iros/install/examples_rclpy_minimal_client:/home/rizo/iros/install/examples_rclpy_minimal_action_server:/home/rizo/iros/install/examples_rclpy_minimal_action_client:/home/rizo/iros/install/examples_rclpy_guard_conditions:/home/rizo/iros/install/examples_rclpy_executors:/opt/ros/humble /usr/bin/cmake --build /home/rizo/iros/src/ros2_intro/homework/homework2/build/buggy -- -j12 -l12
[0.968s] DEBUG:colcon.colcon_core.event_handler.log_command:Invoked command in '/home/rizo/iros/src/ros2_intro/homework/homework2/build/buggy' returned '0': CMAKE_PREFIX_PATH=${CMAKE_PREFIX_PATH}:/home/rizo/iros/install/launch_testing_examples:/home/rizo/iros/install/hagen_robot_diff_drive:/home/rizo/iros/install/hagen_robot_controller:/home/rizo/iros/install/examples_rclpy_pointcloud_publisher:/home/rizo/iros/install/examples_rclpy_minimal_subscriber:/home/rizo/iros/install/examples_rclpy_minimal_service:/home/rizo/iros/install/examples_rclpy_minimal_publisher:/home/rizo/iros/install/examples_rclpy_minimal_client:/home/rizo/iros/install/examples_rclpy_minimal_action_server:/home/rizo/iros/install/examples_rclpy_minimal_action_client:/home/rizo/iros/install/examples_rclpy_guard_conditions:/home/rizo/iros/install/examples_rclpy_executors:/opt/ros/humble /usr/bin/cmake --build /home/rizo/iros/src/ros2_intro/homework/homework2/build/buggy -- -j12 -l12
[1.111s] DEBUG:colcon.colcon_core.event_handler.log_command:Invoking command in '/home/rizo/iros/src/ros2_intro/homework/homework2/build/buggy': CMAKE_PREFIX_PATH=${CMAKE_PREFIX_PATH}:/home/rizo/iros/install/launch_testing_examples:/home/rizo/iros/install/hagen_robot_diff_drive:/home/rizo/iros/install/hagen_robot_controller:/home/rizo/iros/install/examples_rclpy_pointcloud_publisher:/home/rizo/iros/install/examples_rclpy_minimal_subscriber:/home/rizo/iros/install/examples_rclpy_minimal_service:/home/rizo/iros/install/examples_rclpy_minimal_publisher:/home/rizo/iros/install/examples_rclpy_minimal_client:/home/rizo/iros/install/examples_rclpy_minimal_action_server:/home/rizo/iros/install/examples_rclpy_minimal_action_client:/home/rizo/iros/install/examples_rclpy_guard_conditions:/home/rizo/iros/install/examples_rclpy_executors:/opt/ros/humble /usr/bin/cmake --install /home/rizo/iros/src/ros2_intro/homework/homework2/build/buggy
[1.185s] Level 1:colcon.colcon_core.environment:create_environment_scripts_only(buggy)
[1.186s] DEBUG:colcon.colcon_core.event_handler.log_command:Invoked command in '/home/rizo/iros/src/ros2_intro/homework/homework2/build/buggy' returned '0': CMAKE_PREFIX_PATH=${CMAKE_PREFIX_PATH}:/home/rizo/iros/install/launch_testing_examples:/home/rizo/iros/install/hagen_robot_diff_drive:/home/rizo/iros/install/hagen_robot_controller:/home/rizo/iros/install/examples_rclpy_pointcloud_publisher:/home/rizo/iros/install/examples_rclpy_minimal_subscriber:/home/rizo/iros/install/examples_rclpy_minimal_service:/home/rizo/iros/install/examples_rclpy_minimal_publisher:/home/rizo/iros/install/examples_rclpy_minimal_client:/home/rizo/iros/install/examples_rclpy_minimal_action_server:/home/rizo/iros/install/examples_rclpy_minimal_action_client:/home/rizo/iros/install/examples_rclpy_guard_conditions:/home/rizo/iros/install/examples_rclpy_executors:/opt/ros/humble /usr/bin/cmake --install /home/rizo/iros/src/ros2_intro/homework/homework2/build/buggy
[1.190s] Level 1:colcon.colcon_core.environment:checking '/home/rizo/iros/src/ros2_intro/homework/homework2/install/buggy' for CMake module files
[1.191s] Level 1:colcon.colcon_core.environment:checking '/home/rizo/iros/src/ros2_intro/homework/homework2/install/buggy' for CMake config files
[1.191s] Level 1:colcon.colcon_core.shell:create_environment_hook('buggy', 'cmake_prefix_path')
[1.193s] INFO:colcon.colcon_core.shell:Creating environment hook '/home/rizo/iros/src/ros2_intro/homework/homework2/install/buggy/share/buggy/hook/cmake_prefix_path.ps1'
[1.193s] INFO:colcon.colcon_core.shell:Creating environment descriptor '/home/rizo/iros/src/ros2_intro/homework/homework2/install/buggy/share/buggy/hook/cmake_prefix_path.dsv'
[1.194s] INFO:colcon.colcon_core.shell:Creating environment hook '/home/rizo/iros/src/ros2_intro/homework/homework2/install/buggy/share/buggy/hook/cmake_prefix_path.sh'
[1.195s] Level 1:colcon.colcon_core.environment:checking '/home/rizo/iros/src/ros2_intro/homework/homework2/install/buggy/lib'
[1.195s] Level 1:colcon.colcon_core.shell:create_environment_hook('buggy', 'ld_library_path_lib')
[1.196s] INFO:colcon.colcon_core.shell:Creating environment hook '/home/rizo/iros/src/ros2_intro/homework/homework2/install/buggy/share/buggy/hook/ld_library_path_lib.ps1'
[1.197s] INFO:colcon.colcon_core.shell:Creating environment descriptor '/home/rizo/iros/src/ros2_intro/homework/homework2/install/buggy/share/buggy/hook/ld_library_path_lib.dsv'
[1.197s] INFO:colcon.colcon_core.shell:Creating environment hook '/home/rizo/iros/src/ros2_intro/homework/homework2/install/buggy/share/buggy/hook/ld_library_path_lib.sh'
[1.197s] Level 1:colcon.colcon_core.environment:checking '/home/rizo/iros/src/ros2_intro/homework/homework2/install/buggy/bin'
[1.197s] Level 1:colcon.colcon_core.environment:checking '/home/rizo/iros/src/ros2_intro/homework/homework2/install/buggy/lib/pkgconfig/buggy.pc'
[1.198s] Level 1:colcon.colcon_core.environment:checking '/home/rizo/iros/src/ros2_intro/homework/homework2/install/buggy/lib/python3.10/site-packages'
[1.198s] Level 1:colcon.colcon_core.environment:checking '/home/rizo/iros/src/ros2_intro/homework/homework2/install/buggy/bin'
[1.199s] INFO:colcon.colcon_core.shell:Creating package script '/home/rizo/iros/src/ros2_intro/homework/homework2/install/buggy/share/buggy/package.ps1'
[1.200s] INFO:colcon.colcon_core.shell:Creating package descriptor '/home/rizo/iros/src/ros2_intro/homework/homework2/install/buggy/share/buggy/package.dsv'
[1.201s] INFO:colcon.colcon_core.shell:Creating package script '/home/rizo/iros/src/ros2_intro/homework/homework2/install/buggy/share/buggy/package.sh'
[1.202s] INFO:colcon.colcon_core.shell:Creating package script '/home/rizo/iros/src/ros2_intro/homework/homework2/install/buggy/share/buggy/package.bash'
[1.202s] INFO:colcon.colcon_core.shell:Creating package script '/home/rizo/iros/src/ros2_intro/homework/homework2/install/buggy/share/buggy/package.zsh'
[1.203s] Level 1:colcon.colcon_core.environment:create_file_with_runtime_dependencies(/home/rizo/iros/src/ros2_intro/homework/homework2/install/buggy/share/colcon-core/packages/buggy)
[1.299s] Level 1:colcon.colcon_core.environment:create_environment_scripts_only(buggy)
[1.301s] Level 1:colcon.colcon_core.environment:checking '/home/rizo/iros/src/ros2_intro/homework/homework2/install/buggy' for CMake module files
[1.302s] Level 1:colcon.colcon_core.environment:checking '/home/rizo/iros/src/ros2_intro/homework/homework2/install/buggy' for CMake config files
[1.302s] Level 1:colcon.colcon_core.shell:create_environment_hook('buggy', 'cmake_prefix_path')
[1.304s] INFO:colcon.colcon_core.shell:Creating environment hook '/home/rizo/iros/src/ros2_intro/homework/homework2/install/buggy/share/buggy/hook/cmake_prefix_path.ps1'
[1.304s] INFO:colcon.colcon_core.shell:Creating environment descriptor '/home/rizo/iros/src/ros2_intro/homework/homework2/install/buggy/share/buggy/hook/cmake_prefix_path.dsv'
[1.305s] INFO:colcon.colcon_core.shell:Creating environment hook '/home/rizo/iros/src/ros2_intro/homework/homework2/install/buggy/share/buggy/hook/cmake_prefix_path.sh'
[1.306s] Level 1:colcon.colcon_core.environment:checking '/home/rizo/iros/src/ros2_intro/homework/homework2/install/buggy/lib'
[1.306s] Level 1:colcon.colcon_core.shell:create_environment_hook('buggy', 'ld_library_path_lib')
[1.308s] INFO:colcon.colcon_core.shell:Creating environment hook '/home/rizo/iros/src/ros2_intro/homework/homework2/install/buggy/share/buggy/hook/ld_library_path_lib.ps1'
[1.308s] INFO:colcon.colcon_core.shell:Creating environment descriptor '/home/rizo/iros/src/ros2_intro/homework/homework2/install/buggy/share/buggy/hook/ld_library_path_lib.dsv'
[1.308s] INFO:colcon.colcon_core.shell:Creating environment hook '/home/rizo/iros/src/ros2_intro/homework/homework2/install/buggy/share/buggy/hook/ld_library_path_lib.sh'
[1.309s] Level 1:colcon.colcon_core.environment:checking '/home/rizo/iros/src/ros2_intro/homework/homework2/install/buggy/bin'
[1.309s] Level 1:colcon.colcon_core.environment:checking '/home/rizo/iros/src/ros2_intro/homework/homework2/install/buggy/lib/pkgconfig/buggy.pc'
[1.309s] Level 1:colcon.colcon_core.environment:checking '/home/rizo/iros/src/ros2_intro/homework/homework2/install/buggy/lib/python3.10/site-packages'
[1.309s] Level 1:colcon.colcon_core.environment:checking '/home/rizo/iros/src/ros2_intro/homework/homework2/install/buggy/bin'
[1.311s] INFO:colcon.colcon_core.shell:Creating package script '/home/rizo/iros/src/ros2_intro/homework/homework2/install/buggy/share/buggy/package.ps1'
[1.312s] INFO:colcon.colcon_core.shell:Creating package descriptor '/home/rizo/iros/src/ros2_intro/homework/homework2/install/buggy/share/buggy/package.dsv'
[1.312s] INFO:colcon.colcon_core.shell:Creating package script '/home/rizo/iros/src/ros2_intro/homework/homework2/install/buggy/share/buggy/package.sh'
[1.313s] INFO:colcon.colcon_core.shell:Creating package script '/home/rizo/iros/src/ros2_intro/homework/homework2/install/buggy/share/buggy/package.bash'
[1.313s] INFO:colcon.colcon_core.shell:Creating package script '/home/rizo/iros/src/ros2_intro/homework/homework2/install/buggy/share/buggy/package.zsh'
[1.314s] Level 1:colcon.colcon_core.environment:create_file_with_runtime_dependencies(/home/rizo/iros/src/ros2_intro/homework/homework2/install/buggy/share/colcon-core/packages/buggy)
[1.314s] DEBUG:colcon.colcon_parallel_executor.executor.parallel:closing loop
[1.314s] DEBUG:colcon.colcon_parallel_executor.executor.parallel:loop closed
[1.315s] DEBUG:colcon.colcon_parallel_executor.executor.parallel:run_until_complete finished with '0'
[1.315s] DEBUG:colcon.colcon_core.event_reactor:joining thread
[1.325s] INFO:colcon.colcon_core.plugin_system:Skipping extension 'colcon_notification.desktop_notification.terminal_notifier': Not used on non-Darwin systems
[1.325s] INFO:colcon.colcon_core.plugin_system:Skipping extension 'colcon_notification.desktop_notification.win32': Not used on non-Windows systems
[1.325s] INFO:colcon.colcon_notification.desktop_notification:Sending desktop notification using 'notify2'
[1.347s] DEBUG:colcon.colcon_core.event_reactor:joined thread
[1.349s] INFO:colcon.colcon_core.shell:Creating prefix script '/home/rizo/iros/src/ros2_intro/homework/homework2/install/local_setup.ps1'
[1.351s] INFO:colcon.colcon_core.shell:Creating prefix util module '/home/rizo/iros/src/ros2_intro/homework/homework2/install/_local_setup_util_ps1.py'
[1.352s] INFO:colcon.colcon_core.shell:Creating prefix chain script '/home/rizo/iros/src/ros2_intro/homework/homework2/install/setup.ps1'
[1.355s] INFO:colcon.colcon_core.shell:Creating prefix script '/home/rizo/iros/src/ros2_intro/homework/homework2/install/local_setup.sh'
[1.356s] INFO:colcon.colcon_core.shell:Creating prefix util module '/home/rizo/iros/src/ros2_intro/homework/homework2/install/_local_setup_util_sh.py'
[1.357s] INFO:colcon.colcon_core.shell:Creating prefix chain script '/home/rizo/iros/src/ros2_intro/homework/homework2/install/setup.sh'
[1.361s] INFO:colcon.colcon_core.shell:Creating prefix script '/home/rizo/iros/src/ros2_intro/homework/homework2/install/local_setup.bash'
[1.361s] INFO:colcon.colcon_core.shell:Creating prefix chain script '/home/rizo/iros/src/ros2_intro/homework/homework2/install/setup.bash'
[1.364s] INFO:colcon.colcon_core.shell:Creating prefix script '/home/rizo/iros/src/ros2_intro/homework/homework2/install/local_setup.zsh'
[1.364s] INFO:colcon.colcon_core.shell:Creating prefix chain script '/home/rizo/iros/src/ros2_intro/homework/homework2/install/setup.zsh'
