[0.046s] Invoking command in '/home/rizo/ros2_intro/build/friend_msgs': CMAKE_PREFIX_PATH=${CMAKE_PREFIX_PATH}:/home/rizo/iros/install/hagen_robot_diff_drive:/home/rizo/iros/install/hagen_robot_controller:/opt/ros/humble /usr/bin/cmake --build /home/rizo/ros2_intro/build/friend_msgs -- -j12 -l12
[0.465s] [  1%] Built target friend_msgs__cpp
[0.465s] [ 12%] Built target friend_msgs__rosidl_generator_c
[0.465s] [ 12%] Built target ament_cmake_python_copy_friend_msgs
[0.466s] [ 23%] Built target friend_msgs__rosidl_typesupport_cpp
[0.466s] [ 38%] Built target friend_msgs__rosidl_typesupport_fastrtps_cpp
[0.467s] [ 45%] Built target friend_msgs__rosidl_typesupport_introspection_c
[0.467s] [ 56%] Built target friend_msgs__rosidl_typesupport_c
[0.468s] [ 67%] Built target friend_msgs__rosidl_typesupport_introspection_cpp
[0.468s] [ 78%] Built target friend_msgs__rosidl_typesupport_fastrtps_c
[0.468s] [ 78%] Built target friend_msgs
[0.469s] [ 80%] Built target friend_msgs__py
[0.469s] [ 89%] Built target friend_msgs__rosidl_generator_py
[0.470s] [100%] Built target friend_msgs__rosidl_typesupport_fastrtps_c__pyext
[0.470s] [100%] Built target friend_msgs__rosidl_typesupport_c__pyext
[0.471s] [100%] Built target friend_msgs__rosidl_typesupport_introspection_c__pyext
[0.471s] running egg_info
[0.472s] writing friend_msgs.egg-info/PKG-INFO
[0.472s] writing dependency_links to friend_msgs.egg-info/dependency_links.txt
[0.472s] writing top-level names to friend_msgs.egg-info/top_level.txt
[0.473s] reading manifest file 'friend_msgs.egg-info/SOURCES.txt'
[0.473s] writing manifest file 'friend_msgs.egg-info/SOURCES.txt'
[0.474s] [100%] Built target ament_cmake_python_build_friend_msgs_egg
[0.476s] Invoked command in '/home/rizo/ros2_intro/build/friend_msgs' returned '0': CMAKE_PREFIX_PATH=${CMAKE_PREFIX_PATH}:/home/rizo/iros/install/hagen_robot_diff_drive:/home/rizo/iros/install/hagen_robot_controller:/opt/ros/humble /usr/bin/cmake --build /home/rizo/ros2_intro/build/friend_msgs -- -j12 -l12
[0.564s] Invoking command in '/home/rizo/ros2_intro/build/friend_msgs': CMAKE_PREFIX_PATH=${CMAKE_PREFIX_PATH}:/home/rizo/iros/install/hagen_robot_diff_drive:/home/rizo/iros/install/hagen_robot_controller:/opt/ros/humble /usr/bin/cmake --install /home/rizo/ros2_intro/build/friend_msgs
[0.582s] -- Install configuration: ""
[0.582s] -- Up-to-date: /home/rizo/ros2_intro/install/friend_msgs/share/ament_index/resource_index/rosidl_interfaces/friend_msgs
[0.584s] -- Up-to-date: /home/rizo/ros2_intro/install/friend_msgs/include/friend_msgs/friend_msgs
[0.584s] -- Up-to-date: /home/rizo/ros2_intro/install/friend_msgs/include/friend_msgs/friend_msgs/srv
[0.584s] -- Up-to-date: /home/rizo/ros2_intro/install/friend_msgs/include/friend_msgs/friend_msgs/srv/set_speed.h
[0.584s] -- Up-to-date: /home/rizo/ros2_intro/install/friend_msgs/include/friend_msgs/friend_msgs/srv/detail
[0.585s] -- Up-to-date: /home/rizo/ros2_intro/install/friend_msgs/include/friend_msgs/friend_msgs/srv/detail/set_speed__functions.c
[0.585s] -- Up-to-date: /home/rizo/ros2_intro/install/friend_msgs/include/friend_msgs/friend_msgs/srv/detail/set_speed__functions.h
[0.585s] -- Up-to-date: /home/rizo/ros2_intro/install/friend_msgs/include/friend_msgs/friend_msgs/srv/detail/set_speed__type_support.h
[0.585s] -- Up-to-date: /home/rizo/ros2_intro/install/friend_msgs/include/friend_msgs/friend_msgs/srv/detail/set_speed__struct.h
[0.586s] -- Up-to-date: /home/rizo/ros2_intro/install/friend_msgs/include/friend_msgs/friend_msgs/srv/detail/friend_info_service__functions.h
[0.586s] -- Up-to-date: /home/rizo/ros2_intro/install/friend_msgs/include/friend_msgs/friend_msgs/srv/detail/friend_info_service__struct.h
[0.586s] -- Up-to-date: /home/rizo/ros2_intro/install/friend_msgs/include/friend_msgs/friend_msgs/srv/detail/friend_info_service__functions.c
[0.587s] -- Up-to-date: /home/rizo/ros2_intro/install/friend_msgs/include/friend_msgs/friend_msgs/srv/detail/friend_info_service__type_support.h
[0.587s] -- Up-to-date: /home/rizo/ros2_intro/install/friend_msgs/include/friend_msgs/friend_msgs/srv/friend_info_service.h
[0.588s] -- Up-to-date: /home/rizo/ros2_intro/install/friend_msgs/include/friend_msgs/friend_msgs/msg
[0.589s] -- Up-to-date: /home/rizo/ros2_intro/install/friend_msgs/include/friend_msgs/friend_msgs/msg/r2_d2.h
[0.590s] -- Up-to-date: /home/rizo/ros2_intro/install/friend_msgs/include/friend_msgs/friend_msgs/msg/detail
[0.590s] -- Up-to-date: /home/rizo/ros2_intro/install/friend_msgs/include/friend_msgs/friend_msgs/msg/detail/r2_d2__struct.h
[0.591s] -- Up-to-date: /home/rizo/ros2_intro/install/friend_msgs/include/friend_msgs/friend_msgs/msg/detail/r2_d2__functions.c
[0.591s] -- Up-to-date: /home/rizo/ros2_intro/install/friend_msgs/include/friend_msgs/friend_msgs/msg/detail/friend_info__functions.c
[0.591s] -- Up-to-date: /home/rizo/ros2_intro/install/friend_msgs/include/friend_msgs/friend_msgs/msg/detail/r2_d2__type_support.h
[0.592s] -- Up-to-date: /home/rizo/ros2_intro/install/friend_msgs/include/friend_msgs/friend_msgs/msg/detail/r2_d2__functions.h
[0.592s] -- Up-to-date: /home/rizo/ros2_intro/install/friend_msgs/include/friend_msgs/friend_msgs/msg/detail/friend_info__functions.h
[0.592s] -- Up-to-date: /home/rizo/ros2_intro/install/friend_msgs/include/friend_msgs/friend_msgs/msg/detail/friend_info__type_support.h
[0.593s] -- Up-to-date: /home/rizo/ros2_intro/install/friend_msgs/include/friend_msgs/friend_msgs/msg/detail/friend_info__struct.h
[0.593s] -- Up-to-date: /home/rizo/ros2_intro/install/friend_msgs/include/friend_msgs/friend_msgs/msg/friend_info.h
[0.594s] -- Up-to-date: /home/rizo/ros2_intro/install/friend_msgs/include/friend_msgs/friend_msgs/msg/rosidl_generator_c__visibility_control.h
[0.594s] -- Up-to-date: /home/rizo/ros2_intro/install/friend_msgs/share/friend_msgs/environment/library_path.sh
[0.594s] -- Up-to-date: /home/rizo/ros2_intro/install/friend_msgs/share/friend_msgs/environment/library_path.dsv
[0.594s] -- Up-to-date: /home/rizo/ros2_intro/install/friend_msgs/lib/libfriend_msgs__rosidl_generator_c.so
[0.595s] -- Up-to-date: /home/rizo/ros2_intro/install/friend_msgs/include/friend_msgs/friend_msgs
[0.595s] -- Up-to-date: /home/rizo/ros2_intro/install/friend_msgs/include/friend_msgs/friend_msgs/srv
[0.595s] -- Up-to-date: /home/rizo/ros2_intro/install/friend_msgs/include/friend_msgs/friend_msgs/srv/detail
[0.596s] -- Up-to-date: /home/rizo/ros2_intro/install/friend_msgs/include/friend_msgs/friend_msgs/srv/detail/set_speed__rosidl_typesupport_fastrtps_c.h
[0.596s] -- Up-to-date: /home/rizo/ros2_intro/install/friend_msgs/include/friend_msgs/friend_msgs/srv/detail/friend_info_service__rosidl_typesupport_fastrtps_c.h
[0.596s] -- Up-to-date: /home/rizo/ros2_intro/install/friend_msgs/include/friend_msgs/friend_msgs/msg
[0.597s] -- Up-to-date: /home/rizo/ros2_intro/install/friend_msgs/include/friend_msgs/friend_msgs/msg/detail
[0.597s] -- Up-to-date: /home/rizo/ros2_intro/install/friend_msgs/include/friend_msgs/friend_msgs/msg/detail/friend_info__rosidl_typesupport_fastrtps_c.h
[0.597s] -- Up-to-date: /home/rizo/ros2_intro/install/friend_msgs/include/friend_msgs/friend_msgs/msg/detail/r2_d2__rosidl_typesupport_fastrtps_c.h
[0.597s] -- Up-to-date: /home/rizo/ros2_intro/install/friend_msgs/include/friend_msgs/friend_msgs/msg/rosidl_typesupport_fastrtps_c__visibility_control.h
[0.598s] -- Up-to-date: /home/rizo/ros2_intro/install/friend_msgs/lib/libfriend_msgs__rosidl_typesupport_fastrtps_c.so
[0.598s] -- Up-to-date: /home/rizo/ros2_intro/install/friend_msgs/include/friend_msgs/friend_msgs
[0.599s] -- Up-to-date: /home/rizo/ros2_intro/install/friend_msgs/include/friend_msgs/friend_msgs/srv
[0.599s] -- Up-to-date: /home/rizo/ros2_intro/install/friend_msgs/include/friend_msgs/friend_msgs/srv/detail
[0.599s] -- Up-to-date: /home/rizo/ros2_intro/install/friend_msgs/include/friend_msgs/friend_msgs/srv/detail/friend_info_service__traits.hpp
[0.600s] -- Up-to-date: /home/rizo/ros2_intro/install/friend_msgs/include/friend_msgs/friend_msgs/srv/detail/friend_info_service__builder.hpp
[0.600s] -- Up-to-date: /home/rizo/ros2_intro/install/friend_msgs/include/friend_msgs/friend_msgs/srv/detail/set_speed__builder.hpp
[0.600s] -- Up-to-date: /home/rizo/ros2_intro/install/friend_msgs/include/friend_msgs/friend_msgs/srv/detail/friend_info_service__struct.hpp
[0.601s] -- Up-to-date: /home/rizo/ros2_intro/install/friend_msgs/include/friend_msgs/friend_msgs/srv/detail/set_speed__struct.hpp
[0.606s] -- Up-to-date: /home/rizo/ros2_intro/install/friend_msgs/include/friend_msgs/friend_msgs/srv/detail/set_speed__traits.hpp
[0.606s] -- Up-to-date: /home/rizo/ros2_intro/install/friend_msgs/include/friend_msgs/friend_msgs/srv/friend_info_service.hpp
[0.606s] -- Up-to-date: /home/rizo/ros2_intro/install/friend_msgs/include/friend_msgs/friend_msgs/srv/set_speed.hpp
[0.607s] -- Up-to-date: /home/rizo/ros2_intro/install/friend_msgs/include/friend_msgs/friend_msgs/msg
[0.607s] -- Up-to-date: /home/rizo/ros2_intro/install/friend_msgs/include/friend_msgs/friend_msgs/msg/detail
[0.608s] -- Up-to-date: /home/rizo/ros2_intro/install/friend_msgs/include/friend_msgs/friend_msgs/msg/detail/r2_d2__traits.hpp
[0.608s] -- Up-to-date: /home/rizo/ros2_intro/install/friend_msgs/include/friend_msgs/friend_msgs/msg/detail/friend_info__struct.hpp
[0.608s] -- Up-to-date: /home/rizo/ros2_intro/install/friend_msgs/include/friend_msgs/friend_msgs/msg/detail/friend_info__traits.hpp
[0.608s] -- Up-to-date: /home/rizo/ros2_intro/install/friend_msgs/include/friend_msgs/friend_msgs/msg/detail/friend_info__builder.hpp
[0.608s] -- Up-to-date: /home/rizo/ros2_intro/install/friend_msgs/include/friend_msgs/friend_msgs/msg/detail/r2_d2__builder.hpp
[0.608s] -- Up-to-date: /home/rizo/ros2_intro/install/friend_msgs/include/friend_msgs/friend_msgs/msg/detail/r2_d2__struct.hpp
[0.609s] -- Up-to-date: /home/rizo/ros2_intro/install/friend_msgs/include/friend_msgs/friend_msgs/msg/friend_info.hpp
[0.609s] -- Up-to-date: /home/rizo/ros2_intro/install/friend_msgs/include/friend_msgs/friend_msgs/msg/r2_d2.hpp
[0.609s] -- Up-to-date: /home/rizo/ros2_intro/install/friend_msgs/include/friend_msgs/friend_msgs
[0.609s] -- Up-to-date: /home/rizo/ros2_intro/install/friend_msgs/include/friend_msgs/friend_msgs/srv
[0.609s] -- Up-to-date: /home/rizo/ros2_intro/install/friend_msgs/include/friend_msgs/friend_msgs/srv/detail
[0.609s] -- Up-to-date: /home/rizo/ros2_intro/install/friend_msgs/include/friend_msgs/friend_msgs/srv/detail/set_speed__rosidl_typesupport_fastrtps_cpp.hpp
[0.610s] -- Up-to-date: /home/rizo/ros2_intro/install/friend_msgs/include/friend_msgs/friend_msgs/srv/detail/friend_info_service__rosidl_typesupport_fastrtps_cpp.hpp
[0.610s] -- Up-to-date: /home/rizo/ros2_intro/install/friend_msgs/include/friend_msgs/friend_msgs/srv/detail/dds_fastrtps
[0.610s] -- Up-to-date: /home/rizo/ros2_intro/install/friend_msgs/include/friend_msgs/friend_msgs/msg
[0.610s] -- Up-to-date: /home/rizo/ros2_intro/install/friend_msgs/include/friend_msgs/friend_msgs/msg/rosidl_typesupport_fastrtps_cpp__visibility_control.h
[0.610s] -- Up-to-date: /home/rizo/ros2_intro/install/friend_msgs/include/friend_msgs/friend_msgs/msg/detail
[0.610s] -- Up-to-date: /home/rizo/ros2_intro/install/friend_msgs/include/friend_msgs/friend_msgs/msg/detail/r2_d2__rosidl_typesupport_fastrtps_cpp.hpp
[0.611s] -- Up-to-date: /home/rizo/ros2_intro/install/friend_msgs/include/friend_msgs/friend_msgs/msg/detail/dds_fastrtps
[0.611s] -- Up-to-date: /home/rizo/ros2_intro/install/friend_msgs/include/friend_msgs/friend_msgs/msg/detail/friend_info__rosidl_typesupport_fastrtps_cpp.hpp
[0.611s] -- Up-to-date: /home/rizo/ros2_intro/install/friend_msgs/lib/libfriend_msgs__rosidl_typesupport_fastrtps_cpp.so
[0.611s] -- Up-to-date: /home/rizo/ros2_intro/install/friend_msgs/include/friend_msgs/friend_msgs
[0.611s] -- Up-to-date: /home/rizo/ros2_intro/install/friend_msgs/include/friend_msgs/friend_msgs/srv
[0.611s] -- Up-to-date: /home/rizo/ros2_intro/install/friend_msgs/include/friend_msgs/friend_msgs/srv/detail
[0.615s] -- Up-to-date: /home/rizo/ros2_intro/install/friend_msgs/include/friend_msgs/friend_msgs/srv/detail/set_speed__type_support.c
[0.615s] -- Up-to-date: /home/rizo/ros2_intro/install/friend_msgs/include/friend_msgs/friend_msgs/srv/detail/friend_info_service__rosidl_typesupport_introspection_c.h
[0.616s] -- Up-to-date: /home/rizo/ros2_intro/install/friend_msgs/include/friend_msgs/friend_msgs/srv/detail/friend_info_service__type_support.c
[0.616s] -- Up-to-date: /home/rizo/ros2_intro/install/friend_msgs/include/friend_msgs/friend_msgs/srv/detail/set_speed__rosidl_typesupport_introspection_c.h
[0.616s] -- Up-to-date: /home/rizo/ros2_intro/install/friend_msgs/include/friend_msgs/friend_msgs/msg
[0.617s] -- Up-to-date: /home/rizo/ros2_intro/install/friend_msgs/include/friend_msgs/friend_msgs/msg/detail
[0.617s] -- Up-to-date: /home/rizo/ros2_intro/install/friend_msgs/include/friend_msgs/friend_msgs/msg/detail/r2_d2__rosidl_typesupport_introspection_c.h
[0.617s] -- Up-to-date: /home/rizo/ros2_intro/install/friend_msgs/include/friend_msgs/friend_msgs/msg/detail/friend_info__rosidl_typesupport_introspection_c.h
[0.617s] -- Up-to-date: /home/rizo/ros2_intro/install/friend_msgs/include/friend_msgs/friend_msgs/msg/detail/friend_info__type_support.c
[0.618s] -- Up-to-date: /home/rizo/ros2_intro/install/friend_msgs/include/friend_msgs/friend_msgs/msg/detail/r2_d2__type_support.c
[0.618s] -- Up-to-date: /home/rizo/ros2_intro/install/friend_msgs/include/friend_msgs/friend_msgs/msg/rosidl_typesupport_introspection_c__visibility_control.h
[0.619s] -- Up-to-date: /home/rizo/ros2_intro/install/friend_msgs/lib/libfriend_msgs__rosidl_typesupport_introspection_c.so
[0.622s] -- Up-to-date: /home/rizo/ros2_intro/install/friend_msgs/lib/libfriend_msgs__rosidl_typesupport_c.so
[0.622s] -- Up-to-date: /home/rizo/ros2_intro/install/friend_msgs/include/friend_msgs/friend_msgs
[0.622s] -- Up-to-date: /home/rizo/ros2_intro/install/friend_msgs/include/friend_msgs/friend_msgs/srv
[0.623s] -- Up-to-date: /home/rizo/ros2_intro/install/friend_msgs/include/friend_msgs/friend_msgs/srv/detail
[0.623s] -- Up-to-date: /home/rizo/ros2_intro/install/friend_msgs/include/friend_msgs/friend_msgs/srv/detail/set_speed__type_support.cpp
[0.623s] -- Up-to-date: /home/rizo/ros2_intro/install/friend_msgs/include/friend_msgs/friend_msgs/srv/detail/friend_info_service__type_support.cpp
[0.624s] -- Up-to-date: /home/rizo/ros2_intro/install/friend_msgs/include/friend_msgs/friend_msgs/srv/detail/friend_info_service__rosidl_typesupport_introspection_cpp.hpp
[0.624s] -- Up-to-date: /home/rizo/ros2_intro/install/friend_msgs/include/friend_msgs/friend_msgs/srv/detail/set_speed__rosidl_typesupport_introspection_cpp.hpp
[0.624s] -- Up-to-date: /home/rizo/ros2_intro/install/friend_msgs/include/friend_msgs/friend_msgs/msg
[0.624s] -- Up-to-date: /home/rizo/ros2_intro/install/friend_msgs/include/friend_msgs/friend_msgs/msg/detail
[0.624s] -- Up-to-date: /home/rizo/ros2_intro/install/friend_msgs/include/friend_msgs/friend_msgs/msg/detail/friend_info__type_support.cpp
[0.625s] -- Up-to-date: /home/rizo/ros2_intro/install/friend_msgs/include/friend_msgs/friend_msgs/msg/detail/r2_d2__type_support.cpp
[0.625s] -- Up-to-date: /home/rizo/ros2_intro/install/friend_msgs/include/friend_msgs/friend_msgs/msg/detail/r2_d2__rosidl_typesupport_introspection_cpp.hpp
[0.625s] -- Up-to-date: /home/rizo/ros2_intro/install/friend_msgs/include/friend_msgs/friend_msgs/msg/detail/friend_info__rosidl_typesupport_introspection_cpp.hpp
[0.625s] -- Up-to-date: /home/rizo/ros2_intro/install/friend_msgs/lib/libfriend_msgs__rosidl_typesupport_introspection_cpp.so
[0.625s] -- Up-to-date: /home/rizo/ros2_intro/install/friend_msgs/lib/libfriend_msgs__rosidl_typesupport_cpp.so
[0.625s] -- Up-to-date: /home/rizo/ros2_intro/install/friend_msgs/share/friend_msgs/environment/pythonpath.sh
[0.625s] -- Up-to-date: /home/rizo/ros2_intro/install/friend_msgs/share/friend_msgs/environment/pythonpath.dsv
[0.625s] -- Up-to-date: /home/rizo/ros2_intro/install/friend_msgs/local/lib/python3.10/dist-packages/friend_msgs-0.2.0-py3.10.egg-info
[0.625s] -- Installing: /home/rizo/ros2_intro/install/friend_msgs/local/lib/python3.10/dist-packages/friend_msgs-0.2.0-py3.10.egg-info/SOURCES.txt
[0.626s] -- Installing: /home/rizo/ros2_intro/install/friend_msgs/local/lib/python3.10/dist-packages/friend_msgs-0.2.0-py3.10.egg-info/PKG-INFO
[0.626s] -- Installing: /home/rizo/ros2_intro/install/friend_msgs/local/lib/python3.10/dist-packages/friend_msgs-0.2.0-py3.10.egg-info/top_level.txt
[0.626s] -- Installing: /home/rizo/ros2_intro/install/friend_msgs/local/lib/python3.10/dist-packages/friend_msgs-0.2.0-py3.10.egg-info/dependency_links.txt
[0.626s] -- Up-to-date: /home/rizo/ros2_intro/install/friend_msgs/local/lib/python3.10/dist-packages/friend_msgs
[0.626s] -- Up-to-date: /home/rizo/ros2_intro/install/friend_msgs/local/lib/python3.10/dist-packages/friend_msgs/_friend_msgs_s.ep.rosidl_typesupport_c.c
[0.626s] -- Up-to-date: /home/rizo/ros2_intro/install/friend_msgs/local/lib/python3.10/dist-packages/friend_msgs/_friend_msgs_s.ep.rosidl_typesupport_introspection_c.c
[0.626s] -- Up-to-date: /home/rizo/ros2_intro/install/friend_msgs/local/lib/python3.10/dist-packages/friend_msgs/__init__.py
[0.627s] -- Up-to-date: /home/rizo/ros2_intro/install/friend_msgs/local/lib/python3.10/dist-packages/friend_msgs/srv
[0.627s] -- Up-to-date: /home/rizo/ros2_intro/install/friend_msgs/local/lib/python3.10/dist-packages/friend_msgs/srv/_set_speed.py
[0.627s] -- Up-to-date: /home/rizo/ros2_intro/install/friend_msgs/local/lib/python3.10/dist-packages/friend_msgs/srv/__init__.py
[0.628s] -- Up-to-date: /home/rizo/ros2_intro/install/friend_msgs/local/lib/python3.10/dist-packages/friend_msgs/srv/_friend_info_service_s.c
[0.628s] -- Up-to-date: /home/rizo/ros2_intro/install/friend_msgs/local/lib/python3.10/dist-packages/friend_msgs/srv/_friend_info_service.py
[0.631s] -- Up-to-date: /home/rizo/ros2_intro/install/friend_msgs/local/lib/python3.10/dist-packages/friend_msgs/srv/_set_speed_s.c
[0.632s] -- Up-to-date: /home/rizo/ros2_intro/install/friend_msgs/local/lib/python3.10/dist-packages/friend_msgs/msg
[0.632s] -- Up-to-date: /home/rizo/ros2_intro/install/friend_msgs/local/lib/python3.10/dist-packages/friend_msgs/msg/_friend_info.py
[0.632s] -- Up-to-date: /home/rizo/ros2_intro/install/friend_msgs/local/lib/python3.10/dist-packages/friend_msgs/msg/_friend_info_s.c
[0.632s] -- Up-to-date: /home/rizo/ros2_intro/install/friend_msgs/local/lib/python3.10/dist-packages/friend_msgs/msg/__init__.py
[0.632s] -- Up-to-date: /home/rizo/ros2_intro/install/friend_msgs/local/lib/python3.10/dist-packages/friend_msgs/msg/_r2_d2_s.c
[0.633s] -- Up-to-date: /home/rizo/ros2_intro/install/friend_msgs/local/lib/python3.10/dist-packages/friend_msgs/msg/_r2_d2.py
[0.633s] -- Up-to-date: /home/rizo/ros2_intro/install/friend_msgs/local/lib/python3.10/dist-packages/friend_msgs/_friend_msgs_s.ep.rosidl_typesupport_fastrtps_c.c
[0.634s] -- Up-to-date: /home/rizo/ros2_intro/install/friend_msgs/local/lib/python3.10/dist-packages/friend_msgs/libfriend_msgs__rosidl_generator_py.so
[0.635s] -- Up-to-date: /home/rizo/ros2_intro/install/friend_msgs/local/lib/python3.10/dist-packages/friend_msgs/friend_msgs_s__rosidl_typesupport_introspection_c.cpython-310-x86_64-linux-gnu.so
[0.635s] -- Up-to-date: /home/rizo/ros2_intro/install/friend_msgs/local/lib/python3.10/dist-packages/friend_msgs/friend_msgs_s__rosidl_typesupport_c.cpython-310-x86_64-linux-gnu.so
[0.635s] -- Up-to-date: /home/rizo/ros2_intro/install/friend_msgs/local/lib/python3.10/dist-packages/friend_msgs/friend_msgs_s__rosidl_typesupport_fastrtps_c.cpython-310-x86_64-linux-gnu.so
[0.648s] Listing '/home/rizo/ros2_intro/install/friend_msgs/local/lib/python3.10/dist-packages/friend_msgs'...
[0.648s] Listing '/home/rizo/ros2_intro/install/friend_msgs/local/lib/python3.10/dist-packages/friend_msgs/msg'...
[0.649s] Listing '/home/rizo/ros2_intro/install/friend_msgs/local/lib/python3.10/dist-packages/friend_msgs/srv'...
[0.649s] -- Up-to-date: /home/rizo/ros2_intro/install/friend_msgs/local/lib/python3.10/dist-packages/friend_msgs/friend_msgs_s__rosidl_typesupport_fastrtps_c.cpython-310-x86_64-linux-gnu.so
[0.649s] -- Up-to-date: /home/rizo/ros2_intro/install/friend_msgs/local/lib/python3.10/dist-packages/friend_msgs/friend_msgs_s__rosidl_typesupport_introspection_c.cpython-310-x86_64-linux-gnu.so
[0.649s] -- Up-to-date: /home/rizo/ros2_intro/install/friend_msgs/local/lib/python3.10/dist-packages/friend_msgs/friend_msgs_s__rosidl_typesupport_c.cpython-310-x86_64-linux-gnu.so
[0.649s] -- Up-to-date: /home/rizo/ros2_intro/install/friend_msgs/lib/libfriend_msgs__rosidl_generator_py.so
[0.649s] -- Up-to-date: /home/rizo/ros2_intro/install/friend_msgs/share/friend_msgs/msg/FriendInfo.idl
[0.649s] -- Up-to-date: /home/rizo/ros2_intro/install/friend_msgs/share/friend_msgs/msg/R2D2.idl
[0.649s] -- Up-to-date: /home/rizo/ros2_intro/install/friend_msgs/share/friend_msgs/srv/FriendInfoService.idl
[0.651s] -- Up-to-date: /home/rizo/ros2_intro/install/friend_msgs/share/friend_msgs/srv/SetSpeed.idl
[0.651s] -- Up-to-date: /home/rizo/ros2_intro/install/friend_msgs/share/friend_msgs/msg/FriendInfo.msg
[0.651s] -- Up-to-date: /home/rizo/ros2_intro/install/friend_msgs/share/friend_msgs/msg/R2D2.msg
[0.652s] -- Up-to-date: /home/rizo/ros2_intro/install/friend_msgs/share/friend_msgs/srv/FriendInfoService.srv
[0.652s] -- Up-to-date: /home/rizo/ros2_intro/install/friend_msgs/share/friend_msgs/srv/FriendInfoService_Request.msg
[0.652s] -- Up-to-date: /home/rizo/ros2_intro/install/friend_msgs/share/friend_msgs/srv/FriendInfoService_Response.msg
[0.652s] -- Up-to-date: /home/rizo/ros2_intro/install/friend_msgs/share/friend_msgs/srv/SetSpeed.srv
[0.652s] -- Up-to-date: /home/rizo/ros2_intro/install/friend_msgs/share/friend_msgs/srv/SetSpeed_Request.msg
[0.653s] -- Up-to-date: /home/rizo/ros2_intro/install/friend_msgs/share/friend_msgs/srv/SetSpeed_Response.msg
[0.653s] -- Up-to-date: /home/rizo/ros2_intro/install/friend_msgs/share/ament_index/resource_index/package_run_dependencies/friend_msgs
[0.653s] -- Up-to-date: /home/rizo/ros2_intro/install/friend_msgs/share/ament_index/resource_index/parent_prefix_path/friend_msgs
[0.653s] -- Up-to-date: /home/rizo/ros2_intro/install/friend_msgs/share/friend_msgs/environment/ament_prefix_path.sh
[0.655s] -- Up-to-date: /home/rizo/ros2_intro/install/friend_msgs/share/friend_msgs/environment/ament_prefix_path.dsv
[0.655s] -- Up-to-date: /home/rizo/ros2_intro/install/friend_msgs/share/friend_msgs/environment/path.sh
[0.656s] -- Up-to-date: /home/rizo/ros2_intro/install/friend_msgs/share/friend_msgs/environment/path.dsv
[0.656s] -- Up-to-date: /home/rizo/ros2_intro/install/friend_msgs/share/friend_msgs/local_setup.bash
[0.656s] -- Up-to-date: /home/rizo/ros2_intro/install/friend_msgs/share/friend_msgs/local_setup.sh
[0.657s] -- Up-to-date: /home/rizo/ros2_intro/install/friend_msgs/share/friend_msgs/local_setup.zsh
[0.657s] -- Up-to-date: /home/rizo/ros2_intro/install/friend_msgs/share/friend_msgs/local_setup.dsv
[0.657s] -- Installing: /home/rizo/ros2_intro/install/friend_msgs/share/friend_msgs/package.dsv
[0.657s] -- Up-to-date: /home/rizo/ros2_intro/install/friend_msgs/share/ament_index/resource_index/packages/friend_msgs
[0.658s] -- Up-to-date: /home/rizo/ros2_intro/install/friend_msgs/share/friend_msgs/cmake/export_friend_msgs__rosidl_generator_cExport.cmake
[0.658s] -- Up-to-date: /home/rizo/ros2_intro/install/friend_msgs/share/friend_msgs/cmake/export_friend_msgs__rosidl_generator_cExport-noconfig.cmake
[0.658s] -- Up-to-date: /home/rizo/ros2_intro/install/friend_msgs/share/friend_msgs/cmake/export_friend_msgs__rosidl_typesupport_fastrtps_cExport.cmake
[0.658s] -- Up-to-date: /home/rizo/ros2_intro/install/friend_msgs/share/friend_msgs/cmake/export_friend_msgs__rosidl_typesupport_fastrtps_cExport-noconfig.cmake
[0.658s] -- Up-to-date: /home/rizo/ros2_intro/install/friend_msgs/share/friend_msgs/cmake/export_friend_msgs__rosidl_generator_cppExport.cmake
[0.659s] -- Up-to-date: /home/rizo/ros2_intro/install/friend_msgs/share/friend_msgs/cmake/export_friend_msgs__rosidl_typesupport_fastrtps_cppExport.cmake
[0.659s] -- Up-to-date: /home/rizo/ros2_intro/install/friend_msgs/share/friend_msgs/cmake/export_friend_msgs__rosidl_typesupport_fastrtps_cppExport-noconfig.cmake
[0.659s] -- Up-to-date: /home/rizo/ros2_intro/install/friend_msgs/share/friend_msgs/cmake/friend_msgs__rosidl_typesupport_introspection_cExport.cmake
[0.660s] -- Up-to-date: /home/rizo/ros2_intro/install/friend_msgs/share/friend_msgs/cmake/friend_msgs__rosidl_typesupport_introspection_cExport-noconfig.cmake
[0.662s] -- Up-to-date: /home/rizo/ros2_intro/install/friend_msgs/share/friend_msgs/cmake/friend_msgs__rosidl_typesupport_cExport.cmake
[0.662s] -- Up-to-date: /home/rizo/ros2_intro/install/friend_msgs/share/friend_msgs/cmake/friend_msgs__rosidl_typesupport_cExport-noconfig.cmake
[0.662s] -- Up-to-date: /home/rizo/ros2_intro/install/friend_msgs/share/friend_msgs/cmake/friend_msgs__rosidl_typesupport_introspection_cppExport.cmake
[0.662s] -- Up-to-date: /home/rizo/ros2_intro/install/friend_msgs/share/friend_msgs/cmake/friend_msgs__rosidl_typesupport_introspection_cppExport-noconfig.cmake
[0.663s] -- Up-to-date: /home/rizo/ros2_intro/install/friend_msgs/share/friend_msgs/cmake/friend_msgs__rosidl_typesupport_cppExport.cmake
[0.663s] -- Up-to-date: /home/rizo/ros2_intro/install/friend_msgs/share/friend_msgs/cmake/friend_msgs__rosidl_typesupport_cppExport-noconfig.cmake
[0.663s] -- Up-to-date: /home/rizo/ros2_intro/install/friend_msgs/share/friend_msgs/cmake/export_friend_msgs__rosidl_generator_pyExport.cmake
[0.663s] -- Up-to-date: /home/rizo/ros2_intro/install/friend_msgs/share/friend_msgs/cmake/export_friend_msgs__rosidl_generator_pyExport-noconfig.cmake
[0.663s] -- Up-to-date: /home/rizo/ros2_intro/install/friend_msgs/share/friend_msgs/cmake/rosidl_cmake-extras.cmake
[0.663s] -- Up-to-date: /home/rizo/ros2_intro/install/friend_msgs/share/friend_msgs/cmake/ament_cmake_export_dependencies-extras.cmake
[0.664s] -- Up-to-date: /home/rizo/ros2_intro/install/friend_msgs/share/friend_msgs/cmake/ament_cmake_export_include_directories-extras.cmake
[0.664s] -- Up-to-date: /home/rizo/ros2_intro/install/friend_msgs/share/friend_msgs/cmake/ament_cmake_export_libraries-extras.cmake
[0.665s] -- Up-to-date: /home/rizo/ros2_intro/install/friend_msgs/share/friend_msgs/cmake/ament_cmake_export_targets-extras.cmake
[0.665s] -- Up-to-date: /home/rizo/ros2_intro/install/friend_msgs/share/friend_msgs/cmake/rosidl_cmake_export_typesupport_targets-extras.cmake
[0.665s] -- Up-to-date: /home/rizo/ros2_intro/install/friend_msgs/share/friend_msgs/cmake/rosidl_cmake_export_typesupport_libraries-extras.cmake
[0.666s] -- Up-to-date: /home/rizo/ros2_intro/install/friend_msgs/share/friend_msgs/cmake/friend_msgsConfig.cmake
[0.666s] -- Up-to-date: /home/rizo/ros2_intro/install/friend_msgs/share/friend_msgs/cmake/friend_msgsConfig-version.cmake
[0.666s] -- Up-to-date: /home/rizo/ros2_intro/install/friend_msgs/share/friend_msgs/package.xml
[0.667s] Invoked command in '/home/rizo/ros2_intro/build/friend_msgs' returned '0': CMAKE_PREFIX_PATH=${CMAKE_PREFIX_PATH}:/home/rizo/iros/install/hagen_robot_diff_drive:/home/rizo/iros/install/hagen_robot_controller:/opt/ros/humble /usr/bin/cmake --install /home/rizo/ros2_intro/build/friend_msgs
